2024-09-03 23:22:34,044 [INFO] Activator:176 - 


2024-09-03 23:22:34,051 [INFO] Activator:177 - !SESSION log4j initialized
2024-09-03 23:22:40,573 [INFO] LogOutputStream:77 - [STDOUT_REDIRECT] 
2024-09-03 23:23:02,107 [ERROR] LogOutputStream:75 - [STDERR_REDIRECT] SLF4J: Failed to load class "org.slf4j.impl.StaticLoggerBinder".
2024-09-03 23:23:02,107 [ERROR] LogOutputStream:75 - [STDERR_REDIRECT] SLF4J: Defaulting to no-operation (NOP) logger implementation
2024-09-03 23:23:02,108 [ERROR] LogOutputStream:75 - [STDERR_REDIRECT] SLF4J: See http://www.slf4j.org/codes.html#StaticLoggerBinder for further details.
2024-09-03 23:30:30,243 [INFO] Activator:176 - 


2024-09-03 23:30:30,246 [INFO] Activator:177 - !SESSION log4j initialized
2024-09-03 23:30:36,878 [INFO] LogOutputStream:77 - [STDOUT_REDIRECT] 
2024-09-03 23:30:58,648 [ERROR] LogOutputStream:75 - [STDERR_REDIRECT] SLF4J: Failed to load class "org.slf4j.impl.StaticLoggerBinder".
2024-09-03 23:30:58,650 [ERROR] LogOutputStream:75 - [STDERR_REDIRECT] SLF4J: Defaulting to no-operation (NOP) logger implementation
2024-09-03 23:30:58,650 [ERROR] LogOutputStream:75 - [STDERR_REDIRECT] SLF4J: See http://www.slf4j.org/codes.html#StaticLoggerBinder for further details.
2024-09-03 23:39:22,774 [INFO] ApplicationProperties:184 - Using Application install path: /app/stm32cubeide/plugins/com.st.stm32cube.common.mx_6.8.0.202302231600
2024-09-03 23:39:22,802 [INFO] DbMcusXml:78 - Set database path to: /app/stm32cubeide/plugins/com.st.stm32cube.common.mx_6.8.0.202302231600//db//mcu/
2024-09-03 23:39:22,802 [INFO] ApiDb:274 - Set plugin database path to: /app/stm32cubeide/plugins/com.st.stm32cube.common.mx_6.8.0.202302231600//db//plugins/boardmanager/
2024-09-03 23:39:22,824 [WARN] ApiDb:259 - Overriding images path with different value:  => /app/stm32cubeide/plugins/com.st.stm32cube.common.mx_6.8.0.202302231600//db//plugins/mcufinder/images/
2024-09-03 23:39:22,843 [INFO] ApiDb:250 - Set database path to: /home/ziad/.stmcufinder/plugins/mcufinder//mcu/
2024-09-03 23:39:22,845 [INFO] DbMcusAds:125 - Set database path to: /home/ziad/.stmcufinder/plugins/mcufinder//mcu/
2024-09-03 23:39:22,910 [INFO] CrossReferenceDbSqlite:203 - Set database path to: /home/ziad/.stmcufinder/plugins/mcufinder//mcu/cs/
2024-09-03 23:39:23,027 [INFO] RulesReader:64 - Compatibility file has been processed (293 Rules)
2024-09-03 23:39:23,092 [INFO] DbMcusXml:78 - Set database path to: /app/stm32cubeide/plugins/com.st.stm32cube.common.mx_6.8.0.202302231600//db//mcu/
2024-09-03 23:39:23,092 [INFO] ApiDb:274 - Set plugin database path to: /app/stm32cubeide/plugins/com.st.stm32cube.common.mx_6.8.0.202302231600//db//plugins/boardmanager/
2024-09-03 23:39:23,092 [INFO] ApiDb:261 - Set plugin images path to: /app/stm32cubeide/plugins/com.st.stm32cube.common.mx_6.8.0.202302231600//db//plugins/mcufinder/images/
2024-09-03 23:39:23,092 [WARN] DbFile:41 - Overriding database path with different value: /home/ziad/.stmcufinder/plugins/mcufinder/ => /home/ziad/.stmcufinder/plugins/mcufinder
2024-09-03 23:39:23,092 [INFO] ApiDb:250 - Set database path to: /home/ziad/.stmcufinder/plugins/mcufinder//mcu/
2024-09-03 23:39:23,093 [WARN] DbFile:41 - Overriding database path with different value: /home/ziad/.stmcufinder/plugins/mcufinder/ => /home/ziad/.stmcufinder/plugins/mcufinder
2024-09-03 23:39:23,093 [INFO] DbMcusAds:125 - Set database path to: /home/ziad/.stmcufinder/plugins/mcufinder//mcu/
2024-09-03 23:39:23,093 [WARN] DbFile:41 - Overriding database path with different value: /home/ziad/.stmcufinder/plugins/mcufinder/ => /home/ziad/.stmcufinder/plugins/mcufinder
2024-09-03 23:39:23,093 [WARN] DbFile:41 - Overriding database path with different value: /home/ziad/.stmcufinder/plugins/mcufinder/ => /home/ziad/.stmcufinder/plugins/mcufinder
2024-09-03 23:39:23,093 [INFO] CrossReferenceDbSqlite:203 - Set database path to: /home/ziad/.stmcufinder/plugins/mcufinder//mcu/cs/
2024-09-03 23:39:23,182 [INFO] MainPanel:253 - HeapMemory: 601882624
2024-09-03 23:39:23,319 [INFO] DbMcusXml:78 - Set database path to: /app/stm32cubeide/plugins/com.st.stm32cube.common.mx_6.8.0.202302231600//db//mcu/
2024-09-03 23:39:23,319 [INFO] ApiDb:274 - Set plugin database path to: /app/stm32cubeide/plugins/com.st.stm32cube.common.mx_6.8.0.202302231600//db//plugins/boardmanager/
2024-09-03 23:39:23,319 [INFO] ApiDb:261 - Set plugin images path to: /app/stm32cubeide/plugins/com.st.stm32cube.common.mx_6.8.0.202302231600//db//plugins/mcufinder/images/
2024-09-03 23:39:23,319 [WARN] DbFile:41 - Overriding database path with different value: /home/ziad/.stmcufinder/plugins/mcufinder/ => /home/ziad/.stmcufinder/plugins/mcufinder
2024-09-03 23:39:23,320 [INFO] ApiDb:250 - Set database path to: /home/ziad/.stmcufinder/plugins/mcufinder//mcu/
2024-09-03 23:39:23,320 [WARN] DbFile:41 - Overriding database path with different value: /home/ziad/.stmcufinder/plugins/mcufinder/ => /home/ziad/.stmcufinder/plugins/mcufinder
2024-09-03 23:39:23,320 [INFO] DbMcusAds:125 - Set database path to: /home/ziad/.stmcufinder/plugins/mcufinder//mcu/
2024-09-03 23:39:23,320 [WARN] DbFile:41 - Overriding database path with different value: /home/ziad/.stmcufinder/plugins/mcufinder/ => /home/ziad/.stmcufinder/plugins/mcufinder
2024-09-03 23:39:23,320 [WARN] DbFile:41 - Overriding database path with different value: /home/ziad/.stmcufinder/plugins/mcufinder/ => /home/ziad/.stmcufinder/plugins/mcufinder
2024-09-03 23:39:23,320 [INFO] CrossReferenceDbSqlite:203 - Set database path to: /home/ziad/.stmcufinder/plugins/mcufinder//mcu/cs/
2024-09-03 23:39:23,341 [INFO] ApplicationProperties:184 - Using Application install path: /app/stm32cubeide/plugins/com.st.stm32cube.common.mx_6.8.0.202302231600
2024-09-03 23:39:23,343 [INFO] PluginManage:196 - Search for loadable plugins [exclusion list=, ]
2024-09-03 23:39:23,345 [INFO] PluginManage:310 - Check plugin analytics
2024-09-03 23:39:23,527 [INFO] AnalyticsPlugin:253 - Accepted Software Licenses: STM32CubeMX.6.12.0
2024-09-03 23:39:23,528 [INFO] AnalyticsPlugin:255 - Accepted CMSIS Pack Licenses: 
2024-09-03 23:39:23,528 [INFO] AnalyticsPlugin:257 - Accepted Firmware Licenses: FW.F4.1.27.0
2024-09-03 23:39:23,537 [INFO] PluginManage:359 - Loaded plugin analytics (category:tool,tabindex:-1)
2024-09-03 23:39:23,538 [INFO] PluginManage:310 - Check plugin cadmodel
2024-09-03 23:39:23,681 [INFO] CADModel:105 - Init CAD model plugin
2024-09-03 23:39:23,682 [INFO] PluginManage:359 - Loaded plugin cadmodel (category:power,tabindex:5)
2024-09-03 23:39:23,682 [INFO] PluginManage:310 - Check plugin clock
2024-09-03 23:39:23,698 [INFO] PluginManage:359 - Loaded plugin clock (category:base,tabindex:2)
2024-09-03 23:39:23,698 [INFO] PluginManage:310 - Check plugin ddr
2024-09-03 23:39:23,702 [INFO] PluginManage:359 - Loaded plugin ddr (category:tool,tabindex:6)
2024-09-03 23:39:23,702 [INFO] PluginManage:310 - Check plugin filemanager
2024-09-03 23:39:24,033 [INFO] PluginManage:359 - Loaded plugin filemanager (category:base,tabindex:10)
2024-09-03 23:39:24,034 [INFO] PluginManage:310 - Check plugin ipmanager
2024-09-03 23:39:24,041 [INFO] PluginManage:359 - Loaded plugin ipmanager (category:base,tabindex:5)
2024-09-03 23:39:24,041 [INFO] PluginManage:310 - Check plugin lpbam
2024-09-03 23:39:24,053 [INFO] PluginManage:359 - Loaded plugin lpbam (category:base,tabindex:0)
2024-09-03 23:39:24,053 [INFO] PluginManage:310 - Check plugin pinoutandconfiguration
2024-09-03 23:39:24,062 [INFO] PluginManage:359 - Loaded plugin pinoutandconfiguration (category:base,tabindex:1)
2024-09-03 23:39:24,063 [INFO] PluginManage:310 - Check plugin pinoutconfig
2024-09-03 23:39:24,175 [WARN] SupportedApi:132 - Cannot load RTOS API schema: s4s-elt-must-match.1: The content of 'definitions' must match (annotation?, (simpleType | complexType)?, (unique | key | keyref)*)). A problem was found starting at: attribute.
2024-09-03 23:39:24,355 [INFO] PluginManage:359 - Loaded plugin pinoutconfig (category:base,tabindex:0)
2024-09-03 23:39:24,356 [INFO] PluginManage:310 - Check plugin power
2024-09-03 23:39:24,371 [INFO] PluginManage:359 - Loaded plugin power (category:power,tabindex:4)
2024-09-03 23:39:24,372 [INFO] PluginManage:310 - Check plugin projectmanager
2024-09-03 23:39:24,394 [INFO] PluginManage:359 - Loaded plugin projectmanager (category:projectmanager,tabindex:3)
2024-09-03 23:39:24,394 [INFO] PluginManage:310 - Check plugin thirdparty
2024-09-03 23:39:24,607 [INFO] PluginManage:359 - Loaded plugin thirdparty (category:base,tabindex:-1)
2024-09-03 23:39:24,608 [INFO] PluginManage:310 - Check plugin tools
2024-09-03 23:39:24,608 [WARN] IntegrityCheckThread:84 - waiting for thirdparty lock release [integrity check]
2024-09-03 23:39:24,609 [INFO] IntegrityCheckThread:86 - entering critical section [integrity check]
2024-09-03 23:39:24,612 [INFO] ThirdPartyUpdaterWithRetryManager:70 - Updater plugin not ready yet. [1/15]
2024-09-03 23:39:24,612 [INFO] PluginManage:359 - Loaded plugin tools (category:base,tabindex:7)
2024-09-03 23:39:24,612 [INFO] PluginManage:310 - Check plugin tutovideos
2024-09-03 23:39:24,889 [INFO] PluginManage:359 - Loaded plugin tutovideos (category:base,tabindex:-1)
2024-09-03 23:39:24,890 [INFO] PluginManage:310 - Check plugin updater
2024-09-03 23:39:24,910 [INFO] PluginManage:359 - Loaded plugin updater (category:base,tabindex:12)
2024-09-03 23:39:24,911 [INFO] PluginManage:283 - PluginManage : Loaded plugins [15]
2024-09-03 23:39:25,232 [INFO] PinOutPanel:1499 - setPackage(No Configuration,No Configuration)
2024-09-03 23:39:25,311 [INFO] CADModel:165 - CPN selected for project level
2024-09-03 23:39:25,311 [INFO] CADModel:114 - Register for checkConnection events
2024-09-03 23:39:25,333 [INFO] IPUIPlugin:80 - create IPUIPlugin
2024-09-03 23:39:25,334 [INFO] PluginManager:220 - loadIPPluginJar : add pdm2pcm
2024-09-03 23:39:25,336 [INFO] IPUIPlugin:80 - create IPUIPlugin
2024-09-03 23:39:25,336 [INFO] PluginManager:220 - loadIPPluginJar : add ltdc
2024-09-03 23:39:25,345 [INFO] IPUIPlugin:80 - create IPUIPlugin
2024-09-03 23:39:25,346 [INFO] PluginManager:220 - loadIPPluginJar : add freertos
2024-09-03 23:39:25,348 [INFO] IPUIPlugin:80 - create IPUIPlugin
2024-09-03 23:39:25,349 [INFO] PluginManager:220 - loadIPPluginJar : add ts
2024-09-03 23:39:25,361 [INFO] IPUIPlugin:80 - create IPUIPlugin
2024-09-03 23:39:25,362 [INFO] PluginManager:220 - loadIPPluginJar : add mdma
2024-09-03 23:39:25,367 [INFO] IPUIPlugin:80 - create IPUIPlugin
2024-09-03 23:39:25,367 [INFO] PluginManager:220 - loadIPPluginJar : add usart
2024-09-03 23:39:25,380 [INFO] IPUIPlugin:80 - create IPUIPlugin
2024-09-03 23:39:25,380 [INFO] PluginManager:220 - loadIPPluginJar : add adc
2024-09-03 23:39:25,385 [INFO] IPUIPlugin:80 - create IPUIPlugin
2024-09-03 23:39:25,385 [INFO] PluginManager:220 - loadIPPluginJar : add lorawan
2024-09-03 23:39:25,393 [INFO] IPUIPlugin:80 - create IPUIPlugin
2024-09-03 23:39:25,394 [INFO] PluginManager:220 - loadIPPluginJar : add nvic
2024-09-03 23:39:25,397 [INFO] IPUIPlugin:80 - create IPUIPlugin
2024-09-03 23:39:25,398 [INFO] PluginManager:220 - loadIPPluginJar : add dfsdm
2024-09-03 23:39:25,430 [INFO] IPUIPlugin:80 - create IPUIPlugin
2024-09-03 23:39:25,430 [INFO] PluginManager:220 - loadIPPluginJar : add dma
2024-09-03 23:39:25,435 [INFO] IPUIPlugin:80 - create IPUIPlugin
2024-09-03 23:39:25,435 [INFO] PluginManager:220 - loadIPPluginJar : add usbx
2024-09-03 23:39:25,440 [INFO] IPUIPlugin:80 - create IPUIPlugin
2024-09-03 23:39:25,441 [INFO] PluginManager:220 - loadIPPluginJar : add openamp
2024-09-03 23:39:25,445 [INFO] IPUIPlugin:80 - create IPUIPlugin
2024-09-03 23:39:25,445 [INFO] PluginManager:220 - loadIPPluginJar : add i2s
2024-09-03 23:39:25,447 [INFO] IPUIPlugin:80 - create IPUIPlugin
2024-09-03 23:39:25,448 [INFO] PluginManager:220 - loadIPPluginJar : add fatfs
2024-09-03 23:39:25,455 [INFO] IPUIPlugin:80 - create IPUIPlugin
2024-09-03 23:39:25,456 [INFO] PluginManager:220 - loadIPPluginJar : add gpio
2024-09-03 23:39:25,459 [INFO] IPUIPlugin:80 - create IPUIPlugin
2024-09-03 23:39:25,459 [INFO] PluginManager:220 - loadIPPluginJar : add genericplugin
2024-09-03 23:39:25,464 [INFO] IPUIPlugin:80 - create IPUIPlugin
2024-09-03 23:39:25,464 [INFO] PluginManager:220 - loadIPPluginJar : add sai
2024-09-03 23:39:25,468 [INFO] IPUIPlugin:80 - create IPUIPlugin
2024-09-03 23:39:25,468 [INFO] PluginManager:220 - loadIPPluginJar : add hash
2024-09-03 23:39:25,472 [INFO] IPUIPlugin:80 - create IPUIPlugin
2024-09-03 23:39:25,473 [INFO] PluginManager:220 - loadIPPluginJar : add aes
2024-09-03 23:39:25,483 [INFO] IPUIPlugin:80 - create IPUIPlugin
2024-09-03 23:39:25,489 [INFO] PluginManager:220 - loadIPPluginJar : add plateformsettings
2024-09-03 23:39:25,493 [INFO] IPUIPlugin:80 - create IPUIPlugin
2024-09-03 23:39:25,493 [INFO] PluginManager:220 - loadIPPluginJar : add gtzc
2024-09-03 23:39:25,497 [INFO] IPUIPlugin:80 - create IPUIPlugin
2024-09-03 23:39:25,497 [INFO] PluginManager:220 - loadIPPluginJar : add cryp
2024-09-03 23:39:25,501 [INFO] IPUIPlugin:80 - create IPUIPlugin
2024-09-03 23:39:25,501 [INFO] PluginManager:220 - loadIPPluginJar : add i2c
2024-09-03 23:39:25,509 [INFO] IPUIPlugin:80 - create IPUIPlugin
2024-09-03 23:39:25,510 [INFO] PluginManager:220 - loadIPPluginJar : add stm32_wpan
2024-09-03 23:39:25,513 [INFO] IPUIPlugin:80 - create IPUIPlugin
2024-09-03 23:39:25,514 [INFO] PluginManager:220 - loadIPPluginJar : add gfxmmu
2024-09-03 23:39:25,517 [INFO] IPUIPlugin:80 - create IPUIPlugin
2024-09-03 23:39:25,518 [INFO] PluginManager:220 - loadIPPluginJar : add dma3
2024-09-03 23:39:25,521 [INFO] IPUIPlugin:80 - create IPUIPlugin
2024-09-03 23:39:25,522 [INFO] PluginManager:220 - loadIPPluginJar : add tracer_emb
2024-09-03 23:39:25,525 [INFO] IPUIPlugin:80 - create IPUIPlugin
2024-09-03 23:39:25,525 [INFO] PluginManager:220 - loadIPPluginJar : add comp
2024-09-03 23:39:25,531 [INFO] IPUIPlugin:80 - create IPUIPlugin
2024-09-03 23:39:25,531 [INFO] PluginManager:220 - loadIPPluginJar : add ipddr
2024-09-03 23:39:25,536 [INFO] IPUIPlugin:80 - create IPUIPlugin
2024-09-03 23:39:25,536 [INFO] PluginManager:220 - loadIPPluginJar : add opamp
2024-09-03 23:39:25,542 [INFO] IPUIPlugin:80 - create IPUIPlugin
2024-09-03 23:39:25,542 [INFO] PluginManager:220 - loadIPPluginJar : add resmgrutility
2024-09-03 23:39:25,545 [INFO] IPUIPlugin:80 - create IPUIPlugin
2024-09-03 23:39:25,545 [INFO] PluginManager:220 - loadIPPluginJar : add tim
2024-09-03 23:39:25,548 [INFO] IPUIPlugin:80 - create IPUIPlugin
2024-09-03 23:39:25,548 [INFO] PluginManager:220 - loadIPPluginJar : add ucpd
2024-09-03 23:39:25,554 [INFO] IPUIPlugin:80 - create IPUIPlugin
2024-09-03 23:39:25,554 [INFO] PluginManager:220 - loadIPPluginJar : add touchsensing
2024-09-03 23:39:25,561 [INFO] IPUIPlugin:80 - create IPUIPlugin
2024-09-03 23:39:25,561 [INFO] PluginManager:220 - loadIPPluginJar : add fmc
2024-09-03 23:39:25,563 [INFO] IPUIPlugin:80 - create IPUIPlugin
2024-09-03 23:39:25,563 [INFO] PluginManager:220 - loadIPPluginJar : add tsc
2024-09-03 23:39:25,567 [INFO] IPUIPlugin:80 - create IPUIPlugin
2024-09-03 23:39:25,567 [INFO] PluginManager:220 - loadIPPluginJar : add i3c
2024-09-03 23:39:25,570 [INFO] IPUIPlugin:80 - create IPUIPlugin
2024-09-03 23:39:25,570 [INFO] PluginManager:220 - loadIPPluginJar : add can
2024-09-03 23:39:25,579 [INFO] IPUIPlugin:80 - create IPUIPlugin
2024-09-03 23:39:25,579 [INFO] PluginManager:220 - loadIPPluginJar : add gic
2024-09-03 23:39:25,590 [INFO] IPUIPlugin:80 - create IPUIPlugin
2024-09-03 23:39:25,590 [INFO] PluginManager:220 - loadIPPluginJar : add linkedlist
2024-09-03 23:39:25,594 [INFO] IPUIPlugin:80 - create IPUIPlugin
2024-09-03 23:39:25,594 [INFO] PluginManager:220 - loadIPPluginJar : add spi
2024-09-03 23:39:25,596 [INFO] IPUIPlugin:80 - create IPUIPlugin
2024-09-03 23:39:25,596 [INFO] PluginManager:220 - loadIPPluginJar : add quadspi
2024-09-03 23:39:25,764 [INFO] CADModel:165 - CPN selected for project level
2024-09-03 23:39:25,764 [INFO] CADModel:114 - Register for checkConnection events
2024-09-03 23:39:25,765 [FATAL] Updater:308 - Updater called before beeing initialized
2024-09-03 23:39:25,766 [ERROR] CADModel:125 - Updater not yet initialized, retry later 
2024-09-03 23:39:25,952 [INFO] CADModel:165 - CPN selected for project level
2024-09-03 23:39:25,953 [INFO] CADModel:114 - Register for checkConnection events
2024-09-03 23:39:25,953 [FATAL] Updater:308 - Updater called before beeing initialized
2024-09-03 23:39:25,953 [ERROR] CADModel:125 - Updater not yet initialized, retry later 
2024-09-03 23:39:25,958 [FATAL] Updater:308 - Updater called before beeing initialized
2024-09-03 23:39:26,069 [FATAL] Updater:308 - Updater called before beeing initialized
2024-09-03 23:39:26,078 [INFO] DbMcusAds:53 - JSON generation date=Thu May 16 11:22:00 EET 2024 (1715851320667)
2024-09-03 23:39:26,078 [FATAL] Updater:308 - Updater called before beeing initialized
2024-09-03 23:39:26,128 [WARN] DetailPanel:346 - Failed to get advertising image, set to default
2024-09-03 23:39:26,290 [FATAL] Updater:308 - Updater called before beeing initialized
2024-09-03 23:39:26,293 [FATAL] Updater:308 - Updater called before beeing initialized
2024-09-03 23:39:26,293 [FATAL] Updater:308 - Updater called before beeing initialized
2024-09-03 23:39:26,293 [WARN] DetailPanel:346 - Failed to get advertising image, set to default
2024-09-03 23:39:26,295 [FATAL] Updater:308 - Updater called before beeing initialized
2024-09-03 23:39:26,343 [ERROR] Updater:1120 - MainUpdater not yet initialized. External WinMGr cannot be set.
2024-09-03 23:39:26,346 [INFO] Updater:1056 - Updater Version found : 6.8.0
2024-09-03 23:39:26,370 [INFO] ApplicationProperties:184 - Using Application install path: /app/stm32cubeide/plugins/com.st.stm32cube.common.mx_6.8.0.202302231600
2024-09-03 23:39:26,409 [INFO] MainUpdater:519 - Copy updater definitions from MX database
2024-09-03 23:39:26,585 [INFO] MainUpdater:2854 - connection check result : 10
2024-09-03 23:39:26,585 [INFO] MainUpdater:3548 - Updater definition file requires update
2024-09-03 23:39:26,586 [INFO] MainUpdater:283 - Updater Check For Update Now.
2024-09-03 23:39:26,587 [INFO] MicroXplorer:498 - Change Database Version : DB.6.0.80
2024-09-03 23:39:26,950 [INFO] ApiDb:581 - Connected to CubeFinder SQLite database (/home/ziad/.stmcufinder/plugins/mcufinder/mcu/cube-finder-db.db)
2024-09-03 23:39:27,056 [INFO] ApiDb:668 - CubeFinder database Data Model version=2.1
2024-09-03 23:39:27,057 [INFO] ApiDb:669 - CubeFinder database Configuration version=3.0.39
2024-09-03 23:39:27,057 [INFO] ApiDb:670 - CubeFinder database generation date=2024-06-20 (1718880634)
2024-09-03 23:39:27,058 [INFO] ApiDb:671 - CubeFinder database FW Pack versions=[FP-ATR-ASTRA1_V2.0.0, FP-SNS-FLIGHT1_V5.0.2, FP-SNS-MOTENV1_V5.0.0, FP-SNS-MOTENVWB1_V1.4.0, FP-SNS-SMARTAG2_V1.2.0, STM32Cube_FW_C0_V1.2.0, STM32Cube_FW_F4_V1.28.0, STM32Cube_FW_F7_V1.17.2, STM32Cube_FW_G0_V1.6.2, STM32Cube_FW_G4_V1.6.0, STM32Cube_FW_H5_V1.3.0, STM32Cube_FW_H7RS_V1.1.0, STM32Cube_FW_H7_V1.11.2, STM32Cube_FW_L0_V1.12.2, STM32Cube_FW_L5_V1.5.1, STM32Cube_FW_U0_V1.1.0, STM32Cube_FW_U5_V1.6.0, STM32Cube_FW_WB0_V1.0.0, STM32Cube_FW_WBA_V1.4.0, STM32Cube_FW_WB_V1.20.0, STM32Cube_FW_WL_V1.3.0, X-CUBE-ALGOBUILD_V1.4.0, X-CUBE-ALS_V1.0.2, X-CUBE-AZRTOS-F4_V1.1.0, X-CUBE-AZRTOS-F7_V1.1.0, X-CUBE-AZRTOS-G0_V1.1.0, X-CUBE-AZRTOS-G4_V2.0.0, X-CUBE-AZRTOS-H7RS_V1.0.0, X-CUBE-AZRTOS-H7_V3.2.0, X-CUBE-AZRTOS-L4_V2.0.0, X-CUBE-AZRTOS-L5_V1.1.0, X-CUBE-AZRTOS-WB_V2.0.0, X-CUBE-AZRTOS-WL_V2.0.0, X-CUBE-BLE1_V7.0.0, X-CUBE-BLE2_V3.3.0, X-CUBE-BLEMGR_V3.1.0, X-CUBE-EEPRMA1_V5.1.0, X-CUBE-FREERTOS_V1.2.0, X-CUBE-GNSS1_V6.0.0, X-CUBE-MEMS1_V10.0.0, X-CUBE-NFC4_V3.0.0, X-CUBE-NFC7_V1.0.1, X-CUBE-SFXS2LP1_V4.0.0, X-CUBE-SUBG2_V5.0.0, X-CUBE-TOF1_V3.4.1]
2024-09-03 23:39:27,096 [INFO] ServerAccessManage:473 - Download File updaters.zip
2024-09-03 23:39:27,235 [INFO] DbBoardsSqlite:226 - include board P-NUCLEO-WB55-NUCLEO as a kit item of type 'Nucleo-64'
2024-09-03 23:39:27,236 [INFO] DbBoardsSqlite:226 - include board P-NUCLEO-WB55-USBDONGLE as a kit item of type 'Nucleo USB Dongle'
2024-09-03 23:39:27,237 [INFO] DbBoardsSqlite:226 - include board STEVAL-IDP005V1 as a kit item of type 'Evaluation Board'
2024-09-03 23:39:27,238 [INFO] DbBoardsSqlite:226 - include board STEVAL-IDP005V2 as a kit item of type 'Evaluation Board'
2024-09-03 23:39:27,406 [INFO] ApiDb:240 - Found 297 in-development CPN: [B-G473E-ZEST1S, B-WB1M-WPAN1, B-WL5M-SUBG1, NUCLEO-C031C6, NUCLEO-H503RB, NUCLEO-H563ZI, NUCLEO-U545RE-Q, NUCLEO-U5A5ZJ-Q, NUCLEO-WBA52CG, STEVAL-PROTEUS1, STEVAL-STWINBX1, STM320518-EVAL, STM32C0116-DK, STM32C011D6Y3TR, STM32C011D6Y6TR, STM32C011F4P3, STM32C011F4P6, STM32C011F4U3, STM32C011F4U6TR, STM32C011F6P3, STM32C011F6P6, STM32C011F6U3, STM32C011F6U6TR, STM32C011J4M3, STM32C011J4M6, STM32C011J6M3, STM32C011J6M6, STM32C0316-DK, STM32C031C4T3, STM32C031C4T6, STM32C031C4U3, STM32C031C4U6, STM32C031C6T3, STM32C031C6T6, STM32C031C6U3, STM32C031C6U6, STM32C031F4P3, STM32C031F4P6, STM32C031F6P3, STM32C031F6P6, STM32C031G4U3, STM32C031G4U6, STM32C031G6U3, STM32C031G6U6, STM32C031K4T3, STM32C031K4T6, STM32C031K4U3, STM32C031K4U6, STM32C031K6T3, STM32C031K6T6, STM32C031K6U3, STM32C031K6U6, STM32G071K8TXN, STM32G071K8UXN, STM32G081GBU6N, STM32G081KBT6N, STM32G081KBUXN, STM32G0B1CCT6N, STM32G0B1KCT6, STM32G0B1NEY6TR, STM32G0B1RCT6N, STM32G0C1CCT6, STM32G0C1CCT6N, STM32G0C1CCU6N, STM32G0C1CET6N, STM32G0C1CEU6N, STM32G0C1KCT6, STM32G0C1NEY6TR, STM32G0C1RCI6N, STM32G0C1RCT6N, STM32G0C1REI6N, STM32G0C1RET6N, STM32G0C1VCI6, STM32G0C1VEI6, STM32G471CCT6, STM32G471CCU6, STM32G471CET3, STM32G471CET6, STM32G471CEU3, STM32G471CEU6, STM32G471MCT6, STM32G471MET3, STM32G471MET6, STM32G471MEY6TR, STM32G471QCT6, STM32G471QET3, STM32G471RCT6, STM32G471RET3, STM32G471RET6, STM32G471VCH6, STM32G471VCI6, STM32G471VCT6, STM32G471VEH3, STM32G471VEH6, STM32G471VEI3, STM32G471VEI6, STM32G471VET3, STM32G471VET6, STM32G474CCT6, STM32H503CBT6, STM32H503CBU6, STM32H503EBY6TR, STM32H503KBU6, STM32H503RBT6, STM32H562AGI6, STM32H562AII6, STM32H562IGK6, STM32H562IGT6, STM32H562IIK6, STM32H562IIT6, STM32H562RGT6, STM32H562RGV6, STM32H562RIT6, STM32H562RIV6, STM32H562VGT6, STM32H562VIT6, STM32H562ZGT6, STM32H562ZIT6, STM32H563AGI6, STM32H563AII3Q, STM32H563AII6, STM32H563IGK6, STM32H563IGT6, STM32H563IIK3Q, STM32H563IIK6, STM32H563IIT3Q, STM32H563IIT6, STM32H563MIY3QTR, STM32H563RGT6, STM32H563RGV6, STM32H563RIT6, STM32H563RIV6, STM32H563VGT6, STM32H563VIT3Q, STM32H563VIT6, STM32H563ZGT6, STM32H563ZIT3Q, STM32H563ZIT6, STM32H573AII3Q, STM32H573AII6, STM32H573I-DK, STM32H573IIK3Q, STM32H573IIK6, STM32H573IIT3Q, STM32H573IIT6, STM32H573MIY3QTR, STM32H573RIT6, STM32H573RIV6, STM32H573VIT3Q, STM32H573VIT6, STM32H573ZIT3Q, STM32H573ZIT6, STM32L4R5QGI6STR, STM32MP131AAE3, STM32MP131AAF3, STM32MP131AAG3, STM32MP131CAE3, STM32MP131CAF3, STM32MP131CAG3, STM32MP131DAE7, STM32MP131DAF7, STM32MP131DAG7, STM32MP131FAE7, STM32MP131FAF7, STM32MP131FAG7, STM32MP133AAE3, STM32MP133AAF3, STM32MP133AAG3, STM32MP133CAE3, STM32MP133CAF3, STM32MP133CAG3, STM32MP133DAE7, STM32MP133DAF7, STM32MP133DAG7, STM32MP133FAE7, STM32MP133FAF7, STM32MP133FAG7, STM32MP135AAE3, STM32MP135AAF3, STM32MP135AAG3, STM32MP135CAE3, STM32MP135CAF3, STM32MP135CAG3, STM32MP135DAE7, STM32MP135DAF7, STM32MP135DAG7, STM32MP135F-DK, STM32MP135FAE7, STM32MP135FAF7, STM32MP135FAF7T, STM32MP135FAF7U, STM32MP135FAG7, STM32U535CBT6, STM32U535CBT6Q, STM32U535CBU6, STM32U535CBU6Q, STM32U535CCT6, STM32U535CCT6Q, STM32U535CCU6, STM32U535CCU6Q, STM32U535CET6, STM32U535CET6Q, STM32U535CEU6, STM32U535CEU6Q, STM32U535JEY6QTR, STM32U535NCY6QTR, STM32U535NEY6QTR, STM32U535RBI6, STM32U535RBI6Q, STM32U535RBT6, STM32U535RBT6Q, STM32U535RCI6, STM32U535RCI6Q, STM32U535RCT6, STM32U535RCT6Q, STM32U535REI6, STM32U535REI6Q, STM32U535RET6, STM32U535RET6Q, STM32U535VCI6, STM32U535VCI6Q, STM32U535VCT6, STM32U535VCT6Q, STM32U535VEI6, STM32U535VEI6Q, STM32U535VET6, STM32U535VET6Q, STM32U545CET6, STM32U545CET6Q, STM32U545CEU6, STM32U545CEU6Q, STM32U545JEY6QTR, STM32U545NEY6QTR, STM32U545REI6, STM32U545REI6Q, STM32U545RET6, STM32U545RET6Q, STM32U545VEI6, STM32U545VEI6Q, STM32U545VET6, STM32U545VET6Q, STM32U595AIH6, STM32U595AIH6Q, STM32U595AJH6, STM32U595AJH6Q, STM32U595QII6, STM32U595QII6Q, STM32U595QJI6, STM32U595QJI6Q, STM32U595RIT6, STM32U595RIT6Q, STM32U595RJT6, STM32U595RJT6Q, STM32U595VIT6, STM32U595VIT6Q, STM32U595VJT6, STM32U595VJT6Q, STM32U595ZIT6, STM32U595ZIT6Q, STM32U595ZIY6QTR, STM32U595ZJT6, STM32U595ZJT6Q, STM32U595ZJY6QTR, STM32U599BJY6QTR, STM32U599NIH6Q, STM32U599NJH6Q, STM32U599VIT6Q, STM32U599VJT6, STM32U599VJT6Q, STM32U599ZIT6Q, STM32U599ZIY6QTR, STM32U599ZJT6Q, STM32U599ZJY6QTR, STM32U5A5AJH6, STM32U5A5AJH6Q, STM32U5A5QJI6, STM32U5A5QJI6Q, STM32U5A5RJT6, STM32U5A5RJT6Q, STM32U5A5VJT6, STM32U5A5VJT6Q, STM32U5A5ZJT6, STM32U5A5ZJT6Q, STM32U5A5ZJY6QTR, STM32U5A9BJY6QTR, STM32U5A9J-DK, STM32U5A9NJH6Q, STM32U5A9VJT6Q, STM32U5A9ZJT6Q, STM32U5A9ZJY6QTR, STM32WB1MMCH6, STM32WBA52CEU6, STM32WBA52CEU6T, STM32WBA52CGU6, STM32WBA52CGU6T, STM32WL5MOCH6, STM32WL5MOCH6TR]
2024-09-03 23:39:27,412 [INFO] ApiDb:668 - CubeFinder database Data Model version=2.1
2024-09-03 23:39:27,412 [INFO] ApiDb:669 - CubeFinder database Configuration version=3.0.39
2024-09-03 23:39:27,412 [INFO] ApiDb:670 - CubeFinder database generation date=2024-06-20 (1718880634)
2024-09-03 23:39:27,412 [INFO] ApiDb:671 - CubeFinder database FW Pack versions=[FP-ATR-ASTRA1_V2.0.0, FP-SNS-FLIGHT1_V5.0.2, FP-SNS-MOTENV1_V5.0.0, FP-SNS-MOTENVWB1_V1.4.0, FP-SNS-SMARTAG2_V1.2.0, STM32Cube_FW_C0_V1.2.0, STM32Cube_FW_F4_V1.28.0, STM32Cube_FW_F7_V1.17.2, STM32Cube_FW_G0_V1.6.2, STM32Cube_FW_G4_V1.6.0, STM32Cube_FW_H5_V1.3.0, STM32Cube_FW_H7RS_V1.1.0, STM32Cube_FW_H7_V1.11.2, STM32Cube_FW_L0_V1.12.2, STM32Cube_FW_L5_V1.5.1, STM32Cube_FW_U0_V1.1.0, STM32Cube_FW_U5_V1.6.0, STM32Cube_FW_WB0_V1.0.0, STM32Cube_FW_WBA_V1.4.0, STM32Cube_FW_WB_V1.20.0, STM32Cube_FW_WL_V1.3.0, X-CUBE-ALGOBUILD_V1.4.0, X-CUBE-ALS_V1.0.2, X-CUBE-AZRTOS-F4_V1.1.0, X-CUBE-AZRTOS-F7_V1.1.0, X-CUBE-AZRTOS-G0_V1.1.0, X-CUBE-AZRTOS-G4_V2.0.0, X-CUBE-AZRTOS-H7RS_V1.0.0, X-CUBE-AZRTOS-H7_V3.2.0, X-CUBE-AZRTOS-L4_V2.0.0, X-CUBE-AZRTOS-L5_V1.1.0, X-CUBE-AZRTOS-WB_V2.0.0, X-CUBE-AZRTOS-WL_V2.0.0, X-CUBE-BLE1_V7.0.0, X-CUBE-BLE2_V3.3.0, X-CUBE-BLEMGR_V3.1.0, X-CUBE-EEPRMA1_V5.1.0, X-CUBE-FREERTOS_V1.2.0, X-CUBE-GNSS1_V6.0.0, X-CUBE-MEMS1_V10.0.0, X-CUBE-NFC4_V3.0.0, X-CUBE-NFC7_V1.0.1, X-CUBE-SFXS2LP1_V4.0.0, X-CUBE-SUBG2_V5.0.0, X-CUBE-TOF1_V3.4.1]
2024-09-03 23:39:27,513 [INFO] FileExtend:240 - Unzip File : updaters.zip
2024-09-03 23:39:27,513 [INFO] FileExtend:255 - Standard Zip Deflate
2024-09-03 23:39:27,616 [WARN] MainUpdater:1187 - Updater busy. Cannot search thirdparties
2024-09-03 23:39:27,616 [INFO] ThirdPartyUpdaterWithRetryManager:96 - Updater plugin is busy. [1/15]
2024-09-03 23:39:27,959 [INFO] ServerAccessManage:473 - Download File PacksControlFlags.xml
2024-09-03 23:39:28,390 [INFO] ServerAccessManage:473 - Download File cubemx.pidx
2024-09-03 23:39:30,173 [INFO] ServerAccessManage:473 - Download File STMicroelectronics.X-CUBE-MEMS1.pdsc
2024-09-03 23:39:30,617 [WARN] MainUpdater:1187 - Updater busy. Cannot search thirdparties
2024-09-03 23:39:30,617 [INFO] ThirdPartyUpdaterWithRetryManager:96 - Updater plugin is busy. [2/15]
2024-09-03 23:39:31,018 [INFO] ApiDb:240 - Found 297 in-development CPN: [B-G473E-ZEST1S, B-WB1M-WPAN1, B-WL5M-SUBG1, NUCLEO-C031C6, NUCLEO-H503RB, NUCLEO-H563ZI, NUCLEO-U545RE-Q, NUCLEO-U5A5ZJ-Q, NUCLEO-WBA52CG, STEVAL-PROTEUS1, STEVAL-STWINBX1, STM320518-EVAL, STM32C0116-DK, STM32C011D6Y3TR, STM32C011D6Y6TR, STM32C011F4P3, STM32C011F4P6, STM32C011F4U3, STM32C011F4U6TR, STM32C011F6P3, STM32C011F6P6, STM32C011F6U3, STM32C011F6U6TR, STM32C011J4M3, STM32C011J4M6, STM32C011J6M3, STM32C011J6M6, STM32C0316-DK, STM32C031C4T3, STM32C031C4T6, STM32C031C4U3, STM32C031C4U6, STM32C031C6T3, STM32C031C6T6, STM32C031C6U3, STM32C031C6U6, STM32C031F4P3, STM32C031F4P6, STM32C031F6P3, STM32C031F6P6, STM32C031G4U3, STM32C031G4U6, STM32C031G6U3, STM32C031G6U6, STM32C031K4T3, STM32C031K4T6, STM32C031K4U3, STM32C031K4U6, STM32C031K6T3, STM32C031K6T6, STM32C031K6U3, STM32C031K6U6, STM32G071K8TXN, STM32G071K8UXN, STM32G081GBU6N, STM32G081KBT6N, STM32G081KBUXN, STM32G0B1CCT6N, STM32G0B1KCT6, STM32G0B1NEY6TR, STM32G0B1RCT6N, STM32G0C1CCT6, STM32G0C1CCT6N, STM32G0C1CCU6N, STM32G0C1CET6N, STM32G0C1CEU6N, STM32G0C1KCT6, STM32G0C1NEY6TR, STM32G0C1RCI6N, STM32G0C1RCT6N, STM32G0C1REI6N, STM32G0C1RET6N, STM32G0C1VCI6, STM32G0C1VEI6, STM32G471CCT6, STM32G471CCU6, STM32G471CET3, STM32G471CET6, STM32G471CEU3, STM32G471CEU6, STM32G471MCT6, STM32G471MET3, STM32G471MET6, STM32G471MEY6TR, STM32G471QCT6, STM32G471QET3, STM32G471RCT6, STM32G471RET3, STM32G471RET6, STM32G471VCH6, STM32G471VCI6, STM32G471VCT6, STM32G471VEH3, STM32G471VEH6, STM32G471VEI3, STM32G471VEI6, STM32G471VET3, STM32G471VET6, STM32G474CCT6, STM32H503CBT6, STM32H503CBU6, STM32H503EBY6TR, STM32H503KBU6, STM32H503RBT6, STM32H562AGI6, STM32H562AII6, STM32H562IGK6, STM32H562IGT6, STM32H562IIK6, STM32H562IIT6, STM32H562RGT6, STM32H562RGV6, STM32H562RIT6, STM32H562RIV6, STM32H562VGT6, STM32H562VIT6, STM32H562ZGT6, STM32H562ZIT6, STM32H563AGI6, STM32H563AII3Q, STM32H563AII6, STM32H563IGK6, STM32H563IGT6, STM32H563IIK3Q, STM32H563IIK6, STM32H563IIT3Q, STM32H563IIT6, STM32H563MIY3QTR, STM32H563RGT6, STM32H563RGV6, STM32H563RIT6, STM32H563RIV6, STM32H563VGT6, STM32H563VIT3Q, STM32H563VIT6, STM32H563ZGT6, STM32H563ZIT3Q, STM32H563ZIT6, STM32H573AII3Q, STM32H573AII6, STM32H573I-DK, STM32H573IIK3Q, STM32H573IIK6, STM32H573IIT3Q, STM32H573IIT6, STM32H573MIY3QTR, STM32H573RIT6, STM32H573RIV6, STM32H573VIT3Q, STM32H573VIT6, STM32H573ZIT3Q, STM32H573ZIT6, STM32L4R5QGI6STR, STM32MP131AAE3, STM32MP131AAF3, STM32MP131AAG3, STM32MP131CAE3, STM32MP131CAF3, STM32MP131CAG3, STM32MP131DAE7, STM32MP131DAF7, STM32MP131DAG7, STM32MP131FAE7, STM32MP131FAF7, STM32MP131FAG7, STM32MP133AAE3, STM32MP133AAF3, STM32MP133AAG3, STM32MP133CAE3, STM32MP133CAF3, STM32MP133CAG3, STM32MP133DAE7, STM32MP133DAF7, STM32MP133DAG7, STM32MP133FAE7, STM32MP133FAF7, STM32MP133FAG7, STM32MP135AAE3, STM32MP135AAF3, STM32MP135AAG3, STM32MP135CAE3, STM32MP135CAF3, STM32MP135CAG3, STM32MP135DAE7, STM32MP135DAF7, STM32MP135DAG7, STM32MP135F-DK, STM32MP135FAE7, STM32MP135FAF7, STM32MP135FAF7T, STM32MP135FAF7U, STM32MP135FAG7, STM32U535CBT6, STM32U535CBT6Q, STM32U535CBU6, STM32U535CBU6Q, STM32U535CCT6, STM32U535CCT6Q, STM32U535CCU6, STM32U535CCU6Q, STM32U535CET6, STM32U535CET6Q, STM32U535CEU6, STM32U535CEU6Q, STM32U535JEY6QTR, STM32U535NCY6QTR, STM32U535NEY6QTR, STM32U535RBI6, STM32U535RBI6Q, STM32U535RBT6, STM32U535RBT6Q, STM32U535RCI6, STM32U535RCI6Q, STM32U535RCT6, STM32U535RCT6Q, STM32U535REI6, STM32U535REI6Q, STM32U535RET6, STM32U535RET6Q, STM32U535VCI6, STM32U535VCI6Q, STM32U535VCT6, STM32U535VCT6Q, STM32U535VEI6, STM32U535VEI6Q, STM32U535VET6, STM32U535VET6Q, STM32U545CET6, STM32U545CET6Q, STM32U545CEU6, STM32U545CEU6Q, STM32U545JEY6QTR, STM32U545NEY6QTR, STM32U545REI6, STM32U545REI6Q, STM32U545RET6, STM32U545RET6Q, STM32U545VEI6, STM32U545VEI6Q, STM32U545VET6, STM32U545VET6Q, STM32U595AIH6, STM32U595AIH6Q, STM32U595AJH6, STM32U595AJH6Q, STM32U595QII6, STM32U595QII6Q, STM32U595QJI6, STM32U595QJI6Q, STM32U595RIT6, STM32U595RIT6Q, STM32U595RJT6, STM32U595RJT6Q, STM32U595VIT6, STM32U595VIT6Q, STM32U595VJT6, STM32U595VJT6Q, STM32U595ZIT6, STM32U595ZIT6Q, STM32U595ZIY6QTR, STM32U595ZJT6, STM32U595ZJT6Q, STM32U595ZJY6QTR, STM32U599BJY6QTR, STM32U599NIH6Q, STM32U599NJH6Q, STM32U599VIT6Q, STM32U599VJT6, STM32U599VJT6Q, STM32U599ZIT6Q, STM32U599ZIY6QTR, STM32U599ZJT6Q, STM32U599ZJY6QTR, STM32U5A5AJH6, STM32U5A5AJH6Q, STM32U5A5QJI6, STM32U5A5QJI6Q, STM32U5A5RJT6, STM32U5A5RJT6Q, STM32U5A5VJT6, STM32U5A5VJT6Q, STM32U5A5ZJT6, STM32U5A5ZJT6Q, STM32U5A5ZJY6QTR, STM32U5A9BJY6QTR, STM32U5A9J-DK, STM32U5A9NJH6Q, STM32U5A9VJT6Q, STM32U5A9ZJT6Q, STM32U5A9ZJY6QTR, STM32WB1MMCH6, STM32WBA52CEU6, STM32WBA52CEU6T, STM32WBA52CGU6, STM32WBA52CGU6T, STM32WL5MOCH6, STM32WL5MOCH6TR]
2024-09-03 23:39:31,023 [INFO] DbMcus:216 - Found 4179 MCUs, 4179 are supported
2024-09-03 23:39:31,026 [INFO] ApiDb:423 - Load user favorites file /home/ziad/.stm32cubeide/favorites.mcus.txt: 2 item(s)
2024-09-03 23:39:31,026 [INFO] ApiDb:427 - User favorites MCUs=[STM32F103C8T6, STM32F401RCT6]
2024-09-03 23:39:31,026 [INFO] DbMcus:222 - Set 2 / 2 favorites MCUs
2024-09-03 23:39:31,814 [INFO] BoardInfo:880 - No configuration file found for board NUCLEO-H533RE
2024-09-03 23:39:31,814 [INFO] DbBoards:157 - Board is not supported: NUCLEO-H533RE
2024-09-03 23:39:31,832 [INFO] BoardInfo:880 - No configuration file found for board NUCLEO-H7S3L8
2024-09-03 23:39:31,832 [INFO] DbBoards:157 - Board is not supported: NUCLEO-H7S3L8
2024-09-03 23:39:31,867 [INFO] BoardInfo:880 - No configuration file found for board NUCLEO-U031R8
2024-09-03 23:39:31,867 [INFO] DbBoards:157 - Board is not supported: NUCLEO-U031R8
2024-09-03 23:39:31,869 [INFO] BoardInfo:880 - No configuration file found for board NUCLEO-U083RC
2024-09-03 23:39:31,870 [INFO] DbBoards:157 - Board is not supported: NUCLEO-U083RC
2024-09-03 23:39:31,881 [INFO] BoardInfo:880 - No configuration file found for board NUCLEO-WBA55CG
2024-09-03 23:39:31,881 [INFO] DbBoards:157 - Board is not supported: NUCLEO-WBA55CG
2024-09-03 23:39:31,890 [INFO] BoardInfo:880 - No configuration file found for board P-NUCLEO-WB55
2024-09-03 23:39:31,890 [INFO] DbBoards:157 - Kit is not supported: P-NUCLEO-WB55
2024-09-03 23:39:31,897 [INFO] BoardInfo:880 - No configuration file found for board STEVAL-BFA001V1B
2024-09-03 23:39:31,897 [INFO] DbBoards:157 - Kit is not supported: STEVAL-BFA001V1B
2024-09-03 23:39:31,899 [INFO] BoardInfo:880 - No configuration file found for board STEVAL-BFA001V2B
2024-09-03 23:39:31,899 [INFO] DbBoards:157 - Kit is not supported: STEVAL-BFA001V2B
2024-09-03 23:39:31,905 [INFO] BoardInfo:880 - No configuration file found for board STEVAL-MKBOXPRO
2024-09-03 23:39:31,905 [INFO] DbBoards:157 - Board is not supported: STEVAL-MKBOXPRO
2024-09-03 23:39:31,910 [INFO] BoardInfo:880 - No configuration file found for board STEVAL-SMARTAG2
2024-09-03 23:39:31,910 [INFO] DbBoards:157 - Board is not supported: STEVAL-SMARTAG2
2024-09-03 23:39:32,035 [INFO] BoardInfo:880 - No configuration file found for board STM32H7S78-DK
2024-09-03 23:39:32,035 [INFO] DbBoards:157 - Board is not supported: STM32H7S78-DK
2024-09-03 23:39:32,069 [INFO] BoardInfo:880 - No configuration file found for board STM32U083C-DK
2024-09-03 23:39:32,070 [INFO] DbBoards:157 - Board is not supported: STM32U083C-DK
2024-09-03 23:39:32,075 [INFO] BoardInfo:880 - No configuration file found for board STM32U5G9J-DK1
2024-09-03 23:39:32,075 [INFO] DbBoards:157 - Board is not supported: STM32U5G9J-DK1
2024-09-03 23:39:32,077 [INFO] BoardInfo:880 - No configuration file found for board STM32U5G9J-DK2
2024-09-03 23:39:32,078 [INFO] DbBoards:157 - Board is not supported: STM32U5G9J-DK2
2024-09-03 23:39:32,083 [INFO] BoardInfo:880 - No configuration file found for board STM32WBA55G-DK1
2024-09-03 23:39:32,083 [INFO] DbBoards:157 - Board is not supported: STM32WBA55G-DK1
2024-09-03 23:39:32,084 [INFO] DbBoards:161 - Found 195 boards, 180 are supported
2024-09-03 23:39:32,090 [INFO] ApiDb:423 - Load user favorites file /home/ziad/.stm32cubeide/favorites.boards.txt: 1 item(s)
2024-09-03 23:39:32,091 [INFO] ApiDb:427 - User favorites Boards=[STM32F401C-DISCO]
2024-09-03 23:39:32,091 [INFO] DbBoards:190 - Set 1 / 1 favorites Boards
2024-09-03 23:39:32,091 [INFO] McuFinderGlobals:66 - Set McuFinderConnectedMode to false
2024-09-03 23:39:32,103 [INFO] MultiScanPanel:200 - Auto-refresh data requested => check proxy status ongoing
2024-09-03 23:39:32,103 [INFO] MultiScanPanel:204 - Proxy status is invalid
2024-09-03 23:39:32,108 [INFO] FinderPluginLoader:95 - Searching for filters in installed packs
2024-09-03 23:39:33,619 [WARN] MainUpdater:1187 - Updater busy. Cannot search thirdparties
2024-09-03 23:39:33,619 [INFO] ThirdPartyUpdaterWithRetryManager:96 - Updater plugin is busy. [3/15]
2024-09-03 23:39:34,581 [WARN] DetailPanel:346 - Failed to get advertising image, set to default
2024-09-03 23:39:36,623 [WARN] MainUpdater:1187 - Updater busy. Cannot search thirdparties
2024-09-03 23:39:36,623 [INFO] ThirdPartyUpdaterWithRetryManager:96 - Updater plugin is busy. [4/15]
2024-09-03 23:39:37,516 [INFO] ServerAccessManage:473 - Download File STMicroelectronics.X-CUBE-AZRTOS-H7.pdsc
2024-09-03 23:39:39,623 [WARN] MainUpdater:1187 - Updater busy. Cannot search thirdparties
2024-09-03 23:39:39,624 [INFO] ThirdPartyUpdaterWithRetryManager:96 - Updater plugin is busy. [5/15]
2024-09-03 23:39:40,155 [WARN] PackLoader:240 - Cannot read IP mode file for STMicroelectronics.X-CUBE-MEMS1.11.0.0
2024-09-03 23:39:40,227 [INFO] CheckServerUpdateThread:120 - End of CheckServer Thread
2024-09-03 23:39:40,511 [WARN] PackLoader:240 - Cannot read IP mode file for STMicroelectronics.X-CUBE-AZRTOS-H7.3.3.0
2024-09-03 23:39:40,522 [INFO] PopulateThirdPartyThread:66 - Ending populate Thread
2024-09-03 23:39:40,528 [INFO] ThirdParty:1030 - CMSIS Pack Vendor :STMicroelectronics X-CUBE-AZRTOS-H7 3.3.0
2024-09-03 23:39:40,528 [INFO] ThirdParty:1030 - CMSIS Pack Vendor :STMicroelectronics X-CUBE-MEMS1 11.0.0
2024-09-03 23:39:40,529 [INFO] LoadServerUpdatesThread:373 - End of LoadServerUpdate Thread
2024-09-03 23:39:42,793 [WARN] PackLoader:240 - Cannot read IP mode file for STMicroelectronics.X-CUBE-TOUCHGFX.4.23.2
2024-09-03 23:39:42,805 [WARN] PackLoader:240 - Cannot read IP mode file for STMicroelectronics.X-CUBE-AZRTOS-F7.1.1.0
2024-09-03 23:39:42,881 [WARN] PackLoader:240 - Cannot read IP mode file for STMicroelectronics.X-CUBE-MEMS1.11.0.0
2024-09-03 23:39:43,060 [WARN] PackLoader:240 - Cannot read IP mode file for STMicroelectronics.X-CUBE-DISPLAY.3.0.0
2024-09-03 23:39:43,066 [WARN] PackLoader:240 - Cannot read IP mode file for emotas.I-CUBE-CANOPEN.1.3.0
2024-09-03 23:39:43,073 [INFO] LogOutputStream:77 - [STDOUT_REDIRECT] 1 : Invalid condition id : UX_CORESTACK_Condition cause : null
2024-09-03 23:39:43,074 [INFO] LogOutputStream:77 - [STDOUT_REDIRECT] 1 : Invalid condition id : UX_CORESTACK_Condition cause : null
2024-09-03 23:39:43,074 [INFO] LogOutputStream:77 - [STDOUT_REDIRECT] 1 : Invalid condition id : UX_CORESTACK_Condition cause : null
2024-09-03 23:39:43,075 [INFO] LogOutputStream:77 - [STDOUT_REDIRECT] 1 : Invalid condition id : UX_CORESTACK_Condition cause : null
2024-09-03 23:39:43,075 [INFO] LogOutputStream:77 - [STDOUT_REDIRECT] 1 : Invalid condition id : UX_CORESTACK_Condition cause : null
2024-09-03 23:39:43,078 [WARN] PackLoader:240 - Cannot read IP mode file for STMicroelectronics.X-CUBE-AZRTOS-WL.2.0.0
2024-09-03 23:39:43,114 [WARN] PackLoader:240 - Cannot read IP mode file for wolfSSL.I-CUBE-wolfMQTT.1.19.0
2024-09-03 23:39:43,118 [WARN] PackLoader:240 - Cannot read IP mode file for WES.I-CUBE-Cesium.1.3.0
2024-09-03 23:39:43,122 [WARN] PackLoader:240 - Cannot read IP mode file for STMicroelectronics.X-CUBE-BLE2.3.3.0
2024-09-03 23:39:43,133 [WARN] PackLoader:240 - Cannot read IP mode file for STMicroelectronics.X-CUBE-AZRTOS-G0.1.1.0
2024-09-03 23:39:43,138 [WARN] PackLoader:240 - Cannot read IP mode file for STMicroelectronics.X-CUBE-NFC4.3.0.0
2024-09-03 23:39:43,142 [ERROR] Engine:466 - /home/ziad/.stm32cubemx/thirdparties/pdsc/EmbeddedOffice.I-CUBE-FS-RTOS.1.0.1.pdsc: PDSC version is not supported
2024-09-03 23:39:43,144 [ERROR] Engine:466 - /home/ziad/.stm32cubemx/thirdparties/pdsc/RealThread.X-CUBE-RT-Thread_Nano.4.1.1.pdsc: PDSC version is not supported
2024-09-03 23:39:43,146 [WARN] PackLoader:240 - Cannot read IP mode file for wolfSSL.I-CUBE-wolfSSL.5.7.0
2024-09-03 23:39:43,148 [WARN] PackLoader:240 - Cannot read IP mode file for STMicroelectronics.FP-ATR-SIGFOX1.3.2.0
2024-09-03 23:39:43,152 [WARN] PackLoader:240 - Cannot read IP mode file for ITTIA_DB.I-CUBE-ITTIADB.8.9.0
2024-09-03 23:39:43,175 [WARN] PackLoader:240 - Cannot read IP mode file for SEGGER.I-CUBE-embOS.1.3.1
2024-09-03 23:39:43,207 [WARN] PackLoader:240 - Cannot read IP mode file for STMicroelectronics.X-CUBE-GNSS1.6.0.0
2024-09-03 23:39:43,240 [WARN] PackLoader:240 - Cannot read IP mode file for STMicroelectronics.X-CUBE-AZRTOS-F4.1.1.0
2024-09-03 23:39:43,268 [WARN] PackLoader:240 - Cannot read IP mode file for STMicroelectronics.X-CUBE-AZRTOS-L5.2.0.0
2024-09-03 23:39:43,274 [ERROR] Engine:466 - /home/ziad/.stm32cubemx/thirdparties/pdsc/STMicroelectronics.X-CUBE-DPower.1.2.0.pdsc: PDSC version is not supported
2024-09-03 23:39:43,277 [WARN] PackLoader:240 - Cannot read IP mode file for wolfSSL.I-CUBE-wolfTPM.3.2.0
2024-09-03 23:39:43,303 [WARN] ConditionMgr:438 - getConditionDescription Invalid condition id : LAN8742 Phy interface Condition cause : null
2024-09-03 23:39:43,304 [WARN] PackLoader:240 - Cannot read IP mode file for STMicroelectronics.X-CUBE-AZRTOS-L4.2.0.0
2024-09-03 23:39:43,306 [WARN] ConditionMgr:1039 - genDependencies : Invalid condition id : LAN8742 Phy interface Condition cause : null
2024-09-03 23:39:43,306 [WARN] ConditionMgr:1039 - genDependencies : Invalid condition id : LAN8742 Phy interface Condition cause : null
2024-09-03 23:39:43,307 [WARN] ConditionMgr:1039 - genDependencies : Invalid condition id : LAN8742 Phy interface Condition cause : null
2024-09-03 23:39:43,315 [WARN] PackLoader:240 - Cannot read IP mode file for STMicroelectronics.X-CUBE-SFXS2LP1.4.0.0
2024-09-03 23:39:43,348 [WARN] PackLoader:240 - Cannot read IP mode file for STMicroelectronics.X-CUBE-AZRTOS-H7.3.3.0
2024-09-03 23:39:43,369 [WARN] ConditionMgr:438 - getConditionDescription Invalid condition id : UX DEVICE CLASS RTOS Condition cause : null
2024-09-03 23:39:43,370 [WARN] ConditionMgr:438 - getConditionDescription Invalid condition id : UX DEVICE CLASS RTOS Condition cause : null
2024-09-03 23:39:43,373 [WARN] PackLoader:240 - Cannot read IP mode file for STMicroelectronics.X-CUBE-AZRTOS-WB.2.0.0
2024-09-03 23:39:43,374 [WARN] ConditionMgr:1039 - genDependencies : Invalid condition id : UX DEVICE CLASS RTOS Condition cause : null
2024-09-03 23:39:43,374 [WARN] ConditionMgr:1039 - genDependencies : Invalid condition id : UX DEVICE CLASS RTOS Condition cause : null
2024-09-03 23:39:43,375 [WARN] ConditionMgr:1039 - genDependencies : Invalid condition id : UX DEVICE CLASS RTOS Condition cause : null
2024-09-03 23:39:43,375 [WARN] ConditionMgr:1039 - genDependencies : Invalid condition id : UX DEVICE CLASS RTOS Condition cause : null
2024-09-03 23:39:43,375 [WARN] ConditionMgr:1039 - genDependencies : Invalid condition id : UX DEVICE CLASS RTOS Condition cause : null
2024-09-03 23:39:43,378 [ERROR] Engine:466 - /home/ziad/.stm32cubemx/thirdparties/pdsc/STMicroelectronics.FP-SNS-STBOX1.2.0.0.pdsc: PDSC version is not supported
2024-09-03 23:39:43,386 [WARN] PackLoader:240 - Cannot read IP mode file for STMicroelectronics.X-CUBE-SUBG2.5.0.0
2024-09-03 23:39:43,394 [WARN] PackLoader:240 - Cannot read IP mode file for Cesanta.I-CUBE-Mongoose.7.13.0
2024-09-03 23:39:43,413 [WARN] PackLoader:240 - Cannot read IP mode file for STMicroelectronics.X-CUBE-AZRTOS-G4.2.0.0
2024-09-03 23:39:43,493 [WARN] PackLoader:240 - Cannot read IP mode file for STMicroelectronics.X-CUBE-MEMS1.10.0.0
2024-09-03 23:39:43,695 [WARN] PackLoader:240 - Cannot read IP mode file for STMicroelectronics.X-CUBE-TOUCHGFX.4.24.0
2024-09-03 23:39:43,713 [WARN] PackLoader:240 - Cannot read IP mode file for portGmbH.I-Cube-SoM-uGOAL.1.1.0
2024-09-03 23:39:43,746 [WARN] PackLoader:240 - Cannot read IP mode file for STMicroelectronics.X-CUBE-AZRTOS-H7RS.1.0.0
2024-09-03 23:39:43,759 [ERROR] Engine:466 - /home/ziad/.stm32cubemx/thirdparties/pdsc/STMicroelectronics.X-CUBE-TOF1.3.4.2.pdsc: PDSC version is not supported
2024-09-03 23:39:43,774 [WARN] PackLoader:240 - Cannot read IP mode file for STMicroelectronics.X-CUBE-TOF1.3.4.1
2024-09-03 23:39:43,825 [WARN] PackLoader:240 - Cannot read IP mode file for STMicroelectronics.X-CUBE-AZRTOS-H7.3.2.0
2024-09-03 23:39:43,846 [WARN] PackLoader:240 - Cannot read IP mode file for Infineon.AIROC-Wi-Fi-Bluetooth-STM32.1.6.0
2024-09-03 23:39:43,855 [WARN] PackLoader:240 - Cannot read IP mode file for wolfSSL.I-CUBE-wolfSSH.1.4.17
2024-09-03 23:39:43,856 [INFO] ThirdParty:978 - Integrity check success = true
2024-09-03 23:39:43,856 [INFO] IntegrityCheckThread:100 - exiting critical section [integrity check]
2024-09-03 23:39:43,856 [INFO] IntegrityCheckThread:103 - End integrity checks thread
2024-09-03 23:40:18,286 [INFO] MainUpdater:2854 - connection check result : 10
2024-09-03 23:40:18,314 [INFO] MicroXplorer:468 - Change Database Path : 
2024-09-03 23:40:18,314 [INFO] MicroXplorer:498 - Change Database Version : DB.6.0.80
2024-09-03 23:40:18,314 [WARN] ThirdParty:871 - waiting for thirdparty lock release [close project]
2024-09-03 23:40:18,315 [INFO] ThirdParty:873 - entering critical section [close project]
2024-09-03 23:40:18,317 [INFO] ThirdParty:883 - exiting critical section [close project]
2024-09-03 23:40:18,322 [INFO] PinOutPanel:1499 - setPackage(No Configuration,No Configuration)
2024-09-03 23:40:18,331 [INFO] UtilMem:75 - Begin LoadConfig() Used Memory: 637142384 Bytes (805306368)
2024-09-03 23:40:18,334 [INFO] MicroXplorer:468 - Change Database Path : 
2024-09-03 23:40:18,335 [INFO] MicroXplorer:498 - Change Database Version : DB.6.0.80
2024-09-03 23:40:18,335 [INFO] OpenFileManager:308 - Change cursor
2024-09-03 23:40:18,402 [INFO] Mcu:1937 - Initializing MCU STM32F103C8Tx STM32F103C8Tx 
2024-09-03 23:40:18,403 [INFO] Mcu:1950 - No CPN specified => set CPN to STM32F103C8T6
2024-09-03 23:40:20,062 [INFO] Context:659 - Trying to add GPIOservice into a context  which must be forbidden
2024-09-03 23:40:20,484 [INFO] ImportTextPane:194 - (OptionalMessage_ERROR) Unable to find key (Mcu.ThirdPartyNb) in loaded IOC file
2024-09-03 23:40:20,484 [INFO] ImportTextPane:194 - (OptionalMessage_ERROR) Unable to find key (Mcu.PinsNb) in loaded IOC file
2024-09-03 23:40:20,484 [INFO] ImportTextPane:194 - (OptionalMessage_ERROR) Unable to find key (Mcu.IPNb) in loaded IOC file
2024-09-03 23:40:21,033 [INFO] RtosManager:555 - Registered RTOS mode: class=CMSIS, group=RTOS, mode=CMSIS_V1, owner=FREERTOS
2024-09-03 23:40:21,034 [INFO] RtosManager:555 - Registered RTOS mode: class=CMSIS, group=RTOS2, mode=CMSIS_V2, owner=FREERTOS
2024-09-03 23:40:21,034 [INFO] RtosManager:555 - Registered RTOS mode: class=RTOS, group=Core, mode=CMSIS_V1, owner=FREERTOS
2024-09-03 23:40:21,034 [INFO] RtosManager:555 - Registered RTOS mode: class=RTOS, group=Core, mode=CMSIS_V2, owner=FREERTOS
2024-09-03 23:40:21,035 [WARN] ModelIntegratedComponent:184 - Missing modes for component STMicroelectronics:FreeRTOS:0.0.1:STMicroelectronics:RTOS:FreeRTOS:Core:::10.2.0:
2024-09-03 23:40:21,058 [WARN] ModelIntegratedComponent:63 - No mode defined for component null
2024-09-03 23:40:21,058 [WARN] ModelIntegratedComponent:63 - No mode defined for component null
2024-09-03 23:40:21,058 [WARN] ModelIntegratedComponent:63 - No mode defined for component null
2024-09-03 23:40:21,058 [WARN] ModelIntegratedComponent:63 - No mode defined for component null
2024-09-03 23:40:21,058 [WARN] ModelIntegratedComponent:63 - No mode defined for component null
2024-09-03 23:40:21,058 [WARN] ModelIntegratedComponent:63 - No mode defined for component null
2024-09-03 23:40:21,058 [WARN] ModelIntegratedComponent:63 - No mode defined for component null
2024-09-03 23:40:21,058 [WARN] ModelIntegratedComponent:63 - No mode defined for component null
2024-09-03 23:40:21,058 [WARN] ModelIntegratedComponent:63 - No mode defined for component null
2024-09-03 23:40:21,058 [WARN] ModelIntegratedComponent:63 - No mode defined for component null
2024-09-03 23:40:21,059 [WARN] ModelIntegratedComponent:63 - No mode defined for component null
2024-09-03 23:40:21,059 [WARN] ModelIntegratedComponent:63 - No mode defined for component null
2024-09-03 23:40:21,059 [WARN] ModelIntegratedComponent:63 - No mode defined for component null
2024-09-03 23:40:21,059 [WARN] ModelIntegratedComponent:63 - No mode defined for component null
2024-09-03 23:40:21,059 [WARN] ModelIntegratedComponent:63 - No mode defined for component null
2024-09-03 23:40:21,059 [WARN] ModelIntegratedComponent:63 - No mode defined for component null
2024-09-03 23:40:21,059 [WARN] ModelIntegratedComponent:63 - No mode defined for component null
2024-09-03 23:40:21,059 [WARN] ModelIntegratedComponent:63 - No mode defined for component null
2024-09-03 23:40:21,059 [WARN] ModelIntegratedComponent:63 - No mode defined for component null
2024-09-03 23:40:21,059 [WARN] ModelIntegratedComponent:63 - No mode defined for component null
2024-09-03 23:40:21,059 [WARN] ModelIntegratedComponent:63 - No mode defined for component null
2024-09-03 23:40:21,059 [WARN] ModelIntegratedComponent:63 - No mode defined for component null
2024-09-03 23:40:21,060 [WARN] ModelIntegratedComponent:63 - No mode defined for component null
2024-09-03 23:40:21,060 [WARN] ModelIntegratedComponent:63 - No mode defined for component null
2024-09-03 23:40:21,060 [WARN] ModelIntegratedComponent:63 - No mode defined for component null
2024-09-03 23:40:21,060 [WARN] ModelIntegratedComponent:63 - No mode defined for component null
2024-09-03 23:40:21,060 [WARN] ModelIntegratedComponent:63 - No mode defined for component null
2024-09-03 23:40:21,060 [WARN] ModelIntegratedComponent:63 - No mode defined for component null
2024-09-03 23:40:21,060 [WARN] ModelIntegratedComponent:63 - No mode defined for component null
2024-09-03 23:40:21,060 [WARN] ModelIntegratedComponent:63 - No mode defined for component null
2024-09-03 23:40:21,061 [WARN] ModelIntegratedComponent:63 - No mode defined for component null
2024-09-03 23:40:21,061 [WARN] ModelIntegratedComponent:63 - No mode defined for component null
2024-09-03 23:40:21,061 [WARN] ModelIntegratedComponent:63 - No mode defined for component null
2024-09-03 23:40:21,556 [INFO] ThirdPartyModel:298 - Start build external matchings
2024-09-03 23:40:22,500 [INFO] ThirdPartyModel:316 - End build external matchings
2024-09-03 23:40:22,786 [INFO] UtilMem:75 - End LoadConfig() Used Memory: 677049976 Bytes (805306368)
2024-09-03 23:40:22,801 [WARN] ThirdParty:833 - waiting for thirdparty lock release [change project]
2024-09-03 23:40:22,801 [INFO] ThirdParty:835 - entering critical section [change project]
2024-09-03 23:40:22,801 [INFO] ThirdParty:1030 - CMSIS Pack Vendor :STMicroelectronics X-CUBE-AZRTOS-H7 3.3.0
2024-09-03 23:40:22,802 [INFO] ThirdParty:1030 - CMSIS Pack Vendor :STMicroelectronics X-CUBE-GNSS1 6.0.0
2024-09-03 23:40:22,804 [INFO] ThirdParty:1030 - CMSIS Pack Vendor :STMicroelectronics USB_HOST 2.0.0
2024-09-03 23:40:22,806 [INFO] ThirdParty:1030 - CMSIS Pack Vendor :STMicroelectronics X-CUBE-AZRTOS-F4 1.1.0
2024-09-03 23:40:22,807 [INFO] ThirdParty:1030 - CMSIS Pack Vendor :STMicroelectronics LIBJPEG 8.0.0
2024-09-03 23:40:22,807 [INFO] ThirdParty:1030 - CMSIS Pack Vendor :STMicroelectronics USB_DEVICE 3.0.0
2024-09-03 23:40:22,807 [INFO] ThirdParty:1030 - CMSIS Pack Vendor :STMicroelectronics X-CUBE-AZRTOS-WB 2.0.0
2024-09-03 23:40:22,807 [INFO] ThirdParty:1030 - CMSIS Pack Vendor :STMicroelectronics X-CUBE-TOUCHGFX 4.23.2
2024-09-03 23:40:22,807 [INFO] ThirdParty:1030 - CMSIS Pack Vendor :STMicroelectronics X-CUBE-AZRTOS-F7 1.1.0
2024-09-03 23:40:22,809 [INFO] ThirdParty:1030 - CMSIS Pack Vendor :STMicroelectronics X-CUBE-AZRTOS-L5 2.0.0
2024-09-03 23:40:22,810 [INFO] ThirdParty:1030 - CMSIS Pack Vendor :STMicroelectronics USB_DEVICE 2.0.0
2024-09-03 23:40:22,810 [INFO] ThirdParty:1030 - CMSIS Pack Vendor :STMicroelectronics X-CUBE-MEMS1 11.0.0
2024-09-03 23:40:22,810 [INFO] ThirdParty:1030 - CMSIS Pack Vendor :STMicroelectronics FreeRTOS 0.0.1
2024-09-03 23:40:22,810 [INFO] ThirdParty:1030 - CMSIS Pack Vendor :STMicroelectronics X-CUBE-AZRTOS-G0 1.1.0
2024-09-03 23:40:22,810 [INFO] ThirdParty:1030 - CMSIS Pack Vendor :STMicroelectronics X-CUBE-NFC4 3.0.0
2024-09-03 23:40:22,810 [INFO] ThirdParty:1030 - CMSIS Pack Vendor :STMicroelectronics X-CUBE-SUBG2 5.0.0
2024-09-03 23:40:22,810 [INFO] ThirdParty:1030 - CMSIS Pack Vendor :STMicroelectronics STM32_WPAN 1.0.0
2024-09-03 23:40:22,810 [INFO] ThirdParty:1030 - CMSIS Pack Vendor :STMicroelectronics lwIP 2.0.3
2024-09-03 23:40:22,811 [INFO] ThirdParty:1030 - CMSIS Pack Vendor :Cesanta I-CUBE-Mongoose 7.13.0
2024-09-03 23:40:22,811 [INFO] ThirdParty:1030 - CMSIS Pack Vendor :STMicroelectronics USB_HOST 1.0.0
2024-09-03 23:40:22,811 [INFO] ThirdParty:1030 - CMSIS Pack Vendor :STMicroelectronics X-CUBE-AZRTOS-G4 2.0.0
2024-09-03 23:40:22,811 [INFO] ThirdParty:1030 - CMSIS Pack Vendor :STMicroelectronics PDM2PCM 3.1.0
2024-09-03 23:40:22,811 [INFO] ThirdParty:1030 - CMSIS Pack Vendor :STMicroelectronics PDM2PCM 3.3.0
2024-09-03 23:40:22,811 [INFO] ThirdParty:1030 - CMSIS Pack Vendor :STMicroelectronics X-CUBE-DISPLAY 3.0.0
2024-09-03 23:40:22,811 [INFO] ThirdParty:1030 - CMSIS Pack Vendor :wolfSSL I-CUBE-wolfSSL 5.7.0
2024-09-03 23:40:22,811 [INFO] ThirdParty:1030 - CMSIS Pack Vendor :STMicroelectronics FP-ATR-SIGFOX1 3.2.0
2024-09-03 23:40:22,811 [INFO] ThirdParty:1030 - CMSIS Pack Vendor :STMicroelectronics HAL Drivers 0.0.0
2024-09-03 23:40:22,811 [INFO] ThirdParty:1030 - CMSIS Pack Vendor :STMicroelectronics MBEDTLS 2.16.2
2024-09-03 23:40:22,812 [INFO] ThirdParty:1030 - CMSIS Pack Vendor :emotas I-CUBE-CANOPEN 1.3.0
2024-09-03 23:40:22,812 [INFO] ThirdParty:1030 - CMSIS Pack Vendor :STMicroelectronics X-CUBE-MEMS1 10.0.0
2024-09-03 23:40:22,812 [INFO] ThirdParty:1030 - CMSIS Pack Vendor :STMicroelectronics MBEDTLS 2.14.1
2024-09-03 23:40:22,812 [INFO] ThirdParty:1030 - CMSIS Pack Vendor :STMicroelectronics X-CUBE-TOUCHGFX 4.24.0
2024-09-03 23:40:22,812 [INFO] ThirdParty:1030 - CMSIS Pack Vendor :ITTIA_DB I-CUBE-ITTIADB 8.9.0
2024-09-03 23:40:22,812 [INFO] ThirdParty:1030 - CMSIS Pack Vendor :wolfSSL I-CUBE-wolfTPM 3.2.0
2024-09-03 23:40:22,812 [INFO] ThirdParty:1030 - CMSIS Pack Vendor :portGmbH I-Cube-SoM-uGOAL 1.1.0
2024-09-03 23:40:22,813 [INFO] ThirdParty:1030 - CMSIS Pack Vendor :STMicroelectronics ThreadX 1.0.0
2024-09-03 23:40:22,813 [INFO] ThirdParty:1030 - CMSIS Pack Vendor :STMicroelectronics X-CUBE-AZRTOS-WL 2.0.0
2024-09-03 23:40:22,813 [INFO] ThirdParty:1030 - CMSIS Pack Vendor :SEGGER I-CUBE-embOS 1.3.1
2024-09-03 23:40:22,813 [INFO] ThirdParty:1030 - CMSIS Pack Vendor :STMicroelectronics USB_DEVICE 1.0.0
2024-09-03 23:40:22,813 [INFO] ThirdParty:1030 - CMSIS Pack Vendor :STMicroelectronics X-CUBE-AZRTOS-H7RS 1.0.0
2024-09-03 23:40:22,813 [INFO] ThirdParty:1030 - CMSIS Pack Vendor :wolfSSL I-CUBE-wolfMQTT 1.19.0
2024-09-03 23:40:22,813 [INFO] ThirdParty:1030 - CMSIS Pack Vendor :STMicroelectronics X-CUBE-AZRTOS-L4 2.0.0
2024-09-03 23:40:22,813 [INFO] ThirdParty:1030 - CMSIS Pack Vendor :STMicroelectronics ThreadX 0.0.2
2024-09-03 23:40:22,813 [INFO] ThirdParty:1030 - CMSIS Pack Vendor :WES I-CUBE-Cesium 1.3.0
2024-09-03 23:40:22,813 [INFO] ThirdParty:1030 - CMSIS Pack Vendor :STMicroelectronics lwIP 2.1.2
2024-09-03 23:40:22,813 [INFO] ThirdParty:1030 - CMSIS Pack Vendor :STMicroelectronics X-CUBE-SFXS2LP1 4.0.0
2024-09-03 23:40:22,814 [INFO] ThirdParty:1030 - CMSIS Pack Vendor :STMicroelectronics X-CUBE-BLE2 3.3.0
2024-09-03 23:40:22,814 [INFO] ThirdParty:1030 - CMSIS Pack Vendor :STMicroelectronics X-CUBE-TOF1 3.4.1
2024-09-03 23:40:22,814 [INFO] ThirdParty:1030 - CMSIS Pack Vendor :STMicroelectronics X-CUBE-AZRTOS-H7 3.2.0
2024-09-03 23:40:22,814 [INFO] ThirdParty:1030 - CMSIS Pack Vendor :Infineon AIROC-Wi-Fi-Bluetooth-STM32 1.6.0
2024-09-03 23:40:22,814 [INFO] ThirdParty:1030 - CMSIS Pack Vendor :STMicroelectronics PDM2PCM 3.2.0
2024-09-03 23:40:22,814 [INFO] ThirdParty:1030 - CMSIS Pack Vendor :wolfSSL I-CUBE-wolfSSH 1.4.17
2024-09-03 23:40:22,814 [INFO] ThirdParty:841 - exiting critical section [change project]
2024-09-03 23:40:23,643 [INFO] PinOutPanel:1499 - setPackage(No Configuration,No Configuration)
2024-09-03 23:40:23,645 [INFO] PinOutPanel:1499 - setPackage(STM32F103C8Tx,LQFP48)
2024-09-03 23:40:24,722 [INFO] UtilMem:75 - Before build in PCC Used Memory: 702930808 Bytes (805306368)
2024-09-03 23:40:25,981 [INFO] UtilMem:75 - After build in PCC Used Memory: 591776312 Bytes (805306368)
2024-09-03 23:40:26,020 [INFO] IPUIPlugin:80 - create IPUIPlugin
2024-09-03 23:40:26,020 [INFO] IPUIPlugin:80 - create IPUIPlugin
2024-09-03 23:40:26,021 [INFO] IPUIPlugin:80 - create IPUIPlugin
2024-09-03 23:40:26,021 [INFO] IPUIPlugin:80 - create IPUIPlugin
2024-09-03 23:40:26,021 [INFO] IPUIPlugin:80 - create IPUIPlugin
2024-09-03 23:40:26,021 [INFO] IPUIPlugin:80 - create IPUIPlugin
2024-09-03 23:40:26,022 [INFO] IPUIPlugin:80 - create IPUIPlugin
2024-09-03 23:40:26,022 [INFO] IPUIPlugin:80 - create IPUIPlugin
2024-09-03 23:40:26,022 [INFO] IPUIPlugin:80 - create IPUIPlugin
2024-09-03 23:40:26,022 [INFO] IPUIPlugin:80 - create IPUIPlugin
2024-09-03 23:40:26,023 [INFO] IPUIPlugin:80 - create IPUIPlugin
2024-09-03 23:40:26,023 [INFO] IPUIPlugin:80 - create IPUIPlugin
2024-09-03 23:40:26,023 [INFO] IPUIPlugin:80 - create IPUIPlugin
2024-09-03 23:40:26,024 [INFO] IPUIPlugin:80 - create IPUIPlugin
2024-09-03 23:40:26,024 [INFO] IPUIPlugin:80 - create IPUIPlugin
2024-09-03 23:40:26,025 [INFO] IPUIPlugin:80 - create IPUIPlugin
2024-09-03 23:40:26,025 [INFO] IPUIPlugin:80 - create IPUIPlugin
2024-09-03 23:40:26,026 [INFO] IPUIPlugin:80 - create IPUIPlugin
2024-09-03 23:40:26,026 [INFO] IPUIPlugin:80 - create IPUIPlugin
2024-09-03 23:40:26,026 [INFO] IPUIPlugin:80 - create IPUIPlugin
2024-09-03 23:40:26,027 [INFO] IPUIPlugin:80 - create IPUIPlugin
2024-09-03 23:40:26,027 [INFO] IPUIPlugin:80 - create IPUIPlugin
2024-09-03 23:40:26,027 [INFO] IPUIPlugin:80 - create IPUIPlugin
2024-09-03 23:40:26,027 [INFO] IPUIPlugin:80 - create IPUIPlugin
2024-09-03 23:40:26,028 [INFO] IPUIPlugin:80 - create IPUIPlugin
2024-09-03 23:40:26,028 [INFO] IPUIPlugin:80 - create IPUIPlugin
2024-09-03 23:40:26,029 [INFO] IPUIPlugin:80 - create IPUIPlugin
2024-09-03 23:40:26,292 [INFO] CADModel:165 - CPN selected for project levelSTM32F103C8T6
2024-09-03 23:40:26,292 [INFO] CADModel:114 - Register for checkConnection events
2024-09-03 23:40:26,338 [INFO] OpenFileManager:328 - Restore cursor
2024-09-03 23:40:27,470 [INFO] UtilMem:75 - End SaveConfig() Used Memory: 661572568 Bytes (805306368)
2024-09-03 23:40:28,061 [INFO] ServerAccessManage:473 - Download File stm32cube_fw_f1_v180.zip
2024-09-03 23:41:18,812 [ERROR] FileExtend:455 - File entry not found
2024-09-03 23:41:18,815 [INFO] FileExtend:240 - Unzip File : stm32cube_fw_f1_v180.zip
2024-09-03 23:41:18,816 [INFO] FileExtend:255 - Standard Zip Deflate
2024-09-03 23:41:24,000 [INFO] ServerAccessManage:473 - Download File stm32cube_fw_f1_v186.zip
2024-09-03 23:41:43,101 [INFO] FileExtend:240 - Unzip File : stm32cube_fw_f1_v186.zip
2024-09-03 23:41:43,101 [INFO] FileExtend:255 - Standard Zip Deflate
2024-09-03 23:41:44,972 [INFO] LoadServerPackagesThread:196 - End of LoadServerPackages Thread
2024-09-03 23:41:45,138 [INFO] ThirdPartyModel:298 - Start build external matchings
2024-09-03 23:41:45,145 [INFO] UtilMem:75 - End SaveConfig() Used Memory: 840498376 Bytes (1073741824)
2024-09-03 23:41:46,372 [INFO] BlockDiagram:2759 - set Specific Code input for plugin: NVIC
2024-09-03 23:41:46,373 [INFO] BlockDiagram:2759 - set Specific Code input for plugin: RCC
2024-09-03 23:41:46,374 [INFO] CodeGenerator:793 - code generatio: config db path: /app/stm32cubeide/plugins/com.st.stm32cube.common.mx_6.8.0.202302231600//db/
2024-09-03 23:41:46,769 [INFO] ThirdPartyModel:316 - End build external matchings
2024-09-03 23:41:46,790 [INFO] CheckServerUpdateThread:120 - End of CheckServer Thread
2024-09-03 23:41:46,985 [INFO] CodeEngine:255 - oldGeneratedFile, /home/ziad/ARM/02-STM32_Drivers/GPIO/MXTmpFiles/license.tmp_save
2024-09-03 23:41:47,631 [INFO] CodeEngine:279 - Generated code: /home/ziad/ARM/02-STM32_Drivers/GPIO/MXTmpFiles/license.tmp
2024-09-03 23:41:47,649 [INFO] CodeEngine:255 - oldGeneratedFile, /home/ziad/ARM/02-STM32_Drivers/GPIO/Core/Src/stm32f1xx_it.c_save
2024-09-03 23:41:47,915 [INFO] CodeEngine:279 - Generated code: /home/ziad/ARM/02-STM32_Drivers/GPIO/Core/Src/stm32f1xx_it.c
2024-09-03 23:41:47,918 [INFO] CodeEngine:255 - oldGeneratedFile, /home/ziad/ARM/02-STM32_Drivers/GPIO/Core/Inc/stm32f1xx_it.h_save
2024-09-03 23:41:48,093 [INFO] CodeEngine:279 - Generated code: /home/ziad/ARM/02-STM32_Drivers/GPIO/Core/Inc/stm32f1xx_it.h
2024-09-03 23:41:48,198 [INFO] CodeEngine:255 - oldGeneratedFile, /home/ziad/ARM/02-STM32_Drivers/GPIO/Core/Src/stm32f1xx_hal_msp.c_save
2024-09-03 23:41:48,367 [INFO] CodeEngine:279 - Generated code: /home/ziad/ARM/02-STM32_Drivers/GPIO/Core/Src/stm32f1xx_hal_msp.c
2024-09-03 23:41:48,371 [INFO] CodeEngine:255 - oldGeneratedFile, /home/ziad/ARM/02-STM32_Drivers/GPIO/MXTmpFiles/system.tmp_save
2024-09-03 23:41:48,483 [INFO] CodeEngine:279 - Generated code: /home/ziad/ARM/02-STM32_Drivers/GPIO/MXTmpFiles/system.tmp
2024-09-03 23:41:48,488 [INFO] CodeEngine:311 - oldGeneratedFile, /home/ziad/ARM/02-STM32_Drivers/GPIO/Core/Inc/stm32f1xx_hal_conf.h_save
2024-09-03 23:41:48,610 [INFO] CodeEngine:335 - Generated code: /home/ziad/ARM/02-STM32_Drivers/GPIO/Core/Inc/stm32f1xx_hal_conf.h
2024-09-03 23:41:48,655 [INFO] CodeEngine:255 - oldGeneratedFile, /home/ziad/ARM/02-STM32_Drivers/GPIO/Core/Inc/main.h_save
2024-09-03 23:41:48,799 [INFO] CodeEngine:279 - Generated code: /home/ziad/ARM/02-STM32_Drivers/GPIO/Core/Inc/main.h
2024-09-03 23:41:48,803 [INFO] CodeEngine:255 - oldGeneratedFile, /home/ziad/ARM/02-STM32_Drivers/GPIO/Core/Src/main.c_save
2024-09-03 23:41:48,963 [INFO] CodeEngine:279 - Generated code: /home/ziad/ARM/02-STM32_Drivers/GPIO/Core/Src/main.c
2024-09-03 23:41:50,144 [INFO] ProjectBuilder:2996 - Time for Copy HAL[1] : 26mS.
2024-09-03 23:41:50,167 [INFO] ProjectBuilder:4304 - Project Generator version: 3.19.2
2024-09-03 23:41:50,950 [INFO] ConfigFileManager:1483 - The Die is : DIE410
2024-09-03 23:41:50,986 [INFO] ApiDbMcu:507 - Load IP Config File for FATFS
2024-09-03 23:41:51,088 [INFO] ApiDbMcu:507 - Load IP Config File for FREERTOS
2024-09-03 23:41:51,159 [INFO] ApiDbMcu:507 - Load IP Config File for USB_DEVICE
2024-09-03 23:41:52,920 [INFO] LogOutputStream:77 - [STDOUT_REDIRECT] 
2024-09-03 23:41:58,473 [INFO] ProjectBuilder:4505 - Time for Generating toolchain IDE Files: 8305mS.
2024-09-03 23:41:58,474 [INFO] ProjectBuilder:2867 - Time for Copy CMSIS : 1mS.
2024-09-03 23:41:58,475 [INFO] ProjectBuilder:2867 - Time for Copy CMSIS : 0mS.
2024-09-03 23:41:59,812 [INFO] McuFinderGlobals:66 - Set McuFinderConnectedMode to true
2024-09-03 23:41:59,819 [INFO] ApiDb:448 - Save user favorites file /home/ziad/.stm32cubeide/favorites.mcus.txt: 2 item(s)
2024-09-03 23:41:59,820 [INFO] ApiDb:452 - User favorites MCUs=[STM32F103C8T6, STM32F401RCT6]
2024-09-03 23:46:21,374 [INFO] UtilMem:75 - End SaveConfig() Used Memory: 592154232 Bytes (1073741824)
2024-09-03 23:46:24,153 [INFO] UtilMem:75 - End SaveConfig() Used Memory: 655988472 Bytes (1073741824)
2024-09-03 23:46:28,071 [INFO] UtilMem:75 - End SaveConfig() Used Memory: 815305688 Bytes (1073741824)
2024-09-03 23:46:28,581 [INFO] BlockDiagram:2759 - set Specific Code input for plugin: NVIC
2024-09-03 23:46:28,581 [INFO] BlockDiagram:2759 - set Specific Code input for plugin: GPIO
2024-09-03 23:46:28,581 [INFO] BlockDiagram:2759 - set Specific Code input for plugin: RCC
2024-09-03 23:46:28,582 [INFO] CodeGenerator:793 - code generatio: config db path: /app/stm32cubeide/plugins/com.st.stm32cube.common.mx_6.8.0.202302231600//db/
2024-09-03 23:46:28,977 [INFO] CodeEngine:255 - oldGeneratedFile, /home/ziad/ARM/02-STM32_Drivers/GPIO/MXTmpFiles/license.tmp_save
2024-09-03 23:46:29,138 [INFO] CodeEngine:279 - Generated code: /home/ziad/ARM/02-STM32_Drivers/GPIO/MXTmpFiles/license.tmp
2024-09-03 23:46:29,162 [INFO] CodeEngine:255 - oldGeneratedFile, /home/ziad/ARM/02-STM32_Drivers/GPIO/MXTmpFiles/gpio.tmp_save
2024-09-03 23:46:29,366 [INFO] CodeEngine:279 - Generated code: /home/ziad/ARM/02-STM32_Drivers/GPIO/MXTmpFiles/gpio.tmp
2024-09-03 23:46:29,372 [INFO] CodeEngine:255 - oldGeneratedFile, /home/ziad/ARM/02-STM32_Drivers/GPIO/Core/Src/stm32f1xx_it.c_save
2024-09-03 23:46:29,537 [INFO] CodeEngine:279 - Generated code: /home/ziad/ARM/02-STM32_Drivers/GPIO/Core/Src/stm32f1xx_it.c
2024-09-03 23:46:29,539 [INFO] CodeEngine:255 - oldGeneratedFile, /home/ziad/ARM/02-STM32_Drivers/GPIO/Core/Inc/stm32f1xx_it.h_save
2024-09-03 23:46:29,649 [INFO] CodeEngine:279 - Generated code: /home/ziad/ARM/02-STM32_Drivers/GPIO/Core/Inc/stm32f1xx_it.h
2024-09-03 23:46:29,659 [INFO] CodeEngine:255 - oldGeneratedFile, /home/ziad/ARM/02-STM32_Drivers/GPIO/Core/Src/stm32f1xx_hal_msp.c_save
2024-09-03 23:46:29,801 [INFO] CodeEngine:279 - Generated code: /home/ziad/ARM/02-STM32_Drivers/GPIO/Core/Src/stm32f1xx_hal_msp.c
2024-09-03 23:46:29,807 [INFO] CodeEngine:255 - oldGeneratedFile, /home/ziad/ARM/02-STM32_Drivers/GPIO/MXTmpFiles/system.tmp_save
2024-09-03 23:46:29,912 [INFO] CodeEngine:279 - Generated code: /home/ziad/ARM/02-STM32_Drivers/GPIO/MXTmpFiles/system.tmp
2024-09-03 23:46:29,915 [INFO] CodeEngine:311 - oldGeneratedFile, /home/ziad/ARM/02-STM32_Drivers/GPIO/Core/Inc/stm32f1xx_hal_conf.h_save
2024-09-03 23:46:30,062 [INFO] CodeEngine:335 - Generated code: /home/ziad/ARM/02-STM32_Drivers/GPIO/Core/Inc/stm32f1xx_hal_conf.h
2024-09-03 23:46:30,106 [INFO] CodeEngine:255 - oldGeneratedFile, /home/ziad/ARM/02-STM32_Drivers/GPIO/Core/Inc/main.h_save
2024-09-03 23:46:30,248 [INFO] CodeEngine:279 - Generated code: /home/ziad/ARM/02-STM32_Drivers/GPIO/Core/Inc/main.h
2024-09-03 23:46:30,249 [INFO] CodeEngine:255 - oldGeneratedFile, /home/ziad/ARM/02-STM32_Drivers/GPIO/Core/Src/main.c_save
2024-09-03 23:46:30,490 [INFO] CodeEngine:279 - Generated code: /home/ziad/ARM/02-STM32_Drivers/GPIO/Core/Src/main.c
2024-09-03 23:46:31,361 [INFO] ProjectBuilder:2996 - Time for Copy HAL[1] : 27mS.
2024-09-03 23:46:31,365 [INFO] ProjectBuilder:4304 - Project Generator version: 3.19.2
2024-09-03 23:46:31,926 [INFO] ConfigFileManager:1483 - The Die is : DIE410
2024-09-03 23:46:34,756 [INFO] ProjectBuilder:4505 - Time for Generating toolchain IDE Files: 3391mS.
2024-09-03 23:46:34,758 [INFO] ProjectBuilder:2867 - Time for Copy CMSIS : 0mS.
2024-09-03 23:46:34,759 [INFO] ProjectBuilder:2867 - Time for Copy CMSIS : 0mS.
2024-09-03 23:52:00,206 [INFO] UtilMem:75 - End SaveConfig() Used Memory: 669379488 Bytes (1073741824)
2024-09-03 23:52:00,350 [INFO] UtilMem:75 - End SaveConfig() Used Memory: 682750480 Bytes (1073741824)
2024-09-03 23:52:03,277 [INFO] UtilMem:75 - End SaveConfig() Used Memory: 808317856 Bytes (1073741824)
2024-09-03 23:52:03,780 [INFO] BlockDiagram:2759 - set Specific Code input for plugin: NVIC
2024-09-03 23:52:03,780 [INFO] BlockDiagram:2759 - set Specific Code input for plugin: SYS
2024-09-03 23:52:03,780 [INFO] BlockDiagram:2759 - set Specific Code input for plugin: GPIO
2024-09-03 23:52:03,781 [INFO] BlockDiagram:2759 - set Specific Code input for plugin: RCC
2024-09-03 23:52:03,781 [INFO] CodeGenerator:793 - code generatio: config db path: /app/stm32cubeide/plugins/com.st.stm32cube.common.mx_6.8.0.202302231600//db/
2024-09-03 23:52:04,266 [INFO] CodeEngine:255 - oldGeneratedFile, /home/ziad/ARM/02-STM32_Drivers/GPIO/MXTmpFiles/license.tmp_save
2024-09-03 23:52:04,460 [INFO] CodeEngine:279 - Generated code: /home/ziad/ARM/02-STM32_Drivers/GPIO/MXTmpFiles/license.tmp
2024-09-03 23:52:04,527 [INFO] CodeEngine:255 - oldGeneratedFile, /home/ziad/ARM/02-STM32_Drivers/GPIO/MXTmpFiles/gpio.tmp_save
2024-09-03 23:52:04,731 [INFO] CodeEngine:279 - Generated code: /home/ziad/ARM/02-STM32_Drivers/GPIO/MXTmpFiles/gpio.tmp
2024-09-03 23:52:04,768 [INFO] CodeEngine:255 - oldGeneratedFile, /home/ziad/ARM/02-STM32_Drivers/GPIO/Core/Src/stm32f1xx_it.c_save
2024-09-03 23:52:04,959 [INFO] CodeEngine:279 - Generated code: /home/ziad/ARM/02-STM32_Drivers/GPIO/Core/Src/stm32f1xx_it.c
2024-09-03 23:52:04,962 [INFO] CodeEngine:255 - oldGeneratedFile, /home/ziad/ARM/02-STM32_Drivers/GPIO/Core/Inc/stm32f1xx_it.h_save
2024-09-03 23:52:05,093 [INFO] CodeEngine:279 - Generated code: /home/ziad/ARM/02-STM32_Drivers/GPIO/Core/Inc/stm32f1xx_it.h
2024-09-03 23:52:05,097 [INFO] CodeEngine:255 - oldGeneratedFile, /home/ziad/ARM/02-STM32_Drivers/GPIO/Core/Src/stm32f1xx_hal_msp.c_save
2024-09-03 23:52:05,277 [INFO] CodeEngine:279 - Generated code: /home/ziad/ARM/02-STM32_Drivers/GPIO/Core/Src/stm32f1xx_hal_msp.c
2024-09-03 23:52:05,281 [INFO] CodeEngine:255 - oldGeneratedFile, /home/ziad/ARM/02-STM32_Drivers/GPIO/MXTmpFiles/system.tmp_save
2024-09-03 23:52:05,412 [INFO] CodeEngine:279 - Generated code: /home/ziad/ARM/02-STM32_Drivers/GPIO/MXTmpFiles/system.tmp
2024-09-03 23:52:05,415 [INFO] CodeEngine:311 - oldGeneratedFile, /home/ziad/ARM/02-STM32_Drivers/GPIO/Core/Inc/stm32f1xx_hal_conf.h_save
2024-09-03 23:52:05,579 [INFO] CodeEngine:335 - Generated code: /home/ziad/ARM/02-STM32_Drivers/GPIO/Core/Inc/stm32f1xx_hal_conf.h
2024-09-03 23:52:05,616 [INFO] CodeEngine:255 - oldGeneratedFile, /home/ziad/ARM/02-STM32_Drivers/GPIO/Core/Inc/main.h_save
2024-09-03 23:52:05,754 [INFO] CodeEngine:279 - Generated code: /home/ziad/ARM/02-STM32_Drivers/GPIO/Core/Inc/main.h
2024-09-03 23:52:05,758 [INFO] CodeEngine:255 - oldGeneratedFile, /home/ziad/ARM/02-STM32_Drivers/GPIO/Core/Src/main.c_save
2024-09-03 23:52:06,047 [INFO] CodeEngine:279 - Generated code: /home/ziad/ARM/02-STM32_Drivers/GPIO/Core/Src/main.c
2024-09-03 23:52:07,296 [INFO] ProjectBuilder:2996 - Time for Copy HAL[1] : 40mS.
2024-09-03 23:52:07,298 [INFO] ProjectBuilder:4304 - Project Generator version: 3.19.2
2024-09-03 23:52:07,941 [INFO] ConfigFileManager:1483 - The Die is : DIE410
2024-09-03 23:52:10,764 [INFO] ProjectBuilder:4505 - Time for Generating toolchain IDE Files: 3466mS.
2024-09-03 23:52:10,765 [INFO] ProjectBuilder:2867 - Time for Copy CMSIS : 0mS.
2024-09-03 23:52:10,766 [INFO] ProjectBuilder:2867 - Time for Copy CMSIS : 0mS.
