2024-10-05 00:05:50,637 [INFO] ApplicationProperties:184 - Using Application install path: /app/stm32cubeide/plugins/com.st.stm32cube.common.mx_6.8.0.202302231600
2024-10-05 00:05:50,695 [INFO] DbMcusXml:78 - Set database path to: /app/stm32cubeide/plugins/com.st.stm32cube.common.mx_6.8.0.202302231600//db//mcu/
2024-10-05 00:05:50,698 [INFO] ApiDb:274 - Set plugin database path to: /app/stm32cubeide/plugins/com.st.stm32cube.common.mx_6.8.0.202302231600//db//plugins/boardmanager/
2024-10-05 00:05:50,710 [WARN] ApiDb:259 - Overriding images path with different value:  => /app/stm32cubeide/plugins/com.st.stm32cube.common.mx_6.8.0.202302231600//db//plugins/mcufinder/images/
2024-10-05 00:05:50,764 [INFO] ApiDb:250 - Set database path to: /home/ziad/.stmcufinder/plugins/mcufinder//mcu/
2024-10-05 00:05:50,768 [INFO] DbMcusAds:125 - Set database path to: /home/ziad/.stmcufinder/plugins/mcufinder//mcu/
2024-10-05 00:05:50,794 [INFO] CrossReferenceDbSqlite:203 - Set database path to: /home/ziad/.stmcufinder/plugins/mcufinder//mcu/cs/
2024-10-05 00:05:51,025 [INFO] RulesReader:64 - Compatibility file has been processed (293 Rules)
2024-10-05 00:05:51,167 [INFO] DbMcusXml:78 - Set database path to: /app/stm32cubeide/plugins/com.st.stm32cube.common.mx_6.8.0.202302231600//db//mcu/
2024-10-05 00:05:51,168 [INFO] ApiDb:274 - Set plugin database path to: /app/stm32cubeide/plugins/com.st.stm32cube.common.mx_6.8.0.202302231600//db//plugins/boardmanager/
2024-10-05 00:05:51,168 [INFO] ApiDb:261 - Set plugin images path to: /app/stm32cubeide/plugins/com.st.stm32cube.common.mx_6.8.0.202302231600//db//plugins/mcufinder/images/
2024-10-05 00:05:51,168 [WARN] DbFile:41 - Overriding database path with different value: /home/ziad/.stmcufinder/plugins/mcufinder/ => /home/ziad/.stmcufinder/plugins/mcufinder
2024-10-05 00:05:51,169 [INFO] ApiDb:250 - Set database path to: /home/ziad/.stmcufinder/plugins/mcufinder//mcu/
2024-10-05 00:05:51,169 [WARN] DbFile:41 - Overriding database path with different value: /home/ziad/.stmcufinder/plugins/mcufinder/ => /home/ziad/.stmcufinder/plugins/mcufinder
2024-10-05 00:05:51,169 [INFO] DbMcusAds:125 - Set database path to: /home/ziad/.stmcufinder/plugins/mcufinder//mcu/
2024-10-05 00:05:51,169 [WARN] DbFile:41 - Overriding database path with different value: /home/ziad/.stmcufinder/plugins/mcufinder/ => /home/ziad/.stmcufinder/plugins/mcufinder
2024-10-05 00:05:51,169 [WARN] DbFile:41 - Overriding database path with different value: /home/ziad/.stmcufinder/plugins/mcufinder/ => /home/ziad/.stmcufinder/plugins/mcufinder
2024-10-05 00:05:51,169 [INFO] CrossReferenceDbSqlite:203 - Set database path to: /home/ziad/.stmcufinder/plugins/mcufinder//mcu/cs/
2024-10-05 00:05:51,329 [INFO] MainPanel:253 - HeapMemory: 616562688
2024-10-05 00:05:51,525 [INFO] DbMcusXml:78 - Set database path to: /app/stm32cubeide/plugins/com.st.stm32cube.common.mx_6.8.0.202302231600//db//mcu/
2024-10-05 00:05:51,526 [INFO] ApiDb:274 - Set plugin database path to: /app/stm32cubeide/plugins/com.st.stm32cube.common.mx_6.8.0.202302231600//db//plugins/boardmanager/
2024-10-05 00:05:51,526 [INFO] ApiDb:261 - Set plugin images path to: /app/stm32cubeide/plugins/com.st.stm32cube.common.mx_6.8.0.202302231600//db//plugins/mcufinder/images/
2024-10-05 00:05:51,527 [WARN] DbFile:41 - Overriding database path with different value: /home/ziad/.stmcufinder/plugins/mcufinder/ => /home/ziad/.stmcufinder/plugins/mcufinder
2024-10-05 00:05:51,527 [INFO] ApiDb:250 - Set database path to: /home/ziad/.stmcufinder/plugins/mcufinder//mcu/
2024-10-05 00:05:51,527 [WARN] DbFile:41 - Overriding database path with different value: /home/ziad/.stmcufinder/plugins/mcufinder/ => /home/ziad/.stmcufinder/plugins/mcufinder
2024-10-05 00:05:51,527 [INFO] DbMcusAds:125 - Set database path to: /home/ziad/.stmcufinder/plugins/mcufinder//mcu/
2024-10-05 00:05:51,527 [WARN] DbFile:41 - Overriding database path with different value: /home/ziad/.stmcufinder/plugins/mcufinder/ => /home/ziad/.stmcufinder/plugins/mcufinder
2024-10-05 00:05:51,527 [WARN] DbFile:41 - Overriding database path with different value: /home/ziad/.stmcufinder/plugins/mcufinder/ => /home/ziad/.stmcufinder/plugins/mcufinder
2024-10-05 00:05:51,528 [INFO] CrossReferenceDbSqlite:203 - Set database path to: /home/ziad/.stmcufinder/plugins/mcufinder//mcu/cs/
2024-10-05 00:05:51,565 [INFO] ApplicationProperties:184 - Using Application install path: /app/stm32cubeide/plugins/com.st.stm32cube.common.mx_6.8.0.202302231600
2024-10-05 00:05:51,568 [INFO] PluginManage:196 - Search for loadable plugins [exclusion list=, ]
2024-10-05 00:05:51,571 [INFO] PluginManage:310 - Check plugin analytics
2024-10-05 00:05:52,016 [INFO] AnalyticsPlugin:253 - Accepted Software Licenses: STM32CubeMX.6.12.0
2024-10-05 00:05:52,017 [INFO] AnalyticsPlugin:255 - Accepted CMSIS Pack Licenses: 
2024-10-05 00:05:52,018 [INFO] AnalyticsPlugin:257 - Accepted Firmware Licenses: FW.F4.1.27.0
2024-10-05 00:05:52,035 [INFO] PluginManage:359 - Loaded plugin analytics (category:tool,tabindex:-1)
2024-10-05 00:05:52,037 [INFO] PluginManage:310 - Check plugin cadmodel
2024-10-05 00:05:52,318 [INFO] CADModel:105 - Init CAD model plugin
2024-10-05 00:05:52,319 [INFO] PluginManage:359 - Loaded plugin cadmodel (category:power,tabindex:5)
2024-10-05 00:05:52,319 [INFO] PluginManage:310 - Check plugin clock
2024-10-05 00:05:52,340 [INFO] PluginManage:359 - Loaded plugin clock (category:base,tabindex:2)
2024-10-05 00:05:52,340 [INFO] PluginManage:310 - Check plugin ddr
2024-10-05 00:05:52,345 [INFO] PluginManage:359 - Loaded plugin ddr (category:tool,tabindex:6)
2024-10-05 00:05:52,346 [INFO] PluginManage:310 - Check plugin filemanager
2024-10-05 00:05:52,715 [INFO] PluginManage:359 - Loaded plugin filemanager (category:base,tabindex:10)
2024-10-05 00:05:52,715 [INFO] PluginManage:310 - Check plugin ipmanager
2024-10-05 00:05:52,726 [INFO] PluginManage:359 - Loaded plugin ipmanager (category:base,tabindex:5)
2024-10-05 00:05:52,726 [INFO] PluginManage:310 - Check plugin lpbam
2024-10-05 00:05:52,747 [INFO] PluginManage:359 - Loaded plugin lpbam (category:base,tabindex:0)
2024-10-05 00:05:52,748 [INFO] PluginManage:310 - Check plugin pinoutandconfiguration
2024-10-05 00:05:52,763 [INFO] PluginManage:359 - Loaded plugin pinoutandconfiguration (category:base,tabindex:1)
2024-10-05 00:05:52,763 [INFO] PluginManage:310 - Check plugin pinoutconfig
2024-10-05 00:05:52,911 [WARN] SupportedApi:132 - Cannot load RTOS API schema: s4s-elt-must-match.1: The content of 'definitions' must match (annotation?, (simpleType | complexType)?, (unique | key | keyref)*)). A problem was found starting at: attribute.
2024-10-05 00:05:53,124 [INFO] PluginManage:359 - Loaded plugin pinoutconfig (category:base,tabindex:0)
2024-10-05 00:05:53,124 [INFO] PluginManage:310 - Check plugin power
2024-10-05 00:05:53,163 [INFO] PluginManage:359 - Loaded plugin power (category:power,tabindex:4)
2024-10-05 00:05:53,163 [INFO] PluginManage:310 - Check plugin projectmanager
2024-10-05 00:05:53,184 [INFO] PluginManage:359 - Loaded plugin projectmanager (category:projectmanager,tabindex:3)
2024-10-05 00:05:53,184 [INFO] PluginManage:310 - Check plugin thirdparty
2024-10-05 00:05:53,380 [INFO] PluginManage:359 - Loaded plugin thirdparty (category:base,tabindex:-1)
2024-10-05 00:05:53,381 [INFO] PluginManage:310 - Check plugin tools
2024-10-05 00:05:53,379 [WARN] IntegrityCheckThread:84 - waiting for thirdparty lock release [integrity check]
2024-10-05 00:05:53,381 [INFO] IntegrityCheckThread:86 - entering critical section [integrity check]
2024-10-05 00:05:53,391 [INFO] ThirdPartyUpdaterWithRetryManager:70 - Updater plugin not ready yet. [1/15]
2024-10-05 00:05:53,396 [INFO] PluginManage:359 - Loaded plugin tools (category:base,tabindex:7)
2024-10-05 00:05:53,396 [INFO] PluginManage:310 - Check plugin tutovideos
2024-10-05 00:05:53,700 [INFO] PluginManage:359 - Loaded plugin tutovideos (category:base,tabindex:-1)
2024-10-05 00:05:53,700 [INFO] PluginManage:310 - Check plugin updater
2024-10-05 00:05:53,723 [INFO] PluginManage:359 - Loaded plugin updater (category:base,tabindex:12)
2024-10-05 00:05:53,723 [INFO] PluginManage:283 - PluginManage : Loaded plugins [15]
2024-10-05 00:05:54,194 [INFO] PinOutPanel:1499 - setPackage(No Configuration,No Configuration)
2024-10-05 00:05:54,282 [INFO] CADModel:165 - CPN selected for project level
2024-10-05 00:05:54,283 [INFO] CADModel:114 - Register for checkConnection events
2024-10-05 00:05:54,309 [INFO] IPUIPlugin:80 - create IPUIPlugin
2024-10-05 00:05:54,309 [INFO] PluginManager:220 - loadIPPluginJar : add pdm2pcm
2024-10-05 00:05:54,311 [INFO] IPUIPlugin:80 - create IPUIPlugin
2024-10-05 00:05:54,311 [INFO] PluginManager:220 - loadIPPluginJar : add ltdc
2024-10-05 00:05:54,320 [INFO] IPUIPlugin:80 - create IPUIPlugin
2024-10-05 00:05:54,321 [INFO] PluginManager:220 - loadIPPluginJar : add freertos
2024-10-05 00:05:54,323 [INFO] IPUIPlugin:80 - create IPUIPlugin
2024-10-05 00:05:54,324 [INFO] PluginManager:220 - loadIPPluginJar : add ts
2024-10-05 00:05:54,334 [INFO] IPUIPlugin:80 - create IPUIPlugin
2024-10-05 00:05:54,335 [INFO] PluginManager:220 - loadIPPluginJar : add mdma
2024-10-05 00:05:54,339 [INFO] IPUIPlugin:80 - create IPUIPlugin
2024-10-05 00:05:54,339 [INFO] PluginManager:220 - loadIPPluginJar : add usart
2024-10-05 00:05:54,357 [INFO] IPUIPlugin:80 - create IPUIPlugin
2024-10-05 00:05:54,357 [INFO] PluginManager:220 - loadIPPluginJar : add adc
2024-10-05 00:05:54,361 [INFO] IPUIPlugin:80 - create IPUIPlugin
2024-10-05 00:05:54,361 [INFO] PluginManager:220 - loadIPPluginJar : add lorawan
2024-10-05 00:05:54,368 [INFO] IPUIPlugin:80 - create IPUIPlugin
2024-10-05 00:05:54,368 [INFO] PluginManager:220 - loadIPPluginJar : add nvic
2024-10-05 00:05:54,371 [INFO] IPUIPlugin:80 - create IPUIPlugin
2024-10-05 00:05:54,372 [INFO] PluginManager:220 - loadIPPluginJar : add dfsdm
2024-10-05 00:05:54,380 [INFO] IPUIPlugin:80 - create IPUIPlugin
2024-10-05 00:05:54,380 [INFO] PluginManager:220 - loadIPPluginJar : add dma
2024-10-05 00:05:54,390 [INFO] IPUIPlugin:80 - create IPUIPlugin
2024-10-05 00:05:54,391 [INFO] PluginManager:220 - loadIPPluginJar : add usbx
2024-10-05 00:05:54,394 [INFO] IPUIPlugin:80 - create IPUIPlugin
2024-10-05 00:05:54,394 [INFO] PluginManager:220 - loadIPPluginJar : add openamp
2024-10-05 00:05:54,397 [INFO] IPUIPlugin:80 - create IPUIPlugin
2024-10-05 00:05:54,397 [INFO] PluginManager:220 - loadIPPluginJar : add i2s
2024-10-05 00:05:54,399 [INFO] IPUIPlugin:80 - create IPUIPlugin
2024-10-05 00:05:54,400 [INFO] PluginManager:220 - loadIPPluginJar : add fatfs
2024-10-05 00:05:54,406 [INFO] IPUIPlugin:80 - create IPUIPlugin
2024-10-05 00:05:54,406 [INFO] PluginManager:220 - loadIPPluginJar : add gpio
2024-10-05 00:05:54,408 [INFO] IPUIPlugin:80 - create IPUIPlugin
2024-10-05 00:05:54,408 [INFO] PluginManager:220 - loadIPPluginJar : add genericplugin
2024-10-05 00:05:54,411 [INFO] IPUIPlugin:80 - create IPUIPlugin
2024-10-05 00:05:54,411 [INFO] PluginManager:220 - loadIPPluginJar : add sai
2024-10-05 00:05:54,414 [INFO] IPUIPlugin:80 - create IPUIPlugin
2024-10-05 00:05:54,414 [INFO] PluginManager:220 - loadIPPluginJar : add hash
2024-10-05 00:05:54,418 [INFO] IPUIPlugin:80 - create IPUIPlugin
2024-10-05 00:05:54,418 [INFO] PluginManager:220 - loadIPPluginJar : add aes
2024-10-05 00:05:54,433 [INFO] IPUIPlugin:80 - create IPUIPlugin
2024-10-05 00:05:54,437 [INFO] PluginManager:220 - loadIPPluginJar : add plateformsettings
2024-10-05 00:05:54,442 [INFO] IPUIPlugin:80 - create IPUIPlugin
2024-10-05 00:05:54,442 [INFO] PluginManager:220 - loadIPPluginJar : add gtzc
2024-10-05 00:05:54,445 [INFO] IPUIPlugin:80 - create IPUIPlugin
2024-10-05 00:05:54,446 [INFO] PluginManager:220 - loadIPPluginJar : add cryp
2024-10-05 00:05:54,449 [INFO] IPUIPlugin:80 - create IPUIPlugin
2024-10-05 00:05:54,449 [INFO] PluginManager:220 - loadIPPluginJar : add i2c
2024-10-05 00:05:54,455 [INFO] IPUIPlugin:80 - create IPUIPlugin
2024-10-05 00:05:54,455 [INFO] PluginManager:220 - loadIPPluginJar : add stm32_wpan
2024-10-05 00:05:54,458 [INFO] IPUIPlugin:80 - create IPUIPlugin
2024-10-05 00:05:54,458 [INFO] PluginManager:220 - loadIPPluginJar : add gfxmmu
2024-10-05 00:05:54,462 [INFO] IPUIPlugin:80 - create IPUIPlugin
2024-10-05 00:05:54,468 [INFO] PluginManager:220 - loadIPPluginJar : add dma3
2024-10-05 00:05:54,472 [INFO] IPUIPlugin:80 - create IPUIPlugin
2024-10-05 00:05:54,473 [INFO] PluginManager:220 - loadIPPluginJar : add tracer_emb
2024-10-05 00:05:54,475 [INFO] IPUIPlugin:80 - create IPUIPlugin
2024-10-05 00:05:54,475 [INFO] PluginManager:220 - loadIPPluginJar : add comp
2024-10-05 00:05:54,481 [INFO] IPUIPlugin:80 - create IPUIPlugin
2024-10-05 00:05:54,481 [INFO] PluginManager:220 - loadIPPluginJar : add ipddr
2024-10-05 00:05:54,486 [INFO] IPUIPlugin:80 - create IPUIPlugin
2024-10-05 00:05:54,486 [INFO] PluginManager:220 - loadIPPluginJar : add opamp
2024-10-05 00:05:54,491 [INFO] IPUIPlugin:80 - create IPUIPlugin
2024-10-05 00:05:54,492 [INFO] PluginManager:220 - loadIPPluginJar : add resmgrutility
2024-10-05 00:05:54,494 [INFO] IPUIPlugin:80 - create IPUIPlugin
2024-10-05 00:05:54,494 [INFO] PluginManager:220 - loadIPPluginJar : add tim
2024-10-05 00:05:54,497 [INFO] IPUIPlugin:80 - create IPUIPlugin
2024-10-05 00:05:54,497 [INFO] PluginManager:220 - loadIPPluginJar : add ucpd
2024-10-05 00:05:54,509 [INFO] IPUIPlugin:80 - create IPUIPlugin
2024-10-05 00:05:54,509 [INFO] PluginManager:220 - loadIPPluginJar : add touchsensing
2024-10-05 00:05:54,517 [INFO] IPUIPlugin:80 - create IPUIPlugin
2024-10-05 00:05:54,517 [INFO] PluginManager:220 - loadIPPluginJar : add fmc
2024-10-05 00:05:54,519 [INFO] IPUIPlugin:80 - create IPUIPlugin
2024-10-05 00:05:54,520 [INFO] PluginManager:220 - loadIPPluginJar : add tsc
2024-10-05 00:05:54,525 [INFO] IPUIPlugin:80 - create IPUIPlugin
2024-10-05 00:05:54,525 [INFO] PluginManager:220 - loadIPPluginJar : add i3c
2024-10-05 00:05:54,530 [INFO] IPUIPlugin:80 - create IPUIPlugin
2024-10-05 00:05:54,531 [INFO] PluginManager:220 - loadIPPluginJar : add can
2024-10-05 00:05:54,541 [INFO] IPUIPlugin:80 - create IPUIPlugin
2024-10-05 00:05:54,541 [INFO] PluginManager:220 - loadIPPluginJar : add gic
2024-10-05 00:05:54,558 [INFO] IPUIPlugin:80 - create IPUIPlugin
2024-10-05 00:05:54,558 [INFO] PluginManager:220 - loadIPPluginJar : add linkedlist
2024-10-05 00:05:54,561 [INFO] IPUIPlugin:80 - create IPUIPlugin
2024-10-05 00:05:54,561 [INFO] PluginManager:220 - loadIPPluginJar : add spi
2024-10-05 00:05:54,563 [INFO] IPUIPlugin:80 - create IPUIPlugin
2024-10-05 00:05:54,564 [INFO] PluginManager:220 - loadIPPluginJar : add quadspi
2024-10-05 00:05:54,721 [INFO] CADModel:165 - CPN selected for project level
2024-10-05 00:05:54,721 [INFO] CADModel:114 - Register for checkConnection events
2024-10-05 00:05:54,727 [FATAL] Updater:308 - Updater called before beeing initialized
2024-10-05 00:05:54,727 [ERROR] CADModel:125 - Updater not yet initialized, retry later 
2024-10-05 00:05:55,149 [INFO] CADModel:165 - CPN selected for project level
2024-10-05 00:05:55,149 [INFO] CADModel:114 - Register for checkConnection events
2024-10-05 00:05:55,149 [FATAL] Updater:308 - Updater called before beeing initialized
2024-10-05 00:05:55,149 [ERROR] CADModel:125 - Updater not yet initialized, retry later 
2024-10-05 00:05:55,154 [FATAL] Updater:308 - Updater called before beeing initialized
2024-10-05 00:05:55,301 [FATAL] Updater:308 - Updater called before beeing initialized
2024-10-05 00:05:55,319 [INFO] DbMcusAds:53 - JSON generation date=Fri Sep 20 15:04:23 EET 2024 (1726837463113)
2024-10-05 00:05:55,320 [FATAL] Updater:308 - Updater called before beeing initialized
2024-10-05 00:05:55,516 [WARN] DetailPanel:346 - Failed to get advertising image, set to default
2024-10-05 00:05:55,858 [FATAL] Updater:308 - Updater called before beeing initialized
2024-10-05 00:05:55,861 [FATAL] Updater:308 - Updater called before beeing initialized
2024-10-05 00:05:55,861 [FATAL] Updater:308 - Updater called before beeing initialized
2024-10-05 00:05:55,861 [WARN] DetailPanel:346 - Failed to get advertising image, set to default
2024-10-05 00:05:55,870 [FATAL] Updater:308 - Updater called before beeing initialized
2024-10-05 00:05:55,939 [ERROR] Updater:1120 - MainUpdater not yet initialized. External WinMGr cannot be set.
2024-10-05 00:05:55,949 [INFO] Updater:1056 - Updater Version found : 6.8.0
2024-10-05 00:05:55,979 [INFO] ApplicationProperties:184 - Using Application install path: /app/stm32cubeide/plugins/com.st.stm32cube.common.mx_6.8.0.202302231600
2024-10-05 00:05:56,040 [INFO] MainUpdater:519 - Copy updater definitions from MX database
2024-10-05 00:05:56,368 [INFO] MainUpdater:2854 - connection check result : 10
2024-10-05 00:05:56,369 [INFO] MainUpdater:3548 - Updater definition file requires update
2024-10-05 00:05:56,371 [INFO] MainUpdater:283 - Updater Check For Update Now.
2024-10-05 00:05:56,371 [INFO] MicroXplorer:498 - Change Database Version : DB.6.0.80
2024-10-05 00:05:56,392 [WARN] MainUpdater:1187 - Updater busy. Cannot search thirdparties
2024-10-05 00:05:56,392 [INFO] ThirdPartyUpdaterWithRetryManager:96 - Updater plugin is busy. [1/15]
2024-10-05 00:05:56,497 [INFO] ServerAccessManage:473 - Download File updaters.zip
2024-10-05 00:05:57,074 [INFO] FileExtend:240 - Unzip File : updaters.zip
2024-10-05 00:05:57,074 [INFO] FileExtend:255 - Standard Zip Deflate
2024-10-05 00:05:57,380 [INFO] ApiDb:581 - Connected to CubeFinder SQLite database (/home/ziad/.stmcufinder/plugins/mcufinder/mcu/cube-finder-db.db)
2024-10-05 00:05:57,669 [INFO] ApiDb:668 - CubeFinder database Data Model version=2.1
2024-10-05 00:05:57,670 [INFO] ApiDb:669 - CubeFinder database Configuration version=3.0.39
2024-10-05 00:05:57,673 [INFO] ApiDb:670 - CubeFinder database generation date=2024-09-16 (1726485674)
2024-10-05 00:05:57,676 [INFO] ApiDb:671 - CubeFinder database FW Pack versions=[FP-ATR-ASTRA1_V2.0.0, FP-SNS-FLIGHT1_V5.0.2, FP-SNS-MOTENV1_V5.0.0, FP-SNS-MOTENVWB1_V1.4.0, FP-SNS-SMARTAG2_V1.2.0, FP-SNS-STBOX1_V2.0.0, STM32Cube_FW_C0_V1.2.0, STM32Cube_FW_F4_V1.28.1, STM32Cube_FW_F7_V1.17.2, STM32Cube_FW_G0_V1.6.2, STM32Cube_FW_G4_V1.6.0, STM32Cube_FW_H5_V1.3.0, STM32Cube_FW_H7RS_V1.1.0, STM32Cube_FW_H7_V1.11.2, STM32Cube_FW_L0_V1.12.2, STM32Cube_FW_L5_V1.5.1, STM32Cube_FW_U0_V1.1.0, STM32Cube_FW_U5_V1.6.0, STM32Cube_FW_WB0_V1.0.0, STM32Cube_FW_WBA_V1.4.1, STM32Cube_FW_WB_V1.20.0, STM32Cube_FW_WL_V1.3.0, X-CUBE-ALGOBUILD_V1.4.0, X-CUBE-ALS_V1.0.2, X-CUBE-AZRTOS-F4_V1.1.0, X-CUBE-AZRTOS-F7_V1.1.0, X-CUBE-AZRTOS-G0_V1.1.0, X-CUBE-AZRTOS-G4_V2.0.0, X-CUBE-AZRTOS-H7RS_V1.0.0, X-CUBE-AZRTOS-H7_V3.2.0, X-CUBE-AZRTOS-L4_V2.0.0, X-CUBE-AZRTOS-L5_V2.0.0, X-CUBE-AZRTOS-WB_V2.0.0, X-CUBE-AZRTOS-WL_V2.0.0, X-CUBE-BLE1_V7.0.0, X-CUBE-BLE2_V3.3.0, X-CUBE-BLEMGR_V3.1.0, X-CUBE-EEPRMA1_V5.1.0, X-CUBE-FREERTOS_V1.2.0, X-CUBE-GNSS1_V6.0.0, X-CUBE-MEMS1_V11.0.0, X-CUBE-NFC4_V3.0.0, X-CUBE-NFC7_V1.0.1, X-CUBE-SFXS2LP1_V4.0.0, X-CUBE-SUBG2_V5.0.0, X-CUBE-TOF1_V3.4.2]
2024-10-05 00:05:58,414 [INFO] ServerAccessManage:473 - Download File PacksControlFlags.xml
2024-10-05 00:05:58,473 [INFO] DbBoardsSqlite:226 - include board P-NUCLEO-WB55-NUCLEO as a kit item of type 'Nucleo-64'
2024-10-05 00:05:58,474 [INFO] DbBoardsSqlite:226 - include board P-NUCLEO-WB55-USBDONGLE as a kit item of type 'Nucleo USB Dongle'
2024-10-05 00:05:58,475 [INFO] DbBoardsSqlite:226 - include board STEVAL-IDP005V1 as a kit item of type 'Evaluation Board'
2024-10-05 00:05:58,476 [INFO] DbBoardsSqlite:226 - include board STEVAL-IDP005V2 as a kit item of type 'Evaluation Board'
2024-10-05 00:05:58,917 [INFO] ServerAccessManage:473 - Download File cubemx.pidx
2024-10-05 00:05:58,921 [INFO] ApiDb:240 - Found 297 in-development CPN: [B-G473E-ZEST1S, B-WB1M-WPAN1, B-WL5M-SUBG1, NUCLEO-C031C6, NUCLEO-H503RB, NUCLEO-H563ZI, NUCLEO-U545RE-Q, NUCLEO-U5A5ZJ-Q, NUCLEO-WBA52CG, STEVAL-PROTEUS1, STEVAL-STWINBX1, STM320518-EVAL, STM32C0116-DK, STM32C011D6Y3TR, STM32C011D6Y6TR, STM32C011F4P3, STM32C011F4P6, STM32C011F4U3, STM32C011F4U6TR, STM32C011F6P3, STM32C011F6P6, STM32C011F6U3, STM32C011F6U6TR, STM32C011J4M3, STM32C011J4M6, STM32C011J6M3, STM32C011J6M6, STM32C0316-DK, STM32C031C4T3, STM32C031C4T6, STM32C031C4U3, STM32C031C4U6, STM32C031C6T3, STM32C031C6T6, STM32C031C6U3, STM32C031C6U6, STM32C031F4P3, STM32C031F4P6, STM32C031F6P3, STM32C031F6P6, STM32C031G4U3, STM32C031G4U6, STM32C031G6U3, STM32C031G6U6, STM32C031K4T3, STM32C031K4T6, STM32C031K4U3, STM32C031K4U6, STM32C031K6T3, STM32C031K6T6, STM32C031K6U3, STM32C031K6U6, STM32G071K8TXN, STM32G071K8UXN, STM32G081GBU6N, STM32G081KBT6N, STM32G081KBUXN, STM32G0B1CCT6N, STM32G0B1KCT6, STM32G0B1NEY6TR, STM32G0B1RCT6N, STM32G0C1CCT6, STM32G0C1CCT6N, STM32G0C1CCU6N, STM32G0C1CET6N, STM32G0C1CEU6N, STM32G0C1KCT6, STM32G0C1NEY6TR, STM32G0C1RCI6N, STM32G0C1RCT6N, STM32G0C1REI6N, STM32G0C1RET6N, STM32G0C1VCI6, STM32G0C1VEI6, STM32G471CCT6, STM32G471CCU6, STM32G471CET3, STM32G471CET6, STM32G471CEU3, STM32G471CEU6, STM32G471MCT6, STM32G471MET3, STM32G471MET6, STM32G471MEY6TR, STM32G471QCT6, STM32G471QET3, STM32G471RCT6, STM32G471RET3, STM32G471RET6, STM32G471VCH6, STM32G471VCI6, STM32G471VCT6, STM32G471VEH3, STM32G471VEH6, STM32G471VEI3, STM32G471VEI6, STM32G471VET3, STM32G471VET6, STM32G474CCT6, STM32H503CBT6, STM32H503CBU6, STM32H503EBY6TR, STM32H503KBU6, STM32H503RBT6, STM32H562AGI6, STM32H562AII6, STM32H562IGK6, STM32H562IGT6, STM32H562IIK6, STM32H562IIT6, STM32H562RGT6, STM32H562RGV6, STM32H562RIT6, STM32H562RIV6, STM32H562VGT6, STM32H562VIT6, STM32H562ZGT6, STM32H562ZIT6, STM32H563AGI6, STM32H563AII3Q, STM32H563AII6, STM32H563IGK6, STM32H563IGT6, STM32H563IIK3Q, STM32H563IIK6, STM32H563IIT3Q, STM32H563IIT6, STM32H563MIY3QTR, STM32H563RGT6, STM32H563RGV6, STM32H563RIT6, STM32H563RIV6, STM32H563VGT6, STM32H563VIT3Q, STM32H563VIT6, STM32H563ZGT6, STM32H563ZIT3Q, STM32H563ZIT6, STM32H573AII3Q, STM32H573AII6, STM32H573I-DK, STM32H573IIK3Q, STM32H573IIK6, STM32H573IIT3Q, STM32H573IIT6, STM32H573MIY3QTR, STM32H573RIT6, STM32H573RIV6, STM32H573VIT3Q, STM32H573VIT6, STM32H573ZIT3Q, STM32H573ZIT6, STM32L4R5QGI6STR, STM32MP131AAE3, STM32MP131AAF3, STM32MP131AAG3, STM32MP131CAE3, STM32MP131CAF3, STM32MP131CAG3, STM32MP131DAE7, STM32MP131DAF7, STM32MP131DAG7, STM32MP131FAE7, STM32MP131FAF7, STM32MP131FAG7, STM32MP133AAE3, STM32MP133AAF3, STM32MP133AAG3, STM32MP133CAE3, STM32MP133CAF3, STM32MP133CAG3, STM32MP133DAE7, STM32MP133DAF7, STM32MP133DAG7, STM32MP133FAE7, STM32MP133FAF7, STM32MP133FAG7, STM32MP135AAE3, STM32MP135AAF3, STM32MP135AAG3, STM32MP135CAE3, STM32MP135CAF3, STM32MP135CAG3, STM32MP135DAE7, STM32MP135DAF7, STM32MP135DAG7, STM32MP135F-DK, STM32MP135FAE7, STM32MP135FAF7, STM32MP135FAF7T, STM32MP135FAF7U, STM32MP135FAG7, STM32U535CBT6, STM32U535CBT6Q, STM32U535CBU6, STM32U535CBU6Q, STM32U535CCT6, STM32U535CCT6Q, STM32U535CCU6, STM32U535CCU6Q, STM32U535CET6, STM32U535CET6Q, STM32U535CEU6, STM32U535CEU6Q, STM32U535JEY6QTR, STM32U535NCY6QTR, STM32U535NEY6QTR, STM32U535RBI6, STM32U535RBI6Q, STM32U535RBT6, STM32U535RBT6Q, STM32U535RCI6, STM32U535RCI6Q, STM32U535RCT6, STM32U535RCT6Q, STM32U535REI6, STM32U535REI6Q, STM32U535RET6, STM32U535RET6Q, STM32U535VCI6, STM32U535VCI6Q, STM32U535VCT6, STM32U535VCT6Q, STM32U535VEI6, STM32U535VEI6Q, STM32U535VET6, STM32U535VET6Q, STM32U545CET6, STM32U545CET6Q, STM32U545CEU6, STM32U545CEU6Q, STM32U545JEY6QTR, STM32U545NEY6QTR, STM32U545REI6, STM32U545REI6Q, STM32U545RET6, STM32U545RET6Q, STM32U545VEI6, STM32U545VEI6Q, STM32U545VET6, STM32U545VET6Q, STM32U595AIH6, STM32U595AIH6Q, STM32U595AJH6, STM32U595AJH6Q, STM32U595QII6, STM32U595QII6Q, STM32U595QJI6, STM32U595QJI6Q, STM32U595RIT6, STM32U595RIT6Q, STM32U595RJT6, STM32U595RJT6Q, STM32U595VIT6, STM32U595VIT6Q, STM32U595VJT6, STM32U595VJT6Q, STM32U595ZIT6, STM32U595ZIT6Q, STM32U595ZIY6QTR, STM32U595ZJT6, STM32U595ZJT6Q, STM32U595ZJY6QTR, STM32U599BJY6QTR, STM32U599NIH6Q, STM32U599NJH6Q, STM32U599VIT6Q, STM32U599VJT6, STM32U599VJT6Q, STM32U599ZIT6Q, STM32U599ZIY6QTR, STM32U599ZJT6Q, STM32U599ZJY6QTR, STM32U5A5AJH6, STM32U5A5AJH6Q, STM32U5A5QJI6, STM32U5A5QJI6Q, STM32U5A5RJT6, STM32U5A5RJT6Q, STM32U5A5VJT6, STM32U5A5VJT6Q, STM32U5A5ZJT6, STM32U5A5ZJT6Q, STM32U5A5ZJY6QTR, STM32U5A9BJY6QTR, STM32U5A9J-DK, STM32U5A9NJH6Q, STM32U5A9VJT6Q, STM32U5A9ZJT6Q, STM32U5A9ZJY6QTR, STM32WB1MMCH6, STM32WBA52CEU6, STM32WBA52CEU6T, STM32WBA52CGU6, STM32WBA52CGU6T, STM32WL5MOCH6, STM32WL5MOCH6TR]
2024-10-05 00:05:58,930 [INFO] ApiDb:668 - CubeFinder database Data Model version=2.1
2024-10-05 00:05:58,930 [INFO] ApiDb:669 - CubeFinder database Configuration version=3.0.39
2024-10-05 00:05:58,930 [INFO] ApiDb:670 - CubeFinder database generation date=2024-09-16 (1726485674)
2024-10-05 00:05:58,930 [INFO] ApiDb:671 - CubeFinder database FW Pack versions=[FP-ATR-ASTRA1_V2.0.0, FP-SNS-FLIGHT1_V5.0.2, FP-SNS-MOTENV1_V5.0.0, FP-SNS-MOTENVWB1_V1.4.0, FP-SNS-SMARTAG2_V1.2.0, FP-SNS-STBOX1_V2.0.0, STM32Cube_FW_C0_V1.2.0, STM32Cube_FW_F4_V1.28.1, STM32Cube_FW_F7_V1.17.2, STM32Cube_FW_G0_V1.6.2, STM32Cube_FW_G4_V1.6.0, STM32Cube_FW_H5_V1.3.0, STM32Cube_FW_H7RS_V1.1.0, STM32Cube_FW_H7_V1.11.2, STM32Cube_FW_L0_V1.12.2, STM32Cube_FW_L5_V1.5.1, STM32Cube_FW_U0_V1.1.0, STM32Cube_FW_U5_V1.6.0, STM32Cube_FW_WB0_V1.0.0, STM32Cube_FW_WBA_V1.4.1, STM32Cube_FW_WB_V1.20.0, STM32Cube_FW_WL_V1.3.0, X-CUBE-ALGOBUILD_V1.4.0, X-CUBE-ALS_V1.0.2, X-CUBE-AZRTOS-F4_V1.1.0, X-CUBE-AZRTOS-F7_V1.1.0, X-CUBE-AZRTOS-G0_V1.1.0, X-CUBE-AZRTOS-G4_V2.0.0, X-CUBE-AZRTOS-H7RS_V1.0.0, X-CUBE-AZRTOS-H7_V3.2.0, X-CUBE-AZRTOS-L4_V2.0.0, X-CUBE-AZRTOS-L5_V2.0.0, X-CUBE-AZRTOS-WB_V2.0.0, X-CUBE-AZRTOS-WL_V2.0.0, X-CUBE-BLE1_V7.0.0, X-CUBE-BLE2_V3.3.0, X-CUBE-BLEMGR_V3.1.0, X-CUBE-EEPRMA1_V5.1.0, X-CUBE-FREERTOS_V1.2.0, X-CUBE-GNSS1_V6.0.0, X-CUBE-MEMS1_V11.0.0, X-CUBE-NFC4_V3.0.0, X-CUBE-NFC7_V1.0.1, X-CUBE-SFXS2LP1_V4.0.0, X-CUBE-SUBG2_V5.0.0, X-CUBE-TOF1_V3.4.2]
2024-10-05 00:05:59,397 [WARN] MainUpdater:1187 - Updater busy. Cannot search thirdparties
2024-10-05 00:05:59,397 [INFO] ThirdPartyUpdaterWithRetryManager:96 - Updater plugin is busy. [2/15]
2024-10-05 00:06:01,963 [INFO] ServerAccessManage:473 - Download File STMicroelectronics.X-CUBE-AI.pdsc
2024-10-05 00:06:02,408 [WARN] MainUpdater:1187 - Updater busy. Cannot search thirdparties
2024-10-05 00:06:02,409 [INFO] ThirdPartyUpdaterWithRetryManager:96 - Updater plugin is busy. [3/15]
2024-10-05 00:06:05,409 [WARN] MainUpdater:1187 - Updater busy. Cannot search thirdparties
2024-10-05 00:06:05,409 [INFO] ThirdPartyUpdaterWithRetryManager:96 - Updater plugin is busy. [4/15]
2024-10-05 00:06:05,532 [INFO] ServerAccessManage:473 - Download File STMicroelectronics.X-CUBE-IPS.pdsc
2024-10-05 00:06:07,049 [INFO] ApiDb:240 - Found 297 in-development CPN: [B-G473E-ZEST1S, B-WB1M-WPAN1, B-WL5M-SUBG1, NUCLEO-C031C6, NUCLEO-H503RB, NUCLEO-H563ZI, NUCLEO-U545RE-Q, NUCLEO-U5A5ZJ-Q, NUCLEO-WBA52CG, STEVAL-PROTEUS1, STEVAL-STWINBX1, STM320518-EVAL, STM32C0116-DK, STM32C011D6Y3TR, STM32C011D6Y6TR, STM32C011F4P3, STM32C011F4P6, STM32C011F4U3, STM32C011F4U6TR, STM32C011F6P3, STM32C011F6P6, STM32C011F6U3, STM32C011F6U6TR, STM32C011J4M3, STM32C011J4M6, STM32C011J6M3, STM32C011J6M6, STM32C0316-DK, STM32C031C4T3, STM32C031C4T6, STM32C031C4U3, STM32C031C4U6, STM32C031C6T3, STM32C031C6T6, STM32C031C6U3, STM32C031C6U6, STM32C031F4P3, STM32C031F4P6, STM32C031F6P3, STM32C031F6P6, STM32C031G4U3, STM32C031G4U6, STM32C031G6U3, STM32C031G6U6, STM32C031K4T3, STM32C031K4T6, STM32C031K4U3, STM32C031K4U6, STM32C031K6T3, STM32C031K6T6, STM32C031K6U3, STM32C031K6U6, STM32G071K8TXN, STM32G071K8UXN, STM32G081GBU6N, STM32G081KBT6N, STM32G081KBUXN, STM32G0B1CCT6N, STM32G0B1KCT6, STM32G0B1NEY6TR, STM32G0B1RCT6N, STM32G0C1CCT6, STM32G0C1CCT6N, STM32G0C1CCU6N, STM32G0C1CET6N, STM32G0C1CEU6N, STM32G0C1KCT6, STM32G0C1NEY6TR, STM32G0C1RCI6N, STM32G0C1RCT6N, STM32G0C1REI6N, STM32G0C1RET6N, STM32G0C1VCI6, STM32G0C1VEI6, STM32G471CCT6, STM32G471CCU6, STM32G471CET3, STM32G471CET6, STM32G471CEU3, STM32G471CEU6, STM32G471MCT6, STM32G471MET3, STM32G471MET6, STM32G471MEY6TR, STM32G471QCT6, STM32G471QET3, STM32G471RCT6, STM32G471RET3, STM32G471RET6, STM32G471VCH6, STM32G471VCI6, STM32G471VCT6, STM32G471VEH3, STM32G471VEH6, STM32G471VEI3, STM32G471VEI6, STM32G471VET3, STM32G471VET6, STM32G474CCT6, STM32H503CBT6, STM32H503CBU6, STM32H503EBY6TR, STM32H503KBU6, STM32H503RBT6, STM32H562AGI6, STM32H562AII6, STM32H562IGK6, STM32H562IGT6, STM32H562IIK6, STM32H562IIT6, STM32H562RGT6, STM32H562RGV6, STM32H562RIT6, STM32H562RIV6, STM32H562VGT6, STM32H562VIT6, STM32H562ZGT6, STM32H562ZIT6, STM32H563AGI6, STM32H563AII3Q, STM32H563AII6, STM32H563IGK6, STM32H563IGT6, STM32H563IIK3Q, STM32H563IIK6, STM32H563IIT3Q, STM32H563IIT6, STM32H563MIY3QTR, STM32H563RGT6, STM32H563RGV6, STM32H563RIT6, STM32H563RIV6, STM32H563VGT6, STM32H563VIT3Q, STM32H563VIT6, STM32H563ZGT6, STM32H563ZIT3Q, STM32H563ZIT6, STM32H573AII3Q, STM32H573AII6, STM32H573I-DK, STM32H573IIK3Q, STM32H573IIK6, STM32H573IIT3Q, STM32H573IIT6, STM32H573MIY3QTR, STM32H573RIT6, STM32H573RIV6, STM32H573VIT3Q, STM32H573VIT6, STM32H573ZIT3Q, STM32H573ZIT6, STM32L4R5QGI6STR, STM32MP131AAE3, STM32MP131AAF3, STM32MP131AAG3, STM32MP131CAE3, STM32MP131CAF3, STM32MP131CAG3, STM32MP131DAE7, STM32MP131DAF7, STM32MP131DAG7, STM32MP131FAE7, STM32MP131FAF7, STM32MP131FAG7, STM32MP133AAE3, STM32MP133AAF3, STM32MP133AAG3, STM32MP133CAE3, STM32MP133CAF3, STM32MP133CAG3, STM32MP133DAE7, STM32MP133DAF7, STM32MP133DAG7, STM32MP133FAE7, STM32MP133FAF7, STM32MP133FAG7, STM32MP135AAE3, STM32MP135AAF3, STM32MP135AAG3, STM32MP135CAE3, STM32MP135CAF3, STM32MP135CAG3, STM32MP135DAE7, STM32MP135DAF7, STM32MP135DAG7, STM32MP135F-DK, STM32MP135FAE7, STM32MP135FAF7, STM32MP135FAF7T, STM32MP135FAF7U, STM32MP135FAG7, STM32U535CBT6, STM32U535CBT6Q, STM32U535CBU6, STM32U535CBU6Q, STM32U535CCT6, STM32U535CCT6Q, STM32U535CCU6, STM32U535CCU6Q, STM32U535CET6, STM32U535CET6Q, STM32U535CEU6, STM32U535CEU6Q, STM32U535JEY6QTR, STM32U535NCY6QTR, STM32U535NEY6QTR, STM32U535RBI6, STM32U535RBI6Q, STM32U535RBT6, STM32U535RBT6Q, STM32U535RCI6, STM32U535RCI6Q, STM32U535RCT6, STM32U535RCT6Q, STM32U535REI6, STM32U535REI6Q, STM32U535RET6, STM32U535RET6Q, STM32U535VCI6, STM32U535VCI6Q, STM32U535VCT6, STM32U535VCT6Q, STM32U535VEI6, STM32U535VEI6Q, STM32U535VET6, STM32U535VET6Q, STM32U545CET6, STM32U545CET6Q, STM32U545CEU6, STM32U545CEU6Q, STM32U545JEY6QTR, STM32U545NEY6QTR, STM32U545REI6, STM32U545REI6Q, STM32U545RET6, STM32U545RET6Q, STM32U545VEI6, STM32U545VEI6Q, STM32U545VET6, STM32U545VET6Q, STM32U595AIH6, STM32U595AIH6Q, STM32U595AJH6, STM32U595AJH6Q, STM32U595QII6, STM32U595QII6Q, STM32U595QJI6, STM32U595QJI6Q, STM32U595RIT6, STM32U595RIT6Q, STM32U595RJT6, STM32U595RJT6Q, STM32U595VIT6, STM32U595VIT6Q, STM32U595VJT6, STM32U595VJT6Q, STM32U595ZIT6, STM32U595ZIT6Q, STM32U595ZIY6QTR, STM32U595ZJT6, STM32U595ZJT6Q, STM32U595ZJY6QTR, STM32U599BJY6QTR, STM32U599NIH6Q, STM32U599NJH6Q, STM32U599VIT6Q, STM32U599VJT6, STM32U599VJT6Q, STM32U599ZIT6Q, STM32U599ZIY6QTR, STM32U599ZJT6Q, STM32U599ZJY6QTR, STM32U5A5AJH6, STM32U5A5AJH6Q, STM32U5A5QJI6, STM32U5A5QJI6Q, STM32U5A5RJT6, STM32U5A5RJT6Q, STM32U5A5VJT6, STM32U5A5VJT6Q, STM32U5A5ZJT6, STM32U5A5ZJT6Q, STM32U5A5ZJY6QTR, STM32U5A9BJY6QTR, STM32U5A9J-DK, STM32U5A9NJH6Q, STM32U5A9VJT6Q, STM32U5A9ZJT6Q, STM32U5A9ZJY6QTR, STM32WB1MMCH6, STM32WBA52CEU6, STM32WBA52CEU6T, STM32WBA52CGU6, STM32WBA52CGU6T, STM32WL5MOCH6, STM32WL5MOCH6TR]
2024-10-05 00:06:07,056 [INFO] DbMcus:216 - Found 4180 MCUs, 4180 are supported
2024-10-05 00:06:07,070 [INFO] ApiDb:423 - Load user favorites file /home/ziad/.stm32cubeide/favorites.mcus.txt: 2 item(s)
2024-10-05 00:06:07,070 [INFO] ApiDb:427 - User favorites MCUs=[STM32F103C8T6, STM32F401RCT6]
2024-10-05 00:06:07,071 [INFO] DbMcus:222 - Set 2 / 2 favorites MCUs
2024-10-05 00:06:07,645 [INFO] ServerAccessManage:473 - Download File STMicroelectronics.X-CUBE-WB05N.pdsc
2024-10-05 00:06:08,412 [WARN] MainUpdater:1187 - Updater busy. Cannot search thirdparties
2024-10-05 00:06:08,412 [INFO] ThirdPartyUpdaterWithRetryManager:96 - Updater plugin is busy. [5/15]
2024-10-05 00:06:08,965 [WARN] PackLoader:240 - Cannot read IP mode file for STMicroelectronics.X-CUBE-AI.9.1.0
2024-10-05 00:06:09,003 [WARN] PopulateThirdPartyThread:106 - Error when creating pack: /home/ziad/.stm32cubemx/thirdparties/pdsc/STMicroelectronics.X-CUBE-IPS.pdsc
2024-10-05 00:06:09,027 [WARN] PackLoader:240 - Cannot read IP mode file for STMicroelectronics.X-CUBE-WB05N.1.1.0
2024-10-05 00:06:09,048 [INFO] PopulateThirdPartyThread:66 - Ending populate Thread
2024-10-05 00:06:09,085 [INFO] ThirdParty:1030 - CMSIS Pack Vendor :STMicroelectronics X-CUBE-AI 9.1.0
2024-10-05 00:06:09,085 [INFO] ThirdParty:1030 - CMSIS Pack Vendor :STMicroelectronics X-CUBE-WB05N 1.1.0
2024-10-05 00:06:09,086 [INFO] LoadServerUpdatesThread:373 - End of LoadServerUpdate Thread
2024-10-05 00:06:09,313 [INFO] CheckServerUpdateThread:120 - End of CheckServer Thread
2024-10-05 00:06:10,365 [INFO] BoardInfo:880 - No configuration file found for board NUCLEO-H533RE
2024-10-05 00:06:10,366 [INFO] DbBoards:157 - Board is not supported: NUCLEO-H533RE
2024-10-05 00:06:10,401 [INFO] BoardInfo:880 - No configuration file found for board NUCLEO-H7S3L8
2024-10-05 00:06:10,401 [INFO] DbBoards:157 - Board is not supported: NUCLEO-H7S3L8
2024-10-05 00:06:10,503 [INFO] BoardInfo:880 - No configuration file found for board NUCLEO-U031R8
2024-10-05 00:06:10,503 [INFO] DbBoards:157 - Board is not supported: NUCLEO-U031R8
2024-10-05 00:06:10,509 [INFO] BoardInfo:880 - No configuration file found for board NUCLEO-U083RC
2024-10-05 00:06:10,516 [INFO] DbBoards:157 - Board is not supported: NUCLEO-U083RC
2024-10-05 00:06:10,540 [INFO] BoardInfo:880 - No configuration file found for board NUCLEO-WB05KZ
2024-10-05 00:06:10,540 [INFO] DbBoards:157 - Board is not supported: NUCLEO-WB05KZ
2024-10-05 00:06:10,546 [INFO] BoardInfo:880 - No configuration file found for board NUCLEO-WB07CC
2024-10-05 00:06:10,546 [INFO] DbBoards:157 - Board is not supported: NUCLEO-WB07CC
2024-10-05 00:06:10,561 [INFO] BoardInfo:880 - No configuration file found for board NUCLEO-WB09KE
2024-10-05 00:06:10,562 [INFO] DbBoards:157 - Board is not supported: NUCLEO-WB09KE
2024-10-05 00:06:10,581 [INFO] BoardInfo:880 - No configuration file found for board NUCLEO-WBA55CG
2024-10-05 00:06:10,582 [INFO] DbBoards:157 - Board is not supported: NUCLEO-WBA55CG
2024-10-05 00:06:10,602 [INFO] BoardInfo:880 - No configuration file found for board P-NUCLEO-WB55
2024-10-05 00:06:10,602 [INFO] DbBoards:157 - Kit is not supported: P-NUCLEO-WB55
2024-10-05 00:06:10,608 [INFO] BoardInfo:880 - No configuration file found for board STEVAL-BFA001V1B
2024-10-05 00:06:10,608 [INFO] DbBoards:157 - Kit is not supported: STEVAL-BFA001V1B
2024-10-05 00:06:10,618 [INFO] BoardInfo:880 - No configuration file found for board STEVAL-BFA001V2B
2024-10-05 00:06:10,618 [INFO] DbBoards:157 - Kit is not supported: STEVAL-BFA001V2B
2024-10-05 00:06:10,623 [INFO] BoardInfo:880 - No configuration file found for board STEVAL-MKBOXPRO
2024-10-05 00:06:10,623 [INFO] DbBoards:157 - Board is not supported: STEVAL-MKBOXPRO
2024-10-05 00:06:10,629 [INFO] BoardInfo:880 - No configuration file found for board STEVAL-SMARTAG2
2024-10-05 00:06:10,629 [INFO] DbBoards:157 - Board is not supported: STEVAL-SMARTAG2
2024-10-05 00:06:10,979 [INFO] BoardInfo:880 - No configuration file found for board STM32H7S78-DK
2024-10-05 00:06:10,980 [INFO] DbBoards:157 - Board is not supported: STM32H7S78-DK
2024-10-05 00:06:11,020 [INFO] BoardInfo:880 - No configuration file found for board STM32MP257F-DK
2024-10-05 00:06:11,020 [INFO] DbBoards:157 - Board is not supported: STM32MP257F-DK
2024-10-05 00:06:11,022 [INFO] BoardInfo:880 - No configuration file found for board STM32MP257F-EV1
2024-10-05 00:06:11,022 [INFO] DbBoards:157 - Board is not supported: STM32MP257F-EV1
2024-10-05 00:06:11,024 [INFO] BoardInfo:880 - No configuration file found for board STM32U083C-DK
2024-10-05 00:06:11,024 [INFO] DbBoards:157 - Board is not supported: STM32U083C-DK
2024-10-05 00:06:11,029 [INFO] BoardInfo:880 - No configuration file found for board STM32U5G9J-DK1
2024-10-05 00:06:11,029 [INFO] DbBoards:157 - Board is not supported: STM32U5G9J-DK1
2024-10-05 00:06:11,037 [INFO] BoardInfo:880 - No configuration file found for board STM32U5G9J-DK2
2024-10-05 00:06:11,037 [INFO] DbBoards:157 - Board is not supported: STM32U5G9J-DK2
2024-10-05 00:06:11,041 [INFO] BoardInfo:880 - No configuration file found for board STM32WBA55G-DK1
2024-10-05 00:06:11,042 [INFO] DbBoards:157 - Board is not supported: STM32WBA55G-DK1
2024-10-05 00:06:11,042 [INFO] DbBoards:161 - Found 200 boards, 180 are supported
2024-10-05 00:06:11,050 [INFO] ApiDb:423 - Load user favorites file /home/ziad/.stm32cubeide/favorites.boards.txt: 1 item(s)
2024-10-05 00:06:11,056 [INFO] ApiDb:427 - User favorites Boards=[STM32F401C-DISCO]
2024-10-05 00:06:11,057 [INFO] DbBoards:190 - Set 1 / 1 favorites Boards
2024-10-05 00:06:11,057 [INFO] McuFinderGlobals:66 - Set McuFinderConnectedMode to false
2024-10-05 00:06:11,068 [INFO] MultiScanPanel:200 - Auto-refresh data requested => check proxy status ongoing
2024-10-05 00:06:11,069 [INFO] MultiScanPanel:204 - Proxy status is invalid
2024-10-05 00:06:11,080 [INFO] FinderPluginLoader:95 - Searching for filters in installed packs
2024-10-05 00:06:11,894 [WARN] PackLoader:240 - Cannot read IP mode file for STMicroelectronics.X-CUBE-WB05N.1.1.0
2024-10-05 00:06:11,912 [WARN] PackLoader:240 - Cannot read IP mode file for STMicroelectronics.X-CUBE-TOUCHGFX.4.23.2
2024-10-05 00:06:12,084 [WARN] PackLoader:240 - Cannot read IP mode file for STMicroelectronics.X-CUBE-AZRTOS-F7.1.1.0
2024-10-05 00:06:12,375 [WARN] PackLoader:240 - Cannot read IP mode file for STMicroelectronics.X-CUBE-MEMS1.11.0.0
2024-10-05 00:06:13,401 [WARN] PackLoader:240 - Cannot read IP mode file for STMicroelectronics.X-CUBE-DISPLAY.3.0.0
2024-10-05 00:06:13,454 [WARN] PackLoader:240 - Cannot read IP mode file for STMicroelectronics.X-CUBE-NFC10.1.0.0
2024-10-05 00:06:13,496 [WARN] PackLoader:240 - Cannot read IP mode file for emotas.I-CUBE-CANOPEN.1.3.0
2024-10-05 00:06:13,638 [WARN] PackLoader:240 - Cannot read IP mode file for STMicroelectronics.X-CUBE-AZRTOS-WL.2.0.0
2024-10-05 00:06:13,649 [WARN] PackLoader:240 - Cannot read IP mode file for wolfSSL.I-CUBE-wolfMQTT.1.19.0
2024-10-05 00:06:13,672 [WARN] PackLoader:240 - Cannot read IP mode file for WES.I-CUBE-Cesium.1.3.0
2024-10-05 00:06:13,704 [WARN] PackLoader:240 - Cannot read IP mode file for STMicroelectronics.X-CUBE-BLE2.3.3.0
2024-10-05 00:06:13,744 [WARN] PackLoader:240 - Cannot read IP mode file for STMicroelectronics.X-CUBE-NFC9.1.0.0
2024-10-05 00:06:13,885 [WARN] PackLoader:240 - Cannot read IP mode file for STMicroelectronics.X-CUBE-AZRTOS-G0.1.1.0
2024-10-05 00:06:13,935 [WARN] PackLoader:240 - Cannot read IP mode file for STMicroelectronics.X-CUBE-NFC4.3.0.0
2024-10-05 00:06:13,960 [ERROR] Engine:466 - /home/ziad/.stm32cubemx/thirdparties/pdsc/EmbeddedOffice.I-CUBE-FS-RTOS.1.0.1.pdsc: PDSC version is not supported
2024-10-05 00:06:13,974 [ERROR] Engine:466 - /home/ziad/.stm32cubemx/thirdparties/pdsc/RealThread.X-CUBE-RT-Thread_Nano.4.1.1.pdsc: PDSC version is not supported
2024-10-05 00:06:13,984 [WARN] PackLoader:240 - Cannot read IP mode file for wolfSSL.I-CUBE-wolfSSL.5.7.0
2024-10-05 00:06:14,000 [WARN] PackLoader:240 - Cannot read IP mode file for STMicroelectronics.FP-ATR-SIGFOX1.3.2.0
2024-10-05 00:06:14,018 [WARN] PackLoader:240 - Cannot read IP mode file for ITTIA_DB.I-CUBE-ITTIADB.8.9.0
2024-10-05 00:06:14,168 [WARN] PackLoader:240 - Cannot read IP mode file for SEGGER.I-CUBE-embOS.1.3.1
2024-10-05 00:06:14,263 [WARN] PackLoader:240 - Cannot read IP mode file for STMicroelectronics.X-CUBE-AI.9.1.0
2024-10-05 00:06:14,270 [WARN] PackLoader:240 - Cannot read IP mode file for STMicroelectronics.X-CUBE-GNSS1.6.0.0
2024-10-05 00:06:14,309 [WARN] PackLoader:240 - Cannot read IP mode file for STMicroelectronics.X-CUBE-AZRTOS-F4.1.1.0
2024-10-05 00:06:14,326 [WARN] PackLoader:240 - Cannot read IP mode file for STMicroelectronics.X-CUBE-ISPU.2.1.0
2024-10-05 00:06:14,428 [WARN] PackLoader:240 - Cannot read IP mode file for STMicroelectronics.X-CUBE-AZRTOS-L5.2.0.0
2024-10-05 00:06:14,445 [ERROR] Engine:466 - /home/ziad/.stm32cubemx/thirdparties/pdsc/STMicroelectronics.X-CUBE-DPower.1.2.0.pdsc: PDSC version is not supported
2024-10-05 00:06:14,452 [WARN] PackLoader:240 - Cannot read IP mode file for STMicroelectronics.X-CUBE-AI.9.0.0
2024-10-05 00:06:14,469 [WARN] PackLoader:240 - Cannot read IP mode file for wolfSSL.I-CUBE-wolfTPM.3.2.0
2024-10-05 00:06:14,537 [WARN] ConditionMgr:438 - getConditionDescription Invalid condition id : LAN8742 Phy interface Condition cause : null
2024-10-05 00:06:14,541 [WARN] PackLoader:240 - Cannot read IP mode file for STMicroelectronics.X-CUBE-AZRTOS-L4.2.0.0
2024-10-05 00:06:14,555 [WARN] ConditionMgr:1039 - genDependencies : Invalid condition id : LAN8742 Phy interface Condition cause : null
2024-10-05 00:06:14,556 [WARN] ConditionMgr:1039 - genDependencies : Invalid condition id : LAN8742 Phy interface Condition cause : null
2024-10-05 00:06:14,557 [WARN] ConditionMgr:1039 - genDependencies : Invalid condition id : LAN8742 Phy interface Condition cause : null
2024-10-05 00:06:14,577 [WARN] PackLoader:240 - Cannot read IP mode file for STMicroelectronics.X-CUBE-SFXS2LP1.4.0.0
2024-10-05 00:06:14,631 [WARN] PackLoader:240 - Cannot read IP mode file for STMicroelectronics.X-CUBE-AZRTOS-H7.3.3.0
2024-10-05 00:06:14,650 [ERROR] Engine:466 - /home/ziad/.stm32cubemx/thirdparties/pdsc/STMicroelectronics.X-CUBE-IPS.3.0.0.pdsc: PDSC version is not supported
2024-10-05 00:06:14,692 [WARN] ConditionMgr:438 - getConditionDescription Invalid condition id : UX DEVICE CLASS RTOS Condition cause : null
2024-10-05 00:06:14,692 [WARN] ConditionMgr:438 - getConditionDescription Invalid condition id : UX DEVICE CLASS RTOS Condition cause : null
2024-10-05 00:06:14,696 [WARN] PackLoader:240 - Cannot read IP mode file for STMicroelectronics.X-CUBE-AZRTOS-WB.2.0.0
2024-10-05 00:06:14,697 [WARN] ConditionMgr:1039 - genDependencies : Invalid condition id : UX DEVICE CLASS RTOS Condition cause : null
2024-10-05 00:06:14,698 [WARN] ConditionMgr:1039 - genDependencies : Invalid condition id : UX DEVICE CLASS RTOS Condition cause : null
2024-10-05 00:06:14,698 [WARN] ConditionMgr:1039 - genDependencies : Invalid condition id : UX DEVICE CLASS RTOS Condition cause : null
2024-10-05 00:06:14,699 [WARN] ConditionMgr:1039 - genDependencies : Invalid condition id : UX DEVICE CLASS RTOS Condition cause : null
2024-10-05 00:06:14,699 [WARN] ConditionMgr:1039 - genDependencies : Invalid condition id : UX DEVICE CLASS RTOS Condition cause : null
2024-10-05 00:06:14,717 [WARN] PackLoader:240 - Cannot read IP mode file for STMicroelectronics.X-CUBE-GNSS1.7.0.0
2024-10-05 00:06:14,728 [ERROR] Engine:466 - /home/ziad/.stm32cubemx/thirdparties/pdsc/STMicroelectronics.FP-SNS-STBOX1.2.0.0.pdsc: PDSC version is not supported
2024-10-05 00:06:14,785 [WARN] PackLoader:240 - Cannot read IP mode file for STMicroelectronics.X-CUBE-SUBG2.5.0.0
2024-10-05 00:06:14,815 [WARN] PackLoader:240 - Cannot read IP mode file for Cesanta.I-CUBE-Mongoose.7.13.0
2024-10-05 00:06:14,858 [WARN] PackLoader:240 - Cannot read IP mode file for STMicroelectronics.X-CUBE-AZRTOS-G4.2.0.0
2024-10-05 00:06:14,870 [WARN] PackLoader:240 - Cannot read IP mode file for STMicroelectronics.X-CUBE-ISPU.2.0.0
2024-10-05 00:06:14,987 [WARN] PackLoader:240 - Cannot read IP mode file for STMicroelectronics.X-CUBE-MEMS1.10.0.0
2024-10-05 00:06:15,820 [WARN] PackLoader:240 - Cannot read IP mode file for STMicroelectronics.X-CUBE-TOUCHGFX.4.24.0
2024-10-05 00:06:15,835 [WARN] PackLoader:240 - Cannot read IP mode file for STMicroelectronics.X-CUBE-TOUCHGFX.4.24.1
2024-10-05 00:06:16,005 [WARN] PackLoader:240 - Cannot read IP mode file for portGmbH.I-Cube-SoM-uGOAL.1.1.0
2024-10-05 00:06:16,122 [WARN] PackLoader:240 - Cannot read IP mode file for STMicroelectronics.X-CUBE-AZRTOS-H7RS.1.0.0
2024-10-05 00:06:16,167 [ERROR] Engine:466 - /home/ziad/.stm32cubemx/thirdparties/pdsc/STMicroelectronics.X-CUBE-TOF1.3.4.2.pdsc: PDSC version is not supported
2024-10-05 00:06:16,224 [WARN] PackLoader:240 - Cannot read IP mode file for STMicroelectronics.X-CUBE-TOF1.3.4.1
2024-10-05 00:06:16,343 [WARN] PackLoader:240 - Cannot read IP mode file for STMicroelectronics.X-CUBE-AZRTOS-H7.3.2.0
2024-10-05 00:06:16,408 [WARN] PackLoader:240 - Cannot read IP mode file for Infineon.AIROC-Wi-Fi-Bluetooth-STM32.1.6.0
2024-10-05 00:06:16,427 [WARN] PackLoader:240 - Cannot read IP mode file for wolfSSL.I-CUBE-wolfSSH.1.4.17
2024-10-05 00:06:16,428 [INFO] ThirdParty:978 - Integrity check success = true
2024-10-05 00:06:16,429 [INFO] IntegrityCheckThread:100 - exiting critical section [integrity check]
2024-10-05 00:06:16,429 [INFO] IntegrityCheckThread:103 - End integrity checks thread
2024-10-05 00:06:18,018 [INFO] DetailPanel:341 - Set advertising image to /home/ziad/STM32Cube/Repository//en.prom-stm32c071-usb-memories-mcu-finder.png
2024-10-05 00:06:45,118 [INFO] MainUpdater:2854 - connection check result : 10
2024-10-05 00:06:45,165 [INFO] MicroXplorer:468 - Change Database Path : 
2024-10-05 00:06:45,165 [INFO] MicroXplorer:498 - Change Database Version : DB.6.0.80
2024-10-05 00:06:45,167 [WARN] ThirdParty:871 - waiting for thirdparty lock release [close project]
2024-10-05 00:06:45,167 [INFO] ThirdParty:873 - entering critical section [close project]
2024-10-05 00:06:45,169 [INFO] ThirdParty:883 - exiting critical section [close project]
2024-10-05 00:06:45,177 [INFO] PinOutPanel:1499 - setPackage(No Configuration,No Configuration)
2024-10-05 00:06:45,191 [INFO] UtilMem:75 - Begin LoadConfig() Used Memory: 718096152 Bytes (823132160)
2024-10-05 00:06:45,197 [INFO] MicroXplorer:468 - Change Database Path : 
2024-10-05 00:06:45,197 [INFO] MicroXplorer:498 - Change Database Version : DB.6.0.80
2024-10-05 00:06:45,197 [INFO] OpenFileManager:308 - Change cursor
2024-10-05 00:06:45,334 [INFO] Mcu:1937 - Initializing MCU STM32F103C8Tx STM32F103C8Tx 
2024-10-05 00:06:45,335 [INFO] Mcu:1950 - No CPN specified => set CPN to STM32F103C8T6
2024-10-05 00:06:47,189 [INFO] Context:659 - Trying to add GPIOservice into a context  which must be forbidden
2024-10-05 00:06:47,643 [INFO] ImportTextPane:194 - (OptionalMessage_ERROR) Unable to find key (Mcu.ThirdPartyNb) in loaded IOC file
2024-10-05 00:06:47,644 [INFO] ImportTextPane:194 - (OptionalMessage_ERROR) Unable to find key (Mcu.PinsNb) in loaded IOC file
2024-10-05 00:06:47,644 [INFO] ImportTextPane:194 - (OptionalMessage_ERROR) Unable to find key (Mcu.IPNb) in loaded IOC file
2024-10-05 00:06:48,114 [INFO] RtosManager:555 - Registered RTOS mode: class=CMSIS, group=RTOS, mode=CMSIS_V1, owner=FREERTOS
2024-10-05 00:06:48,114 [INFO] RtosManager:555 - Registered RTOS mode: class=CMSIS, group=RTOS2, mode=CMSIS_V2, owner=FREERTOS
2024-10-05 00:06:48,114 [INFO] RtosManager:555 - Registered RTOS mode: class=RTOS, group=Core, mode=CMSIS_V1, owner=FREERTOS
2024-10-05 00:06:48,115 [INFO] RtosManager:555 - Registered RTOS mode: class=RTOS, group=Core, mode=CMSIS_V2, owner=FREERTOS
2024-10-05 00:06:48,115 [WARN] ModelIntegratedComponent:184 - Missing modes for component STMicroelectronics:FreeRTOS:0.0.1:STMicroelectronics:RTOS:FreeRTOS:Core:::10.2.0:
2024-10-05 00:06:48,139 [WARN] ModelIntegratedComponent:63 - No mode defined for component null
2024-10-05 00:06:48,140 [WARN] ModelIntegratedComponent:63 - No mode defined for component null
2024-10-05 00:06:48,140 [WARN] ModelIntegratedComponent:63 - No mode defined for component null
2024-10-05 00:06:48,140 [WARN] ModelIntegratedComponent:63 - No mode defined for component null
2024-10-05 00:06:48,140 [WARN] ModelIntegratedComponent:63 - No mode defined for component null
2024-10-05 00:06:48,140 [WARN] ModelIntegratedComponent:63 - No mode defined for component null
2024-10-05 00:06:48,140 [WARN] ModelIntegratedComponent:63 - No mode defined for component null
2024-10-05 00:06:48,140 [WARN] ModelIntegratedComponent:63 - No mode defined for component null
2024-10-05 00:06:48,140 [WARN] ModelIntegratedComponent:63 - No mode defined for component null
2024-10-05 00:06:48,141 [WARN] ModelIntegratedComponent:63 - No mode defined for component null
2024-10-05 00:06:48,141 [WARN] ModelIntegratedComponent:63 - No mode defined for component null
2024-10-05 00:06:48,141 [WARN] ModelIntegratedComponent:63 - No mode defined for component null
2024-10-05 00:06:48,141 [WARN] ModelIntegratedComponent:63 - No mode defined for component null
2024-10-05 00:06:48,141 [WARN] ModelIntegratedComponent:63 - No mode defined for component null
2024-10-05 00:06:48,141 [WARN] ModelIntegratedComponent:63 - No mode defined for component null
2024-10-05 00:06:48,141 [WARN] ModelIntegratedComponent:63 - No mode defined for component null
2024-10-05 00:06:48,141 [WARN] ModelIntegratedComponent:63 - No mode defined for component null
2024-10-05 00:06:48,141 [WARN] ModelIntegratedComponent:63 - No mode defined for component null
2024-10-05 00:06:48,141 [WARN] ModelIntegratedComponent:63 - No mode defined for component null
2024-10-05 00:06:48,141 [WARN] ModelIntegratedComponent:63 - No mode defined for component null
2024-10-05 00:06:48,142 [WARN] ModelIntegratedComponent:63 - No mode defined for component null
2024-10-05 00:06:48,142 [WARN] ModelIntegratedComponent:63 - No mode defined for component null
2024-10-05 00:06:48,142 [WARN] ModelIntegratedComponent:63 - No mode defined for component null
2024-10-05 00:06:48,142 [WARN] ModelIntegratedComponent:63 - No mode defined for component null
2024-10-05 00:06:48,142 [WARN] ModelIntegratedComponent:63 - No mode defined for component null
2024-10-05 00:06:48,142 [WARN] ModelIntegratedComponent:63 - No mode defined for component null
2024-10-05 00:06:48,142 [WARN] ModelIntegratedComponent:63 - No mode defined for component null
2024-10-05 00:06:48,142 [WARN] ModelIntegratedComponent:63 - No mode defined for component null
2024-10-05 00:06:48,142 [WARN] ModelIntegratedComponent:63 - No mode defined for component null
2024-10-05 00:06:48,143 [WARN] ModelIntegratedComponent:63 - No mode defined for component null
2024-10-05 00:06:48,143 [WARN] ModelIntegratedComponent:63 - No mode defined for component null
2024-10-05 00:06:48,143 [WARN] ModelIntegratedComponent:63 - No mode defined for component null
2024-10-05 00:06:48,143 [WARN] ModelIntegratedComponent:63 - No mode defined for component null
2024-10-05 00:06:48,400 [INFO] ThirdPartyModel:298 - Start build external matchings
2024-10-05 00:06:49,945 [INFO] ThirdPartyModel:316 - End build external matchings
2024-10-05 00:06:50,278 [INFO] UtilMem:75 - End LoadConfig() Used Memory: 654656880 Bytes (823132160)
2024-10-05 00:06:50,315 [WARN] ThirdParty:833 - waiting for thirdparty lock release [change project]
2024-10-05 00:06:50,315 [INFO] ThirdParty:835 - entering critical section [change project]
2024-10-05 00:06:50,316 [INFO] ThirdParty:1030 - CMSIS Pack Vendor :STMicroelectronics X-CUBE-AZRTOS-H7 3.3.0
2024-10-05 00:06:50,316 [INFO] ThirdParty:1030 - CMSIS Pack Vendor :STMicroelectronics X-CUBE-NFC9 1.0.0
2024-10-05 00:06:50,316 [INFO] ThirdParty:1030 - CMSIS Pack Vendor :STMicroelectronics X-CUBE-GNSS1 6.0.0
2024-10-05 00:06:50,316 [INFO] ThirdParty:1030 - CMSIS Pack Vendor :STMicroelectronics USB_HOST 2.0.0
2024-10-05 00:06:50,316 [INFO] ThirdParty:1030 - CMSIS Pack Vendor :STMicroelectronics X-CUBE-AZRTOS-F4 1.1.0
2024-10-05 00:06:50,316 [INFO] ThirdParty:1030 - CMSIS Pack Vendor :STMicroelectronics LIBJPEG 8.0.0
2024-10-05 00:06:50,316 [INFO] ThirdParty:1030 - CMSIS Pack Vendor :STMicroelectronics X-CUBE-WB05N 1.1.0
2024-10-05 00:06:50,317 [INFO] ThirdParty:1030 - CMSIS Pack Vendor :STMicroelectronics USB_DEVICE 3.0.0
2024-10-05 00:06:50,317 [INFO] ThirdParty:1030 - CMSIS Pack Vendor :STMicroelectronics X-CUBE-ISPU 2.1.0
2024-10-05 00:06:50,317 [INFO] ThirdParty:1030 - CMSIS Pack Vendor :STMicroelectronics X-CUBE-AZRTOS-WB 2.0.0
2024-10-05 00:06:50,317 [INFO] ThirdParty:1030 - CMSIS Pack Vendor :STMicroelectronics X-CUBE-GNSS1 7.0.0
2024-10-05 00:06:50,317 [INFO] ThirdParty:1030 - CMSIS Pack Vendor :STMicroelectronics X-CUBE-TOUCHGFX 4.23.2
2024-10-05 00:06:50,317 [INFO] ThirdParty:1030 - CMSIS Pack Vendor :STMicroelectronics X-CUBE-AZRTOS-F7 1.1.0
2024-10-05 00:06:50,318 [INFO] ThirdParty:1030 - CMSIS Pack Vendor :STMicroelectronics X-CUBE-AZRTOS-L5 2.0.0
2024-10-05 00:06:50,318 [INFO] ThirdParty:1030 - CMSIS Pack Vendor :STMicroelectronics USB_DEVICE 2.0.0
2024-10-05 00:06:50,318 [INFO] ThirdParty:1030 - CMSIS Pack Vendor :STMicroelectronics X-CUBE-MEMS1 11.0.0
2024-10-05 00:06:50,318 [INFO] ThirdParty:1030 - CMSIS Pack Vendor :STMicroelectronics FreeRTOS 0.0.1
2024-10-05 00:06:50,318 [INFO] ThirdParty:1030 - CMSIS Pack Vendor :STMicroelectronics X-CUBE-AZRTOS-G0 1.1.0
2024-10-05 00:06:50,318 [INFO] ThirdParty:1030 - CMSIS Pack Vendor :STMicroelectronics X-CUBE-NFC4 3.0.0
2024-10-05 00:06:50,318 [INFO] ThirdParty:1030 - CMSIS Pack Vendor :STMicroelectronics X-CUBE-SUBG2 5.0.0
2024-10-05 00:06:50,318 [INFO] ThirdParty:1030 - CMSIS Pack Vendor :STMicroelectronics STM32_WPAN 1.0.0
2024-10-05 00:06:50,319 [INFO] ThirdParty:1030 - CMSIS Pack Vendor :STMicroelectronics lwIP 2.0.3
2024-10-05 00:06:50,319 [INFO] ThirdParty:1030 - CMSIS Pack Vendor :Cesanta I-CUBE-Mongoose 7.13.0
2024-10-05 00:06:50,319 [INFO] ThirdParty:1030 - CMSIS Pack Vendor :STMicroelectronics USB_HOST 1.0.0
2024-10-05 00:06:50,319 [INFO] ThirdParty:1030 - CMSIS Pack Vendor :STMicroelectronics X-CUBE-AI 9.0.0
2024-10-05 00:06:50,319 [INFO] ThirdParty:1030 - CMSIS Pack Vendor :STMicroelectronics X-CUBE-AZRTOS-G4 2.0.0
2024-10-05 00:06:50,319 [INFO] ThirdParty:1030 - CMSIS Pack Vendor :STMicroelectronics PDM2PCM 3.1.0
2024-10-05 00:06:50,319 [INFO] ThirdParty:1030 - CMSIS Pack Vendor :STMicroelectronics PDM2PCM 3.3.0
2024-10-05 00:06:50,319 [INFO] ThirdParty:1030 - CMSIS Pack Vendor :STMicroelectronics X-CUBE-DISPLAY 3.0.0
2024-10-05 00:06:50,319 [INFO] ThirdParty:1030 - CMSIS Pack Vendor :wolfSSL I-CUBE-wolfSSL 5.7.0
2024-10-05 00:06:50,320 [INFO] ThirdParty:1030 - CMSIS Pack Vendor :STMicroelectronics FP-ATR-SIGFOX1 3.2.0
2024-10-05 00:06:50,320 [INFO] ThirdParty:1030 - CMSIS Pack Vendor :STMicroelectronics X-CUBE-NFC10 1.0.0
2024-10-05 00:06:50,320 [INFO] ThirdParty:1030 - CMSIS Pack Vendor :STMicroelectronics X-CUBE-ISPU 2.0.0
2024-10-05 00:06:50,320 [INFO] ThirdParty:1030 - CMSIS Pack Vendor :STMicroelectronics HAL Drivers 0.0.0
2024-10-05 00:06:50,320 [INFO] ThirdParty:1030 - CMSIS Pack Vendor :STMicroelectronics MBEDTLS 2.16.2
2024-10-05 00:06:50,320 [INFO] ThirdParty:1030 - CMSIS Pack Vendor :emotas I-CUBE-CANOPEN 1.3.0
2024-10-05 00:06:50,320 [INFO] ThirdParty:1030 - CMSIS Pack Vendor :STMicroelectronics X-CUBE-MEMS1 10.0.0
2024-10-05 00:06:50,320 [INFO] ThirdParty:1030 - CMSIS Pack Vendor :STMicroelectronics MBEDTLS 2.14.1
2024-10-05 00:06:50,320 [INFO] ThirdParty:1030 - CMSIS Pack Vendor :STMicroelectronics X-CUBE-TOUCHGFX 4.24.0
2024-10-05 00:06:50,320 [INFO] ThirdParty:1030 - CMSIS Pack Vendor :ITTIA_DB I-CUBE-ITTIADB 8.9.0
2024-10-05 00:06:50,321 [INFO] ThirdParty:1030 - CMSIS Pack Vendor :wolfSSL I-CUBE-wolfTPM 3.2.0
2024-10-05 00:06:50,321 [INFO] ThirdParty:1030 - CMSIS Pack Vendor :STMicroelectronics X-CUBE-TOUCHGFX 4.24.1
2024-10-05 00:06:50,321 [INFO] ThirdParty:1030 - CMSIS Pack Vendor :portGmbH I-Cube-SoM-uGOAL 1.1.0
2024-10-05 00:06:50,321 [INFO] ThirdParty:1030 - CMSIS Pack Vendor :STMicroelectronics ThreadX 1.0.0
2024-10-05 00:06:50,323 [INFO] ThirdParty:1030 - CMSIS Pack Vendor :STMicroelectronics X-CUBE-AZRTOS-WL 2.0.0
2024-10-05 00:06:50,324 [INFO] ThirdParty:1030 - CMSIS Pack Vendor :SEGGER I-CUBE-embOS 1.3.1
2024-10-05 00:06:50,324 [INFO] ThirdParty:1030 - CMSIS Pack Vendor :STMicroelectronics USB_DEVICE 1.0.0
2024-10-05 00:06:50,325 [INFO] ThirdParty:1030 - CMSIS Pack Vendor :STMicroelectronics X-CUBE-AZRTOS-H7RS 1.0.0
2024-10-05 00:06:50,326 [INFO] ThirdParty:1030 - CMSIS Pack Vendor :wolfSSL I-CUBE-wolfMQTT 1.19.0
2024-10-05 00:06:50,328 [INFO] ThirdParty:1030 - CMSIS Pack Vendor :STMicroelectronics X-CUBE-AZRTOS-L4 2.0.0
2024-10-05 00:06:50,328 [INFO] ThirdParty:1030 - CMSIS Pack Vendor :STMicroelectronics ThreadX 0.0.2
2024-10-05 00:06:50,329 [INFO] ThirdParty:1030 - CMSIS Pack Vendor :WES I-CUBE-Cesium 1.3.0
2024-10-05 00:06:50,330 [INFO] ThirdParty:1030 - CMSIS Pack Vendor :STMicroelectronics lwIP 2.1.2
2024-10-05 00:06:50,330 [INFO] ThirdParty:1030 - CMSIS Pack Vendor :STMicroelectronics X-CUBE-SFXS2LP1 4.0.0
2024-10-05 00:06:50,330 [INFO] ThirdParty:1030 - CMSIS Pack Vendor :STMicroelectronics X-CUBE-BLE2 3.3.0
2024-10-05 00:06:50,330 [INFO] ThirdParty:1030 - CMSIS Pack Vendor :STMicroelectronics X-CUBE-AI 9.1.0
2024-10-05 00:06:50,331 [INFO] ThirdParty:1030 - CMSIS Pack Vendor :STMicroelectronics X-CUBE-TOF1 3.4.1
2024-10-05 00:06:50,331 [INFO] ThirdParty:1030 - CMSIS Pack Vendor :STMicroelectronics X-CUBE-AZRTOS-H7 3.2.0
2024-10-05 00:06:50,331 [INFO] ThirdParty:1030 - CMSIS Pack Vendor :Infineon AIROC-Wi-Fi-Bluetooth-STM32 1.6.0
2024-10-05 00:06:50,331 [INFO] ThirdParty:1030 - CMSIS Pack Vendor :STMicroelectronics PDM2PCM 3.2.0
2024-10-05 00:06:50,331 [INFO] ThirdParty:1030 - CMSIS Pack Vendor :wolfSSL I-CUBE-wolfSSH 1.4.17
2024-10-05 00:06:50,332 [INFO] ThirdParty:841 - exiting critical section [change project]
2024-10-05 00:06:51,275 [INFO] PinOutPanel:1499 - setPackage(No Configuration,No Configuration)
2024-10-05 00:06:51,278 [INFO] PinOutPanel:1499 - setPackage(STM32F103C8Tx,LQFP48)
2024-10-05 00:06:52,402 [INFO] UtilMem:75 - Before build in PCC Used Memory: 693004600 Bytes (823132160)
2024-10-05 00:06:53,689 [INFO] UtilMem:75 - After build in PCC Used Memory: 681378808 Bytes (823132160)
2024-10-05 00:06:53,754 [INFO] IPUIPlugin:80 - create IPUIPlugin
2024-10-05 00:06:53,754 [INFO] IPUIPlugin:80 - create IPUIPlugin
2024-10-05 00:06:53,754 [INFO] IPUIPlugin:80 - create IPUIPlugin
2024-10-05 00:06:53,755 [INFO] IPUIPlugin:80 - create IPUIPlugin
2024-10-05 00:06:53,755 [INFO] IPUIPlugin:80 - create IPUIPlugin
2024-10-05 00:06:53,755 [INFO] IPUIPlugin:80 - create IPUIPlugin
2024-10-05 00:06:53,756 [INFO] IPUIPlugin:80 - create IPUIPlugin
2024-10-05 00:06:53,757 [INFO] IPUIPlugin:80 - create IPUIPlugin
2024-10-05 00:06:53,758 [INFO] IPUIPlugin:80 - create IPUIPlugin
2024-10-05 00:06:53,759 [INFO] IPUIPlugin:80 - create IPUIPlugin
2024-10-05 00:06:53,761 [INFO] IPUIPlugin:80 - create IPUIPlugin
2024-10-05 00:06:53,761 [INFO] IPUIPlugin:80 - create IPUIPlugin
2024-10-05 00:06:53,762 [INFO] IPUIPlugin:80 - create IPUIPlugin
2024-10-05 00:06:53,762 [INFO] IPUIPlugin:80 - create IPUIPlugin
2024-10-05 00:06:53,763 [INFO] IPUIPlugin:80 - create IPUIPlugin
2024-10-05 00:06:53,764 [INFO] IPUIPlugin:80 - create IPUIPlugin
2024-10-05 00:06:53,764 [INFO] IPUIPlugin:80 - create IPUIPlugin
2024-10-05 00:06:53,764 [INFO] IPUIPlugin:80 - create IPUIPlugin
2024-10-05 00:06:53,765 [INFO] IPUIPlugin:80 - create IPUIPlugin
2024-10-05 00:06:53,765 [INFO] IPUIPlugin:80 - create IPUIPlugin
2024-10-05 00:06:53,766 [INFO] IPUIPlugin:80 - create IPUIPlugin
2024-10-05 00:06:53,766 [INFO] IPUIPlugin:80 - create IPUIPlugin
2024-10-05 00:06:53,768 [INFO] IPUIPlugin:80 - create IPUIPlugin
2024-10-05 00:06:53,768 [INFO] IPUIPlugin:80 - create IPUIPlugin
2024-10-05 00:06:53,768 [INFO] IPUIPlugin:80 - create IPUIPlugin
2024-10-05 00:06:53,769 [INFO] IPUIPlugin:80 - create IPUIPlugin
2024-10-05 00:06:53,770 [INFO] IPUIPlugin:80 - create IPUIPlugin
2024-10-05 00:06:54,198 [INFO] CADModel:165 - CPN selected for project levelSTM32F103C8T6
2024-10-05 00:06:54,199 [INFO] CADModel:114 - Register for checkConnection events
2024-10-05 00:06:54,264 [INFO] OpenFileManager:328 - Restore cursor
2024-10-05 00:06:56,748 [INFO] UtilMem:75 - End SaveConfig() Used Memory: 670882704 Bytes (823132160)
2024-10-05 00:06:56,883 [INFO] UtilMem:75 - End SaveConfig() Used Memory: 682592432 Bytes (823132160)
2024-10-05 00:06:58,251 [INFO] BlockDiagram:2759 - set Specific Code input for plugin: NVIC
2024-10-05 00:06:58,252 [INFO] BlockDiagram:2759 - set Specific Code input for plugin: RCC
2024-10-05 00:06:58,256 [INFO] CodeGenerator:793 - code generatio: config db path: /app/stm32cubeide/plugins/com.st.stm32cube.common.mx_6.8.0.202302231600//db/
2024-10-05 00:06:59,220 [INFO] CodeEngine:255 - oldGeneratedFile, /home/ziad/ARM/02-STM32_Drivers/test/MXTmpFiles/license.tmp_save
2024-10-05 00:07:00,435 [INFO] CodeEngine:279 - Generated code: /home/ziad/ARM/02-STM32_Drivers/test/MXTmpFiles/license.tmp
2024-10-05 00:07:00,491 [INFO] CodeEngine:255 - oldGeneratedFile, /home/ziad/ARM/02-STM32_Drivers/test/Core/Src/stm32f1xx_it.c_save
2024-10-05 00:07:00,968 [INFO] CodeEngine:279 - Generated code: /home/ziad/ARM/02-STM32_Drivers/test/Core/Src/stm32f1xx_it.c
2024-10-05 00:07:00,970 [INFO] CodeEngine:255 - oldGeneratedFile, /home/ziad/ARM/02-STM32_Drivers/test/Core/Inc/stm32f1xx_it.h_save
2024-10-05 00:07:01,219 [INFO] CodeEngine:279 - Generated code: /home/ziad/ARM/02-STM32_Drivers/test/Core/Inc/stm32f1xx_it.h
2024-10-05 00:07:01,428 [INFO] CodeEngine:255 - oldGeneratedFile, /home/ziad/ARM/02-STM32_Drivers/test/Core/Src/stm32f1xx_hal_msp.c_save
2024-10-05 00:07:01,777 [INFO] CodeEngine:279 - Generated code: /home/ziad/ARM/02-STM32_Drivers/test/Core/Src/stm32f1xx_hal_msp.c
2024-10-05 00:07:01,781 [INFO] CodeEngine:255 - oldGeneratedFile, /home/ziad/ARM/02-STM32_Drivers/test/MXTmpFiles/system.tmp_save
2024-10-05 00:07:02,092 [INFO] CodeEngine:279 - Generated code: /home/ziad/ARM/02-STM32_Drivers/test/MXTmpFiles/system.tmp
2024-10-05 00:07:02,098 [INFO] CodeEngine:311 - oldGeneratedFile, /home/ziad/ARM/02-STM32_Drivers/test/Core/Inc/stm32f1xx_hal_conf.h_save
2024-10-05 00:07:02,333 [INFO] CodeEngine:335 - Generated code: /home/ziad/ARM/02-STM32_Drivers/test/Core/Inc/stm32f1xx_hal_conf.h
2024-10-05 00:07:02,388 [INFO] CodeEngine:255 - oldGeneratedFile, /home/ziad/ARM/02-STM32_Drivers/test/Core/Inc/main.h_save
2024-10-05 00:07:02,639 [INFO] CodeEngine:279 - Generated code: /home/ziad/ARM/02-STM32_Drivers/test/Core/Inc/main.h
2024-10-05 00:07:02,641 [INFO] CodeEngine:255 - oldGeneratedFile, /home/ziad/ARM/02-STM32_Drivers/test/Core/Src/main.c_save
2024-10-05 00:07:02,932 [INFO] CodeEngine:279 - Generated code: /home/ziad/ARM/02-STM32_Drivers/test/Core/Src/main.c
2024-10-05 00:07:05,024 [INFO] ProjectBuilder:2996 - Time for Copy HAL[1] : 176mS.
2024-10-05 00:07:05,074 [INFO] ProjectBuilder:4304 - Project Generator version: 3.19.2
2024-10-05 00:07:06,671 [INFO] ConfigFileManager:1483 - The Die is : DIE410
2024-10-05 00:07:06,788 [INFO] ApiDbMcu:507 - Load IP Config File for FATFS
2024-10-05 00:07:06,855 [INFO] ApiDbMcu:507 - Load IP Config File for FREERTOS
2024-10-05 00:07:06,908 [INFO] ApiDbMcu:507 - Load IP Config File for USB_DEVICE
2024-10-05 00:07:18,395 [INFO] ProjectBuilder:4505 - Time for Generating toolchain IDE Files: 13320mS.
2024-10-05 00:07:18,397 [INFO] ProjectBuilder:2867 - Time for Copy CMSIS : 1mS.
2024-10-05 00:07:18,398 [INFO] ProjectBuilder:2867 - Time for Copy CMSIS : 0mS.
2024-10-05 00:07:19,686 [INFO] McuFinderGlobals:66 - Set McuFinderConnectedMode to true
2024-10-05 00:07:19,718 [INFO] ApiDb:448 - Save user favorites file /home/ziad/.stm32cubeide/favorites.mcus.txt: 2 item(s)
2024-10-05 00:07:19,718 [INFO] ApiDb:452 - User favorites MCUs=[STM32F103C8T6, STM32F401RCT6]
2024-10-05 00:09:11,106 [INFO] UtilMem:75 - End SaveConfig() Used Memory: 640277248 Bytes (1043333120)
2024-10-05 00:09:11,398 [INFO] UtilMem:75 - End SaveConfig() Used Memory: 653320824 Bytes (1043333120)
2024-10-05 00:09:13,023 [INFO] UtilMem:75 - End SaveConfig() Used Memory: 769357480 Bytes (1043333120)
2024-10-05 00:09:13,888 [INFO] BlockDiagram:2759 - set Specific Code input for plugin: NVIC
2024-10-05 00:09:13,888 [INFO] BlockDiagram:2759 - set Specific Code input for plugin: SYS
2024-10-05 00:09:13,889 [INFO] BlockDiagram:2759 - set Specific Code input for plugin: GPIO
2024-10-05 00:09:13,889 [INFO] BlockDiagram:2759 - set Specific Code input for plugin: RCC
2024-10-05 00:09:13,898 [INFO] CodeGenerator:793 - code generatio: config db path: /app/stm32cubeide/plugins/com.st.stm32cube.common.mx_6.8.0.202302231600//db/
2024-10-05 00:09:14,421 [INFO] CodeEngine:255 - oldGeneratedFile, /home/ziad/ARM/02-STM32_Drivers/test/MXTmpFiles/license.tmp_save
2024-10-05 00:09:14,622 [INFO] CodeEngine:279 - Generated code: /home/ziad/ARM/02-STM32_Drivers/test/MXTmpFiles/license.tmp
2024-10-05 00:09:14,758 [INFO] CodeEngine:255 - oldGeneratedFile, /home/ziad/ARM/02-STM32_Drivers/test/MXTmpFiles/gpio.tmp_save
2024-10-05 00:09:15,152 [INFO] CodeEngine:279 - Generated code: /home/ziad/ARM/02-STM32_Drivers/test/MXTmpFiles/gpio.tmp
2024-10-05 00:09:15,172 [INFO] CodeEngine:255 - oldGeneratedFile, /home/ziad/ARM/02-STM32_Drivers/test/Core/Src/stm32f1xx_it.c_save
2024-10-05 00:09:15,354 [INFO] CodeEngine:279 - Generated code: /home/ziad/ARM/02-STM32_Drivers/test/Core/Src/stm32f1xx_it.c
2024-10-05 00:09:15,356 [INFO] CodeEngine:255 - oldGeneratedFile, /home/ziad/ARM/02-STM32_Drivers/test/Core/Inc/stm32f1xx_it.h_save
2024-10-05 00:09:15,574 [INFO] CodeEngine:279 - Generated code: /home/ziad/ARM/02-STM32_Drivers/test/Core/Inc/stm32f1xx_it.h
2024-10-05 00:09:15,590 [INFO] CodeEngine:255 - oldGeneratedFile, /home/ziad/ARM/02-STM32_Drivers/test/Core/Src/stm32f1xx_hal_msp.c_save
2024-10-05 00:09:15,794 [INFO] CodeEngine:279 - Generated code: /home/ziad/ARM/02-STM32_Drivers/test/Core/Src/stm32f1xx_hal_msp.c
2024-10-05 00:09:15,798 [INFO] CodeEngine:255 - oldGeneratedFile, /home/ziad/ARM/02-STM32_Drivers/test/MXTmpFiles/system.tmp_save
2024-10-05 00:09:15,947 [INFO] CodeEngine:279 - Generated code: /home/ziad/ARM/02-STM32_Drivers/test/MXTmpFiles/system.tmp
2024-10-05 00:09:15,957 [INFO] CodeEngine:311 - oldGeneratedFile, /home/ziad/ARM/02-STM32_Drivers/test/Core/Inc/stm32f1xx_hal_conf.h_save
2024-10-05 00:09:16,132 [INFO] CodeEngine:335 - Generated code: /home/ziad/ARM/02-STM32_Drivers/test/Core/Inc/stm32f1xx_hal_conf.h
2024-10-05 00:09:16,174 [INFO] CodeEngine:255 - oldGeneratedFile, /home/ziad/ARM/02-STM32_Drivers/test/Core/Inc/main.h_save
2024-10-05 00:09:16,335 [INFO] CodeEngine:279 - Generated code: /home/ziad/ARM/02-STM32_Drivers/test/Core/Inc/main.h
2024-10-05 00:09:16,338 [INFO] CodeEngine:255 - oldGeneratedFile, /home/ziad/ARM/02-STM32_Drivers/test/Core/Src/main.c_save
2024-10-05 00:09:16,520 [INFO] CodeEngine:279 - Generated code: /home/ziad/ARM/02-STM32_Drivers/test/Core/Src/main.c
2024-10-05 00:09:18,683 [INFO] ProjectBuilder:2996 - Time for Copy HAL[1] : 125mS.
2024-10-05 00:09:18,696 [INFO] ProjectBuilder:4304 - Project Generator version: 3.19.2
2024-10-05 00:09:19,924 [INFO] ConfigFileManager:1483 - The Die is : DIE410
2024-10-05 00:09:25,268 [INFO] ProjectBuilder:4505 - Time for Generating toolchain IDE Files: 6561mS.
2024-10-05 00:09:25,268 [INFO] ProjectBuilder:2867 - Time for Copy CMSIS : 0mS.
2024-10-05 00:09:25,270 [INFO] ProjectBuilder:2867 - Time for Copy CMSIS : 0mS.
