2024-09-28 21:30:37,213 [INFO] Activator:176 - 


2024-09-28 21:30:37,222 [INFO] Activator:177 - !SESSION log4j initialized
2024-09-28 21:30:45,817 [INFO] LogOutputStream:77 - [STDOUT_REDIRECT] 
2024-09-28 21:31:08,959 [ERROR] LogOutputStream:75 - [STDERR_REDIRECT] SLF4J: Failed to load class "org.slf4j.impl.StaticLoggerBinder".
2024-09-28 21:31:08,959 [ERROR] LogOutputStream:75 - [STDERR_REDIRECT] SLF4J: Defaulting to no-operation (NOP) logger implementation
2024-09-28 21:31:08,961 [ERROR] LogOutputStream:75 - [STDERR_REDIRECT] SLF4J: See http://www.slf4j.org/codes.html#StaticLoggerBinder for further details.
2024-09-28 21:31:34,336 [INFO] Activator:176 - 


2024-09-28 21:31:34,339 [INFO] Activator:177 - !SESSION log4j initialized
2024-09-28 21:31:42,014 [INFO] LogOutputStream:77 - [STDOUT_REDIRECT] 
2024-09-28 21:32:05,288 [ERROR] LogOutputStream:75 - [STDERR_REDIRECT] SLF4J: Failed to load class "org.slf4j.impl.StaticLoggerBinder".
2024-09-28 21:32:05,289 [ERROR] LogOutputStream:75 - [STDERR_REDIRECT] SLF4J: Defaulting to no-operation (NOP) logger implementation
2024-09-28 21:32:05,290 [ERROR] LogOutputStream:75 - [STDERR_REDIRECT] SLF4J: See http://www.slf4j.org/codes.html#StaticLoggerBinder for further details.
2024-09-28 23:32:05,429 [INFO] Activator:176 - 


2024-09-28 23:32:05,433 [INFO] Activator:177 - !SESSION log4j initialized
2024-09-28 23:32:13,707 [INFO] LogOutputStream:77 - [STDOUT_REDIRECT] 
2024-09-28 23:32:35,614 [ERROR] LogOutputStream:75 - [STDERR_REDIRECT] SLF4J: Failed to load class "org.slf4j.impl.StaticLoggerBinder".
2024-09-28 23:32:35,616 [ERROR] LogOutputStream:75 - [STDERR_REDIRECT] SLF4J: Defaulting to no-operation (NOP) logger implementation
2024-09-28 23:32:35,617 [ERROR] LogOutputStream:75 - [STDERR_REDIRECT] SLF4J: See http://www.slf4j.org/codes.html#StaticLoggerBinder for further details.
2024-09-28 23:33:54,631 [INFO] ApplicationProperties:184 - Using Application install path: /app/stm32cubeide/plugins/com.st.stm32cube.common.mx_6.8.0.202302231600
2024-09-28 23:33:54,667 [INFO] DbMcusXml:78 - Set database path to: /app/stm32cubeide/plugins/com.st.stm32cube.common.mx_6.8.0.202302231600//db//mcu/
2024-09-28 23:33:54,668 [INFO] ApiDb:274 - Set plugin database path to: /app/stm32cubeide/plugins/com.st.stm32cube.common.mx_6.8.0.202302231600//db//plugins/boardmanager/
2024-09-28 23:33:54,675 [WARN] ApiDb:259 - Overriding images path with different value:  => /app/stm32cubeide/plugins/com.st.stm32cube.common.mx_6.8.0.202302231600//db//plugins/mcufinder/images/
2024-09-28 23:33:54,712 [INFO] ApiDb:250 - Set database path to: /home/ziad/.stmcufinder/plugins/mcufinder//mcu/
2024-09-28 23:33:54,714 [INFO] DbMcusAds:125 - Set database path to: /home/ziad/.stmcufinder/plugins/mcufinder//mcu/
2024-09-28 23:33:54,722 [INFO] CrossReferenceDbSqlite:203 - Set database path to: /home/ziad/.stmcufinder/plugins/mcufinder//mcu/cs/
2024-09-28 23:33:54,945 [INFO] RulesReader:64 - Compatibility file has been processed (293 Rules)
2024-09-28 23:33:55,087 [INFO] DbMcusXml:78 - Set database path to: /app/stm32cubeide/plugins/com.st.stm32cube.common.mx_6.8.0.202302231600//db//mcu/
2024-09-28 23:33:55,087 [INFO] ApiDb:274 - Set plugin database path to: /app/stm32cubeide/plugins/com.st.stm32cube.common.mx_6.8.0.202302231600//db//plugins/boardmanager/
2024-09-28 23:33:55,088 [INFO] ApiDb:261 - Set plugin images path to: /app/stm32cubeide/plugins/com.st.stm32cube.common.mx_6.8.0.202302231600//db//plugins/mcufinder/images/
2024-09-28 23:33:55,088 [WARN] DbFile:41 - Overriding database path with different value: /home/ziad/.stmcufinder/plugins/mcufinder/ => /home/ziad/.stmcufinder/plugins/mcufinder
2024-09-28 23:33:55,088 [INFO] ApiDb:250 - Set database path to: /home/ziad/.stmcufinder/plugins/mcufinder//mcu/
2024-09-28 23:33:55,089 [WARN] DbFile:41 - Overriding database path with different value: /home/ziad/.stmcufinder/plugins/mcufinder/ => /home/ziad/.stmcufinder/plugins/mcufinder
2024-09-28 23:33:55,089 [INFO] DbMcusAds:125 - Set database path to: /home/ziad/.stmcufinder/plugins/mcufinder//mcu/
2024-09-28 23:33:55,089 [WARN] DbFile:41 - Overriding database path with different value: /home/ziad/.stmcufinder/plugins/mcufinder/ => /home/ziad/.stmcufinder/plugins/mcufinder
2024-09-28 23:33:55,089 [WARN] DbFile:41 - Overriding database path with different value: /home/ziad/.stmcufinder/plugins/mcufinder/ => /home/ziad/.stmcufinder/plugins/mcufinder
2024-09-28 23:33:55,089 [INFO] CrossReferenceDbSqlite:203 - Set database path to: /home/ziad/.stmcufinder/plugins/mcufinder//mcu/cs/
2024-09-28 23:33:55,177 [INFO] MainPanel:253 - HeapMemory: 580911104
2024-09-28 23:33:55,329 [INFO] DbMcusXml:78 - Set database path to: /app/stm32cubeide/plugins/com.st.stm32cube.common.mx_6.8.0.202302231600//db//mcu/
2024-09-28 23:33:55,330 [INFO] ApiDb:274 - Set plugin database path to: /app/stm32cubeide/plugins/com.st.stm32cube.common.mx_6.8.0.202302231600//db//plugins/boardmanager/
2024-09-28 23:33:55,330 [INFO] ApiDb:261 - Set plugin images path to: /app/stm32cubeide/plugins/com.st.stm32cube.common.mx_6.8.0.202302231600//db//plugins/mcufinder/images/
2024-09-28 23:33:55,330 [WARN] DbFile:41 - Overriding database path with different value: /home/ziad/.stmcufinder/plugins/mcufinder/ => /home/ziad/.stmcufinder/plugins/mcufinder
2024-09-28 23:33:55,330 [INFO] ApiDb:250 - Set database path to: /home/ziad/.stmcufinder/plugins/mcufinder//mcu/
2024-09-28 23:33:55,330 [WARN] DbFile:41 - Overriding database path with different value: /home/ziad/.stmcufinder/plugins/mcufinder/ => /home/ziad/.stmcufinder/plugins/mcufinder
2024-09-28 23:33:55,330 [INFO] DbMcusAds:125 - Set database path to: /home/ziad/.stmcufinder/plugins/mcufinder//mcu/
2024-09-28 23:33:55,330 [WARN] DbFile:41 - Overriding database path with different value: /home/ziad/.stmcufinder/plugins/mcufinder/ => /home/ziad/.stmcufinder/plugins/mcufinder
2024-09-28 23:33:55,331 [WARN] DbFile:41 - Overriding database path with different value: /home/ziad/.stmcufinder/plugins/mcufinder/ => /home/ziad/.stmcufinder/plugins/mcufinder
2024-09-28 23:33:55,331 [INFO] CrossReferenceDbSqlite:203 - Set database path to: /home/ziad/.stmcufinder/plugins/mcufinder//mcu/cs/
2024-09-28 23:33:55,356 [INFO] ApplicationProperties:184 - Using Application install path: /app/stm32cubeide/plugins/com.st.stm32cube.common.mx_6.8.0.202302231600
2024-09-28 23:33:55,358 [INFO] PluginManage:196 - Search for loadable plugins [exclusion list=, ]
2024-09-28 23:33:55,361 [INFO] PluginManage:310 - Check plugin analytics
2024-09-28 23:33:55,570 [INFO] AnalyticsPlugin:253 - Accepted Software Licenses: STM32CubeMX.6.12.0
2024-09-28 23:33:55,571 [INFO] AnalyticsPlugin:255 - Accepted CMSIS Pack Licenses: 
2024-09-28 23:33:55,571 [INFO] AnalyticsPlugin:257 - Accepted Firmware Licenses: FW.F4.1.27.0
2024-09-28 23:33:55,586 [INFO] PluginManage:359 - Loaded plugin analytics (category:tool,tabindex:-1)
2024-09-28 23:33:55,587 [INFO] PluginManage:310 - Check plugin cadmodel
2024-09-28 23:33:55,777 [INFO] CADModel:105 - Init CAD model plugin
2024-09-28 23:33:55,777 [INFO] PluginManage:359 - Loaded plugin cadmodel (category:power,tabindex:5)
2024-09-28 23:33:55,777 [INFO] PluginManage:310 - Check plugin clock
2024-09-28 23:33:55,805 [INFO] PluginManage:359 - Loaded plugin clock (category:base,tabindex:2)
2024-09-28 23:33:55,807 [INFO] PluginManage:310 - Check plugin ddr
2024-09-28 23:33:55,811 [INFO] PluginManage:359 - Loaded plugin ddr (category:tool,tabindex:6)
2024-09-28 23:33:55,811 [INFO] PluginManage:310 - Check plugin filemanager
2024-09-28 23:33:56,123 [INFO] PluginManage:359 - Loaded plugin filemanager (category:base,tabindex:10)
2024-09-28 23:33:56,123 [INFO] PluginManage:310 - Check plugin ipmanager
2024-09-28 23:33:56,133 [INFO] PluginManage:359 - Loaded plugin ipmanager (category:base,tabindex:5)
2024-09-28 23:33:56,133 [INFO] PluginManage:310 - Check plugin lpbam
2024-09-28 23:33:56,149 [INFO] PluginManage:359 - Loaded plugin lpbam (category:base,tabindex:0)
2024-09-28 23:33:56,150 [INFO] PluginManage:310 - Check plugin pinoutandconfiguration
2024-09-28 23:33:56,165 [INFO] PluginManage:359 - Loaded plugin pinoutandconfiguration (category:base,tabindex:1)
2024-09-28 23:33:56,165 [INFO] PluginManage:310 - Check plugin pinoutconfig
2024-09-28 23:33:56,556 [WARN] SupportedApi:132 - Cannot load RTOS API schema: s4s-elt-must-match.1: The content of 'definitions' must match (annotation?, (simpleType | complexType)?, (unique | key | keyref)*)). A problem was found starting at: attribute.
2024-09-28 23:33:57,018 [INFO] PluginManage:359 - Loaded plugin pinoutconfig (category:base,tabindex:0)
2024-09-28 23:33:57,019 [INFO] PluginManage:310 - Check plugin power
2024-09-28 23:33:57,042 [INFO] PluginManage:359 - Loaded plugin power (category:power,tabindex:4)
2024-09-28 23:33:57,044 [INFO] PluginManage:310 - Check plugin projectmanager
2024-09-28 23:33:57,072 [INFO] PluginManage:359 - Loaded plugin projectmanager (category:projectmanager,tabindex:3)
2024-09-28 23:33:57,073 [INFO] PluginManage:310 - Check plugin thirdparty
2024-09-28 23:33:57,362 [WARN] IntegrityCheckThread:84 - waiting for thirdparty lock release [integrity check]
2024-09-28 23:33:57,364 [INFO] IntegrityCheckThread:86 - entering critical section [integrity check]
2024-09-28 23:33:57,367 [INFO] PluginManage:359 - Loaded plugin thirdparty (category:base,tabindex:-1)
2024-09-28 23:33:57,367 [INFO] PluginManage:310 - Check plugin tools
2024-09-28 23:33:57,371 [INFO] ThirdPartyUpdaterWithRetryManager:70 - Updater plugin not ready yet. [1/15]
2024-09-28 23:33:57,376 [INFO] PluginManage:359 - Loaded plugin tools (category:base,tabindex:7)
2024-09-28 23:33:57,377 [INFO] PluginManage:310 - Check plugin tutovideos
2024-09-28 23:33:57,803 [INFO] PluginManage:359 - Loaded plugin tutovideos (category:base,tabindex:-1)
2024-09-28 23:33:57,804 [INFO] PluginManage:310 - Check plugin updater
2024-09-28 23:33:57,839 [INFO] PluginManage:359 - Loaded plugin updater (category:base,tabindex:12)
2024-09-28 23:33:57,840 [INFO] PluginManage:283 - PluginManage : Loaded plugins [15]
2024-09-28 23:33:58,350 [INFO] PinOutPanel:1499 - setPackage(No Configuration,No Configuration)
2024-09-28 23:33:58,480 [INFO] CADModel:165 - CPN selected for project level
2024-09-28 23:33:58,480 [INFO] CADModel:114 - Register for checkConnection events
2024-09-28 23:33:58,506 [INFO] IPUIPlugin:80 - create IPUIPlugin
2024-09-28 23:33:58,507 [INFO] PluginManager:220 - loadIPPluginJar : add pdm2pcm
2024-09-28 23:33:58,510 [INFO] IPUIPlugin:80 - create IPUIPlugin
2024-09-28 23:33:58,510 [INFO] PluginManager:220 - loadIPPluginJar : add ltdc
2024-09-28 23:33:58,522 [INFO] IPUIPlugin:80 - create IPUIPlugin
2024-09-28 23:33:58,523 [INFO] PluginManager:220 - loadIPPluginJar : add freertos
2024-09-28 23:33:58,528 [INFO] IPUIPlugin:80 - create IPUIPlugin
2024-09-28 23:33:58,529 [INFO] PluginManager:220 - loadIPPluginJar : add ts
2024-09-28 23:33:58,540 [INFO] IPUIPlugin:80 - create IPUIPlugin
2024-09-28 23:33:58,545 [INFO] PluginManager:220 - loadIPPluginJar : add mdma
2024-09-28 23:33:58,549 [INFO] IPUIPlugin:80 - create IPUIPlugin
2024-09-28 23:33:58,549 [INFO] PluginManager:220 - loadIPPluginJar : add usart
2024-09-28 23:33:58,564 [INFO] IPUIPlugin:80 - create IPUIPlugin
2024-09-28 23:33:58,564 [INFO] PluginManager:220 - loadIPPluginJar : add adc
2024-09-28 23:33:58,568 [INFO] IPUIPlugin:80 - create IPUIPlugin
2024-09-28 23:33:58,568 [INFO] PluginManager:220 - loadIPPluginJar : add lorawan
2024-09-28 23:33:58,574 [INFO] IPUIPlugin:80 - create IPUIPlugin
2024-09-28 23:33:58,574 [INFO] PluginManager:220 - loadIPPluginJar : add nvic
2024-09-28 23:33:58,578 [INFO] IPUIPlugin:80 - create IPUIPlugin
2024-09-28 23:33:58,578 [INFO] PluginManager:220 - loadIPPluginJar : add dfsdm
2024-09-28 23:33:58,587 [INFO] IPUIPlugin:80 - create IPUIPlugin
2024-09-28 23:33:58,587 [INFO] PluginManager:220 - loadIPPluginJar : add dma
2024-09-28 23:33:58,592 [INFO] IPUIPlugin:80 - create IPUIPlugin
2024-09-28 23:33:58,592 [INFO] PluginManager:220 - loadIPPluginJar : add usbx
2024-09-28 23:33:58,600 [INFO] IPUIPlugin:80 - create IPUIPlugin
2024-09-28 23:33:58,601 [INFO] PluginManager:220 - loadIPPluginJar : add openamp
2024-09-28 23:33:58,604 [INFO] IPUIPlugin:80 - create IPUIPlugin
2024-09-28 23:33:58,605 [INFO] PluginManager:220 - loadIPPluginJar : add i2s
2024-09-28 23:33:58,607 [INFO] IPUIPlugin:80 - create IPUIPlugin
2024-09-28 23:33:58,608 [INFO] PluginManager:220 - loadIPPluginJar : add fatfs
2024-09-28 23:33:58,620 [INFO] IPUIPlugin:80 - create IPUIPlugin
2024-09-28 23:33:58,620 [INFO] PluginManager:220 - loadIPPluginJar : add gpio
2024-09-28 23:33:58,624 [INFO] IPUIPlugin:80 - create IPUIPlugin
2024-09-28 23:33:58,625 [INFO] PluginManager:220 - loadIPPluginJar : add genericplugin
2024-09-28 23:33:58,632 [INFO] IPUIPlugin:80 - create IPUIPlugin
2024-09-28 23:33:58,632 [INFO] PluginManager:220 - loadIPPluginJar : add sai
2024-09-28 23:33:58,638 [INFO] IPUIPlugin:80 - create IPUIPlugin
2024-09-28 23:33:58,639 [INFO] PluginManager:220 - loadIPPluginJar : add hash
2024-09-28 23:33:58,645 [INFO] IPUIPlugin:80 - create IPUIPlugin
2024-09-28 23:33:58,645 [INFO] PluginManager:220 - loadIPPluginJar : add aes
2024-09-28 23:33:58,658 [INFO] IPUIPlugin:80 - create IPUIPlugin
2024-09-28 23:33:58,665 [INFO] PluginManager:220 - loadIPPluginJar : add plateformsettings
2024-09-28 23:33:58,669 [INFO] IPUIPlugin:80 - create IPUIPlugin
2024-09-28 23:33:58,669 [INFO] PluginManager:220 - loadIPPluginJar : add gtzc
2024-09-28 23:33:58,673 [INFO] IPUIPlugin:80 - create IPUIPlugin
2024-09-28 23:33:58,673 [INFO] PluginManager:220 - loadIPPluginJar : add cryp
2024-09-28 23:33:58,679 [INFO] IPUIPlugin:80 - create IPUIPlugin
2024-09-28 23:33:58,680 [INFO] PluginManager:220 - loadIPPluginJar : add i2c
2024-09-28 23:33:58,689 [INFO] IPUIPlugin:80 - create IPUIPlugin
2024-09-28 23:33:58,690 [INFO] PluginManager:220 - loadIPPluginJar : add stm32_wpan
2024-09-28 23:33:58,694 [INFO] IPUIPlugin:80 - create IPUIPlugin
2024-09-28 23:33:58,696 [INFO] PluginManager:220 - loadIPPluginJar : add gfxmmu
2024-09-28 23:33:58,700 [INFO] IPUIPlugin:80 - create IPUIPlugin
2024-09-28 23:33:58,701 [INFO] PluginManager:220 - loadIPPluginJar : add dma3
2024-09-28 23:33:58,704 [INFO] IPUIPlugin:80 - create IPUIPlugin
2024-09-28 23:33:58,705 [INFO] PluginManager:220 - loadIPPluginJar : add tracer_emb
2024-09-28 23:33:58,708 [INFO] IPUIPlugin:80 - create IPUIPlugin
2024-09-28 23:33:58,709 [INFO] PluginManager:220 - loadIPPluginJar : add comp
2024-09-28 23:33:58,717 [INFO] IPUIPlugin:80 - create IPUIPlugin
2024-09-28 23:33:58,717 [INFO] PluginManager:220 - loadIPPluginJar : add ipddr
2024-09-28 23:33:58,721 [INFO] IPUIPlugin:80 - create IPUIPlugin
2024-09-28 23:33:58,721 [INFO] PluginManager:220 - loadIPPluginJar : add opamp
2024-09-28 23:33:58,727 [INFO] IPUIPlugin:80 - create IPUIPlugin
2024-09-28 23:33:58,727 [INFO] PluginManager:220 - loadIPPluginJar : add resmgrutility
2024-09-28 23:33:58,730 [INFO] IPUIPlugin:80 - create IPUIPlugin
2024-09-28 23:33:58,730 [INFO] PluginManager:220 - loadIPPluginJar : add tim
2024-09-28 23:33:58,733 [INFO] IPUIPlugin:80 - create IPUIPlugin
2024-09-28 23:33:58,733 [INFO] PluginManager:220 - loadIPPluginJar : add ucpd
2024-09-28 23:33:58,737 [INFO] IPUIPlugin:80 - create IPUIPlugin
2024-09-28 23:33:58,737 [INFO] PluginManager:220 - loadIPPluginJar : add touchsensing
2024-09-28 23:33:58,743 [INFO] IPUIPlugin:80 - create IPUIPlugin
2024-09-28 23:33:58,743 [INFO] PluginManager:220 - loadIPPluginJar : add fmc
2024-09-28 23:33:58,748 [INFO] IPUIPlugin:80 - create IPUIPlugin
2024-09-28 23:33:58,748 [INFO] PluginManager:220 - loadIPPluginJar : add tsc
2024-09-28 23:33:58,752 [INFO] IPUIPlugin:80 - create IPUIPlugin
2024-09-28 23:33:58,752 [INFO] PluginManager:220 - loadIPPluginJar : add i3c
2024-09-28 23:33:58,755 [INFO] IPUIPlugin:80 - create IPUIPlugin
2024-09-28 23:33:58,755 [INFO] PluginManager:220 - loadIPPluginJar : add can
2024-09-28 23:33:58,767 [INFO] IPUIPlugin:80 - create IPUIPlugin
2024-09-28 23:33:58,768 [INFO] PluginManager:220 - loadIPPluginJar : add gic
2024-09-28 23:33:58,781 [INFO] IPUIPlugin:80 - create IPUIPlugin
2024-09-28 23:33:58,782 [INFO] PluginManager:220 - loadIPPluginJar : add linkedlist
2024-09-28 23:33:58,784 [INFO] IPUIPlugin:80 - create IPUIPlugin
2024-09-28 23:33:58,785 [INFO] PluginManager:220 - loadIPPluginJar : add spi
2024-09-28 23:33:58,786 [INFO] IPUIPlugin:80 - create IPUIPlugin
2024-09-28 23:33:58,787 [INFO] PluginManager:220 - loadIPPluginJar : add quadspi
2024-09-28 23:33:59,030 [INFO] CADModel:165 - CPN selected for project level
2024-09-28 23:33:59,030 [INFO] CADModel:114 - Register for checkConnection events
2024-09-28 23:33:59,031 [FATAL] Updater:308 - Updater called before beeing initialized
2024-09-28 23:33:59,031 [ERROR] CADModel:125 - Updater not yet initialized, retry later 
2024-09-28 23:33:59,504 [INFO] CADModel:165 - CPN selected for project level
2024-09-28 23:33:59,504 [INFO] CADModel:114 - Register for checkConnection events
2024-09-28 23:33:59,504 [FATAL] Updater:308 - Updater called before beeing initialized
2024-09-28 23:33:59,504 [ERROR] CADModel:125 - Updater not yet initialized, retry later 
2024-09-28 23:33:59,517 [FATAL] Updater:308 - Updater called before beeing initialized
2024-09-28 23:33:59,839 [FATAL] Updater:308 - Updater called before beeing initialized
2024-09-28 23:33:59,855 [INFO] DbMcusAds:53 - JSON generation date=Thu May 16 11:22:00 EET 2024 (1715851320667)
2024-09-28 23:33:59,855 [FATAL] Updater:308 - Updater called before beeing initialized
2024-09-28 23:33:59,938 [WARN] DetailPanel:346 - Failed to get advertising image, set to default
2024-09-28 23:34:00,132 [FATAL] Updater:308 - Updater called before beeing initialized
2024-09-28 23:34:00,137 [FATAL] Updater:308 - Updater called before beeing initialized
2024-09-28 23:34:00,137 [FATAL] Updater:308 - Updater called before beeing initialized
2024-09-28 23:34:00,138 [WARN] DetailPanel:346 - Failed to get advertising image, set to default
2024-09-28 23:34:00,142 [FATAL] Updater:308 - Updater called before beeing initialized
2024-09-28 23:34:00,336 [ERROR] Updater:1120 - MainUpdater not yet initialized. External WinMGr cannot be set.
2024-09-28 23:34:00,356 [INFO] Updater:1056 - Updater Version found : 6.8.0
2024-09-28 23:34:00,373 [INFO] ThirdPartyUpdaterWithRetryManager:70 - Updater plugin not ready yet. [2/15]
2024-09-28 23:34:00,461 [INFO] ApplicationProperties:184 - Using Application install path: /app/stm32cubeide/plugins/com.st.stm32cube.common.mx_6.8.0.202302231600
2024-09-28 23:34:01,197 [INFO] MainUpdater:2854 - connection check result : 10
2024-09-28 23:34:01,197 [INFO] MainUpdater:3548 - Updater definition file requires update
2024-09-28 23:34:01,198 [INFO] MainUpdater:283 - Updater Check For Update Now.
2024-09-28 23:34:01,199 [INFO] MicroXplorer:498 - Change Database Version : DB.6.0.80
2024-09-28 23:34:01,356 [INFO] ServerAccessManage:473 - Download File updaters.zip
2024-09-28 23:34:01,701 [INFO] FileExtend:240 - Unzip File : updaters.zip
2024-09-28 23:34:01,702 [INFO] FileExtend:255 - Standard Zip Deflate
2024-09-28 23:34:02,055 [INFO] ApiDb:581 - Connected to CubeFinder SQLite database (/home/ziad/.stmcufinder/plugins/mcufinder/mcu/cube-finder-db.db)
2024-09-28 23:34:02,252 [INFO] ApiDb:668 - CubeFinder database Data Model version=2.1
2024-09-28 23:34:02,252 [INFO] ApiDb:669 - CubeFinder database Configuration version=3.0.39
2024-09-28 23:34:02,253 [INFO] ApiDb:670 - CubeFinder database generation date=2024-06-20 (1718880634)
2024-09-28 23:34:02,253 [INFO] ApiDb:671 - CubeFinder database FW Pack versions=[FP-ATR-ASTRA1_V2.0.0, FP-SNS-FLIGHT1_V5.0.2, FP-SNS-MOTENV1_V5.0.0, FP-SNS-MOTENVWB1_V1.4.0, FP-SNS-SMARTAG2_V1.2.0, STM32Cube_FW_C0_V1.2.0, STM32Cube_FW_F4_V1.28.0, STM32Cube_FW_F7_V1.17.2, STM32Cube_FW_G0_V1.6.2, STM32Cube_FW_G4_V1.6.0, STM32Cube_FW_H5_V1.3.0, STM32Cube_FW_H7RS_V1.1.0, STM32Cube_FW_H7_V1.11.2, STM32Cube_FW_L0_V1.12.2, STM32Cube_FW_L5_V1.5.1, STM32Cube_FW_U0_V1.1.0, STM32Cube_FW_U5_V1.6.0, STM32Cube_FW_WB0_V1.0.0, STM32Cube_FW_WBA_V1.4.0, STM32Cube_FW_WB_V1.20.0, STM32Cube_FW_WL_V1.3.0, X-CUBE-ALGOBUILD_V1.4.0, X-CUBE-ALS_V1.0.2, X-CUBE-AZRTOS-F4_V1.1.0, X-CUBE-AZRTOS-F7_V1.1.0, X-CUBE-AZRTOS-G0_V1.1.0, X-CUBE-AZRTOS-G4_V2.0.0, X-CUBE-AZRTOS-H7RS_V1.0.0, X-CUBE-AZRTOS-H7_V3.2.0, X-CUBE-AZRTOS-L4_V2.0.0, X-CUBE-AZRTOS-L5_V1.1.0, X-CUBE-AZRTOS-WB_V2.0.0, X-CUBE-AZRTOS-WL_V2.0.0, X-CUBE-BLE1_V7.0.0, X-CUBE-BLE2_V3.3.0, X-CUBE-BLEMGR_V3.1.0, X-CUBE-EEPRMA1_V5.1.0, X-CUBE-FREERTOS_V1.2.0, X-CUBE-GNSS1_V6.0.0, X-CUBE-MEMS1_V10.0.0, X-CUBE-NFC4_V3.0.0, X-CUBE-NFC7_V1.0.1, X-CUBE-SFXS2LP1_V4.0.0, X-CUBE-SUBG2_V5.0.0, X-CUBE-TOF1_V3.4.1]
2024-09-28 23:34:02,431 [INFO] ServerAccessManage:473 - Download File PacksControlFlags.xml
2024-09-28 23:34:02,614 [INFO] ServerAccessManage:473 - Download File cubemx.pidx
2024-09-28 23:34:02,712 [INFO] DbBoardsSqlite:226 - include board P-NUCLEO-WB55-NUCLEO as a kit item of type 'Nucleo-64'
2024-09-28 23:34:02,714 [INFO] DbBoardsSqlite:226 - include board P-NUCLEO-WB55-USBDONGLE as a kit item of type 'Nucleo USB Dongle'
2024-09-28 23:34:02,720 [INFO] DbBoardsSqlite:226 - include board STEVAL-IDP005V1 as a kit item of type 'Evaluation Board'
2024-09-28 23:34:02,721 [INFO] DbBoardsSqlite:226 - include board STEVAL-IDP005V2 as a kit item of type 'Evaluation Board'
2024-09-28 23:34:03,140 [INFO] ApiDb:240 - Found 297 in-development CPN: [B-G473E-ZEST1S, B-WB1M-WPAN1, B-WL5M-SUBG1, NUCLEO-C031C6, NUCLEO-H503RB, NUCLEO-H563ZI, NUCLEO-U545RE-Q, NUCLEO-U5A5ZJ-Q, NUCLEO-WBA52CG, STEVAL-PROTEUS1, STEVAL-STWINBX1, STM320518-EVAL, STM32C0116-DK, STM32C011D6Y3TR, STM32C011D6Y6TR, STM32C011F4P3, STM32C011F4P6, STM32C011F4U3, STM32C011F4U6TR, STM32C011F6P3, STM32C011F6P6, STM32C011F6U3, STM32C011F6U6TR, STM32C011J4M3, STM32C011J4M6, STM32C011J6M3, STM32C011J6M6, STM32C0316-DK, STM32C031C4T3, STM32C031C4T6, STM32C031C4U3, STM32C031C4U6, STM32C031C6T3, STM32C031C6T6, STM32C031C6U3, STM32C031C6U6, STM32C031F4P3, STM32C031F4P6, STM32C031F6P3, STM32C031F6P6, STM32C031G4U3, STM32C031G4U6, STM32C031G6U3, STM32C031G6U6, STM32C031K4T3, STM32C031K4T6, STM32C031K4U3, STM32C031K4U6, STM32C031K6T3, STM32C031K6T6, STM32C031K6U3, STM32C031K6U6, STM32G071K8TXN, STM32G071K8UXN, STM32G081GBU6N, STM32G081KBT6N, STM32G081KBUXN, STM32G0B1CCT6N, STM32G0B1KCT6, STM32G0B1NEY6TR, STM32G0B1RCT6N, STM32G0C1CCT6, STM32G0C1CCT6N, STM32G0C1CCU6N, STM32G0C1CET6N, STM32G0C1CEU6N, STM32G0C1KCT6, STM32G0C1NEY6TR, STM32G0C1RCI6N, STM32G0C1RCT6N, STM32G0C1REI6N, STM32G0C1RET6N, STM32G0C1VCI6, STM32G0C1VEI6, STM32G471CCT6, STM32G471CCU6, STM32G471CET3, STM32G471CET6, STM32G471CEU3, STM32G471CEU6, STM32G471MCT6, STM32G471MET3, STM32G471MET6, STM32G471MEY6TR, STM32G471QCT6, STM32G471QET3, STM32G471RCT6, STM32G471RET3, STM32G471RET6, STM32G471VCH6, STM32G471VCI6, STM32G471VCT6, STM32G471VEH3, STM32G471VEH6, STM32G471VEI3, STM32G471VEI6, STM32G471VET3, STM32G471VET6, STM32G474CCT6, STM32H503CBT6, STM32H503CBU6, STM32H503EBY6TR, STM32H503KBU6, STM32H503RBT6, STM32H562AGI6, STM32H562AII6, STM32H562IGK6, STM32H562IGT6, STM32H562IIK6, STM32H562IIT6, STM32H562RGT6, STM32H562RGV6, STM32H562RIT6, STM32H562RIV6, STM32H562VGT6, STM32H562VIT6, STM32H562ZGT6, STM32H562ZIT6, STM32H563AGI6, STM32H563AII3Q, STM32H563AII6, STM32H563IGK6, STM32H563IGT6, STM32H563IIK3Q, STM32H563IIK6, STM32H563IIT3Q, STM32H563IIT6, STM32H563MIY3QTR, STM32H563RGT6, STM32H563RGV6, STM32H563RIT6, STM32H563RIV6, STM32H563VGT6, STM32H563VIT3Q, STM32H563VIT6, STM32H563ZGT6, STM32H563ZIT3Q, STM32H563ZIT6, STM32H573AII3Q, STM32H573AII6, STM32H573I-DK, STM32H573IIK3Q, STM32H573IIK6, STM32H573IIT3Q, STM32H573IIT6, STM32H573MIY3QTR, STM32H573RIT6, STM32H573RIV6, STM32H573VIT3Q, STM32H573VIT6, STM32H573ZIT3Q, STM32H573ZIT6, STM32L4R5QGI6STR, STM32MP131AAE3, STM32MP131AAF3, STM32MP131AAG3, STM32MP131CAE3, STM32MP131CAF3, STM32MP131CAG3, STM32MP131DAE7, STM32MP131DAF7, STM32MP131DAG7, STM32MP131FAE7, STM32MP131FAF7, STM32MP131FAG7, STM32MP133AAE3, STM32MP133AAF3, STM32MP133AAG3, STM32MP133CAE3, STM32MP133CAF3, STM32MP133CAG3, STM32MP133DAE7, STM32MP133DAF7, STM32MP133DAG7, STM32MP133FAE7, STM32MP133FAF7, STM32MP133FAG7, STM32MP135AAE3, STM32MP135AAF3, STM32MP135AAG3, STM32MP135CAE3, STM32MP135CAF3, STM32MP135CAG3, STM32MP135DAE7, STM32MP135DAF7, STM32MP135DAG7, STM32MP135F-DK, STM32MP135FAE7, STM32MP135FAF7, STM32MP135FAF7T, STM32MP135FAF7U, STM32MP135FAG7, STM32U535CBT6, STM32U535CBT6Q, STM32U535CBU6, STM32U535CBU6Q, STM32U535CCT6, STM32U535CCT6Q, STM32U535CCU6, STM32U535CCU6Q, STM32U535CET6, STM32U535CET6Q, STM32U535CEU6, STM32U535CEU6Q, STM32U535JEY6QTR, STM32U535NCY6QTR, STM32U535NEY6QTR, STM32U535RBI6, STM32U535RBI6Q, STM32U535RBT6, STM32U535RBT6Q, STM32U535RCI6, STM32U535RCI6Q, STM32U535RCT6, STM32U535RCT6Q, STM32U535REI6, STM32U535REI6Q, STM32U535RET6, STM32U535RET6Q, STM32U535VCI6, STM32U535VCI6Q, STM32U535VCT6, STM32U535VCT6Q, STM32U535VEI6, STM32U535VEI6Q, STM32U535VET6, STM32U535VET6Q, STM32U545CET6, STM32U545CET6Q, STM32U545CEU6, STM32U545CEU6Q, STM32U545JEY6QTR, STM32U545NEY6QTR, STM32U545REI6, STM32U545REI6Q, STM32U545RET6, STM32U545RET6Q, STM32U545VEI6, STM32U545VEI6Q, STM32U545VET6, STM32U545VET6Q, STM32U595AIH6, STM32U595AIH6Q, STM32U595AJH6, STM32U595AJH6Q, STM32U595QII6, STM32U595QII6Q, STM32U595QJI6, STM32U595QJI6Q, STM32U595RIT6, STM32U595RIT6Q, STM32U595RJT6, STM32U595RJT6Q, STM32U595VIT6, STM32U595VIT6Q, STM32U595VJT6, STM32U595VJT6Q, STM32U595ZIT6, STM32U595ZIT6Q, STM32U595ZIY6QTR, STM32U595ZJT6, STM32U595ZJT6Q, STM32U595ZJY6QTR, STM32U599BJY6QTR, STM32U599NIH6Q, STM32U599NJH6Q, STM32U599VIT6Q, STM32U599VJT6, STM32U599VJT6Q, STM32U599ZIT6Q, STM32U599ZIY6QTR, STM32U599ZJT6Q, STM32U599ZJY6QTR, STM32U5A5AJH6, STM32U5A5AJH6Q, STM32U5A5QJI6, STM32U5A5QJI6Q, STM32U5A5RJT6, STM32U5A5RJT6Q, STM32U5A5VJT6, STM32U5A5VJT6Q, STM32U5A5ZJT6, STM32U5A5ZJT6Q, STM32U5A5ZJY6QTR, STM32U5A9BJY6QTR, STM32U5A9J-DK, STM32U5A9NJH6Q, STM32U5A9VJT6Q, STM32U5A9ZJT6Q, STM32U5A9ZJY6QTR, STM32WB1MMCH6, STM32WBA52CEU6, STM32WBA52CEU6T, STM32WBA52CGU6, STM32WBA52CGU6T, STM32WL5MOCH6, STM32WL5MOCH6TR]
2024-09-28 23:34:03,181 [INFO] ApiDb:668 - CubeFinder database Data Model version=2.1
2024-09-28 23:34:03,182 [INFO] ApiDb:669 - CubeFinder database Configuration version=3.0.39
2024-09-28 23:34:03,182 [INFO] ApiDb:670 - CubeFinder database generation date=2024-06-20 (1718880634)
2024-09-28 23:34:03,182 [INFO] ApiDb:671 - CubeFinder database FW Pack versions=[FP-ATR-ASTRA1_V2.0.0, FP-SNS-FLIGHT1_V5.0.2, FP-SNS-MOTENV1_V5.0.0, FP-SNS-MOTENVWB1_V1.4.0, FP-SNS-SMARTAG2_V1.2.0, STM32Cube_FW_C0_V1.2.0, STM32Cube_FW_F4_V1.28.0, STM32Cube_FW_F7_V1.17.2, STM32Cube_FW_G0_V1.6.2, STM32Cube_FW_G4_V1.6.0, STM32Cube_FW_H5_V1.3.0, STM32Cube_FW_H7RS_V1.1.0, STM32Cube_FW_H7_V1.11.2, STM32Cube_FW_L0_V1.12.2, STM32Cube_FW_L5_V1.5.1, STM32Cube_FW_U0_V1.1.0, STM32Cube_FW_U5_V1.6.0, STM32Cube_FW_WB0_V1.0.0, STM32Cube_FW_WBA_V1.4.0, STM32Cube_FW_WB_V1.20.0, STM32Cube_FW_WL_V1.3.0, X-CUBE-ALGOBUILD_V1.4.0, X-CUBE-ALS_V1.0.2, X-CUBE-AZRTOS-F4_V1.1.0, X-CUBE-AZRTOS-F7_V1.1.0, X-CUBE-AZRTOS-G0_V1.1.0, X-CUBE-AZRTOS-G4_V2.0.0, X-CUBE-AZRTOS-H7RS_V1.0.0, X-CUBE-AZRTOS-H7_V3.2.0, X-CUBE-AZRTOS-L4_V2.0.0, X-CUBE-AZRTOS-L5_V1.1.0, X-CUBE-AZRTOS-WB_V2.0.0, X-CUBE-AZRTOS-WL_V2.0.0, X-CUBE-BLE1_V7.0.0, X-CUBE-BLE2_V3.3.0, X-CUBE-BLEMGR_V3.1.0, X-CUBE-EEPRMA1_V5.1.0, X-CUBE-FREERTOS_V1.2.0, X-CUBE-GNSS1_V6.0.0, X-CUBE-MEMS1_V10.0.0, X-CUBE-NFC4_V3.0.0, X-CUBE-NFC7_V1.0.1, X-CUBE-SFXS2LP1_V4.0.0, X-CUBE-SUBG2_V5.0.0, X-CUBE-TOF1_V3.4.1]
2024-09-28 23:34:03,383 [WARN] MainUpdater:1187 - Updater busy. Cannot search thirdparties
2024-09-28 23:34:03,384 [INFO] ThirdPartyUpdaterWithRetryManager:96 - Updater plugin is busy. [1/15]
2024-09-28 23:34:04,990 [INFO] ServerAccessManage:473 - Download File STMicroelectronics.X-CUBE-GNSS1.pdsc
2024-09-28 23:34:06,385 [WARN] MainUpdater:1187 - Updater busy. Cannot search thirdparties
2024-09-28 23:34:06,385 [INFO] ThirdPartyUpdaterWithRetryManager:96 - Updater plugin is busy. [2/15]
2024-09-28 23:34:07,312 [ERROR] ServerAccessManage:1089 - Problem, file not found on Server
2024-09-28 23:34:07,713 [ERROR] ServerAccessManage:1089 - Problem, file not found on Server
2024-09-28 23:34:08,086 [ERROR] ServerAccessManage:1089 - Problem, file not found on Server
2024-09-28 23:34:08,426 [ERROR] ServerAccessManage:1089 - Problem, file not found on Server
2024-09-28 23:34:08,820 [ERROR] ServerAccessManage:1089 - Problem, file not found on Server
2024-09-28 23:34:08,894 [INFO] ApiDb:240 - Found 297 in-development CPN: [B-G473E-ZEST1S, B-WB1M-WPAN1, B-WL5M-SUBG1, NUCLEO-C031C6, NUCLEO-H503RB, NUCLEO-H563ZI, NUCLEO-U545RE-Q, NUCLEO-U5A5ZJ-Q, NUCLEO-WBA52CG, STEVAL-PROTEUS1, STEVAL-STWINBX1, STM320518-EVAL, STM32C0116-DK, STM32C011D6Y3TR, STM32C011D6Y6TR, STM32C011F4P3, STM32C011F4P6, STM32C011F4U3, STM32C011F4U6TR, STM32C011F6P3, STM32C011F6P6, STM32C011F6U3, STM32C011F6U6TR, STM32C011J4M3, STM32C011J4M6, STM32C011J6M3, STM32C011J6M6, STM32C0316-DK, STM32C031C4T3, STM32C031C4T6, STM32C031C4U3, STM32C031C4U6, STM32C031C6T3, STM32C031C6T6, STM32C031C6U3, STM32C031C6U6, STM32C031F4P3, STM32C031F4P6, STM32C031F6P3, STM32C031F6P6, STM32C031G4U3, STM32C031G4U6, STM32C031G6U3, STM32C031G6U6, STM32C031K4T3, STM32C031K4T6, STM32C031K4U3, STM32C031K4U6, STM32C031K6T3, STM32C031K6T6, STM32C031K6U3, STM32C031K6U6, STM32G071K8TXN, STM32G071K8UXN, STM32G081GBU6N, STM32G081KBT6N, STM32G081KBUXN, STM32G0B1CCT6N, STM32G0B1KCT6, STM32G0B1NEY6TR, STM32G0B1RCT6N, STM32G0C1CCT6, STM32G0C1CCT6N, STM32G0C1CCU6N, STM32G0C1CET6N, STM32G0C1CEU6N, STM32G0C1KCT6, STM32G0C1NEY6TR, STM32G0C1RCI6N, STM32G0C1RCT6N, STM32G0C1REI6N, STM32G0C1RET6N, STM32G0C1VCI6, STM32G0C1VEI6, STM32G471CCT6, STM32G471CCU6, STM32G471CET3, STM32G471CET6, STM32G471CEU3, STM32G471CEU6, STM32G471MCT6, STM32G471MET3, STM32G471MET6, STM32G471MEY6TR, STM32G471QCT6, STM32G471QET3, STM32G471RCT6, STM32G471RET3, STM32G471RET6, STM32G471VCH6, STM32G471VCI6, STM32G471VCT6, STM32G471VEH3, STM32G471VEH6, STM32G471VEI3, STM32G471VEI6, STM32G471VET3, STM32G471VET6, STM32G474CCT6, STM32H503CBT6, STM32H503CBU6, STM32H503EBY6TR, STM32H503KBU6, STM32H503RBT6, STM32H562AGI6, STM32H562AII6, STM32H562IGK6, STM32H562IGT6, STM32H562IIK6, STM32H562IIT6, STM32H562RGT6, STM32H562RGV6, STM32H562RIT6, STM32H562RIV6, STM32H562VGT6, STM32H562VIT6, STM32H562ZGT6, STM32H562ZIT6, STM32H563AGI6, STM32H563AII3Q, STM32H563AII6, STM32H563IGK6, STM32H563IGT6, STM32H563IIK3Q, STM32H563IIK6, STM32H563IIT3Q, STM32H563IIT6, STM32H563MIY3QTR, STM32H563RGT6, STM32H563RGV6, STM32H563RIT6, STM32H563RIV6, STM32H563VGT6, STM32H563VIT3Q, STM32H563VIT6, STM32H563ZGT6, STM32H563ZIT3Q, STM32H563ZIT6, STM32H573AII3Q, STM32H573AII6, STM32H573I-DK, STM32H573IIK3Q, STM32H573IIK6, STM32H573IIT3Q, STM32H573IIT6, STM32H573MIY3QTR, STM32H573RIT6, STM32H573RIV6, STM32H573VIT3Q, STM32H573VIT6, STM32H573ZIT3Q, STM32H573ZIT6, STM32L4R5QGI6STR, STM32MP131AAE3, STM32MP131AAF3, STM32MP131AAG3, STM32MP131CAE3, STM32MP131CAF3, STM32MP131CAG3, STM32MP131DAE7, STM32MP131DAF7, STM32MP131DAG7, STM32MP131FAE7, STM32MP131FAF7, STM32MP131FAG7, STM32MP133AAE3, STM32MP133AAF3, STM32MP133AAG3, STM32MP133CAE3, STM32MP133CAF3, STM32MP133CAG3, STM32MP133DAE7, STM32MP133DAF7, STM32MP133DAG7, STM32MP133FAE7, STM32MP133FAF7, STM32MP133FAG7, STM32MP135AAE3, STM32MP135AAF3, STM32MP135AAG3, STM32MP135CAE3, STM32MP135CAF3, STM32MP135CAG3, STM32MP135DAE7, STM32MP135DAF7, STM32MP135DAG7, STM32MP135F-DK, STM32MP135FAE7, STM32MP135FAF7, STM32MP135FAF7T, STM32MP135FAF7U, STM32MP135FAG7, STM32U535CBT6, STM32U535CBT6Q, STM32U535CBU6, STM32U535CBU6Q, STM32U535CCT6, STM32U535CCT6Q, STM32U535CCU6, STM32U535CCU6Q, STM32U535CET6, STM32U535CET6Q, STM32U535CEU6, STM32U535CEU6Q, STM32U535JEY6QTR, STM32U535NCY6QTR, STM32U535NEY6QTR, STM32U535RBI6, STM32U535RBI6Q, STM32U535RBT6, STM32U535RBT6Q, STM32U535RCI6, STM32U535RCI6Q, STM32U535RCT6, STM32U535RCT6Q, STM32U535REI6, STM32U535REI6Q, STM32U535RET6, STM32U535RET6Q, STM32U535VCI6, STM32U535VCI6Q, STM32U535VCT6, STM32U535VCT6Q, STM32U535VEI6, STM32U535VEI6Q, STM32U535VET6, STM32U535VET6Q, STM32U545CET6, STM32U545CET6Q, STM32U545CEU6, STM32U545CEU6Q, STM32U545JEY6QTR, STM32U545NEY6QTR, STM32U545REI6, STM32U545REI6Q, STM32U545RET6, STM32U545RET6Q, STM32U545VEI6, STM32U545VEI6Q, STM32U545VET6, STM32U545VET6Q, STM32U595AIH6, STM32U595AIH6Q, STM32U595AJH6, STM32U595AJH6Q, STM32U595QII6, STM32U595QII6Q, STM32U595QJI6, STM32U595QJI6Q, STM32U595RIT6, STM32U595RIT6Q, STM32U595RJT6, STM32U595RJT6Q, STM32U595VIT6, STM32U595VIT6Q, STM32U595VJT6, STM32U595VJT6Q, STM32U595ZIT6, STM32U595ZIT6Q, STM32U595ZIY6QTR, STM32U595ZJT6, STM32U595ZJT6Q, STM32U595ZJY6QTR, STM32U599BJY6QTR, STM32U599NIH6Q, STM32U599NJH6Q, STM32U599VIT6Q, STM32U599VJT6, STM32U599VJT6Q, STM32U599ZIT6Q, STM32U599ZIY6QTR, STM32U599ZJT6Q, STM32U599ZJY6QTR, STM32U5A5AJH6, STM32U5A5AJH6Q, STM32U5A5QJI6, STM32U5A5QJI6Q, STM32U5A5RJT6, STM32U5A5RJT6Q, STM32U5A5VJT6, STM32U5A5VJT6Q, STM32U5A5ZJT6, STM32U5A5ZJT6Q, STM32U5A5ZJY6QTR, STM32U5A9BJY6QTR, STM32U5A9J-DK, STM32U5A9NJH6Q, STM32U5A9VJT6Q, STM32U5A9ZJT6Q, STM32U5A9ZJY6QTR, STM32WB1MMCH6, STM32WBA52CEU6, STM32WBA52CEU6T, STM32WBA52CGU6, STM32WBA52CGU6T, STM32WL5MOCH6, STM32WL5MOCH6TR]
2024-09-28 23:34:08,925 [INFO] DbMcus:216 - Found 4179 MCUs, 4179 are supported
2024-09-28 23:34:08,948 [INFO] ApiDb:423 - Load user favorites file /home/ziad/.stm32cubeide/favorites.mcus.txt: 2 item(s)
2024-09-28 23:34:08,949 [INFO] ApiDb:427 - User favorites MCUs=[STM32F103C8T6, STM32F401RCT6]
2024-09-28 23:34:08,949 [INFO] DbMcus:222 - Set 2 / 2 favorites MCUs
2024-09-28 23:34:09,193 [ERROR] ServerAccessManage:1089 - Problem, file not found on Server
2024-09-28 23:34:09,386 [WARN] MainUpdater:1187 - Updater busy. Cannot search thirdparties
2024-09-28 23:34:09,387 [INFO] ThirdPartyUpdaterWithRetryManager:96 - Updater plugin is busy. [3/15]
2024-09-28 23:34:09,462 [INFO] ServerAccessManage:473 - Download File STMicroelectronics.X-CUBE-ISPU.pdsc
2024-09-28 23:34:10,825 [INFO] ServerAccessManage:473 - Download File STMicroelectronics.X-CUBE-NFC9.pdsc
2024-09-28 23:34:11,113 [INFO] BoardInfo:880 - No configuration file found for board NUCLEO-H533RE
2024-09-28 23:34:11,116 [INFO] DbBoards:157 - Board is not supported: NUCLEO-H533RE
2024-09-28 23:34:11,146 [INFO] BoardInfo:880 - No configuration file found for board NUCLEO-H7S3L8
2024-09-28 23:34:11,147 [INFO] DbBoards:157 - Board is not supported: NUCLEO-H7S3L8
2024-09-28 23:34:11,194 [INFO] BoardInfo:880 - No configuration file found for board NUCLEO-U031R8
2024-09-28 23:34:11,195 [INFO] DbBoards:157 - Board is not supported: NUCLEO-U031R8
2024-09-28 23:34:11,196 [INFO] BoardInfo:880 - No configuration file found for board NUCLEO-U083RC
2024-09-28 23:34:11,196 [INFO] DbBoards:157 - Board is not supported: NUCLEO-U083RC
2024-09-28 23:34:11,205 [INFO] BoardInfo:880 - No configuration file found for board NUCLEO-WBA55CG
2024-09-28 23:34:11,206 [INFO] DbBoards:157 - Board is not supported: NUCLEO-WBA55CG
2024-09-28 23:34:11,211 [INFO] BoardInfo:880 - No configuration file found for board P-NUCLEO-WB55
2024-09-28 23:34:11,211 [INFO] DbBoards:157 - Kit is not supported: P-NUCLEO-WB55
2024-09-28 23:34:11,215 [INFO] BoardInfo:880 - No configuration file found for board STEVAL-BFA001V1B
2024-09-28 23:34:11,216 [INFO] DbBoards:157 - Kit is not supported: STEVAL-BFA001V1B
2024-09-28 23:34:11,217 [INFO] BoardInfo:880 - No configuration file found for board STEVAL-BFA001V2B
2024-09-28 23:34:11,217 [INFO] DbBoards:157 - Kit is not supported: STEVAL-BFA001V2B
2024-09-28 23:34:11,223 [INFO] BoardInfo:880 - No configuration file found for board STEVAL-MKBOXPRO
2024-09-28 23:34:11,223 [INFO] DbBoards:157 - Board is not supported: STEVAL-MKBOXPRO
2024-09-28 23:34:11,232 [INFO] BoardInfo:880 - No configuration file found for board STEVAL-SMARTAG2
2024-09-28 23:34:11,233 [INFO] DbBoards:157 - Board is not supported: STEVAL-SMARTAG2
2024-09-28 23:34:11,391 [INFO] ServerAccessManage:473 - Download File STMicroelectronics.X-CUBE-NFC10.pdsc
2024-09-28 23:34:11,411 [INFO] BoardInfo:880 - No configuration file found for board STM32H7S78-DK
2024-09-28 23:34:11,411 [INFO] DbBoards:157 - Board is not supported: STM32H7S78-DK
2024-09-28 23:34:11,506 [INFO] BoardInfo:880 - No configuration file found for board STM32U083C-DK
2024-09-28 23:34:11,509 [INFO] DbBoards:157 - Board is not supported: STM32U083C-DK
2024-09-28 23:34:11,522 [INFO] BoardInfo:880 - No configuration file found for board STM32U5G9J-DK1
2024-09-28 23:34:11,522 [INFO] DbBoards:157 - Board is not supported: STM32U5G9J-DK1
2024-09-28 23:34:11,527 [INFO] BoardInfo:880 - No configuration file found for board STM32U5G9J-DK2
2024-09-28 23:34:11,528 [INFO] DbBoards:157 - Board is not supported: STM32U5G9J-DK2
2024-09-28 23:34:11,534 [INFO] BoardInfo:880 - No configuration file found for board STM32WBA55G-DK1
2024-09-28 23:34:11,535 [INFO] DbBoards:157 - Board is not supported: STM32WBA55G-DK1
2024-09-28 23:34:11,535 [INFO] DbBoards:161 - Found 195 boards, 180 are supported
2024-09-28 23:34:11,545 [INFO] ApiDb:423 - Load user favorites file /home/ziad/.stm32cubeide/favorites.boards.txt: 1 item(s)
2024-09-28 23:34:11,546 [INFO] ApiDb:427 - User favorites Boards=[STM32F401C-DISCO]
2024-09-28 23:34:11,547 [INFO] DbBoards:190 - Set 1 / 1 favorites Boards
2024-09-28 23:34:11,550 [INFO] McuFinderGlobals:66 - Set McuFinderConnectedMode to false
2024-09-28 23:34:11,583 [INFO] MultiScanPanel:200 - Auto-refresh data requested => check proxy status ongoing
2024-09-28 23:34:11,583 [INFO] MultiScanPanel:204 - Proxy status is invalid
2024-09-28 23:34:11,588 [INFO] FinderPluginLoader:95 - Searching for filters in installed packs
2024-09-28 23:34:12,273 [INFO] ServerAccessManage:473 - Download File STMicroelectronics.X-CUBE-TOUCHGFX.pdsc
2024-09-28 23:34:12,390 [WARN] MainUpdater:1187 - Updater busy. Cannot search thirdparties
2024-09-28 23:34:12,391 [INFO] ThirdPartyUpdaterWithRetryManager:96 - Updater plugin is busy. [4/15]
2024-09-28 23:34:15,398 [WARN] MainUpdater:1187 - Updater busy. Cannot search thirdparties
2024-09-28 23:34:15,400 [INFO] ThirdPartyUpdaterWithRetryManager:96 - Updater plugin is busy. [5/15]
2024-09-28 23:34:15,955 [WARN] DetailPanel:346 - Failed to get advertising image, set to default
2024-09-28 23:34:18,401 [WARN] MainUpdater:1187 - Updater busy. Cannot search thirdparties
2024-09-28 23:34:18,401 [INFO] ThirdPartyUpdaterWithRetryManager:96 - Updater plugin is busy. [6/15]
2024-09-28 23:34:18,755 [WARN] PackLoader:240 - Cannot read IP mode file for STMicroelectronics.X-CUBE-GNSS1.7.0.0
2024-09-28 23:34:18,775 [WARN] PackLoader:240 - Cannot read IP mode file for STMicroelectronics.X-CUBE-ISPU.2.1.0
2024-09-28 23:34:18,811 [WARN] PackLoader:240 - Cannot read IP mode file for STMicroelectronics.X-CUBE-NFC9.1.0.0
2024-09-28 23:34:18,866 [WARN] PackLoader:240 - Cannot read IP mode file for STMicroelectronics.X-CUBE-NFC10.1.0.0
2024-09-28 23:34:18,883 [WARN] PackLoader:240 - Cannot read IP mode file for STMicroelectronics.X-CUBE-TOUCHGFX.4.24.1
2024-09-28 23:34:18,884 [INFO] PopulateThirdPartyThread:66 - Ending populate Thread
2024-09-28 23:34:18,899 [INFO] ThirdParty:1030 - CMSIS Pack Vendor :STMicroelectronics X-CUBE-GNSS1 7.0.0
2024-09-28 23:34:18,900 [INFO] ThirdParty:1030 - CMSIS Pack Vendor :STMicroelectronics X-CUBE-NFC9 1.0.0
2024-09-28 23:34:18,900 [INFO] ThirdParty:1030 - CMSIS Pack Vendor :STMicroelectronics X-CUBE-NFC10 1.0.0
2024-09-28 23:34:18,900 [INFO] ThirdParty:1030 - CMSIS Pack Vendor :STMicroelectronics X-CUBE-TOUCHGFX 4.24.1
2024-09-28 23:34:18,900 [INFO] ThirdParty:1030 - CMSIS Pack Vendor :STMicroelectronics X-CUBE-ISPU 2.1.0
2024-09-28 23:34:18,901 [INFO] LoadServerUpdatesThread:373 - End of LoadServerUpdate Thread
2024-09-28 23:34:18,961 [INFO] CheckServerUpdateThread:120 - End of CheckServer Thread
2024-09-28 23:34:22,174 [WARN] PackLoader:240 - Cannot read IP mode file for STMicroelectronics.X-CUBE-TOUCHGFX.4.23.2
2024-09-28 23:34:22,253 [WARN] PackLoader:240 - Cannot read IP mode file for STMicroelectronics.X-CUBE-AZRTOS-F7.1.1.0
2024-09-28 23:34:22,586 [WARN] PackLoader:240 - Cannot read IP mode file for STMicroelectronics.X-CUBE-MEMS1.11.0.0
2024-09-28 23:34:23,184 [WARN] PackLoader:240 - Cannot read IP mode file for STMicroelectronics.X-CUBE-DISPLAY.3.0.0
2024-09-28 23:34:23,198 [WARN] PackLoader:240 - Cannot read IP mode file for STMicroelectronics.X-CUBE-NFC10.1.0.0
2024-09-28 23:34:23,208 [WARN] PackLoader:240 - Cannot read IP mode file for emotas.I-CUBE-CANOPEN.1.3.0
2024-09-28 23:34:23,241 [INFO] LogOutputStream:77 - [STDOUT_REDIRECT] 1 : Invalid condition id : UX_CORESTACK_Condition cause : null
2024-09-28 23:34:23,242 [INFO] LogOutputStream:77 - [STDOUT_REDIRECT] 1 : Invalid condition id : UX_CORESTACK_Condition cause : null
2024-09-28 23:34:23,242 [INFO] LogOutputStream:77 - [STDOUT_REDIRECT] 1 : Invalid condition id : UX_CORESTACK_Condition cause : null
2024-09-28 23:34:23,245 [INFO] LogOutputStream:77 - [STDOUT_REDIRECT] 1 : Invalid condition id : UX_CORESTACK_Condition cause : null
2024-09-28 23:34:23,246 [INFO] LogOutputStream:77 - [STDOUT_REDIRECT] 1 : Invalid condition id : UX_CORESTACK_Condition cause : null
2024-09-28 23:34:23,254 [WARN] PackLoader:240 - Cannot read IP mode file for STMicroelectronics.X-CUBE-AZRTOS-WL.2.0.0
2024-09-28 23:34:23,270 [WARN] PackLoader:240 - Cannot read IP mode file for wolfSSL.I-CUBE-wolfMQTT.1.19.0
2024-09-28 23:34:23,293 [WARN] PackLoader:240 - Cannot read IP mode file for WES.I-CUBE-Cesium.1.3.0
2024-09-28 23:34:23,313 [WARN] PackLoader:240 - Cannot read IP mode file for STMicroelectronics.X-CUBE-BLE2.3.3.0
2024-09-28 23:34:23,325 [WARN] PackLoader:240 - Cannot read IP mode file for STMicroelectronics.X-CUBE-NFC9.1.0.0
2024-09-28 23:34:23,447 [WARN] PackLoader:240 - Cannot read IP mode file for STMicroelectronics.X-CUBE-AZRTOS-G0.1.1.0
2024-09-28 23:34:23,472 [WARN] PackLoader:240 - Cannot read IP mode file for STMicroelectronics.X-CUBE-NFC4.3.0.0
2024-09-28 23:34:23,487 [ERROR] Engine:466 - /home/ziad/.stm32cubemx/thirdparties/pdsc/EmbeddedOffice.I-CUBE-FS-RTOS.1.0.1.pdsc: PDSC version is not supported
2024-09-28 23:34:23,502 [ERROR] Engine:466 - /home/ziad/.stm32cubemx/thirdparties/pdsc/RealThread.X-CUBE-RT-Thread_Nano.4.1.1.pdsc: PDSC version is not supported
2024-09-28 23:34:23,507 [WARN] PackLoader:240 - Cannot read IP mode file for wolfSSL.I-CUBE-wolfSSL.5.7.0
2024-09-28 23:34:23,516 [WARN] PackLoader:240 - Cannot read IP mode file for STMicroelectronics.FP-ATR-SIGFOX1.3.2.0
2024-09-28 23:34:23,523 [WARN] PackLoader:240 - Cannot read IP mode file for ITTIA_DB.I-CUBE-ITTIADB.8.9.0
2024-09-28 23:34:23,596 [WARN] PackLoader:240 - Cannot read IP mode file for SEGGER.I-CUBE-embOS.1.3.1
2024-09-28 23:34:23,716 [WARN] PackLoader:240 - Cannot read IP mode file for STMicroelectronics.X-CUBE-GNSS1.6.0.0
2024-09-28 23:34:23,809 [WARN] PackLoader:240 - Cannot read IP mode file for STMicroelectronics.X-CUBE-AZRTOS-F4.1.1.0
2024-09-28 23:34:23,839 [WARN] PackLoader:240 - Cannot read IP mode file for STMicroelectronics.X-CUBE-ISPU.2.1.0
2024-09-28 23:34:23,879 [WARN] PackLoader:240 - Cannot read IP mode file for STMicroelectronics.X-CUBE-AZRTOS-L5.2.0.0
2024-09-28 23:34:23,890 [ERROR] Engine:466 - /home/ziad/.stm32cubemx/thirdparties/pdsc/STMicroelectronics.X-CUBE-DPower.1.2.0.pdsc: PDSC version is not supported
2024-09-28 23:34:23,908 [WARN] PackLoader:240 - Cannot read IP mode file for wolfSSL.I-CUBE-wolfTPM.3.2.0
2024-09-28 23:34:23,968 [WARN] ConditionMgr:438 - getConditionDescription Invalid condition id : LAN8742 Phy interface Condition cause : null
2024-09-28 23:34:23,969 [WARN] PackLoader:240 - Cannot read IP mode file for STMicroelectronics.X-CUBE-AZRTOS-L4.2.0.0
2024-09-28 23:34:23,971 [WARN] ConditionMgr:1039 - genDependencies : Invalid condition id : LAN8742 Phy interface Condition cause : null
2024-09-28 23:34:23,972 [WARN] ConditionMgr:1039 - genDependencies : Invalid condition id : LAN8742 Phy interface Condition cause : null
2024-09-28 23:34:23,982 [WARN] ConditionMgr:1039 - genDependencies : Invalid condition id : LAN8742 Phy interface Condition cause : null
2024-09-28 23:34:24,000 [WARN] PackLoader:240 - Cannot read IP mode file for STMicroelectronics.X-CUBE-SFXS2LP1.4.0.0
2024-09-28 23:34:24,065 [WARN] PackLoader:240 - Cannot read IP mode file for STMicroelectronics.X-CUBE-AZRTOS-H7.3.3.0
2024-09-28 23:34:24,133 [WARN] ConditionMgr:438 - getConditionDescription Invalid condition id : UX DEVICE CLASS RTOS Condition cause : null
2024-09-28 23:34:24,133 [WARN] ConditionMgr:438 - getConditionDescription Invalid condition id : UX DEVICE CLASS RTOS Condition cause : null
2024-09-28 23:34:24,147 [WARN] PackLoader:240 - Cannot read IP mode file for STMicroelectronics.X-CUBE-AZRTOS-WB.2.0.0
2024-09-28 23:34:24,150 [WARN] ConditionMgr:1039 - genDependencies : Invalid condition id : UX DEVICE CLASS RTOS Condition cause : null
2024-09-28 23:34:24,151 [WARN] ConditionMgr:1039 - genDependencies : Invalid condition id : UX DEVICE CLASS RTOS Condition cause : null
2024-09-28 23:34:24,153 [WARN] ConditionMgr:1039 - genDependencies : Invalid condition id : UX DEVICE CLASS RTOS Condition cause : null
2024-09-28 23:34:24,154 [WARN] ConditionMgr:1039 - genDependencies : Invalid condition id : UX DEVICE CLASS RTOS Condition cause : null
2024-09-28 23:34:24,154 [WARN] ConditionMgr:1039 - genDependencies : Invalid condition id : UX DEVICE CLASS RTOS Condition cause : null
2024-09-28 23:34:24,176 [WARN] PackLoader:240 - Cannot read IP mode file for STMicroelectronics.X-CUBE-GNSS1.7.0.0
2024-09-28 23:34:24,209 [ERROR] Engine:466 - /home/ziad/.stm32cubemx/thirdparties/pdsc/STMicroelectronics.FP-SNS-STBOX1.2.0.0.pdsc: PDSC version is not supported
2024-09-28 23:34:24,253 [WARN] PackLoader:240 - Cannot read IP mode file for STMicroelectronics.X-CUBE-SUBG2.5.0.0
2024-09-28 23:34:24,336 [WARN] PackLoader:240 - Cannot read IP mode file for Cesanta.I-CUBE-Mongoose.7.13.0
2024-09-28 23:34:24,404 [WARN] PackLoader:240 - Cannot read IP mode file for STMicroelectronics.X-CUBE-AZRTOS-G4.2.0.0
2024-09-28 23:34:24,420 [WARN] PackLoader:240 - Cannot read IP mode file for STMicroelectronics.X-CUBE-ISPU.2.0.0
2024-09-28 23:34:24,505 [WARN] PackLoader:240 - Cannot read IP mode file for STMicroelectronics.X-CUBE-MEMS1.10.0.0
2024-09-28 23:34:25,050 [WARN] PackLoader:240 - Cannot read IP mode file for STMicroelectronics.X-CUBE-TOUCHGFX.4.24.0
2024-09-28 23:34:25,054 [WARN] PackLoader:240 - Cannot read IP mode file for STMicroelectronics.X-CUBE-TOUCHGFX.4.24.1
2024-09-28 23:34:25,071 [WARN] PackLoader:240 - Cannot read IP mode file for portGmbH.I-Cube-SoM-uGOAL.1.1.0
2024-09-28 23:34:25,181 [WARN] PackLoader:240 - Cannot read IP mode file for STMicroelectronics.X-CUBE-AZRTOS-H7RS.1.0.0
2024-09-28 23:34:25,251 [ERROR] Engine:466 - /home/ziad/.stm32cubemx/thirdparties/pdsc/STMicroelectronics.X-CUBE-TOF1.3.4.2.pdsc: PDSC version is not supported
2024-09-28 23:34:25,345 [WARN] PackLoader:240 - Cannot read IP mode file for STMicroelectronics.X-CUBE-TOF1.3.4.1
2024-09-28 23:34:25,541 [WARN] PackLoader:240 - Cannot read IP mode file for STMicroelectronics.X-CUBE-AZRTOS-H7.3.2.0
2024-09-28 23:34:25,594 [WARN] PackLoader:240 - Cannot read IP mode file for Infineon.AIROC-Wi-Fi-Bluetooth-STM32.1.6.0
2024-09-28 23:34:25,617 [WARN] PackLoader:240 - Cannot read IP mode file for wolfSSL.I-CUBE-wolfSSH.1.4.17
2024-09-28 23:34:25,618 [INFO] ThirdParty:978 - Integrity check success = true
2024-09-28 23:34:25,618 [INFO] IntegrityCheckThread:100 - exiting critical section [integrity check]
2024-09-28 23:34:25,618 [INFO] IntegrityCheckThread:103 - End integrity checks thread
2024-09-28 23:40:32,633 [INFO] McuFinderGlobals:66 - Set McuFinderConnectedMode to true
2024-09-28 23:40:33,159 [INFO] ApiDb:448 - Save user favorites file /home/ziad/.stm32cubeide/favorites.mcus.txt: 2 item(s)
2024-09-28 23:40:33,159 [INFO] ApiDb:452 - User favorites MCUs=[STM32F103C8T6, STM32F401RCT6]
