2025-04-01 01:54:34,423 [INFO] Activator:176 - 


2025-04-01 01:54:34,425 [INFO] Activator:177 - !SESSION log4j initialized
2025-04-01 01:54:34,574 [ERROR] LogOutputStream:75 - [STDERR_REDIRECT] SWT Webkit: Warning, You are using an old version of webkitgtk. (pre 2.4) BrowserFunction functionality will not be available
2025-04-01 01:54:34,576 [ERROR] LogOutputStream:75 - [STDERR_REDIRECT] SWT WebKit: error initializing DBus server, dBusServer == 0
2025-04-01 01:54:37,319 [INFO] LogOutputStream:77 - [STDOUT_REDIRECT] 
2025-04-01 01:54:58,470 [ERROR] LogOutputStream:75 - [STDERR_REDIRECT] SLF4J: Failed to load class "org.slf4j.impl.StaticLoggerBinder".
2025-04-01 01:54:58,471 [ERROR] LogOutputStream:75 - [STDERR_REDIRECT] SLF4J: Defaulting to no-operation (NOP) logger implementation
2025-04-01 01:54:58,471 [ERROR] LogOutputStream:75 - [STDERR_REDIRECT] SLF4J: See http://www.slf4j.org/codes.html#StaticLoggerBinder for further details.
2025-04-01 01:55:05,928 [INFO] ApplicationProperties:184 - Using Application install path: /app/stm32cubeide/plugins/com.st.stm32cube.common.mx_6.8.0.202302231600
2025-04-01 01:55:05,958 [INFO] DbMcusXml:78 - Set database path to: /app/stm32cubeide/plugins/com.st.stm32cube.common.mx_6.8.0.202302231600//db//mcu/
2025-04-01 01:55:05,959 [INFO] ApiDb:274 - Set plugin database path to: /app/stm32cubeide/plugins/com.st.stm32cube.common.mx_6.8.0.202302231600//db//plugins/boardmanager/
2025-04-01 01:55:05,963 [WARN] ApiDb:259 - Overriding images path with different value:  => /app/stm32cubeide/plugins/com.st.stm32cube.common.mx_6.8.0.202302231600//db//plugins/mcufinder/images/
2025-04-01 01:55:05,987 [INFO] ApiDb:250 - Set database path to: /home/ziad/.stmcufinder/plugins/mcufinder//mcu/
2025-04-01 01:55:05,990 [INFO] DbMcusAds:125 - Set database path to: /home/ziad/.stmcufinder/plugins/mcufinder//mcu/
2025-04-01 01:55:05,998 [INFO] CrossReferenceDbSqlite:203 - Set database path to: /home/ziad/.stmcufinder/plugins/mcufinder//mcu/cs/
2025-04-01 01:55:06,150 [INFO] RulesReader:64 - Compatibility file has been processed (293 Rules)
2025-04-01 01:55:06,246 [INFO] DbMcusXml:78 - Set database path to: /app/stm32cubeide/plugins/com.st.stm32cube.common.mx_6.8.0.202302231600//db//mcu/
2025-04-01 01:55:06,246 [INFO] ApiDb:274 - Set plugin database path to: /app/stm32cubeide/plugins/com.st.stm32cube.common.mx_6.8.0.202302231600//db//plugins/boardmanager/
2025-04-01 01:55:06,247 [INFO] ApiDb:261 - Set plugin images path to: /app/stm32cubeide/plugins/com.st.stm32cube.common.mx_6.8.0.202302231600//db//plugins/mcufinder/images/
2025-04-01 01:55:06,247 [WARN] DbFile:41 - Overriding database path with different value: /home/ziad/.stmcufinder/plugins/mcufinder/ => /home/ziad/.stmcufinder/plugins/mcufinder
2025-04-01 01:55:06,247 [INFO] ApiDb:250 - Set database path to: /home/ziad/.stmcufinder/plugins/mcufinder//mcu/
2025-04-01 01:55:06,248 [WARN] DbFile:41 - Overriding database path with different value: /home/ziad/.stmcufinder/plugins/mcufinder/ => /home/ziad/.stmcufinder/plugins/mcufinder
2025-04-01 01:55:06,248 [INFO] DbMcusAds:125 - Set database path to: /home/ziad/.stmcufinder/plugins/mcufinder//mcu/
2025-04-01 01:55:06,248 [WARN] DbFile:41 - Overriding database path with different value: /home/ziad/.stmcufinder/plugins/mcufinder/ => /home/ziad/.stmcufinder/plugins/mcufinder
2025-04-01 01:55:06,248 [WARN] DbFile:41 - Overriding database path with different value: /home/ziad/.stmcufinder/plugins/mcufinder/ => /home/ziad/.stmcufinder/plugins/mcufinder
2025-04-01 01:55:06,248 [INFO] CrossReferenceDbSqlite:203 - Set database path to: /home/ziad/.stmcufinder/plugins/mcufinder//mcu/cs/
2025-04-01 01:55:06,359 [INFO] MainPanel:253 - HeapMemory: 300941312
2025-04-01 01:55:06,515 [INFO] DbMcusXml:78 - Set database path to: /app/stm32cubeide/plugins/com.st.stm32cube.common.mx_6.8.0.202302231600//db//mcu/
2025-04-01 01:55:06,516 [INFO] ApiDb:274 - Set plugin database path to: /app/stm32cubeide/plugins/com.st.stm32cube.common.mx_6.8.0.202302231600//db//plugins/boardmanager/
2025-04-01 01:55:06,516 [INFO] ApiDb:261 - Set plugin images path to: /app/stm32cubeide/plugins/com.st.stm32cube.common.mx_6.8.0.202302231600//db//plugins/mcufinder/images/
2025-04-01 01:55:06,516 [WARN] DbFile:41 - Overriding database path with different value: /home/ziad/.stmcufinder/plugins/mcufinder/ => /home/ziad/.stmcufinder/plugins/mcufinder
2025-04-01 01:55:06,517 [INFO] ApiDb:250 - Set database path to: /home/ziad/.stmcufinder/plugins/mcufinder//mcu/
2025-04-01 01:55:06,517 [WARN] DbFile:41 - Overriding database path with different value: /home/ziad/.stmcufinder/plugins/mcufinder/ => /home/ziad/.stmcufinder/plugins/mcufinder
2025-04-01 01:55:06,517 [INFO] DbMcusAds:125 - Set database path to: /home/ziad/.stmcufinder/plugins/mcufinder//mcu/
2025-04-01 01:55:06,517 [WARN] DbFile:41 - Overriding database path with different value: /home/ziad/.stmcufinder/plugins/mcufinder/ => /home/ziad/.stmcufinder/plugins/mcufinder
2025-04-01 01:55:06,517 [WARN] DbFile:41 - Overriding database path with different value: /home/ziad/.stmcufinder/plugins/mcufinder/ => /home/ziad/.stmcufinder/plugins/mcufinder
2025-04-01 01:55:06,517 [INFO] CrossReferenceDbSqlite:203 - Set database path to: /home/ziad/.stmcufinder/plugins/mcufinder//mcu/cs/
2025-04-01 01:55:06,549 [INFO] ApplicationProperties:184 - Using Application install path: /app/stm32cubeide/plugins/com.st.stm32cube.common.mx_6.8.0.202302231600
2025-04-01 01:55:06,552 [INFO] PluginManage:196 - Search for loadable plugins [exclusion list=, ]
2025-04-01 01:55:06,555 [INFO] PluginManage:310 - Check plugin analytics
2025-04-01 01:55:06,793 [INFO] AnalyticsPlugin:253 - Accepted Software Licenses: 
2025-04-01 01:55:06,794 [INFO] AnalyticsPlugin:255 - Accepted CMSIS Pack Licenses: 
2025-04-01 01:55:06,794 [INFO] AnalyticsPlugin:257 - Accepted Firmware Licenses: 
2025-04-01 01:55:06,804 [INFO] PluginManage:359 - Loaded plugin analytics (category:tool,tabindex:-1)
2025-04-01 01:55:06,804 [INFO] PluginManage:310 - Check plugin cadmodel
2025-04-01 01:55:06,857 [INFO] CADModel:105 - Init CAD model plugin
2025-04-01 01:55:06,858 [INFO] PluginManage:359 - Loaded plugin cadmodel (category:power,tabindex:5)
2025-04-01 01:55:06,858 [INFO] PluginManage:310 - Check plugin clock
2025-04-01 01:55:06,871 [INFO] PluginManage:359 - Loaded plugin clock (category:base,tabindex:2)
2025-04-01 01:55:06,871 [INFO] PluginManage:310 - Check plugin ddr
2025-04-01 01:55:06,875 [INFO] PluginManage:359 - Loaded plugin ddr (category:tool,tabindex:6)
2025-04-01 01:55:06,875 [INFO] PluginManage:310 - Check plugin filemanager
2025-04-01 01:55:07,055 [INFO] PluginManage:359 - Loaded plugin filemanager (category:base,tabindex:10)
2025-04-01 01:55:07,055 [INFO] PluginManage:310 - Check plugin ipmanager
2025-04-01 01:55:07,063 [INFO] PluginManage:359 - Loaded plugin ipmanager (category:base,tabindex:5)
2025-04-01 01:55:07,063 [INFO] PluginManage:310 - Check plugin lpbam
2025-04-01 01:55:07,080 [INFO] PluginManage:359 - Loaded plugin lpbam (category:base,tabindex:0)
2025-04-01 01:55:07,080 [INFO] PluginManage:310 - Check plugin pinoutandconfiguration
2025-04-01 01:55:07,092 [INFO] PluginManage:359 - Loaded plugin pinoutandconfiguration (category:base,tabindex:1)
2025-04-01 01:55:07,092 [INFO] PluginManage:310 - Check plugin pinoutconfig
2025-04-01 01:55:07,201 [WARN] SupportedApi:132 - Cannot load RTOS API schema: s4s-elt-must-match.1: The content of 'definitions' must match (annotation?, (simpleType | complexType)?, (unique | key | keyref)*)). A problem was found starting at: attribute.
2025-04-01 01:55:07,386 [INFO] PluginManage:359 - Loaded plugin pinoutconfig (category:base,tabindex:0)
2025-04-01 01:55:07,386 [INFO] PluginManage:310 - Check plugin power
2025-04-01 01:55:07,401 [INFO] PluginManage:359 - Loaded plugin power (category:power,tabindex:4)
2025-04-01 01:55:07,401 [INFO] PluginManage:310 - Check plugin projectmanager
2025-04-01 01:55:07,423 [INFO] PluginManage:359 - Loaded plugin projectmanager (category:projectmanager,tabindex:3)
2025-04-01 01:55:07,423 [INFO] PluginManage:310 - Check plugin thirdparty
2025-04-01 01:55:07,594 [INFO] PluginManage:359 - Loaded plugin thirdparty (category:base,tabindex:-1)
2025-04-01 01:55:07,594 [INFO] PluginManage:310 - Check plugin tools
2025-04-01 01:55:07,595 [WARN] IntegrityCheckThread:84 - waiting for thirdparty lock release [integrity check]
2025-04-01 01:55:07,595 [INFO] IntegrityCheckThread:86 - entering critical section [integrity check]
2025-04-01 01:55:07,598 [INFO] ThirdPartyUpdaterWithRetryManager:70 - Updater plugin not ready yet. [1/15]
2025-04-01 01:55:07,599 [INFO] PluginManage:359 - Loaded plugin tools (category:base,tabindex:7)
2025-04-01 01:55:07,600 [INFO] PluginManage:310 - Check plugin tutovideos
2025-04-01 01:55:07,912 [INFO] PluginManage:359 - Loaded plugin tutovideos (category:base,tabindex:-1)
2025-04-01 01:55:07,913 [INFO] PluginManage:310 - Check plugin updater
2025-04-01 01:55:07,968 [INFO] PluginManage:359 - Loaded plugin updater (category:base,tabindex:12)
2025-04-01 01:55:07,972 [INFO] PluginManage:283 - PluginManage : Loaded plugins [15]
2025-04-01 01:55:08,359 [INFO] PinOutPanel:1499 - setPackage(No Configuration,No Configuration)
2025-04-01 01:55:08,432 [INFO] CADModel:165 - CPN selected for project level
2025-04-01 01:55:08,433 [INFO] CADModel:114 - Register for checkConnection events
2025-04-01 01:55:08,446 [INFO] IPUIPlugin:80 - create IPUIPlugin
2025-04-01 01:55:08,447 [INFO] PluginManager:220 - loadIPPluginJar : add dfsdm
2025-04-01 01:55:08,449 [INFO] IPUIPlugin:80 - create IPUIPlugin
2025-04-01 01:55:08,449 [INFO] PluginManager:220 - loadIPPluginJar : add fatfs
2025-04-01 01:55:08,452 [INFO] IPUIPlugin:80 - create IPUIPlugin
2025-04-01 01:55:08,452 [INFO] PluginManager:220 - loadIPPluginJar : add tracer_emb
2025-04-01 01:55:08,458 [INFO] IPUIPlugin:80 - create IPUIPlugin
2025-04-01 01:55:08,459 [INFO] PluginManager:220 - loadIPPluginJar : add hash
2025-04-01 01:55:08,464 [INFO] IPUIPlugin:80 - create IPUIPlugin
2025-04-01 01:55:08,464 [INFO] PluginManager:220 - loadIPPluginJar : add opamp
2025-04-01 01:55:08,466 [INFO] IPUIPlugin:80 - create IPUIPlugin
2025-04-01 01:55:08,466 [INFO] PluginManager:220 - loadIPPluginJar : add quadspi
2025-04-01 01:55:08,469 [INFO] IPUIPlugin:80 - create IPUIPlugin
2025-04-01 01:55:08,469 [INFO] PluginManager:220 - loadIPPluginJar : add openamp
2025-04-01 01:55:08,470 [INFO] IPUIPlugin:80 - create IPUIPlugin
2025-04-01 01:55:08,471 [INFO] PluginManager:220 - loadIPPluginJar : add ltdc
2025-04-01 01:55:08,476 [INFO] IPUIPlugin:80 - create IPUIPlugin
2025-04-01 01:55:08,476 [INFO] PluginManager:220 - loadIPPluginJar : add resmgrutility
2025-04-01 01:55:08,479 [INFO] IPUIPlugin:80 - create IPUIPlugin
2025-04-01 01:55:08,479 [INFO] PluginManager:220 - loadIPPluginJar : add gtzc
2025-04-01 01:55:08,482 [INFO] IPUIPlugin:80 - create IPUIPlugin
2025-04-01 01:55:08,482 [INFO] PluginManager:220 - loadIPPluginJar : add can
2025-04-01 01:55:08,488 [INFO] IPUIPlugin:80 - create IPUIPlugin
2025-04-01 01:55:08,489 [INFO] PluginManager:220 - loadIPPluginJar : add gic
2025-04-01 01:55:08,495 [INFO] IPUIPlugin:80 - create IPUIPlugin
2025-04-01 01:55:08,495 [INFO] PluginManager:220 - loadIPPluginJar : add gpio
2025-04-01 01:55:08,497 [INFO] IPUIPlugin:80 - create IPUIPlugin
2025-04-01 01:55:08,498 [INFO] PluginManager:220 - loadIPPluginJar : add i2c
2025-04-01 01:55:08,501 [INFO] IPUIPlugin:80 - create IPUIPlugin
2025-04-01 01:55:08,501 [INFO] PluginManager:220 - loadIPPluginJar : add gfxmmu
2025-04-01 01:55:08,504 [INFO] IPUIPlugin:80 - create IPUIPlugin
2025-04-01 01:55:08,505 [INFO] PluginManager:220 - loadIPPluginJar : add i3c
2025-04-01 01:55:08,510 [INFO] IPUIPlugin:80 - create IPUIPlugin
2025-04-01 01:55:08,511 [INFO] PluginManager:220 - loadIPPluginJar : add stm32_wpan
2025-04-01 01:55:08,515 [INFO] IPUIPlugin:80 - create IPUIPlugin
2025-04-01 01:55:08,516 [INFO] PluginManager:220 - loadIPPluginJar : add ipddr
2025-04-01 01:55:08,519 [INFO] IPUIPlugin:80 - create IPUIPlugin
2025-04-01 01:55:08,519 [INFO] PluginManager:220 - loadIPPluginJar : add i2s
2025-04-01 01:55:08,523 [INFO] IPUIPlugin:80 - create IPUIPlugin
2025-04-01 01:55:08,523 [INFO] PluginManager:220 - loadIPPluginJar : add pdm2pcm
2025-04-01 01:55:08,531 [INFO] IPUIPlugin:80 - create IPUIPlugin
2025-04-01 01:55:08,532 [INFO] PluginManager:220 - loadIPPluginJar : add freertos
2025-04-01 01:55:08,535 [INFO] IPUIPlugin:80 - create IPUIPlugin
2025-04-01 01:55:08,535 [INFO] PluginManager:220 - loadIPPluginJar : add aes
2025-04-01 01:55:08,537 [INFO] IPUIPlugin:80 - create IPUIPlugin
2025-04-01 01:55:08,537 [INFO] PluginManager:220 - loadIPPluginJar : add tim
2025-04-01 01:55:08,539 [INFO] IPUIPlugin:80 - create IPUIPlugin
2025-04-01 01:55:08,540 [INFO] PluginManager:220 - loadIPPluginJar : add ucpd
2025-04-01 01:55:08,542 [INFO] IPUIPlugin:80 - create IPUIPlugin
2025-04-01 01:55:08,542 [INFO] PluginManager:220 - loadIPPluginJar : add usart
2025-04-01 01:55:08,546 [INFO] IPUIPlugin:80 - create IPUIPlugin
2025-04-01 01:55:08,547 [INFO] PluginManager:220 - loadIPPluginJar : add touchsensing
2025-04-01 01:55:08,563 [INFO] IPUIPlugin:80 - create IPUIPlugin
2025-04-01 01:55:08,563 [INFO] PluginManager:220 - loadIPPluginJar : add nvic
2025-04-01 01:55:08,569 [INFO] IPUIPlugin:80 - create IPUIPlugin
2025-04-01 01:55:08,569 [INFO] PluginManager:220 - loadIPPluginJar : add fmc
2025-04-01 01:55:08,572 [INFO] IPUIPlugin:80 - create IPUIPlugin
2025-04-01 01:55:08,572 [INFO] PluginManager:220 - loadIPPluginJar : add comp
2025-04-01 01:55:08,576 [INFO] IPUIPlugin:80 - create IPUIPlugin
2025-04-01 01:55:08,576 [INFO] PluginManager:220 - loadIPPluginJar : add spi
2025-04-01 01:55:08,580 [INFO] IPUIPlugin:80 - create IPUIPlugin
2025-04-01 01:55:08,580 [INFO] PluginManager:220 - loadIPPluginJar : add lorawan
2025-04-01 01:55:08,583 [INFO] IPUIPlugin:80 - create IPUIPlugin
2025-04-01 01:55:08,583 [INFO] PluginManager:220 - loadIPPluginJar : add tsc
2025-04-01 01:55:08,587 [INFO] IPUIPlugin:80 - create IPUIPlugin
2025-04-01 01:55:08,587 [INFO] PluginManager:220 - loadIPPluginJar : add cryp
2025-04-01 01:55:08,591 [INFO] IPUIPlugin:80 - create IPUIPlugin
2025-04-01 01:55:08,592 [INFO] PluginManager:220 - loadIPPluginJar : add usbx
2025-04-01 01:55:08,594 [INFO] IPUIPlugin:80 - create IPUIPlugin
2025-04-01 01:55:08,594 [INFO] PluginManager:220 - loadIPPluginJar : add genericplugin
2025-04-01 01:55:08,604 [INFO] IPUIPlugin:80 - create IPUIPlugin
2025-04-01 01:55:08,608 [INFO] PluginManager:220 - loadIPPluginJar : add plateformsettings
2025-04-01 01:55:08,618 [INFO] IPUIPlugin:80 - create IPUIPlugin
2025-04-01 01:55:08,618 [INFO] PluginManager:220 - loadIPPluginJar : add linkedlist
2025-04-01 01:55:08,621 [INFO] IPUIPlugin:80 - create IPUIPlugin
2025-04-01 01:55:08,621 [INFO] PluginManager:220 - loadIPPluginJar : add ts
2025-04-01 01:55:08,629 [INFO] IPUIPlugin:80 - create IPUIPlugin
2025-04-01 01:55:08,629 [INFO] PluginManager:220 - loadIPPluginJar : add mdma
2025-04-01 01:55:08,632 [INFO] IPUIPlugin:80 - create IPUIPlugin
2025-04-01 01:55:08,632 [INFO] PluginManager:220 - loadIPPluginJar : add dma3
2025-04-01 01:55:08,639 [INFO] IPUIPlugin:80 - create IPUIPlugin
2025-04-01 01:55:08,639 [INFO] PluginManager:220 - loadIPPluginJar : add adc
2025-04-01 01:55:08,642 [INFO] IPUIPlugin:80 - create IPUIPlugin
2025-04-01 01:55:08,642 [INFO] PluginManager:220 - loadIPPluginJar : add sai
2025-04-01 01:55:08,648 [INFO] IPUIPlugin:80 - create IPUIPlugin
2025-04-01 01:55:08,649 [INFO] PluginManager:220 - loadIPPluginJar : add dma
2025-04-01 01:55:08,768 [INFO] CADModel:165 - CPN selected for project level
2025-04-01 01:55:08,768 [INFO] CADModel:114 - Register for checkConnection events
2025-04-01 01:55:08,769 [FATAL] Updater:308 - Updater called before beeing initialized
2025-04-01 01:55:08,769 [ERROR] CADModel:125 - Updater not yet initialized, retry later 
2025-04-01 01:55:08,935 [INFO] CADModel:165 - CPN selected for project level
2025-04-01 01:55:08,935 [INFO] CADModel:114 - Register for checkConnection events
2025-04-01 01:55:08,936 [FATAL] Updater:308 - Updater called before beeing initialized
2025-04-01 01:55:08,936 [ERROR] CADModel:125 - Updater not yet initialized, retry later 
2025-04-01 01:55:08,940 [FATAL] Updater:308 - Updater called before beeing initialized
2025-04-01 01:55:09,045 [FATAL] Updater:308 - Updater called before beeing initialized
2025-04-01 01:55:09,055 [INFO] DbMcusAds:53 - JSON generation date=Thu Mar 06 16:54:21 EET 2025 (1741272861825)
2025-04-01 01:55:09,055 [FATAL] Updater:308 - Updater called before beeing initialized
2025-04-01 01:55:09,104 [WARN] DetailPanel:346 - Failed to get advertising image, set to default
2025-04-01 01:55:09,247 [FATAL] Updater:308 - Updater called before beeing initialized
2025-04-01 01:55:09,250 [FATAL] Updater:308 - Updater called before beeing initialized
2025-04-01 01:55:09,250 [FATAL] Updater:308 - Updater called before beeing initialized
2025-04-01 01:55:09,250 [WARN] DetailPanel:346 - Failed to get advertising image, set to default
2025-04-01 01:55:09,251 [FATAL] Updater:308 - Updater called before beeing initialized
2025-04-01 01:55:09,291 [ERROR] Updater:1120 - MainUpdater not yet initialized. External WinMGr cannot be set.
2025-04-01 01:55:09,293 [INFO] Updater:1056 - Updater Version found : 6.8.0
2025-04-01 01:55:09,320 [INFO] ApplicationProperties:184 - Using Application install path: /app/stm32cubeide/plugins/com.st.stm32cube.common.mx_6.8.0.202302231600
2025-04-01 01:55:09,693 [INFO] MainUpdater:2854 - connection check result : 10
2025-04-01 01:55:09,694 [INFO] MainUpdater:283 - Updater Check For Update Now.
2025-04-01 01:55:09,694 [INFO] MicroXplorer:498 - Change Database Version : DB.6.0.80
2025-04-01 01:55:09,952 [INFO] CheckServerUpdateThread:120 - End of CheckServer Thread
2025-04-01 01:55:10,108 [INFO] MainUpdater:2854 - connection check result : 10
2025-04-01 01:55:10,995 [INFO] ApiDb:581 - Connected to CubeFinder SQLite database (/home/ziad/.stmcufinder/plugins/mcufinder/mcu/cube-finder-db.db)
2025-04-01 01:55:11,188 [INFO] ApiDb:668 - CubeFinder database Data Model version=2.1
2025-04-01 01:55:11,189 [INFO] ApiDb:669 - CubeFinder database Configuration version=3.0.39
2025-04-01 01:55:11,189 [INFO] ApiDb:670 - CubeFinder database generation date=2025-03-24 (1742811287)
2025-04-01 01:55:11,190 [INFO] ApiDb:671 - CubeFinder database FW Pack versions=[FP-ATR-ASTRA1_V2.0.0, FP-SNS-FLIGHT1_V5.0.2, FP-SNS-MOTENV1_V5.0.0, FP-SNS-MOTENVWB1_V1.4.0, FP-SNS-SMARTAG2_V1.2.0, FP-SNS-STBOX1_V2.0.0, STM32Cube_FW_C0_V1.4.0, STM32Cube_FW_F4_V1.28.1, STM32Cube_FW_F7_V1.17.2, STM32Cube_FW_G0_V1.6.2, STM32Cube_FW_G4_V1.6.1, STM32Cube_FW_H5_V1.5.0, STM32Cube_FW_H7RS_V1.2.0, STM32Cube_FW_H7_V1.12.1, STM32Cube_FW_L0_V1.12.2, STM32Cube_FW_L4_V1.18.1, STM32Cube_FW_L5_V1.5.1, STM32Cube_FW_N6_V1.1.0, STM32Cube_FW_U0_V1.2.0, STM32Cube_FW_U3_V1.1.0, STM32Cube_FW_U5_V1.7.0, STM32Cube_FW_WB0_V1.2.0, STM32Cube_FW_WBA_V1.6.0, STM32Cube_FW_WB_V1.22.0, STM32Cube_FW_WL3_V1.1.0, STM32Cube_FW_WL_V1.3.1, X-CUBE-ALGOBUILD_V1.4.0, X-CUBE-ALS_V1.0.2, X-CUBE-AZRTOS-F4_V1.1.0, X-CUBE-AZRTOS-F7_V1.1.0, X-CUBE-AZRTOS-G0_V1.1.0, X-CUBE-AZRTOS-G4_V2.0.0, X-CUBE-AZRTOS-H7RS_V1.0.0, X-CUBE-AZRTOS-H7_V3.3.0, X-CUBE-AZRTOS-L4_V2.0.0, X-CUBE-AZRTOS-L5_V2.0.0, X-CUBE-AZRTOS-WB_V2.0.0, X-CUBE-AZRTOS-WL_V2.0.0, X-CUBE-BLE1_V7.1.0, X-CUBE-BLE2_V3.3.0, X-CUBE-BLEMGR_V4.0.0, X-CUBE-EEPRMA1_V5.1.0, X-CUBE-FREERTOS_V1.3.0, X-CUBE-GNSS1_V6.0.0, X-CUBE-MEMS1_V11.1.0, X-CUBE-NFC4_V3.0.0, X-CUBE-NFC7_V1.0.1, X-CUBE-SFXS2LP1_V4.0.0, X-CUBE-SUBG2_V5.0.0, X-CUBE-TOF1_V3.4.2]
2025-04-01 01:55:11,222 [WARN] PackLoader:240 - Cannot read IP mode file for STMicroelectronics.FP-SNS-MOTENVWB1.1.4.0
2025-04-01 01:55:11,248 [WARN] PackLoader:240 - Cannot read IP mode file for STMicroelectronics.FP-ATR-ASTRA1.2.0.2
2025-04-01 01:55:11,261 [WARN] PackLoader:240 - Cannot read IP mode file for STMicroelectronics.FP-ATR-ASTRA1.2.0.1
2025-04-01 01:55:11,282 [WARN] PackLoader:240 - Cannot read IP mode file for STMicroelectronics.X-CUBE-SMBUS.2.1.0
2025-04-01 01:55:11,305 [WARN] PackLoader:240 - Cannot read IP mode file for STMicroelectronics.X-CUBE-WB05N.1.1.0
2025-04-01 01:55:11,390 [WARN] PackLoader:240 - Cannot read IP mode file for STMicroelectronics.X-CUBE-AZRTOS-F7.1.1.0
2025-04-01 01:55:11,416 [WARN] PackLoader:240 - Cannot read IP mode file for STMicroelectronics.FP-SNS-FLIGHT1.5.0.2
2025-04-01 01:55:11,438 [ERROR] Engine:466 - /home/ziad/.stm32cubemx/thirdparties/pdsc/Infineon.AIROC-Wi-Fi-Bluetooth-STM32.1.7.0.pdsc: PDSC version is not supported
2025-04-01 01:55:11,459 [WARN] PackLoader:240 - Cannot read IP mode file for STMicroelectronics.X-CUBE-DISPLAY.3.0.0
2025-04-01 01:55:11,493 [WARN] PackLoader:240 - Cannot read IP mode file for STMicroelectronics.X-CUBE-BLE1.7.0.0
2025-04-01 01:55:11,519 [WARN] PackLoader:240 - Cannot read IP mode file for STMicroelectronics.X-CUBE-NFC10.1.0.0
2025-04-01 01:55:11,526 [INFO] DbBoardsSqlite:226 - include board P-NUCLEO-WB55-NUCLEO as a kit item of type 'Nucleo-64'
2025-04-01 01:55:11,527 [INFO] DbBoardsSqlite:226 - include board P-NUCLEO-WB55-USBDONGLE as a kit item of type 'Nucleo USB Dongle'
2025-04-01 01:55:11,528 [INFO] DbBoardsSqlite:226 - include board STEVAL-IDP005V1 as a kit item of type 'Evaluation Board'
2025-04-01 01:55:11,529 [INFO] DbBoardsSqlite:226 - include board STEVAL-IDP005V2 as a kit item of type 'Evaluation Board'
2025-04-01 01:55:11,538 [ERROR] Engine:466 - /home/ziad/.stm32cubemx/thirdparties/pdsc/STMicroelectronics.X-CUBE-BLEMGR.4.0.0.pdsc: PDSC version is not supported
2025-04-01 01:55:11,588 [WARN] PackLoader:240 - Cannot read IP mode file for emotas.I-CUBE-CANOPEN.1.3.0
2025-04-01 01:55:11,598 [WARN] PackLoader:240 - Cannot read IP mode file for STMicroelectronics.X-CUBE-AI.10.0.0
2025-04-01 01:55:11,611 [WARN] PackLoader:240 - Cannot read IP mode file for STMicroelectronics.FP-SNS-SMARTAG2.1.2.0
2025-04-01 01:55:11,618 [ERROR] Engine:466 - /home/ziad/.stm32cubemx/thirdparties/pdsc/STMicroelectronics.FP-SNS-FLIGHT1.5.1.0.pdsc: PDSC version is not supported
2025-04-01 01:55:11,807 [WARN] PackLoader:240 - Cannot read IP mode file for STMicroelectronics.X-CUBE-MEMS1.11.1.0
2025-04-01 01:55:11,926 [INFO] ApiDb:240 - Found 297 in-development CPN: [B-G473E-ZEST1S, B-WB1M-WPAN1, B-WL5M-SUBG1, NUCLEO-C031C6, NUCLEO-H503RB, NUCLEO-H563ZI, NUCLEO-U545RE-Q, NUCLEO-U5A5ZJ-Q, NUCLEO-WBA52CG, STEVAL-PROTEUS1, STEVAL-STWINBX1, STM320518-EVAL, STM32C0116-DK, STM32C011D6Y3TR, STM32C011D6Y6TR, STM32C011F4P3, STM32C011F4P6, STM32C011F4U3, STM32C011F4U6TR, STM32C011F6P3, STM32C011F6P6, STM32C011F6U3, STM32C011F6U6TR, STM32C011J4M3, STM32C011J4M6, STM32C011J6M3, STM32C011J6M6, STM32C0316-DK, STM32C031C4T3, STM32C031C4T6, STM32C031C4U3, STM32C031C4U6, STM32C031C6T3, STM32C031C6T6, STM32C031C6U3, STM32C031C6U6, STM32C031F4P3, STM32C031F4P6, STM32C031F6P3, STM32C031F6P6, STM32C031G4U3, STM32C031G4U6, STM32C031G6U3, STM32C031G6U6, STM32C031K4T3, STM32C031K4T6, STM32C031K4U3, STM32C031K4U6, STM32C031K6T3, STM32C031K6T6, STM32C031K6U3, STM32C031K6U6, STM32G071K8TXN, STM32G071K8UXN, STM32G081GBU6N, STM32G081KBT6N, STM32G081KBUXN, STM32G0B1CCT6N, STM32G0B1KCT6, STM32G0B1NEY6TR, STM32G0B1RCT6N, STM32G0C1CCT6, STM32G0C1CCT6N, STM32G0C1CCU6N, STM32G0C1CET6N, STM32G0C1CEU6N, STM32G0C1KCT6, STM32G0C1NEY6TR, STM32G0C1RCI6N, STM32G0C1RCT6N, STM32G0C1REI6N, STM32G0C1RET6N, STM32G0C1VCI6, STM32G0C1VEI6, STM32G471CCT6, STM32G471CCU6, STM32G471CET3, STM32G471CET6, STM32G471CEU3, STM32G471CEU6, STM32G471MCT6, STM32G471MET3, STM32G471MET6, STM32G471MEY6TR, STM32G471QCT6, STM32G471QET3, STM32G471RCT6, STM32G471RET3, STM32G471RET6, STM32G471VCH6, STM32G471VCI6, STM32G471VCT6, STM32G471VEH3, STM32G471VEH6, STM32G471VEI3, STM32G471VEI6, STM32G471VET3, STM32G471VET6, STM32G474CCT6, STM32H503CBT6, STM32H503CBU6, STM32H503EBY6TR, STM32H503KBU6, STM32H503RBT6, STM32H562AGI6, STM32H562AII6, STM32H562IGK6, STM32H562IGT6, STM32H562IIK6, STM32H562IIT6, STM32H562RGT6, STM32H562RGV6, STM32H562RIT6, STM32H562RIV6, STM32H562VGT6, STM32H562VIT6, STM32H562ZGT6, STM32H562ZIT6, STM32H563AGI6, STM32H563AII3Q, STM32H563AII6, STM32H563IGK6, STM32H563IGT6, STM32H563IIK3Q, STM32H563IIK6, STM32H563IIT3Q, STM32H563IIT6, STM32H563MIY3QTR, STM32H563RGT6, STM32H563RGV6, STM32H563RIT6, STM32H563RIV6, STM32H563VGT6, STM32H563VIT3Q, STM32H563VIT6, STM32H563ZGT6, STM32H563ZIT3Q, STM32H563ZIT6, STM32H573AII3Q, STM32H573AII6, STM32H573I-DK, STM32H573IIK3Q, STM32H573IIK6, STM32H573IIT3Q, STM32H573IIT6, STM32H573MIY3QTR, STM32H573RIT6, STM32H573RIV6, STM32H573VIT3Q, STM32H573VIT6, STM32H573ZIT3Q, STM32H573ZIT6, STM32L4R5QGI6STR, STM32MP131AAE3, STM32MP131AAF3, STM32MP131AAG3, STM32MP131CAE3, STM32MP131CAF3, STM32MP131CAG3, STM32MP131DAE7, STM32MP131DAF7, STM32MP131DAG7, STM32MP131FAE7, STM32MP131FAF7, STM32MP131FAG7, STM32MP133AAE3, STM32MP133AAF3, STM32MP133AAG3, STM32MP133CAE3, STM32MP133CAF3, STM32MP133CAG3, STM32MP133DAE7, STM32MP133DAF7, STM32MP133DAG7, STM32MP133FAE7, STM32MP133FAF7, STM32MP133FAG7, STM32MP135AAE3, STM32MP135AAF3, STM32MP135AAG3, STM32MP135CAE3, STM32MP135CAF3, STM32MP135CAG3, STM32MP135DAE7, STM32MP135DAF7, STM32MP135DAG7, STM32MP135F-DK, STM32MP135FAE7, STM32MP135FAF7, STM32MP135FAF7T, STM32MP135FAF7U, STM32MP135FAG7, STM32U535CBT6, STM32U535CBT6Q, STM32U535CBU6, STM32U535CBU6Q, STM32U535CCT6, STM32U535CCT6Q, STM32U535CCU6, STM32U535CCU6Q, STM32U535CET6, STM32U535CET6Q, STM32U535CEU6, STM32U535CEU6Q, STM32U535JEY6QTR, STM32U535NCY6QTR, STM32U535NEY6QTR, STM32U535RBI6, STM32U535RBI6Q, STM32U535RBT6, STM32U535RBT6Q, STM32U535RCI6, STM32U535RCI6Q, STM32U535RCT6, STM32U535RCT6Q, STM32U535REI6, STM32U535REI6Q, STM32U535RET6, STM32U535RET6Q, STM32U535VCI6, STM32U535VCI6Q, STM32U535VCT6, STM32U535VCT6Q, STM32U535VEI6, STM32U535VEI6Q, STM32U535VET6, STM32U535VET6Q, STM32U545CET6, STM32U545CET6Q, STM32U545CEU6, STM32U545CEU6Q, STM32U545JEY6QTR, STM32U545NEY6QTR, STM32U545REI6, STM32U545REI6Q, STM32U545RET6, STM32U545RET6Q, STM32U545VEI6, STM32U545VEI6Q, STM32U545VET6, STM32U545VET6Q, STM32U595AIH6, STM32U595AIH6Q, STM32U595AJH6, STM32U595AJH6Q, STM32U595QII6, STM32U595QII6Q, STM32U595QJI6, STM32U595QJI6Q, STM32U595RIT6, STM32U595RIT6Q, STM32U595RJT6, STM32U595RJT6Q, STM32U595VIT6, STM32U595VIT6Q, STM32U595VJT6, STM32U595VJT6Q, STM32U595ZIT6, STM32U595ZIT6Q, STM32U595ZIY6QTR, STM32U595ZJT6, STM32U595ZJT6Q, STM32U595ZJY6QTR, STM32U599BJY6QTR, STM32U599NIH6Q, STM32U599NJH6Q, STM32U599VIT6Q, STM32U599VJT6, STM32U599VJT6Q, STM32U599ZIT6Q, STM32U599ZIY6QTR, STM32U599ZJT6Q, STM32U599ZJY6QTR, STM32U5A5AJH6, STM32U5A5AJH6Q, STM32U5A5QJI6, STM32U5A5QJI6Q, STM32U5A5RJT6, STM32U5A5RJT6Q, STM32U5A5VJT6, STM32U5A5VJT6Q, STM32U5A5ZJT6, STM32U5A5ZJT6Q, STM32U5A5ZJY6QTR, STM32U5A9BJY6QTR, STM32U5A9J-DK, STM32U5A9NJH6Q, STM32U5A9VJT6Q, STM32U5A9ZJT6Q, STM32U5A9ZJY6QTR, STM32WB1MMCH6, STM32WBA52CEU6, STM32WBA52CEU6T, STM32WBA52CGU6, STM32WBA52CGU6T, STM32WL5MOCH6, STM32WL5MOCH6TR]
2025-04-01 01:55:11,940 [INFO] ApiDb:668 - CubeFinder database Data Model version=2.1
2025-04-01 01:55:11,940 [INFO] ApiDb:669 - CubeFinder database Configuration version=3.0.39
2025-04-01 01:55:11,940 [INFO] ApiDb:670 - CubeFinder database generation date=2025-03-24 (1742811287)
2025-04-01 01:55:11,941 [INFO] ApiDb:671 - CubeFinder database FW Pack versions=[FP-ATR-ASTRA1_V2.0.0, FP-SNS-FLIGHT1_V5.0.2, FP-SNS-MOTENV1_V5.0.0, FP-SNS-MOTENVWB1_V1.4.0, FP-SNS-SMARTAG2_V1.2.0, FP-SNS-STBOX1_V2.0.0, STM32Cube_FW_C0_V1.4.0, STM32Cube_FW_F4_V1.28.1, STM32Cube_FW_F7_V1.17.2, STM32Cube_FW_G0_V1.6.2, STM32Cube_FW_G4_V1.6.1, STM32Cube_FW_H5_V1.5.0, STM32Cube_FW_H7RS_V1.2.0, STM32Cube_FW_H7_V1.12.1, STM32Cube_FW_L0_V1.12.2, STM32Cube_FW_L4_V1.18.1, STM32Cube_FW_L5_V1.5.1, STM32Cube_FW_N6_V1.1.0, STM32Cube_FW_U0_V1.2.0, STM32Cube_FW_U3_V1.1.0, STM32Cube_FW_U5_V1.7.0, STM32Cube_FW_WB0_V1.2.0, STM32Cube_FW_WBA_V1.6.0, STM32Cube_FW_WB_V1.22.0, STM32Cube_FW_WL3_V1.1.0, STM32Cube_FW_WL_V1.3.1, X-CUBE-ALGOBUILD_V1.4.0, X-CUBE-ALS_V1.0.2, X-CUBE-AZRTOS-F4_V1.1.0, X-CUBE-AZRTOS-F7_V1.1.0, X-CUBE-AZRTOS-G0_V1.1.0, X-CUBE-AZRTOS-G4_V2.0.0, X-CUBE-AZRTOS-H7RS_V1.0.0, X-CUBE-AZRTOS-H7_V3.3.0, X-CUBE-AZRTOS-L4_V2.0.0, X-CUBE-AZRTOS-L5_V2.0.0, X-CUBE-AZRTOS-WB_V2.0.0, X-CUBE-AZRTOS-WL_V2.0.0, X-CUBE-BLE1_V7.1.0, X-CUBE-BLE2_V3.3.0, X-CUBE-BLEMGR_V4.0.0, X-CUBE-EEPRMA1_V5.1.0, X-CUBE-FREERTOS_V1.3.0, X-CUBE-GNSS1_V6.0.0, X-CUBE-MEMS1_V11.1.0, X-CUBE-NFC4_V3.0.0, X-CUBE-NFC7_V1.0.1, X-CUBE-SFXS2LP1_V4.0.0, X-CUBE-SUBG2_V5.0.0, X-CUBE-TOF1_V3.4.2]
2025-04-01 01:55:12,310 [INFO] LogOutputStream:77 - [STDOUT_REDIRECT] 1 : Invalid condition id : UX_CORESTACK_Condition cause : null
2025-04-01 01:55:12,315 [INFO] LogOutputStream:77 - [STDOUT_REDIRECT] 1 : Invalid condition id : UX_CORESTACK_Condition cause : null
2025-04-01 01:55:12,315 [INFO] LogOutputStream:77 - [STDOUT_REDIRECT] 1 : Invalid condition id : UX_CORESTACK_Condition cause : null
2025-04-01 01:55:12,316 [INFO] LogOutputStream:77 - [STDOUT_REDIRECT] 1 : Invalid condition id : UX_CORESTACK_Condition cause : null
2025-04-01 01:55:12,316 [INFO] LogOutputStream:77 - [STDOUT_REDIRECT] 1 : Invalid condition id : UX_CORESTACK_Condition cause : null
2025-04-01 01:55:12,327 [WARN] PackLoader:240 - Cannot read IP mode file for STMicroelectronics.X-CUBE-AZRTOS-WL.2.0.0
2025-04-01 01:55:12,345 [WARN] PackLoader:240 - Cannot read IP mode file for STMicroelectronics.FP-SNS-MOTENV1.5.0.0
2025-04-01 01:55:12,357 [WARN] PackLoader:240 - Cannot read IP mode file for wolfSSL.I-CUBE-wolfMQTT.1.19.0
2025-04-01 01:55:12,380 [WARN] PackLoader:240 - Cannot read IP mode file for WES.I-CUBE-Cesium.1.3.0
2025-04-01 01:55:12,402 [WARN] PackLoader:240 - Cannot read IP mode file for STMicroelectronics.X-CUBE-BLE2.3.3.0
2025-04-01 01:55:12,470 [WARN] PackLoader:240 - Cannot read IP mode file for STMicroelectronics.X-CUBE-NFC9.1.0.0
2025-04-01 01:55:12,507 [WARN] PackLoader:240 - Cannot read IP mode file for STMicroelectronics.X-CUBE-BLE1.7.1.0
2025-04-01 01:55:12,599 [WARN] PackLoader:240 - Cannot read IP mode file for STMicroelectronics.X-CUBE-AZRTOS-G0.1.1.0
2025-04-01 01:55:12,640 [WARN] PackLoader:240 - Cannot read IP mode file for STMicroelectronics.X-CUBE-SAFEA1.1.2.2
2025-04-01 01:55:12,664 [WARN] PackLoader:240 - Cannot read IP mode file for STMicroelectronics.X-CUBE-NFC4.3.0.0
2025-04-01 01:55:12,677 [ERROR] Engine:466 - /home/ziad/.stm32cubemx/thirdparties/pdsc/EmbeddedOffice.I-CUBE-FS-RTOS.1.0.1.pdsc: PDSC version is not supported
2025-04-01 01:55:12,690 [ERROR] Engine:466 - /home/ziad/.stm32cubemx/thirdparties/pdsc/STMicroelectronics.X-CUBE-TCPP.4.2.0.pdsc: PDSC version is not supported
2025-04-01 01:55:12,693 [ERROR] Engine:466 - /home/ziad/.stm32cubemx/thirdparties/pdsc/RealThread.X-CUBE-RT-Thread_Nano.4.1.1.pdsc: PDSC version is not supported
2025-04-01 01:55:12,703 [WARN] PackLoader:240 - Cannot read IP mode file for STMicroelectronics.FP-ATR-SIGFOX1.3.2.0
2025-04-01 01:55:12,709 [ERROR] Engine:466 - /home/ziad/.stm32cubemx/thirdparties/pdsc/quantropi.X-CUBE-qispace-sdk-base.1.9.3.pdsc: PDSC version is not supported
2025-04-01 01:55:12,731 [WARN] PackLoader:240 - Cannot read IP mode file for STMicroelectronics.X-CUBE-EEPRMA1.5.1.0
2025-04-01 01:55:12,753 [WARN] PackLoader:240 - Cannot read IP mode file for wolfSSL.I-CUBE-wolfSSL.5.7.6
2025-04-01 01:55:12,773 [WARN] PackLoader:240 - Cannot read IP mode file for ITTIA_DB.I-CUBE-ITTIADB.8.9.0
2025-04-01 01:55:12,941 [WARN] PackLoader:240 - Cannot read IP mode file for SEGGER.I-CUBE-embOS.1.3.1
2025-04-01 01:55:13,121 [WARN] PackLoader:240 - Cannot read IP mode file for STMicroelectronics.X-CUBE-ALGOBUILD.1.4.0
2025-04-01 01:55:13,168 [WARN] PackLoader:240 - Cannot read IP mode file for STMicroelectronics.X-CUBE-AZRTOS-F4.1.1.0
2025-04-01 01:55:13,179 [WARN] PackLoader:240 - Cannot read IP mode file for STMicroelectronics.X-CUBE-ISPU.2.1.0
2025-04-01 01:55:13,220 [WARN] PackLoader:240 - Cannot read IP mode file for STMicroelectronics.X-CUBE-AZRTOS-L5.2.0.0
2025-04-01 01:55:13,248 [WARN] PackLoader:240 - Cannot read IP mode file for STMicroelectronics.X-CUBE-NFC6.3.1.0
2025-04-01 01:55:13,261 [ERROR] Engine:466 - /home/ziad/.stm32cubemx/thirdparties/pdsc/STMicroelectronics.X-CUBE-DPower.1.2.0.pdsc: PDSC version is not supported
2025-04-01 01:55:13,269 [WARN] PackLoader:240 - Cannot read IP mode file for STMicroelectronics.X-CUBE-FREERTOS.1.3.0
2025-04-01 01:55:13,275 [WARN] PackLoader:240 - Cannot read IP mode file for STMicroelectronics.X-CUBE-NFC7.1.0.1
2025-04-01 01:55:13,287 [ERROR] Engine:466 - /home/ziad/.stm32cubemx/thirdparties/pdsc/STMicroelectronics.X-CUBE-DPower.1.3.0.pdsc: PDSC version is not supported
2025-04-01 01:55:13,336 [WARN] ConditionMgr:438 - getConditionDescription Invalid condition id : LAN8742 Phy interface Condition cause : null
2025-04-01 01:55:13,337 [WARN] PackLoader:240 - Cannot read IP mode file for STMicroelectronics.X-CUBE-AZRTOS-L4.2.0.0
2025-04-01 01:55:13,343 [WARN] ConditionMgr:1039 - genDependencies : Invalid condition id : LAN8742 Phy interface Condition cause : null
2025-04-01 01:55:13,344 [WARN] ConditionMgr:1039 - genDependencies : Invalid condition id : LAN8742 Phy interface Condition cause : null
2025-04-01 01:55:13,347 [WARN] ConditionMgr:1039 - genDependencies : Invalid condition id : LAN8742 Phy interface Condition cause : null
2025-04-01 01:55:13,371 [WARN] PackLoader:240 - Cannot read IP mode file for STMicroelectronics.X-CUBE-SFXS2LP1.4.0.0
2025-04-01 01:55:13,414 [WARN] PackLoader:240 - Cannot read IP mode file for STMicroelectronics.X-CUBE-AZRTOS-H7.3.3.0
2025-04-01 01:55:13,475 [WARN] ConditionMgr:438 - getConditionDescription Invalid condition id : UX DEVICE CLASS RTOS Condition cause : null
2025-04-01 01:55:13,476 [WARN] ConditionMgr:438 - getConditionDescription Invalid condition id : UX DEVICE CLASS RTOS Condition cause : null
2025-04-01 01:55:13,483 [WARN] PackLoader:240 - Cannot read IP mode file for STMicroelectronics.X-CUBE-AZRTOS-WB.2.0.0
2025-04-01 01:55:13,487 [WARN] ConditionMgr:1039 - genDependencies : Invalid condition id : UX DEVICE CLASS RTOS Condition cause : null
2025-04-01 01:55:13,488 [WARN] ConditionMgr:1039 - genDependencies : Invalid condition id : UX DEVICE CLASS RTOS Condition cause : null
2025-04-01 01:55:13,489 [WARN] ConditionMgr:1039 - genDependencies : Invalid condition id : UX DEVICE CLASS RTOS Condition cause : null
2025-04-01 01:55:13,489 [WARN] ConditionMgr:1039 - genDependencies : Invalid condition id : UX DEVICE CLASS RTOS Condition cause : null
2025-04-01 01:55:13,490 [WARN] ConditionMgr:1039 - genDependencies : Invalid condition id : UX DEVICE CLASS RTOS Condition cause : null
2025-04-01 01:55:13,506 [WARN] PackLoader:240 - Cannot read IP mode file for STMicroelectronics.X-CUBE-GNSS1.7.0.1
2025-04-01 01:55:13,522 [WARN] PackLoader:240 - Cannot read IP mode file for STMicroelectronics.X-CUBE-TOUCHGFX.4.25.0
2025-04-01 01:55:13,532 [ERROR] Engine:466 - /home/ziad/.stm32cubemx/thirdparties/pdsc/STMicroelectronics.FP-SNS-STBOX1.2.0.0.pdsc: PDSC version is not supported
2025-04-01 01:55:13,545 [WARN] PackLoader:240 - Cannot read IP mode file for STMicroelectronics.X-CUBE-SUBG2.5.0.0
2025-04-01 01:55:13,620 [WARN] PackLoader:240 - Cannot read IP mode file for STMicroelectronics.X-CUBE-AZRTOS-H7RS.1.1.0
2025-04-01 01:55:13,632 [WARN] PackLoader:240 - Cannot read IP mode file for Cesanta.I-CUBE-Mongoose.7.13.0
2025-04-01 01:55:13,660 [WARN] PackLoader:240 - Cannot read IP mode file for STMicroelectronics.X-CUBE-AZRTOS-G4.2.0.0
2025-04-01 01:55:13,678 [ERROR] Engine:466 - /home/ziad/.stm32cubemx/thirdparties/pdsc/STMicroelectronics.X-CUBE-IPS.3.1.0.pdsc: PDSC version is not supported
2025-04-01 01:55:13,688 [WARN] PackLoader:240 - Cannot read IP mode file for STMicroelectronics.X-CUBE-ALS.1.0.2
2025-04-01 01:55:13,698 [WARN] PackLoader:240 - Cannot read IP mode file for STMicroelectronics.X-CUBE-TOUCHGFX.4.24.2
2025-04-01 01:55:13,705 [WARN] PackLoader:240 - Cannot read IP mode file for wolfSSL.I-CUBE-wolfTPM.3.4.0
2025-04-01 01:55:13,718 [WARN] PackLoader:240 - Cannot read IP mode file for portGmbH.I-Cube-SoM-uGOAL.1.1.0
2025-04-01 01:55:13,760 [WARN] PackLoader:240 - Cannot read IP mode file for STMicroelectronics.X-CUBE-AZRTOS-H7RS.1.0.0
2025-04-01 01:55:13,779 [ERROR] Engine:466 - /home/ziad/.stm32cubemx/thirdparties/pdsc/STMicroelectronics.X-CUBE-TOF1.3.4.2.pdsc: PDSC version is not supported
2025-04-01 01:55:13,787 [WARN] PackLoader:240 - Cannot read IP mode file for wolfSSL.I-CUBE-wolfSSH.1.4.17
2025-04-01 01:55:13,788 [INFO] ThirdParty:978 - Integrity check success = true
2025-04-01 01:55:13,788 [INFO] IntegrityCheckThread:100 - exiting critical section [integrity check]
2025-04-01 01:55:13,788 [INFO] IntegrityCheckThread:103 - End integrity checks thread
2025-04-01 01:55:16,992 [INFO] ApiDb:240 - Found 297 in-development CPN: [B-G473E-ZEST1S, B-WB1M-WPAN1, B-WL5M-SUBG1, NUCLEO-C031C6, NUCLEO-H503RB, NUCLEO-H563ZI, NUCLEO-U545RE-Q, NUCLEO-U5A5ZJ-Q, NUCLEO-WBA52CG, STEVAL-PROTEUS1, STEVAL-STWINBX1, STM320518-EVAL, STM32C0116-DK, STM32C011D6Y3TR, STM32C011D6Y6TR, STM32C011F4P3, STM32C011F4P6, STM32C011F4U3, STM32C011F4U6TR, STM32C011F6P3, STM32C011F6P6, STM32C011F6U3, STM32C011F6U6TR, STM32C011J4M3, STM32C011J4M6, STM32C011J6M3, STM32C011J6M6, STM32C0316-DK, STM32C031C4T3, STM32C031C4T6, STM32C031C4U3, STM32C031C4U6, STM32C031C6T3, STM32C031C6T6, STM32C031C6U3, STM32C031C6U6, STM32C031F4P3, STM32C031F4P6, STM32C031F6P3, STM32C031F6P6, STM32C031G4U3, STM32C031G4U6, STM32C031G6U3, STM32C031G6U6, STM32C031K4T3, STM32C031K4T6, STM32C031K4U3, STM32C031K4U6, STM32C031K6T3, STM32C031K6T6, STM32C031K6U3, STM32C031K6U6, STM32G071K8TXN, STM32G071K8UXN, STM32G081GBU6N, STM32G081KBT6N, STM32G081KBUXN, STM32G0B1CCT6N, STM32G0B1KCT6, STM32G0B1NEY6TR, STM32G0B1RCT6N, STM32G0C1CCT6, STM32G0C1CCT6N, STM32G0C1CCU6N, STM32G0C1CET6N, STM32G0C1CEU6N, STM32G0C1KCT6, STM32G0C1NEY6TR, STM32G0C1RCI6N, STM32G0C1RCT6N, STM32G0C1REI6N, STM32G0C1RET6N, STM32G0C1VCI6, STM32G0C1VEI6, STM32G471CCT6, STM32G471CCU6, STM32G471CET3, STM32G471CET6, STM32G471CEU3, STM32G471CEU6, STM32G471MCT6, STM32G471MET3, STM32G471MET6, STM32G471MEY6TR, STM32G471QCT6, STM32G471QET3, STM32G471RCT6, STM32G471RET3, STM32G471RET6, STM32G471VCH6, STM32G471VCI6, STM32G471VCT6, STM32G471VEH3, STM32G471VEH6, STM32G471VEI3, STM32G471VEI6, STM32G471VET3, STM32G471VET6, STM32G474CCT6, STM32H503CBT6, STM32H503CBU6, STM32H503EBY6TR, STM32H503KBU6, STM32H503RBT6, STM32H562AGI6, STM32H562AII6, STM32H562IGK6, STM32H562IGT6, STM32H562IIK6, STM32H562IIT6, STM32H562RGT6, STM32H562RGV6, STM32H562RIT6, STM32H562RIV6, STM32H562VGT6, STM32H562VIT6, STM32H562ZGT6, STM32H562ZIT6, STM32H563AGI6, STM32H563AII3Q, STM32H563AII6, STM32H563IGK6, STM32H563IGT6, STM32H563IIK3Q, STM32H563IIK6, STM32H563IIT3Q, STM32H563IIT6, STM32H563MIY3QTR, STM32H563RGT6, STM32H563RGV6, STM32H563RIT6, STM32H563RIV6, STM32H563VGT6, STM32H563VIT3Q, STM32H563VIT6, STM32H563ZGT6, STM32H563ZIT3Q, STM32H563ZIT6, STM32H573AII3Q, STM32H573AII6, STM32H573I-DK, STM32H573IIK3Q, STM32H573IIK6, STM32H573IIT3Q, STM32H573IIT6, STM32H573MIY3QTR, STM32H573RIT6, STM32H573RIV6, STM32H573VIT3Q, STM32H573VIT6, STM32H573ZIT3Q, STM32H573ZIT6, STM32L4R5QGI6STR, STM32MP131AAE3, STM32MP131AAF3, STM32MP131AAG3, STM32MP131CAE3, STM32MP131CAF3, STM32MP131CAG3, STM32MP131DAE7, STM32MP131DAF7, STM32MP131DAG7, STM32MP131FAE7, STM32MP131FAF7, STM32MP131FAG7, STM32MP133AAE3, STM32MP133AAF3, STM32MP133AAG3, STM32MP133CAE3, STM32MP133CAF3, STM32MP133CAG3, STM32MP133DAE7, STM32MP133DAF7, STM32MP133DAG7, STM32MP133FAE7, STM32MP133FAF7, STM32MP133FAG7, STM32MP135AAE3, STM32MP135AAF3, STM32MP135AAG3, STM32MP135CAE3, STM32MP135CAF3, STM32MP135CAG3, STM32MP135DAE7, STM32MP135DAF7, STM32MP135DAG7, STM32MP135F-DK, STM32MP135FAE7, STM32MP135FAF7, STM32MP135FAF7T, STM32MP135FAF7U, STM32MP135FAG7, STM32U535CBT6, STM32U535CBT6Q, STM32U535CBU6, STM32U535CBU6Q, STM32U535CCT6, STM32U535CCT6Q, STM32U535CCU6, STM32U535CCU6Q, STM32U535CET6, STM32U535CET6Q, STM32U535CEU6, STM32U535CEU6Q, STM32U535JEY6QTR, STM32U535NCY6QTR, STM32U535NEY6QTR, STM32U535RBI6, STM32U535RBI6Q, STM32U535RBT6, STM32U535RBT6Q, STM32U535RCI6, STM32U535RCI6Q, STM32U535RCT6, STM32U535RCT6Q, STM32U535REI6, STM32U535REI6Q, STM32U535RET6, STM32U535RET6Q, STM32U535VCI6, STM32U535VCI6Q, STM32U535VCT6, STM32U535VCT6Q, STM32U535VEI6, STM32U535VEI6Q, STM32U535VET6, STM32U535VET6Q, STM32U545CET6, STM32U545CET6Q, STM32U545CEU6, STM32U545CEU6Q, STM32U545JEY6QTR, STM32U545NEY6QTR, STM32U545REI6, STM32U545REI6Q, STM32U545RET6, STM32U545RET6Q, STM32U545VEI6, STM32U545VEI6Q, STM32U545VET6, STM32U545VET6Q, STM32U595AIH6, STM32U595AIH6Q, STM32U595AJH6, STM32U595AJH6Q, STM32U595QII6, STM32U595QII6Q, STM32U595QJI6, STM32U595QJI6Q, STM32U595RIT6, STM32U595RIT6Q, STM32U595RJT6, STM32U595RJT6Q, STM32U595VIT6, STM32U595VIT6Q, STM32U595VJT6, STM32U595VJT6Q, STM32U595ZIT6, STM32U595ZIT6Q, STM32U595ZIY6QTR, STM32U595ZJT6, STM32U595ZJT6Q, STM32U595ZJY6QTR, STM32U599BJY6QTR, STM32U599NIH6Q, STM32U599NJH6Q, STM32U599VIT6Q, STM32U599VJT6, STM32U599VJT6Q, STM32U599ZIT6Q, STM32U599ZIY6QTR, STM32U599ZJT6Q, STM32U599ZJY6QTR, STM32U5A5AJH6, STM32U5A5AJH6Q, STM32U5A5QJI6, STM32U5A5QJI6Q, STM32U5A5RJT6, STM32U5A5RJT6Q, STM32U5A5VJT6, STM32U5A5VJT6Q, STM32U5A5ZJT6, STM32U5A5ZJT6Q, STM32U5A5ZJY6QTR, STM32U5A9BJY6QTR, STM32U5A9J-DK, STM32U5A9NJH6Q, STM32U5A9VJT6Q, STM32U5A9ZJT6Q, STM32U5A9ZJY6QTR, STM32WB1MMCH6, STM32WBA52CEU6, STM32WBA52CEU6T, STM32WBA52CGU6, STM32WBA52CGU6T, STM32WL5MOCH6, STM32WL5MOCH6TR]
2025-04-01 01:55:17,002 [INFO] DbMcus:216 - Found 4635 MCUs, 4635 are supported
2025-04-01 01:55:17,009 [INFO] ApiDb:423 - Load user favorites file /home/ziad/.stm32cubeide/favorites.mcus.txt: 1 item(s)
2025-04-01 01:55:17,010 [INFO] ApiDb:427 - User favorites MCUs=[STM32F103C8T6]
2025-04-01 01:55:17,010 [INFO] DbMcus:222 - Set 1 / 1 favorites MCUs
2025-04-01 01:55:18,205 [INFO] BoardInfo:880 - No configuration file found for board NUCLEO-C051C8
2025-04-01 01:55:18,205 [INFO] DbBoards:157 - Board is not supported: NUCLEO-C051C8
2025-04-01 01:55:18,207 [INFO] BoardInfo:880 - No configuration file found for board NUCLEO-C071RB
2025-04-01 01:55:18,207 [INFO] DbBoards:157 - Board is not supported: NUCLEO-C071RB
2025-04-01 01:55:18,211 [INFO] BoardInfo:880 - No configuration file found for board NUCLEO-C092RC
2025-04-01 01:55:18,212 [INFO] DbBoards:157 - Board is not supported: NUCLEO-C092RC
2025-04-01 01:55:18,326 [INFO] BoardInfo:880 - No configuration file found for board NUCLEO-H533RE
2025-04-01 01:55:18,326 [INFO] DbBoards:157 - Board is not supported: NUCLEO-H533RE
2025-04-01 01:55:18,341 [INFO] BoardInfo:880 - No configuration file found for board NUCLEO-H7S3L8
2025-04-01 01:55:18,341 [INFO] DbBoards:157 - Board is not supported: NUCLEO-H7S3L8
2025-04-01 01:55:18,390 [INFO] BoardInfo:880 - No configuration file found for board NUCLEO-N657X0-Q
2025-04-01 01:55:18,390 [INFO] DbBoards:157 - Board is not supported: NUCLEO-N657X0-Q
2025-04-01 01:55:18,391 [INFO] BoardInfo:880 - No configuration file found for board NUCLEO-U031R8
2025-04-01 01:55:18,392 [INFO] DbBoards:157 - Board is not supported: NUCLEO-U031R8
2025-04-01 01:55:18,393 [INFO] BoardInfo:880 - No configuration file found for board NUCLEO-U083RC
2025-04-01 01:55:18,393 [INFO] DbBoards:157 - Board is not supported: NUCLEO-U083RC
2025-04-01 01:55:18,395 [INFO] BoardInfo:880 - No configuration file found for board NUCLEO-U385RG-Q
2025-04-01 01:55:18,396 [INFO] DbBoards:157 - Board is not supported: NUCLEO-U385RG-Q
2025-04-01 01:55:18,400 [INFO] BoardInfo:880 - No configuration file found for board NUCLEO-WB05KZ
2025-04-01 01:55:18,400 [INFO] DbBoards:157 - Board is not supported: NUCLEO-WB05KZ
2025-04-01 01:55:18,401 [INFO] BoardInfo:880 - No configuration file found for board NUCLEO-WB07CC
2025-04-01 01:55:18,401 [INFO] DbBoards:157 - Board is not supported: NUCLEO-WB07CC
2025-04-01 01:55:18,402 [INFO] BoardInfo:880 - No configuration file found for board NUCLEO-WB09KE
2025-04-01 01:55:18,402 [INFO] DbBoards:157 - Board is not supported: NUCLEO-WB09KE
2025-04-01 01:55:18,405 [INFO] BoardInfo:880 - No configuration file found for board NUCLEO-WBA55CG
2025-04-01 01:55:18,405 [INFO] DbBoards:157 - Board is not supported: NUCLEO-WBA55CG
2025-04-01 01:55:18,406 [INFO] BoardInfo:880 - No configuration file found for board NUCLEO-WBA65RI
2025-04-01 01:55:18,406 [INFO] DbBoards:157 - Board is not supported: NUCLEO-WBA65RI
2025-04-01 01:55:18,408 [INFO] BoardInfo:880 - No configuration file found for board NUCLEO-WL33CC1
2025-04-01 01:55:18,408 [INFO] DbBoards:157 - Board is not supported: NUCLEO-WL33CC1
2025-04-01 01:55:18,409 [INFO] BoardInfo:880 - No configuration file found for board NUCLEO-WL33CC2
2025-04-01 01:55:18,409 [INFO] DbBoards:157 - Board is not supported: NUCLEO-WL33CC2
2025-04-01 01:55:18,415 [INFO] BoardInfo:880 - No configuration file found for board P-NUCLEO-WB55
2025-04-01 01:55:18,415 [INFO] DbBoards:157 - Kit is not supported: P-NUCLEO-WB55
2025-04-01 01:55:18,419 [INFO] BoardInfo:880 - No configuration file found for board STEVAL-BFA001V1B
2025-04-01 01:55:18,419 [INFO] DbBoards:157 - Kit is not supported: STEVAL-BFA001V1B
2025-04-01 01:55:18,420 [INFO] BoardInfo:880 - No configuration file found for board STEVAL-BFA001V2B
2025-04-01 01:55:18,420 [INFO] DbBoards:157 - Kit is not supported: STEVAL-BFA001V2B
2025-04-01 01:55:18,423 [INFO] BoardInfo:880 - No configuration file found for board STEVAL-MKBOXPRO
2025-04-01 01:55:18,423 [INFO] DbBoards:157 - Board is not supported: STEVAL-MKBOXPRO
2025-04-01 01:55:18,428 [INFO] BoardInfo:880 - No configuration file found for board STEVAL-SMARTAG2
2025-04-01 01:55:18,428 [INFO] DbBoards:157 - Board is not supported: STEVAL-SMARTAG2
2025-04-01 01:55:18,514 [INFO] BoardInfo:880 - No configuration file found for board STM32H7S78-DK
2025-04-01 01:55:18,514 [INFO] DbBoards:157 - Board is not supported: STM32H7S78-DK
2025-04-01 01:55:18,559 [INFO] BoardInfo:880 - No configuration file found for board STM32MP257F-DK
2025-04-01 01:55:18,560 [INFO] DbBoards:157 - Board is not supported: STM32MP257F-DK
2025-04-01 01:55:18,562 [INFO] BoardInfo:880 - No configuration file found for board STM32MP257F-EV1
2025-04-01 01:55:18,562 [INFO] DbBoards:157 - Board is not supported: STM32MP257F-EV1
2025-04-01 01:55:18,564 [INFO] BoardInfo:880 - No configuration file found for board STM32N6570-DK
2025-04-01 01:55:18,564 [INFO] DbBoards:157 - Board is not supported: STM32N6570-DK
2025-04-01 01:55:18,566 [INFO] BoardInfo:880 - No configuration file found for board STM32U083C-DK
2025-04-01 01:55:18,566 [INFO] DbBoards:157 - Board is not supported: STM32U083C-DK
2025-04-01 01:55:18,569 [INFO] BoardInfo:880 - No configuration file found for board STM32U5G9J-DK1
2025-04-01 01:55:18,569 [INFO] DbBoards:157 - Board is not supported: STM32U5G9J-DK1
2025-04-01 01:55:18,570 [INFO] BoardInfo:880 - No configuration file found for board STM32U5G9J-DK2
2025-04-01 01:55:18,570 [INFO] DbBoards:157 - Board is not supported: STM32U5G9J-DK2
2025-04-01 01:55:18,573 [INFO] BoardInfo:880 - No configuration file found for board STM32WBA55G-DK1
2025-04-01 01:55:18,573 [INFO] DbBoards:157 - Board is not supported: STM32WBA55G-DK1
2025-04-01 01:55:18,574 [INFO] BoardInfo:880 - No configuration file found for board STM32WBA65I-DK1
2025-04-01 01:55:18,574 [INFO] DbBoards:157 - Board is not supported: STM32WBA65I-DK1
2025-04-01 01:55:18,575 [INFO] DbBoards:161 - Found 210 boards, 180 are supported
2025-04-01 01:55:18,578 [INFO] ApiDb:414 - User favorites file not found: /home/ziad/.stm32cubeide/favorites.boards.txt
2025-04-01 01:55:18,578 [INFO] DbBoards:190 - Set 0 / 0 favorites Boards
2025-04-01 01:55:18,581 [INFO] McuFinderGlobals:66 - Set McuFinderConnectedMode to true
2025-04-01 01:55:18,594 [INFO] MultiScanPanel:200 - Auto-refresh data requested => check proxy status ongoing
2025-04-01 01:55:18,602 [INFO] FinderPluginLoader:95 - Searching for filters in installed packs
2025-04-01 01:55:21,499 [INFO] LoadUrlFilesThread:185 - End of LoadServerUrlFiles without Thread
2025-04-01 01:55:21,770 [INFO] DetailPanel:341 - Set advertising image to /home/ziad/STM32Cube/Repository//en.prom-stm32u3-mcu-finder.jpg
2025-04-01 01:55:35,913 [INFO] ServerAccessManage:473 - Download File DS5319.pdf
2025-04-01 01:55:36,706 [INFO] LoadUrlFilesThread:156 - End of LoadUrlFiles Thread
2025-04-01 01:55:36,721 [INFO] McuAction:140 - Datasheet
2025-04-01 01:55:45,478 [INFO] McuAction:76 - Docs & Resources
2025-04-01 01:55:48,300 [INFO] McuAction:49 - Features
2025-04-01 01:56:09,302 [INFO] McuFinderGlobals:66 - Set McuFinderConnectedMode to true
2025-04-01 01:56:09,337 [INFO] ApiDb:448 - Save user favorites file /home/ziad/.stm32cubeide/favorites.mcus.txt: 1 item(s)
2025-04-01 01:56:09,342 [INFO] ApiDb:452 - User favorites MCUs=[STM32F103C8T6]
