2024-07-23 13:28:27,038 [INFO] Activator:176 - 


2024-07-23 13:28:27,041 [INFO] Activator:177 - !SESSION log4j initialized
2024-07-23 13:28:27,238 [ERROR] LogOutputStream:75 - [STDERR_REDIRECT] SWT Webkit: Warning, You are using an old version of webkitgtk. (pre 2.4) BrowserFunction functionality will not be available
2024-07-23 13:28:27,239 [ERROR] LogOutputStream:75 - [STDERR_REDIRECT] SWT WebKit: error initializing DBus server, dBusServer == 0
2024-07-23 13:28:35,338 [INFO] LogOutputStream:77 - [STDOUT_REDIRECT] 
2024-07-23 13:28:41,835 [INFO] ApplicationProperties:184 - Using Application install path: /app/stm32cubeide/plugins/com.st.stm32cube.common.mx_6.8.0.202302231600
2024-07-23 13:28:41,862 [INFO] DbMcusXml:78 - Set database path to: /app/stm32cubeide/plugins/com.st.stm32cube.common.mx_6.8.0.202302231600//db//mcu/
2024-07-23 13:28:41,863 [INFO] ApiDb:274 - Set plugin database path to: /app/stm32cubeide/plugins/com.st.stm32cube.common.mx_6.8.0.202302231600//db//plugins/boardmanager/
2024-07-23 13:28:41,869 [WARN] ApiDb:259 - Overriding images path with different value:  => /app/stm32cubeide/plugins/com.st.stm32cube.common.mx_6.8.0.202302231600//db//plugins/mcufinder/images/
2024-07-23 13:28:41,899 [INFO] ApiDb:250 - Set database path to: /home/ziad/.stmcufinder/plugins/mcufinder//mcu/
2024-07-23 13:28:41,901 [INFO] DbMcusAds:125 - Set database path to: /home/ziad/.stmcufinder/plugins/mcufinder//mcu/
2024-07-23 13:28:41,905 [INFO] CrossReferenceDbSqlite:203 - Set database path to: /home/ziad/.stmcufinder/plugins/mcufinder//mcu/cs/
2024-07-23 13:28:42,057 [INFO] RulesReader:64 - Compatibility file has been processed (293 Rules)
2024-07-23 13:28:42,140 [INFO] DbMcusXml:78 - Set database path to: /app/stm32cubeide/plugins/com.st.stm32cube.common.mx_6.8.0.202302231600//db//mcu/
2024-07-23 13:28:42,140 [INFO] ApiDb:274 - Set plugin database path to: /app/stm32cubeide/plugins/com.st.stm32cube.common.mx_6.8.0.202302231600//db//plugins/boardmanager/
2024-07-23 13:28:42,141 [INFO] ApiDb:261 - Set plugin images path to: /app/stm32cubeide/plugins/com.st.stm32cube.common.mx_6.8.0.202302231600//db//plugins/mcufinder/images/
2024-07-23 13:28:42,141 [WARN] DbFile:41 - Overriding database path with different value: /home/ziad/.stmcufinder/plugins/mcufinder/ => /home/ziad/.stmcufinder/plugins/mcufinder
2024-07-23 13:28:42,141 [INFO] ApiDb:250 - Set database path to: /home/ziad/.stmcufinder/plugins/mcufinder//mcu/
2024-07-23 13:28:42,142 [WARN] DbFile:41 - Overriding database path with different value: /home/ziad/.stmcufinder/plugins/mcufinder/ => /home/ziad/.stmcufinder/plugins/mcufinder
2024-07-23 13:28:42,142 [INFO] DbMcusAds:125 - Set database path to: /home/ziad/.stmcufinder/plugins/mcufinder//mcu/
2024-07-23 13:28:42,142 [WARN] DbFile:41 - Overriding database path with different value: /home/ziad/.stmcufinder/plugins/mcufinder/ => /home/ziad/.stmcufinder/plugins/mcufinder
2024-07-23 13:28:42,142 [WARN] DbFile:41 - Overriding database path with different value: /home/ziad/.stmcufinder/plugins/mcufinder/ => /home/ziad/.stmcufinder/plugins/mcufinder
2024-07-23 13:28:42,142 [INFO] CrossReferenceDbSqlite:203 - Set database path to: /home/ziad/.stmcufinder/plugins/mcufinder//mcu/cs/
2024-07-23 13:28:42,224 [INFO] MainPanel:253 - HeapMemory: 300941312
2024-07-23 13:28:42,347 [INFO] DbMcusXml:78 - Set database path to: /app/stm32cubeide/plugins/com.st.stm32cube.common.mx_6.8.0.202302231600//db//mcu/
2024-07-23 13:28:42,347 [INFO] ApiDb:274 - Set plugin database path to: /app/stm32cubeide/plugins/com.st.stm32cube.common.mx_6.8.0.202302231600//db//plugins/boardmanager/
2024-07-23 13:28:42,347 [INFO] ApiDb:261 - Set plugin images path to: /app/stm32cubeide/plugins/com.st.stm32cube.common.mx_6.8.0.202302231600//db//plugins/mcufinder/images/
2024-07-23 13:28:42,348 [WARN] DbFile:41 - Overriding database path with different value: /home/ziad/.stmcufinder/plugins/mcufinder/ => /home/ziad/.stmcufinder/plugins/mcufinder
2024-07-23 13:28:42,348 [INFO] ApiDb:250 - Set database path to: /home/ziad/.stmcufinder/plugins/mcufinder//mcu/
2024-07-23 13:28:42,348 [WARN] DbFile:41 - Overriding database path with different value: /home/ziad/.stmcufinder/plugins/mcufinder/ => /home/ziad/.stmcufinder/plugins/mcufinder
2024-07-23 13:28:42,348 [INFO] DbMcusAds:125 - Set database path to: /home/ziad/.stmcufinder/plugins/mcufinder//mcu/
2024-07-23 13:28:42,348 [WARN] DbFile:41 - Overriding database path with different value: /home/ziad/.stmcufinder/plugins/mcufinder/ => /home/ziad/.stmcufinder/plugins/mcufinder
2024-07-23 13:28:42,348 [WARN] DbFile:41 - Overriding database path with different value: /home/ziad/.stmcufinder/plugins/mcufinder/ => /home/ziad/.stmcufinder/plugins/mcufinder
2024-07-23 13:28:42,348 [INFO] CrossReferenceDbSqlite:203 - Set database path to: /home/ziad/.stmcufinder/plugins/mcufinder//mcu/cs/
2024-07-23 13:28:42,367 [INFO] ApplicationProperties:184 - Using Application install path: /app/stm32cubeide/plugins/com.st.stm32cube.common.mx_6.8.0.202302231600
2024-07-23 13:28:42,370 [INFO] PluginManage:196 - Search for loadable plugins [exclusion list=, ]
2024-07-23 13:28:42,371 [INFO] PluginManage:310 - Check plugin analytics
2024-07-23 13:28:42,548 [INFO] AnalyticsPlugin:253 - Accepted Software Licenses: 
2024-07-23 13:28:42,548 [INFO] AnalyticsPlugin:255 - Accepted CMSIS Pack Licenses: 
2024-07-23 13:28:42,549 [INFO] AnalyticsPlugin:257 - Accepted Firmware Licenses: FW.F4.1.27.0
2024-07-23 13:28:42,561 [INFO] PluginManage:359 - Loaded plugin analytics (category:tool,tabindex:-1)
2024-07-23 13:28:42,562 [INFO] PluginManage:310 - Check plugin cadmodel
2024-07-23 13:28:42,640 [INFO] CADModel:105 - Init CAD model plugin
2024-07-23 13:28:42,640 [INFO] PluginManage:359 - Loaded plugin cadmodel (category:power,tabindex:5)
2024-07-23 13:28:42,641 [INFO] PluginManage:310 - Check plugin clock
2024-07-23 13:28:42,656 [INFO] PluginManage:359 - Loaded plugin clock (category:base,tabindex:2)
2024-07-23 13:28:42,657 [INFO] PluginManage:310 - Check plugin ddr
2024-07-23 13:28:42,661 [INFO] PluginManage:359 - Loaded plugin ddr (category:tool,tabindex:6)
2024-07-23 13:28:42,661 [INFO] PluginManage:310 - Check plugin filemanager
2024-07-23 13:28:42,875 [INFO] PluginManage:359 - Loaded plugin filemanager (category:base,tabindex:10)
2024-07-23 13:28:42,875 [INFO] PluginManage:310 - Check plugin ipmanager
2024-07-23 13:28:42,884 [INFO] PluginManage:359 - Loaded plugin ipmanager (category:base,tabindex:5)
2024-07-23 13:28:42,884 [INFO] PluginManage:310 - Check plugin lpbam
2024-07-23 13:28:42,900 [INFO] PluginManage:359 - Loaded plugin lpbam (category:base,tabindex:0)
2024-07-23 13:28:42,901 [INFO] PluginManage:310 - Check plugin pinoutandconfiguration
2024-07-23 13:28:42,911 [INFO] PluginManage:359 - Loaded plugin pinoutandconfiguration (category:base,tabindex:1)
2024-07-23 13:28:42,912 [INFO] PluginManage:310 - Check plugin pinoutconfig
2024-07-23 13:28:43,010 [WARN] SupportedApi:132 - Cannot load RTOS API schema: s4s-elt-must-match.1: The content of 'definitions' must match (annotation?, (simpleType | complexType)?, (unique | key | keyref)*)). A problem was found starting at: attribute.
2024-07-23 13:28:43,202 [INFO] PluginManage:359 - Loaded plugin pinoutconfig (category:base,tabindex:0)
2024-07-23 13:28:43,202 [INFO] PluginManage:310 - Check plugin power
2024-07-23 13:28:43,207 [ERROR] ConfigurationRetriever:142 - IOException on connection: Read timed out
2024-07-23 13:28:43,216 [INFO] PluginManage:359 - Loaded plugin power (category:power,tabindex:4)
2024-07-23 13:28:43,216 [INFO] PluginManage:310 - Check plugin projectmanager
2024-07-23 13:28:43,234 [INFO] PluginManage:359 - Loaded plugin projectmanager (category:projectmanager,tabindex:3)
2024-07-23 13:28:43,234 [INFO] PluginManage:310 - Check plugin thirdparty
2024-07-23 13:28:43,383 [WARN] IntegrityCheckThread:84 - waiting for thirdparty lock release [integrity check]
2024-07-23 13:28:43,383 [INFO] PluginManage:359 - Loaded plugin thirdparty (category:base,tabindex:-1)
2024-07-23 13:28:43,383 [INFO] IntegrityCheckThread:86 - entering critical section [integrity check]
2024-07-23 13:28:43,384 [INFO] PluginManage:310 - Check plugin tools
2024-07-23 13:28:43,387 [INFO] PluginManage:359 - Loaded plugin tools (category:base,tabindex:7)
2024-07-23 13:28:43,387 [INFO] ThirdPartyUpdaterWithRetryManager:70 - Updater plugin not ready yet. [1/15]
2024-07-23 13:28:43,387 [INFO] PluginManage:310 - Check plugin tutovideos
2024-07-23 13:28:43,618 [INFO] PluginManage:359 - Loaded plugin tutovideos (category:base,tabindex:-1)
2024-07-23 13:28:43,618 [INFO] PluginManage:310 - Check plugin updater
2024-07-23 13:28:43,635 [INFO] PluginManage:359 - Loaded plugin updater (category:base,tabindex:12)
2024-07-23 13:28:43,635 [INFO] PluginManage:283 - PluginManage : Loaded plugins [15]
2024-07-23 13:28:43,897 [INFO] PinOutPanel:1499 - setPackage(No Configuration,No Configuration)
2024-07-23 13:28:43,961 [INFO] CADModel:165 - CPN selected for project level
2024-07-23 13:28:43,961 [INFO] CADModel:114 - Register for checkConnection events
2024-07-23 13:28:43,976 [INFO] IPUIPlugin:80 - create IPUIPlugin
2024-07-23 13:28:43,976 [INFO] PluginManager:220 - loadIPPluginJar : add pdm2pcm
2024-07-23 13:28:43,978 [INFO] IPUIPlugin:80 - create IPUIPlugin
2024-07-23 13:28:43,978 [INFO] PluginManager:220 - loadIPPluginJar : add ltdc
2024-07-23 13:28:43,985 [INFO] IPUIPlugin:80 - create IPUIPlugin
2024-07-23 13:28:43,985 [INFO] PluginManager:220 - loadIPPluginJar : add freertos
2024-07-23 13:28:43,987 [INFO] IPUIPlugin:80 - create IPUIPlugin
2024-07-23 13:28:43,987 [INFO] PluginManager:220 - loadIPPluginJar : add ts
2024-07-23 13:28:43,995 [INFO] IPUIPlugin:80 - create IPUIPlugin
2024-07-23 13:28:43,996 [INFO] PluginManager:220 - loadIPPluginJar : add mdma
2024-07-23 13:28:43,999 [INFO] IPUIPlugin:80 - create IPUIPlugin
2024-07-23 13:28:43,999 [INFO] PluginManager:220 - loadIPPluginJar : add usart
2024-07-23 13:28:44,007 [INFO] IPUIPlugin:80 - create IPUIPlugin
2024-07-23 13:28:44,007 [INFO] PluginManager:220 - loadIPPluginJar : add adc
2024-07-23 13:28:44,010 [INFO] IPUIPlugin:80 - create IPUIPlugin
2024-07-23 13:28:44,010 [INFO] PluginManager:220 - loadIPPluginJar : add lorawan
2024-07-23 13:28:44,014 [INFO] IPUIPlugin:80 - create IPUIPlugin
2024-07-23 13:28:44,014 [INFO] PluginManager:220 - loadIPPluginJar : add nvic
2024-07-23 13:28:44,016 [INFO] IPUIPlugin:80 - create IPUIPlugin
2024-07-23 13:28:44,016 [INFO] PluginManager:220 - loadIPPluginJar : add dfsdm
2024-07-23 13:28:44,023 [INFO] IPUIPlugin:80 - create IPUIPlugin
2024-07-23 13:28:44,023 [INFO] PluginManager:220 - loadIPPluginJar : add dma
2024-07-23 13:28:44,026 [INFO] IPUIPlugin:80 - create IPUIPlugin
2024-07-23 13:28:44,027 [INFO] PluginManager:220 - loadIPPluginJar : add usbx
2024-07-23 13:28:44,030 [INFO] IPUIPlugin:80 - create IPUIPlugin
2024-07-23 13:28:44,030 [INFO] PluginManager:220 - loadIPPluginJar : add openamp
2024-07-23 13:28:44,033 [INFO] IPUIPlugin:80 - create IPUIPlugin
2024-07-23 13:28:44,033 [INFO] PluginManager:220 - loadIPPluginJar : add i2s
2024-07-23 13:28:44,035 [INFO] IPUIPlugin:80 - create IPUIPlugin
2024-07-23 13:28:44,035 [INFO] PluginManager:220 - loadIPPluginJar : add fatfs
2024-07-23 13:28:44,040 [INFO] IPUIPlugin:80 - create IPUIPlugin
2024-07-23 13:28:44,040 [INFO] PluginManager:220 - loadIPPluginJar : add gpio
2024-07-23 13:28:44,042 [INFO] IPUIPlugin:80 - create IPUIPlugin
2024-07-23 13:28:44,042 [INFO] PluginManager:220 - loadIPPluginJar : add genericplugin
2024-07-23 13:28:44,046 [INFO] IPUIPlugin:80 - create IPUIPlugin
2024-07-23 13:28:44,046 [INFO] PluginManager:220 - loadIPPluginJar : add sai
2024-07-23 13:28:44,048 [INFO] IPUIPlugin:80 - create IPUIPlugin
2024-07-23 13:28:44,049 [INFO] PluginManager:220 - loadIPPluginJar : add hash
2024-07-23 13:28:44,051 [INFO] IPUIPlugin:80 - create IPUIPlugin
2024-07-23 13:28:44,051 [INFO] PluginManager:220 - loadIPPluginJar : add aes
2024-07-23 13:28:44,059 [INFO] IPUIPlugin:80 - create IPUIPlugin
2024-07-23 13:28:44,063 [INFO] PluginManager:220 - loadIPPluginJar : add plateformsettings
2024-07-23 13:28:44,066 [INFO] IPUIPlugin:80 - create IPUIPlugin
2024-07-23 13:28:44,066 [INFO] PluginManager:220 - loadIPPluginJar : add gtzc
2024-07-23 13:28:44,069 [INFO] IPUIPlugin:80 - create IPUIPlugin
2024-07-23 13:28:44,069 [INFO] PluginManager:220 - loadIPPluginJar : add cryp
2024-07-23 13:28:44,072 [INFO] IPUIPlugin:80 - create IPUIPlugin
2024-07-23 13:28:44,072 [INFO] PluginManager:220 - loadIPPluginJar : add i2c
2024-07-23 13:28:44,077 [INFO] IPUIPlugin:80 - create IPUIPlugin
2024-07-23 13:28:44,077 [INFO] PluginManager:220 - loadIPPluginJar : add stm32_wpan
2024-07-23 13:28:44,079 [INFO] IPUIPlugin:80 - create IPUIPlugin
2024-07-23 13:28:44,080 [INFO] PluginManager:220 - loadIPPluginJar : add gfxmmu
2024-07-23 13:28:44,082 [INFO] IPUIPlugin:80 - create IPUIPlugin
2024-07-23 13:28:44,082 [INFO] PluginManager:220 - loadIPPluginJar : add dma3
2024-07-23 13:28:44,084 [INFO] IPUIPlugin:80 - create IPUIPlugin
2024-07-23 13:28:44,085 [INFO] PluginManager:220 - loadIPPluginJar : add tracer_emb
2024-07-23 13:28:44,086 [INFO] IPUIPlugin:80 - create IPUIPlugin
2024-07-23 13:28:44,087 [INFO] PluginManager:220 - loadIPPluginJar : add comp
2024-07-23 13:28:44,090 [INFO] IPUIPlugin:80 - create IPUIPlugin
2024-07-23 13:28:44,090 [INFO] PluginManager:220 - loadIPPluginJar : add ipddr
2024-07-23 13:28:44,093 [INFO] IPUIPlugin:80 - create IPUIPlugin
2024-07-23 13:28:44,093 [INFO] PluginManager:220 - loadIPPluginJar : add opamp
2024-07-23 13:28:44,097 [INFO] IPUIPlugin:80 - create IPUIPlugin
2024-07-23 13:28:44,097 [INFO] PluginManager:220 - loadIPPluginJar : add resmgrutility
2024-07-23 13:28:44,099 [INFO] IPUIPlugin:80 - create IPUIPlugin
2024-07-23 13:28:44,100 [INFO] PluginManager:220 - loadIPPluginJar : add tim
2024-07-23 13:28:44,102 [INFO] IPUIPlugin:80 - create IPUIPlugin
2024-07-23 13:28:44,102 [INFO] PluginManager:220 - loadIPPluginJar : add ucpd
2024-07-23 13:28:44,105 [INFO] IPUIPlugin:80 - create IPUIPlugin
2024-07-23 13:28:44,105 [INFO] PluginManager:220 - loadIPPluginJar : add touchsensing
2024-07-23 13:28:44,109 [INFO] IPUIPlugin:80 - create IPUIPlugin
2024-07-23 13:28:44,109 [INFO] PluginManager:220 - loadIPPluginJar : add fmc
2024-07-23 13:28:44,111 [INFO] IPUIPlugin:80 - create IPUIPlugin
2024-07-23 13:28:44,112 [INFO] PluginManager:220 - loadIPPluginJar : add tsc
2024-07-23 13:28:44,115 [INFO] IPUIPlugin:80 - create IPUIPlugin
2024-07-23 13:28:44,115 [INFO] PluginManager:220 - loadIPPluginJar : add i3c
2024-07-23 13:28:44,118 [INFO] IPUIPlugin:80 - create IPUIPlugin
2024-07-23 13:28:44,119 [INFO] PluginManager:220 - loadIPPluginJar : add can
2024-07-23 13:28:44,126 [INFO] IPUIPlugin:80 - create IPUIPlugin
2024-07-23 13:28:44,127 [INFO] PluginManager:220 - loadIPPluginJar : add gic
2024-07-23 13:28:44,136 [INFO] IPUIPlugin:80 - create IPUIPlugin
2024-07-23 13:28:44,137 [INFO] PluginManager:220 - loadIPPluginJar : add linkedlist
2024-07-23 13:28:44,139 [INFO] IPUIPlugin:80 - create IPUIPlugin
2024-07-23 13:28:44,140 [INFO] PluginManager:220 - loadIPPluginJar : add spi
2024-07-23 13:28:44,141 [INFO] IPUIPlugin:80 - create IPUIPlugin
2024-07-23 13:28:44,141 [INFO] PluginManager:220 - loadIPPluginJar : add quadspi
2024-07-23 13:28:44,256 [INFO] CADModel:165 - CPN selected for project level
2024-07-23 13:28:44,257 [INFO] CADModel:114 - Register for checkConnection events
2024-07-23 13:28:44,257 [FATAL] Updater:308 - Updater called before beeing initialized
2024-07-23 13:28:44,257 [ERROR] CADModel:125 - Updater not yet initialized, retry later 
2024-07-23 13:28:44,420 [INFO] CADModel:165 - CPN selected for project level
2024-07-23 13:28:44,420 [INFO] CADModel:114 - Register for checkConnection events
2024-07-23 13:28:44,421 [FATAL] Updater:308 - Updater called before beeing initialized
2024-07-23 13:28:44,421 [ERROR] CADModel:125 - Updater not yet initialized, retry later 
2024-07-23 13:28:44,425 [FATAL] Updater:308 - Updater called before beeing initialized
2024-07-23 13:28:44,539 [FATAL] Updater:308 - Updater called before beeing initialized
2024-07-23 13:28:44,551 [INFO] DbMcusAds:53 - JSON generation date=Thu May 16 11:22:01 EET 2024 (1715851321109)
2024-07-23 13:28:44,551 [FATAL] Updater:308 - Updater called before beeing initialized
2024-07-23 13:28:44,610 [WARN] DetailPanel:346 - Failed to get advertising image, set to default
2024-07-23 13:28:44,879 [FATAL] Updater:308 - Updater called before beeing initialized
2024-07-23 13:28:44,885 [FATAL] Updater:308 - Updater called before beeing initialized
2024-07-23 13:28:44,885 [FATAL] Updater:308 - Updater called before beeing initialized
2024-07-23 13:28:44,885 [WARN] DetailPanel:346 - Failed to get advertising image, set to default
2024-07-23 13:28:44,887 [FATAL] Updater:308 - Updater called before beeing initialized
2024-07-23 13:28:44,937 [ERROR] Updater:1120 - MainUpdater not yet initialized. External WinMGr cannot be set.
2024-07-23 13:28:44,941 [INFO] Updater:1056 - Updater Version found : 6.8.0
2024-07-23 13:28:44,966 [INFO] ApplicationProperties:184 - Using Application install path: /app/stm32cubeide/plugins/com.st.stm32cube.common.mx_6.8.0.202302231600
2024-07-23 13:28:45,776 [ERROR] ConfigurationRetriever:142 - IOException on connection: Read timed out
2024-07-23 13:28:46,388 [INFO] ThirdPartyUpdaterWithRetryManager:70 - Updater plugin not ready yet. [2/15]
2024-07-23 13:28:47,362 [WARN] ServerAccessManage:1168 - Warning during Server Connection :  timeout Read timed out
2024-07-23 13:28:47,666 [ERROR] ConfigurationRetriever:142 - IOException on connection: Read timed out
2024-07-23 13:28:48,155 [ERROR] ConfigurationRetriever:142 - IOException on connection: Read timed out
2024-07-23 13:28:49,388 [FATAL] Updater:308 - Updater called before beeing initialized
2024-07-23 13:28:49,390 [ERROR] IntegrityCheckThread:130 - Cannot retrieve database content from updater: error 21
2024-07-23 13:28:49,390 [INFO] ThirdParty:978 - Integrity check success = false
2024-07-23 13:28:49,391 [INFO] IntegrityCheckThread:100 - exiting critical section [integrity check]
2024-07-23 13:28:49,391 [INFO] IntegrityCheckThread:103 - End integrity checks thread
2024-07-23 13:28:49,914 [WARN] ServerAccessManage:1168 - Warning during Server Connection :  timeout Read timed out
2024-07-23 13:28:49,920 [INFO] MainUpdater:2854 - connection check result : 22
2024-07-23 13:28:49,921 [INFO] MainUpdater:283 - Updater Check For Update Now.
2024-07-23 13:28:49,921 [INFO] MicroXplorer:498 - Change Database Version : DB.6.0.80
2024-07-23 13:28:50,114 [INFO] CheckServerUpdateThread:120 - End of CheckServer Thread
2024-07-23 13:28:51,397 [WARN] ServerAccessManage:1168 - Warning during Server Connection :  timeout Read timed out
2024-07-23 13:28:52,899 [WARN] ServerAccessManage:1168 - Warning during Server Connection :  timeout Read timed out
2024-07-23 13:28:52,901 [INFO] MainUpdater:2854 - connection check result : 22
2024-07-23 13:28:52,921 [ERROR] ConfigurationRetriever:142 - IOException on connection: Read timed out
2024-07-23 13:28:56,957 [ERROR] LogOutputStream:75 - [STDERR_REDIRECT] SLF4J: Failed to load class "org.slf4j.impl.StaticLoggerBinder".
2024-07-23 13:28:56,958 [ERROR] LogOutputStream:75 - [STDERR_REDIRECT] SLF4J: Defaulting to no-operation (NOP) logger implementation
2024-07-23 13:28:56,958 [ERROR] LogOutputStream:75 - [STDERR_REDIRECT] SLF4J: See http://www.slf4j.org/codes.html#StaticLoggerBinder for further details.
2024-07-23 13:28:58,997 [INFO] MainUpdater:2854 - connection check result : 10
2024-07-23 13:28:59,404 [INFO] ApiDb:581 - Connected to CubeFinder SQLite database (/home/ziad/.stmcufinder/plugins/mcufinder/mcu/cube-finder-db.db)
2024-07-23 13:28:59,488 [INFO] ApiDb:668 - CubeFinder database Data Model version=2.1
2024-07-23 13:28:59,489 [INFO] ApiDb:669 - CubeFinder database Configuration version=3.0.39
2024-07-23 13:28:59,489 [INFO] ApiDb:670 - CubeFinder database generation date=2024-06-20 (1718880634)
2024-07-23 13:28:59,489 [INFO] ApiDb:671 - CubeFinder database FW Pack versions=[FP-ATR-ASTRA1_V2.0.0, FP-SNS-FLIGHT1_V5.0.2, FP-SNS-MOTENV1_V5.0.0, FP-SNS-MOTENVWB1_V1.4.0, FP-SNS-SMARTAG2_V1.2.0, STM32Cube_FW_C0_V1.2.0, STM32Cube_FW_F4_V1.28.0, STM32Cube_FW_F7_V1.17.2, STM32Cube_FW_G0_V1.6.2, STM32Cube_FW_G4_V1.6.0, STM32Cube_FW_H5_V1.3.0, STM32Cube_FW_H7RS_V1.1.0, STM32Cube_FW_H7_V1.11.2, STM32Cube_FW_L0_V1.12.2, STM32Cube_FW_L5_V1.5.1, STM32Cube_FW_U0_V1.1.0, STM32Cube_FW_U5_V1.6.0, STM32Cube_FW_WB0_V1.0.0, STM32Cube_FW_WBA_V1.4.0, STM32Cube_FW_WB_V1.20.0, STM32Cube_FW_WL_V1.3.0, X-CUBE-ALGOBUILD_V1.4.0, X-CUBE-ALS_V1.0.2, X-CUBE-AZRTOS-F4_V1.1.0, X-CUBE-AZRTOS-F7_V1.1.0, X-CUBE-AZRTOS-G0_V1.1.0, X-CUBE-AZRTOS-G4_V2.0.0, X-CUBE-AZRTOS-H7RS_V1.0.0, X-CUBE-AZRTOS-H7_V3.2.0, X-CUBE-AZRTOS-L4_V2.0.0, X-CUBE-AZRTOS-L5_V1.1.0, X-CUBE-AZRTOS-WB_V2.0.0, X-CUBE-AZRTOS-WL_V2.0.0, X-CUBE-BLE1_V7.0.0, X-CUBE-BLE2_V3.3.0, X-CUBE-BLEMGR_V3.1.0, X-CUBE-EEPRMA1_V5.1.0, X-CUBE-FREERTOS_V1.2.0, X-CUBE-GNSS1_V6.0.0, X-CUBE-MEMS1_V10.0.0, X-CUBE-NFC4_V3.0.0, X-CUBE-NFC7_V1.0.1, X-CUBE-SFXS2LP1_V4.0.0, X-CUBE-SUBG2_V5.0.0, X-CUBE-TOF1_V3.4.1]
2024-07-23 13:28:59,656 [INFO] DbBoardsSqlite:226 - include board P-NUCLEO-WB55-NUCLEO as a kit item of type 'Nucleo-64'
2024-07-23 13:28:59,656 [INFO] DbBoardsSqlite:226 - include board P-NUCLEO-WB55-USBDONGLE as a kit item of type 'Nucleo USB Dongle'
2024-07-23 13:28:59,658 [INFO] DbBoardsSqlite:226 - include board STEVAL-IDP005V1 as a kit item of type 'Evaluation Board'
2024-07-23 13:28:59,659 [INFO] DbBoardsSqlite:226 - include board STEVAL-IDP005V2 as a kit item of type 'Evaluation Board'
2024-07-23 13:28:59,822 [INFO] ApiDb:240 - Found 297 in-development CPN: [B-G473E-ZEST1S, B-WB1M-WPAN1, B-WL5M-SUBG1, NUCLEO-C031C6, NUCLEO-H503RB, NUCLEO-H563ZI, NUCLEO-U545RE-Q, NUCLEO-U5A5ZJ-Q, NUCLEO-WBA52CG, STEVAL-PROTEUS1, STEVAL-STWINBX1, STM320518-EVAL, STM32C0116-DK, STM32C011D6Y3TR, STM32C011D6Y6TR, STM32C011F4P3, STM32C011F4P6, STM32C011F4U3, STM32C011F4U6TR, STM32C011F6P3, STM32C011F6P6, STM32C011F6U3, STM32C011F6U6TR, STM32C011J4M3, STM32C011J4M6, STM32C011J6M3, STM32C011J6M6, STM32C0316-DK, STM32C031C4T3, STM32C031C4T6, STM32C031C4U3, STM32C031C4U6, STM32C031C6T3, STM32C031C6T6, STM32C031C6U3, STM32C031C6U6, STM32C031F4P3, STM32C031F4P6, STM32C031F6P3, STM32C031F6P6, STM32C031G4U3, STM32C031G4U6, STM32C031G6U3, STM32C031G6U6, STM32C031K4T3, STM32C031K4T6, STM32C031K4U3, STM32C031K4U6, STM32C031K6T3, STM32C031K6T6, STM32C031K6U3, STM32C031K6U6, STM32G071K8TXN, STM32G071K8UXN, STM32G081GBU6N, STM32G081KBT6N, STM32G081KBUXN, STM32G0B1CCT6N, STM32G0B1KCT6, STM32G0B1NEY6TR, STM32G0B1RCT6N, STM32G0C1CCT6, STM32G0C1CCT6N, STM32G0C1CCU6N, STM32G0C1CET6N, STM32G0C1CEU6N, STM32G0C1KCT6, STM32G0C1NEY6TR, STM32G0C1RCI6N, STM32G0C1RCT6N, STM32G0C1REI6N, STM32G0C1RET6N, STM32G0C1VCI6, STM32G0C1VEI6, STM32G471CCT6, STM32G471CCU6, STM32G471CET3, STM32G471CET6, STM32G471CEU3, STM32G471CEU6, STM32G471MCT6, STM32G471MET3, STM32G471MET6, STM32G471MEY6TR, STM32G471QCT6, STM32G471QET3, STM32G471RCT6, STM32G471RET3, STM32G471RET6, STM32G471VCH6, STM32G471VCI6, STM32G471VCT6, STM32G471VEH3, STM32G471VEH6, STM32G471VEI3, STM32G471VEI6, STM32G471VET3, STM32G471VET6, STM32G474CCT6, STM32H503CBT6, STM32H503CBU6, STM32H503EBY6TR, STM32H503KBU6, STM32H503RBT6, STM32H562AGI6, STM32H562AII6, STM32H562IGK6, STM32H562IGT6, STM32H562IIK6, STM32H562IIT6, STM32H562RGT6, STM32H562RGV6, STM32H562RIT6, STM32H562RIV6, STM32H562VGT6, STM32H562VIT6, STM32H562ZGT6, STM32H562ZIT6, STM32H563AGI6, STM32H563AII3Q, STM32H563AII6, STM32H563IGK6, STM32H563IGT6, STM32H563IIK3Q, STM32H563IIK6, STM32H563IIT3Q, STM32H563IIT6, STM32H563MIY3QTR, STM32H563RGT6, STM32H563RGV6, STM32H563RIT6, STM32H563RIV6, STM32H563VGT6, STM32H563VIT3Q, STM32H563VIT6, STM32H563ZGT6, STM32H563ZIT3Q, STM32H563ZIT6, STM32H573AII3Q, STM32H573AII6, STM32H573I-DK, STM32H573IIK3Q, STM32H573IIK6, STM32H573IIT3Q, STM32H573IIT6, STM32H573MIY3QTR, STM32H573RIT6, STM32H573RIV6, STM32H573VIT3Q, STM32H573VIT6, STM32H573ZIT3Q, STM32H573ZIT6, STM32L4R5QGI6STR, STM32MP131AAE3, STM32MP131AAF3, STM32MP131AAG3, STM32MP131CAE3, STM32MP131CAF3, STM32MP131CAG3, STM32MP131DAE7, STM32MP131DAF7, STM32MP131DAG7, STM32MP131FAE7, STM32MP131FAF7, STM32MP131FAG7, STM32MP133AAE3, STM32MP133AAF3, STM32MP133AAG3, STM32MP133CAE3, STM32MP133CAF3, STM32MP133CAG3, STM32MP133DAE7, STM32MP133DAF7, STM32MP133DAG7, STM32MP133FAE7, STM32MP133FAF7, STM32MP133FAG7, STM32MP135AAE3, STM32MP135AAF3, STM32MP135AAG3, STM32MP135CAE3, STM32MP135CAF3, STM32MP135CAG3, STM32MP135DAE7, STM32MP135DAF7, STM32MP135DAG7, STM32MP135F-DK, STM32MP135FAE7, STM32MP135FAF7, STM32MP135FAF7T, STM32MP135FAF7U, STM32MP135FAG7, STM32U535CBT6, STM32U535CBT6Q, STM32U535CBU6, STM32U535CBU6Q, STM32U535CCT6, STM32U535CCT6Q, STM32U535CCU6, STM32U535CCU6Q, STM32U535CET6, STM32U535CET6Q, STM32U535CEU6, STM32U535CEU6Q, STM32U535JEY6QTR, STM32U535NCY6QTR, STM32U535NEY6QTR, STM32U535RBI6, STM32U535RBI6Q, STM32U535RBT6, STM32U535RBT6Q, STM32U535RCI6, STM32U535RCI6Q, STM32U535RCT6, STM32U535RCT6Q, STM32U535REI6, STM32U535REI6Q, STM32U535RET6, STM32U535RET6Q, STM32U535VCI6, STM32U535VCI6Q, STM32U535VCT6, STM32U535VCT6Q, STM32U535VEI6, STM32U535VEI6Q, STM32U535VET6, STM32U535VET6Q, STM32U545CET6, STM32U545CET6Q, STM32U545CEU6, STM32U545CEU6Q, STM32U545JEY6QTR, STM32U545NEY6QTR, STM32U545REI6, STM32U545REI6Q, STM32U545RET6, STM32U545RET6Q, STM32U545VEI6, STM32U545VEI6Q, STM32U545VET6, STM32U545VET6Q, STM32U595AIH6, STM32U595AIH6Q, STM32U595AJH6, STM32U595AJH6Q, STM32U595QII6, STM32U595QII6Q, STM32U595QJI6, STM32U595QJI6Q, STM32U595RIT6, STM32U595RIT6Q, STM32U595RJT6, STM32U595RJT6Q, STM32U595VIT6, STM32U595VIT6Q, STM32U595VJT6, STM32U595VJT6Q, STM32U595ZIT6, STM32U595ZIT6Q, STM32U595ZIY6QTR, STM32U595ZJT6, STM32U595ZJT6Q, STM32U595ZJY6QTR, STM32U599BJY6QTR, STM32U599NIH6Q, STM32U599NJH6Q, STM32U599VIT6Q, STM32U599VJT6, STM32U599VJT6Q, STM32U599ZIT6Q, STM32U599ZIY6QTR, STM32U599ZJT6Q, STM32U599ZJY6QTR, STM32U5A5AJH6, STM32U5A5AJH6Q, STM32U5A5QJI6, STM32U5A5QJI6Q, STM32U5A5RJT6, STM32U5A5RJT6Q, STM32U5A5VJT6, STM32U5A5VJT6Q, STM32U5A5ZJT6, STM32U5A5ZJT6Q, STM32U5A5ZJY6QTR, STM32U5A9BJY6QTR, STM32U5A9J-DK, STM32U5A9NJH6Q, STM32U5A9VJT6Q, STM32U5A9ZJT6Q, STM32U5A9ZJY6QTR, STM32WB1MMCH6, STM32WBA52CEU6, STM32WBA52CEU6T, STM32WBA52CGU6, STM32WBA52CGU6T, STM32WL5MOCH6, STM32WL5MOCH6TR]
2024-07-23 13:28:59,830 [INFO] ApiDb:668 - CubeFinder database Data Model version=2.1
2024-07-23 13:28:59,830 [INFO] ApiDb:669 - CubeFinder database Configuration version=3.0.39
2024-07-23 13:28:59,830 [INFO] ApiDb:670 - CubeFinder database generation date=2024-06-20 (1718880634)
2024-07-23 13:28:59,830 [INFO] ApiDb:671 - CubeFinder database FW Pack versions=[FP-ATR-ASTRA1_V2.0.0, FP-SNS-FLIGHT1_V5.0.2, FP-SNS-MOTENV1_V5.0.0, FP-SNS-MOTENVWB1_V1.4.0, FP-SNS-SMARTAG2_V1.2.0, STM32Cube_FW_C0_V1.2.0, STM32Cube_FW_F4_V1.28.0, STM32Cube_FW_F7_V1.17.2, STM32Cube_FW_G0_V1.6.2, STM32Cube_FW_G4_V1.6.0, STM32Cube_FW_H5_V1.3.0, STM32Cube_FW_H7RS_V1.1.0, STM32Cube_FW_H7_V1.11.2, STM32Cube_FW_L0_V1.12.2, STM32Cube_FW_L5_V1.5.1, STM32Cube_FW_U0_V1.1.0, STM32Cube_FW_U5_V1.6.0, STM32Cube_FW_WB0_V1.0.0, STM32Cube_FW_WBA_V1.4.0, STM32Cube_FW_WB_V1.20.0, STM32Cube_FW_WL_V1.3.0, X-CUBE-ALGOBUILD_V1.4.0, X-CUBE-ALS_V1.0.2, X-CUBE-AZRTOS-F4_V1.1.0, X-CUBE-AZRTOS-F7_V1.1.0, X-CUBE-AZRTOS-G0_V1.1.0, X-CUBE-AZRTOS-G4_V2.0.0, X-CUBE-AZRTOS-H7RS_V1.0.0, X-CUBE-AZRTOS-H7_V3.2.0, X-CUBE-AZRTOS-L4_V2.0.0, X-CUBE-AZRTOS-L5_V1.1.0, X-CUBE-AZRTOS-WB_V2.0.0, X-CUBE-AZRTOS-WL_V2.0.0, X-CUBE-BLE1_V7.0.0, X-CUBE-BLE2_V3.3.0, X-CUBE-BLEMGR_V3.1.0, X-CUBE-EEPRMA1_V5.1.0, X-CUBE-FREERTOS_V1.2.0, X-CUBE-GNSS1_V6.0.0, X-CUBE-MEMS1_V10.0.0, X-CUBE-NFC4_V3.0.0, X-CUBE-NFC7_V1.0.1, X-CUBE-SFXS2LP1_V4.0.0, X-CUBE-SUBG2_V5.0.0, X-CUBE-TOF1_V3.4.1]
2024-07-23 13:29:02,899 [INFO] ApiDb:240 - Found 297 in-development CPN: [B-G473E-ZEST1S, B-WB1M-WPAN1, B-WL5M-SUBG1, NUCLEO-C031C6, NUCLEO-H503RB, NUCLEO-H563ZI, NUCLEO-U545RE-Q, NUCLEO-U5A5ZJ-Q, NUCLEO-WBA52CG, STEVAL-PROTEUS1, STEVAL-STWINBX1, STM320518-EVAL, STM32C0116-DK, STM32C011D6Y3TR, STM32C011D6Y6TR, STM32C011F4P3, STM32C011F4P6, STM32C011F4U3, STM32C011F4U6TR, STM32C011F6P3, STM32C011F6P6, STM32C011F6U3, STM32C011F6U6TR, STM32C011J4M3, STM32C011J4M6, STM32C011J6M3, STM32C011J6M6, STM32C0316-DK, STM32C031C4T3, STM32C031C4T6, STM32C031C4U3, STM32C031C4U6, STM32C031C6T3, STM32C031C6T6, STM32C031C6U3, STM32C031C6U6, STM32C031F4P3, STM32C031F4P6, STM32C031F6P3, STM32C031F6P6, STM32C031G4U3, STM32C031G4U6, STM32C031G6U3, STM32C031G6U6, STM32C031K4T3, STM32C031K4T6, STM32C031K4U3, STM32C031K4U6, STM32C031K6T3, STM32C031K6T6, STM32C031K6U3, STM32C031K6U6, STM32G071K8TXN, STM32G071K8UXN, STM32G081GBU6N, STM32G081KBT6N, STM32G081KBUXN, STM32G0B1CCT6N, STM32G0B1KCT6, STM32G0B1NEY6TR, STM32G0B1RCT6N, STM32G0C1CCT6, STM32G0C1CCT6N, STM32G0C1CCU6N, STM32G0C1CET6N, STM32G0C1CEU6N, STM32G0C1KCT6, STM32G0C1NEY6TR, STM32G0C1RCI6N, STM32G0C1RCT6N, STM32G0C1REI6N, STM32G0C1RET6N, STM32G0C1VCI6, STM32G0C1VEI6, STM32G471CCT6, STM32G471CCU6, STM32G471CET3, STM32G471CET6, STM32G471CEU3, STM32G471CEU6, STM32G471MCT6, STM32G471MET3, STM32G471MET6, STM32G471MEY6TR, STM32G471QCT6, STM32G471QET3, STM32G471RCT6, STM32G471RET3, STM32G471RET6, STM32G471VCH6, STM32G471VCI6, STM32G471VCT6, STM32G471VEH3, STM32G471VEH6, STM32G471VEI3, STM32G471VEI6, STM32G471VET3, STM32G471VET6, STM32G474CCT6, STM32H503CBT6, STM32H503CBU6, STM32H503EBY6TR, STM32H503KBU6, STM32H503RBT6, STM32H562AGI6, STM32H562AII6, STM32H562IGK6, STM32H562IGT6, STM32H562IIK6, STM32H562IIT6, STM32H562RGT6, STM32H562RGV6, STM32H562RIT6, STM32H562RIV6, STM32H562VGT6, STM32H562VIT6, STM32H562ZGT6, STM32H562ZIT6, STM32H563AGI6, STM32H563AII3Q, STM32H563AII6, STM32H563IGK6, STM32H563IGT6, STM32H563IIK3Q, STM32H563IIK6, STM32H563IIT3Q, STM32H563IIT6, STM32H563MIY3QTR, STM32H563RGT6, STM32H563RGV6, STM32H563RIT6, STM32H563RIV6, STM32H563VGT6, STM32H563VIT3Q, STM32H563VIT6, STM32H563ZGT6, STM32H563ZIT3Q, STM32H563ZIT6, STM32H573AII3Q, STM32H573AII6, STM32H573I-DK, STM32H573IIK3Q, STM32H573IIK6, STM32H573IIT3Q, STM32H573IIT6, STM32H573MIY3QTR, STM32H573RIT6, STM32H573RIV6, STM32H573VIT3Q, STM32H573VIT6, STM32H573ZIT3Q, STM32H573ZIT6, STM32L4R5QGI6STR, STM32MP131AAE3, STM32MP131AAF3, STM32MP131AAG3, STM32MP131CAE3, STM32MP131CAF3, STM32MP131CAG3, STM32MP131DAE7, STM32MP131DAF7, STM32MP131DAG7, STM32MP131FAE7, STM32MP131FAF7, STM32MP131FAG7, STM32MP133AAE3, STM32MP133AAF3, STM32MP133AAG3, STM32MP133CAE3, STM32MP133CAF3, STM32MP133CAG3, STM32MP133DAE7, STM32MP133DAF7, STM32MP133DAG7, STM32MP133FAE7, STM32MP133FAF7, STM32MP133FAG7, STM32MP135AAE3, STM32MP135AAF3, STM32MP135AAG3, STM32MP135CAE3, STM32MP135CAF3, STM32MP135CAG3, STM32MP135DAE7, STM32MP135DAF7, STM32MP135DAG7, STM32MP135F-DK, STM32MP135FAE7, STM32MP135FAF7, STM32MP135FAF7T, STM32MP135FAF7U, STM32MP135FAG7, STM32U535CBT6, STM32U535CBT6Q, STM32U535CBU6, STM32U535CBU6Q, STM32U535CCT6, STM32U535CCT6Q, STM32U535CCU6, STM32U535CCU6Q, STM32U535CET6, STM32U535CET6Q, STM32U535CEU6, STM32U535CEU6Q, STM32U535JEY6QTR, STM32U535NCY6QTR, STM32U535NEY6QTR, STM32U535RBI6, STM32U535RBI6Q, STM32U535RBT6, STM32U535RBT6Q, STM32U535RCI6, STM32U535RCI6Q, STM32U535RCT6, STM32U535RCT6Q, STM32U535REI6, STM32U535REI6Q, STM32U535RET6, STM32U535RET6Q, STM32U535VCI6, STM32U535VCI6Q, STM32U535VCT6, STM32U535VCT6Q, STM32U535VEI6, STM32U535VEI6Q, STM32U535VET6, STM32U535VET6Q, STM32U545CET6, STM32U545CET6Q, STM32U545CEU6, STM32U545CEU6Q, STM32U545JEY6QTR, STM32U545NEY6QTR, STM32U545REI6, STM32U545REI6Q, STM32U545RET6, STM32U545RET6Q, STM32U545VEI6, STM32U545VEI6Q, STM32U545VET6, STM32U545VET6Q, STM32U595AIH6, STM32U595AIH6Q, STM32U595AJH6, STM32U595AJH6Q, STM32U595QII6, STM32U595QII6Q, STM32U595QJI6, STM32U595QJI6Q, STM32U595RIT6, STM32U595RIT6Q, STM32U595RJT6, STM32U595RJT6Q, STM32U595VIT6, STM32U595VIT6Q, STM32U595VJT6, STM32U595VJT6Q, STM32U595ZIT6, STM32U595ZIT6Q, STM32U595ZIY6QTR, STM32U595ZJT6, STM32U595ZJT6Q, STM32U595ZJY6QTR, STM32U599BJY6QTR, STM32U599NIH6Q, STM32U599NJH6Q, STM32U599VIT6Q, STM32U599VJT6, STM32U599VJT6Q, STM32U599ZIT6Q, STM32U599ZIY6QTR, STM32U599ZJT6Q, STM32U599ZJY6QTR, STM32U5A5AJH6, STM32U5A5AJH6Q, STM32U5A5QJI6, STM32U5A5QJI6Q, STM32U5A5RJT6, STM32U5A5RJT6Q, STM32U5A5VJT6, STM32U5A5VJT6Q, STM32U5A5ZJT6, STM32U5A5ZJT6Q, STM32U5A5ZJY6QTR, STM32U5A9BJY6QTR, STM32U5A9J-DK, STM32U5A9NJH6Q, STM32U5A9VJT6Q, STM32U5A9ZJT6Q, STM32U5A9ZJY6QTR, STM32WB1MMCH6, STM32WBA52CEU6, STM32WBA52CEU6T, STM32WBA52CGU6, STM32WBA52CGU6T, STM32WL5MOCH6, STM32WL5MOCH6TR]
2024-07-23 13:29:02,906 [INFO] DbMcus:216 - Found 4179 MCUs, 4179 are supported
2024-07-23 13:29:02,910 [INFO] ApiDb:423 - Load user favorites file /home/ziad/.stm32cubeide/favorites.mcus.txt: 1 item(s)
2024-07-23 13:29:02,911 [INFO] ApiDb:427 - User favorites MCUs=[STM32F103C8T6]
2024-07-23 13:29:02,911 [INFO] DbMcus:222 - Set 1 / 1 favorites MCUs
2024-07-23 13:29:03,853 [INFO] BoardInfo:880 - No configuration file found for board NUCLEO-H533RE
2024-07-23 13:29:03,853 [INFO] DbBoards:157 - Board is not supported: NUCLEO-H533RE
2024-07-23 13:29:03,864 [INFO] BoardInfo:880 - No configuration file found for board NUCLEO-H7S3L8
2024-07-23 13:29:03,864 [INFO] DbBoards:157 - Board is not supported: NUCLEO-H7S3L8
2024-07-23 13:29:03,929 [INFO] BoardInfo:880 - No configuration file found for board NUCLEO-U031R8
2024-07-23 13:29:03,929 [INFO] DbBoards:157 - Board is not supported: NUCLEO-U031R8
2024-07-23 13:29:03,931 [INFO] BoardInfo:880 - No configuration file found for board NUCLEO-U083RC
2024-07-23 13:29:03,931 [INFO] DbBoards:157 - Board is not supported: NUCLEO-U083RC
2024-07-23 13:29:03,946 [INFO] BoardInfo:880 - No configuration file found for board NUCLEO-WBA55CG
2024-07-23 13:29:03,951 [INFO] DbBoards:157 - Board is not supported: NUCLEO-WBA55CG
2024-07-23 13:29:03,962 [INFO] BoardInfo:880 - No configuration file found for board P-NUCLEO-WB55
2024-07-23 13:29:03,963 [INFO] DbBoards:157 - Kit is not supported: P-NUCLEO-WB55
2024-07-23 13:29:03,967 [INFO] BoardInfo:880 - No configuration file found for board STEVAL-BFA001V1B
2024-07-23 13:29:03,967 [INFO] DbBoards:157 - Kit is not supported: STEVAL-BFA001V1B
2024-07-23 13:29:03,968 [INFO] BoardInfo:880 - No configuration file found for board STEVAL-BFA001V2B
2024-07-23 13:29:03,968 [INFO] DbBoards:157 - Kit is not supported: STEVAL-BFA001V2B
2024-07-23 13:29:03,971 [INFO] BoardInfo:880 - No configuration file found for board STEVAL-MKBOXPRO
2024-07-23 13:29:03,971 [INFO] DbBoards:157 - Board is not supported: STEVAL-MKBOXPRO
2024-07-23 13:29:03,974 [INFO] BoardInfo:880 - No configuration file found for board STEVAL-SMARTAG2
2024-07-23 13:29:03,974 [INFO] DbBoards:157 - Board is not supported: STEVAL-SMARTAG2
2024-07-23 13:29:04,041 [INFO] BoardInfo:880 - No configuration file found for board STM32H7S78-DK
2024-07-23 13:29:04,041 [INFO] DbBoards:157 - Board is not supported: STM32H7S78-DK
2024-07-23 13:29:04,067 [INFO] BoardInfo:880 - No configuration file found for board STM32U083C-DK
2024-07-23 13:29:04,067 [INFO] DbBoards:157 - Board is not supported: STM32U083C-DK
2024-07-23 13:29:04,072 [INFO] BoardInfo:880 - No configuration file found for board STM32U5G9J-DK1
2024-07-23 13:29:04,073 [INFO] DbBoards:157 - Board is not supported: STM32U5G9J-DK1
2024-07-23 13:29:04,074 [INFO] BoardInfo:880 - No configuration file found for board STM32U5G9J-DK2
2024-07-23 13:29:04,075 [INFO] DbBoards:157 - Board is not supported: STM32U5G9J-DK2
2024-07-23 13:29:04,080 [INFO] BoardInfo:880 - No configuration file found for board STM32WBA55G-DK1
2024-07-23 13:29:04,080 [INFO] DbBoards:157 - Board is not supported: STM32WBA55G-DK1
2024-07-23 13:29:04,080 [INFO] DbBoards:161 - Found 195 boards, 180 are supported
2024-07-23 13:29:04,084 [INFO] ApiDb:414 - User favorites file not found: /home/ziad/.stm32cubeide/favorites.boards.txt
2024-07-23 13:29:04,084 [INFO] DbBoards:190 - Set 0 / 0 favorites Boards
2024-07-23 13:29:04,084 [INFO] McuFinderGlobals:66 - Set McuFinderConnectedMode to true
2024-07-23 13:29:04,093 [INFO] MultiScanPanel:200 - Auto-refresh data requested => check proxy status ongoing
2024-07-23 13:29:04,098 [INFO] FinderPluginLoader:95 - Searching for filters in installed packs
2024-07-23 13:29:06,434 [INFO] LoadUrlFilesThread:185 - End of LoadServerUrlFiles without Thread
2024-07-23 13:29:06,482 [INFO] DetailPanel:341 - Set advertising image to /home/ziad/STM32Cube/Repository//en.prom-stm32h7rs-mcu-finder.jpg
2024-07-23 13:29:18,166 [INFO] McuFinderGlobals:66 - Set McuFinderConnectedMode to true
2024-07-23 13:29:18,217 [INFO] ApiDb:448 - Save user favorites file /home/ziad/.stm32cubeide/favorites.mcus.txt: 1 item(s)
2024-07-23 13:29:18,218 [INFO] ApiDb:452 - User favorites MCUs=[STM32F103C8T6]
2024-07-23 13:29:58,394 [INFO] MainUpdater:2854 - connection check result : 10
2024-07-23 13:29:58,540 [INFO] McuFinderGlobals:66 - Set McuFinderConnectedMode to true
2024-07-23 13:29:58,541 [INFO] MultiScanPanel:200 - Auto-refresh data requested => check proxy status ongoing
2024-07-23 13:29:58,541 [INFO] FinderPluginLoader:95 - Searching for filters in installed packs
2024-07-23 13:30:00,069 [INFO] LoadUrlFilesThread:185 - End of LoadServerUrlFiles without Thread
2024-07-23 13:30:00,069 [INFO] DetailPanel:341 - Set advertising image to /home/ziad/STM32Cube/Repository//en.prom-stm32h7rs-mcu-finder.jpg
2024-07-23 13:30:05,925 [INFO] McuResultTable:1387 - Unmark MCU STM32F103C8T6 as favorite
2024-07-23 13:30:08,826 [INFO] McuResultTable:1387 - Mark MCU STM32F103C8T6 as favorite
2024-07-23 13:30:58,013 [INFO] McuFinderGlobals:66 - Set McuFinderConnectedMode to true
2024-07-23 13:30:58,029 [INFO] ApiDb:448 - Save user favorites file /home/ziad/.stm32cubeide/favorites.mcus.txt: 1 item(s)
2024-07-23 13:30:58,029 [INFO] ApiDb:452 - User favorites MCUs=[STM32F103C8T6]
2024-07-23 13:31:07,718 [INFO] MainUpdater:2854 - connection check result : 10
2024-07-23 13:31:07,963 [INFO] McuFinderGlobals:66 - Set McuFinderConnectedMode to true
2024-07-23 13:31:07,972 [INFO] MultiScanPanel:200 - Auto-refresh data requested => check proxy status ongoing
2024-07-23 13:31:07,974 [INFO] FinderPluginLoader:95 - Searching for filters in installed packs
2024-07-23 13:31:09,619 [INFO] LoadUrlFilesThread:185 - End of LoadServerUrlFiles without Thread
2024-07-23 13:31:09,619 [INFO] DetailPanel:341 - Set advertising image to /home/ziad/STM32Cube/Repository//en.prom-stm32h7rs-mcu-finder.jpg
2024-07-23 13:33:02,611 [ERROR] LogOutputStream:75 - [STDERR_REDIRECT] Exception in thread "AWT-EventQueue-0" java.lang.UnsupportedOperationException: The BROWSE action is not supported on the current platform!
2024-07-23 13:33:02,612 [ERROR] LogOutputStream:75 - [STDERR_REDIRECT] 	at java.desktop/java.awt.Desktop.checkActionSupport(Desktop.java:380)
2024-07-23 13:33:02,612 [ERROR] LogOutputStream:75 - [STDERR_REDIRECT] 	at java.desktop/java.awt.Desktop.browse(Desktop.java:524)
2024-07-23 13:33:02,612 [ERROR] LogOutputStream:75 - [STDERR_REDIRECT] 	at com.st.microxplorer.mcufinder.gui.selector.DetailPanel$1.mouseClicked(DetailPanel.java:245)
2024-07-23 13:33:02,613 [ERROR] LogOutputStream:75 - [STDERR_REDIRECT] 	at java.desktop/java.awt.Component.processMouseEvent(Component.java:6638)
2024-07-23 13:33:02,613 [ERROR] LogOutputStream:75 - [STDERR_REDIRECT] 	at java.desktop/javax.swing.JComponent.processMouseEvent(JComponent.java:3342)
2024-07-23 13:33:02,613 [ERROR] LogOutputStream:75 - [STDERR_REDIRECT] 	at java.desktop/java.awt.Component.processEvent(Component.java:6400)
2024-07-23 13:33:02,613 [ERROR] LogOutputStream:75 - [STDERR_REDIRECT] 	at java.desktop/java.awt.Container.processEvent(Container.java:2263)
2024-07-23 13:33:02,614 [ERROR] LogOutputStream:75 - [STDERR_REDIRECT] 	at java.desktop/java.awt.Component.dispatchEventImpl(Component.java:5011)
2024-07-23 13:33:02,614 [ERROR] LogOutputStream:75 - [STDERR_REDIRECT] 	at java.desktop/java.awt.Container.dispatchEventImpl(Container.java:2321)
2024-07-23 13:33:02,614 [ERROR] LogOutputStream:75 - [STDERR_REDIRECT] 	at java.desktop/java.awt.Component.dispatchEvent(Component.java:4843)
2024-07-23 13:33:02,614 [ERROR] LogOutputStream:75 - [STDERR_REDIRECT] 	at java.desktop/java.awt.LightweightDispatcher.retargetMouseEvent(Container.java:4918)
2024-07-23 13:33:02,615 [ERROR] LogOutputStream:75 - [STDERR_REDIRECT] 	at java.desktop/java.awt.LightweightDispatcher.processMouseEvent(Container.java:4556)
2024-07-23 13:33:02,615 [ERROR] LogOutputStream:75 - [STDERR_REDIRECT] 	at java.desktop/java.awt.LightweightDispatcher.dispatchEvent(Container.java:4488)
2024-07-23 13:33:02,615 [ERROR] LogOutputStream:75 - [STDERR_REDIRECT] 	at java.desktop/java.awt.Container.dispatchEventImpl(Container.java:2307)
2024-07-23 13:33:02,615 [ERROR] LogOutputStream:75 - [STDERR_REDIRECT] 	at java.desktop/java.awt.Component.dispatchEvent(Component.java:4843)
2024-07-23 13:33:02,616 [ERROR] LogOutputStream:75 - [STDERR_REDIRECT] 	at java.desktop/java.awt.EventQueue.dispatchEventImpl(EventQueue.java:772)
2024-07-23 13:33:02,616 [ERROR] LogOutputStream:75 - [STDERR_REDIRECT] 	at java.desktop/java.awt.EventQueue$4.run(EventQueue.java:721)
2024-07-23 13:33:02,616 [ERROR] LogOutputStream:75 - [STDERR_REDIRECT] 	at java.desktop/java.awt.EventQueue$4.run(EventQueue.java:715)
2024-07-23 13:33:02,616 [ERROR] LogOutputStream:75 - [STDERR_REDIRECT] 	at java.base/java.security.AccessController.doPrivileged(Native Method)
2024-07-23 13:33:02,617 [ERROR] LogOutputStream:75 - [STDERR_REDIRECT] 	at java.base/java.security.ProtectionDomain$JavaSecurityAccessImpl.doIntersectionPrivilege(ProtectionDomain.java:85)
2024-07-23 13:33:02,617 [ERROR] LogOutputStream:75 - [STDERR_REDIRECT] 	at java.base/java.security.ProtectionDomain$JavaSecurityAccessImpl.doIntersectionPrivilege(ProtectionDomain.java:95)
2024-07-23 13:33:02,617 [ERROR] LogOutputStream:75 - [STDERR_REDIRECT] 	at java.desktop/java.awt.EventQueue$5.run(EventQueue.java:745)
2024-07-23 13:33:02,617 [ERROR] LogOutputStream:75 - [STDERR_REDIRECT] 	at java.desktop/java.awt.EventQueue$5.run(EventQueue.java:743)
2024-07-23 13:33:02,617 [ERROR] LogOutputStream:75 - [STDERR_REDIRECT] 	at java.base/java.security.AccessController.doPrivileged(Native Method)
2024-07-23 13:33:02,618 [ERROR] LogOutputStream:75 - [STDERR_REDIRECT] 	at java.base/java.security.ProtectionDomain$JavaSecurityAccessImpl.doIntersectionPrivilege(ProtectionDomain.java:85)
2024-07-23 13:33:02,618 [ERROR] LogOutputStream:75 - [STDERR_REDIRECT] 	at java.desktop/java.awt.EventQueue.dispatchEvent(EventQueue.java:742)
2024-07-23 13:33:02,618 [ERROR] LogOutputStream:75 - [STDERR_REDIRECT] 	at java.desktop/java.awt.EventDispatchThread.pumpOneEventForFilters(EventDispatchThread.java:203)
2024-07-23 13:33:02,618 [ERROR] LogOutputStream:75 - [STDERR_REDIRECT] 	at java.desktop/java.awt.EventDispatchThread.pumpEventsForFilter(EventDispatchThread.java:124)
2024-07-23 13:33:02,618 [ERROR] LogOutputStream:75 - [STDERR_REDIRECT] 	at java.desktop/java.awt.EventDispatchThread.pumpEventsForHierarchy(EventDispatchThread.java:113)
2024-07-23 13:33:02,619 [ERROR] LogOutputStream:75 - [STDERR_REDIRECT] 	at java.desktop/java.awt.EventDispatchThread.pumpEvents(EventDispatchThread.java:109)
2024-07-23 13:33:02,619 [ERROR] LogOutputStream:75 - [STDERR_REDIRECT] 	at java.desktop/java.awt.EventDispatchThread.pumpEvents(EventDispatchThread.java:101)
2024-07-23 13:33:02,619 [ERROR] LogOutputStream:75 - [STDERR_REDIRECT] 	at java.desktop/java.awt.EventDispatchThread.run(EventDispatchThread.java:90)
2024-07-23 13:34:01,494 [INFO] McuResultTable:1387 - Mark MCU STM32F401RCT6 as favorite
2024-07-23 13:34:13,639 [INFO] McuAction:76 - Docs & Resources
2024-07-23 13:34:37,257 [INFO] ServerAccessManage:473 - Download File DS9716.pdf
2024-07-23 13:34:39,797 [INFO] LoadUrlFilesThread:156 - End of LoadUrlFiles Thread
2024-07-23 13:34:39,809 [INFO] McuAction:140 - Datasheet
2024-07-23 13:35:12,134 [INFO] McuAction:196 - https://www.st.com/content/ccc/fragment/product_related/rpn_information/product_circuit_diagram/group3/cd/37/ed/c7/0d/15/49/f8/bd-stm32f401xc/files/bd-stm32f401xc.jpg/jcr:content/translations/en.bd-stm32f401xc.jpg
2024-07-23 13:35:12,138 [INFO] McuDetailPanel:490 - Internet connection configuration mode: 1
2024-07-23 13:35:12,180 [INFO] JxBrowserEngine:115 - Initiate JxBrowser Engine with user profile folder
2024-07-23 13:35:18,582 [INFO] WebAppUi:272 - Instantiating new browser for Project
2024-07-23 13:35:19,504 [INFO] WebAppUi:1170 - Register for checkConnection events
2024-07-23 13:35:19,504 [INFO] WebAppUi:1205 - Apply proxy settings
2024-07-23 13:35:19,505 [INFO] WebAppUi:1243 - Chromium requires no authentication
2024-07-23 13:35:19,516 [INFO] WebAppUi:1229 - Direct internet connection detected
2024-07-23 13:35:19,673 [INFO] WebAppUi:297 - Starting web application
2024-07-23 13:35:19,674 [INFO] WebAppUi:1101 - Web application path used /app/stm32cubeide/plugins/com.st.stm32cube.common.mx_6.8.0.202302231600/db/plugins/mcufinder/reactClient/index.html
2024-07-23 13:35:19,721 [INFO] WebAppUi:870 - Path where api_config.json is located /home/ziad/.stmcufinder/plugins/mcufinder//mcu/api_config.json
2024-07-23 13:35:19,721 [INFO] WebAppUi:871 - Setting api config in window object
2024-07-23 13:35:19,768 [WARN] WebAppUi:908 - Cannot access cad_preferences.json
2024-07-23 13:35:19,768 [WARN] WebAppUi:911 - Fallback to default consent
2024-07-23 13:35:19,770 [INFO] WebAppUi:879 - Path where cad_preferences.json is located /home/ziad/.stm32cubeide/
2024-07-23 13:35:19,770 [INFO] WebAppUi:880 - Setting consent info in window object
2024-07-23 13:35:21,440 [INFO] WebAppUi:775 - Allow Downloads
2024-07-23 13:35:21,442 [INFO] WebAppUi:272 - Instantiating new browser for Finder
2024-07-23 13:35:21,634 [INFO] WebAppUi:1035 - Web application message: [UlApiManager component] Connected to Ultra Librarian SSO
2024-07-23 13:35:21,635 [INFO] WebAppUi:1035 - Web application message: [UlApiManager component] Connected to Ultra Librarian API
2024-07-23 13:35:21,727 [INFO] WebAppUi:1170 - Register for checkConnection events
2024-07-23 13:35:21,728 [INFO] WebAppUi:1205 - Apply proxy settings
2024-07-23 13:35:21,728 [INFO] WebAppUi:1243 - Chromium requires no authentication
2024-07-23 13:35:21,733 [INFO] WebAppUi:1229 - Direct internet connection detected
2024-07-23 13:35:21,765 [INFO] WebAppUi:297 - Starting web application
2024-07-23 13:35:21,766 [INFO] WebAppUi:1101 - Web application path used /app/stm32cubeide/plugins/com.st.stm32cube.common.mx_6.8.0.202302231600/db/plugins/mcufinder/reactClient/index.html
2024-07-23 13:35:21,794 [INFO] WebAppUi:870 - Path where api_config.json is located /home/ziad/.stmcufinder/plugins/mcufinder//mcu/api_config.json
2024-07-23 13:35:21,794 [INFO] WebAppUi:871 - Setting api config in window object
2024-07-23 13:35:21,831 [INFO] WebAppUi:879 - Path where cad_preferences.json is located /home/ziad/.stm32cubeide/
2024-07-23 13:35:21,832 [INFO] WebAppUi:880 - Setting consent info in window object
2024-07-23 13:35:23,697 [INFO] WebAppUi:775 - Allow Downloads
2024-07-23 13:35:23,700 [INFO] WebAppUi:596 - RPN selected STM32F401RC
2024-07-23 13:35:23,700 [INFO] WebAppUi:597 - RefName selected STM32F401RCTx
2024-07-23 13:35:23,700 [INFO] WebAppUi:598 - CPN selected STM32F401RCT6
2024-07-23 13:35:23,719 [INFO] WebAppUi:761 - Which Bigleton in use 1 and which CPN is about STM32F401RCT6
2024-07-23 13:35:23,733 [INFO] WebAppUi:635 - Have injected Javascript into web application
2024-07-23 13:35:23,733 [INFO] WebAppUiContainer:149 - Web application run mode: Finder CPN: STM32F401RCT6
2024-07-23 13:35:23,741 [INFO] McuAction:200 - CAD Resources
2024-07-23 13:35:24,137 [INFO] McuAction:76 - Docs & Resources
2024-07-23 13:35:29,192 [INFO] WebAppUi:870 - Path where api_config.json is located /home/ziad/.stmcufinder/plugins/mcufinder//mcu/api_config.json
2024-07-23 13:35:29,192 [INFO] WebAppUi:871 - Setting api config in window object
2024-07-23 13:35:29,221 [INFO] WebAppUi:879 - Path where cad_preferences.json is located /home/ziad/.stm32cubeide/
2024-07-23 13:35:29,221 [INFO] WebAppUi:880 - Setting consent info in window object
2024-07-23 13:35:31,787 [INFO] ServerAccessManage:473 - Download File 
2024-07-23 13:35:32,278 [INFO] LoadUrlFilesThread:185 - End of LoadServerUrlFiles without Thread
2024-07-23 13:35:32,332 [INFO] McuAction:171 - Block Diagram
2024-07-23 13:35:34,204 [INFO] McuAction:49 - Features
2024-07-23 13:35:34,490 [INFO] WebAppUi:1035 - Web application message: THREE.WebGLRenderer 101
2024-07-23 13:36:01,118 [INFO] McuFinderGlobals:66 - Set McuFinderConnectedMode to true
2024-07-23 13:36:01,123 [INFO] ApiDb:448 - Save user favorites file /home/ziad/.stm32cubeide/favorites.mcus.txt: 2 item(s)
2024-07-23 13:36:01,124 [INFO] ApiDb:452 - User favorites MCUs=[STM32F103C8T6, STM32F401RCT6]
2024-07-23 21:52:15,167 [INFO] Activator:176 - 


2024-07-23 21:52:15,169 [INFO] Activator:177 - !SESSION log4j initialized
2024-07-23 21:52:18,191 [INFO] LogOutputStream:77 - [STDOUT_REDIRECT] 
2024-07-23 21:52:19,005 [ERROR] ConfigurationRetriever:142 - IOException on connection: sw-center.st.com
2024-07-23 21:52:19,008 [ERROR] ConfigurationRetriever:142 - IOException on connection: sw-center.st.com
2024-07-23 21:52:19,009 [ERROR] ConfigurationRetriever:142 - IOException on connection: sw-center.st.com
2024-07-23 21:52:31,675 [INFO] ApplicationProperties:184 - Using Application install path: /app/stm32cubeide/plugins/com.st.stm32cube.common.mx_6.8.0.202302231600
2024-07-23 21:52:31,703 [INFO] DbMcusXml:78 - Set database path to: /app/stm32cubeide/plugins/com.st.stm32cube.common.mx_6.8.0.202302231600//db//mcu/
2024-07-23 21:52:31,703 [INFO] ApiDb:274 - Set plugin database path to: /app/stm32cubeide/plugins/com.st.stm32cube.common.mx_6.8.0.202302231600//db//plugins/boardmanager/
2024-07-23 21:52:31,709 [WARN] ApiDb:259 - Overriding images path with different value:  => /app/stm32cubeide/plugins/com.st.stm32cube.common.mx_6.8.0.202302231600//db//plugins/mcufinder/images/
2024-07-23 21:52:31,735 [INFO] ApiDb:250 - Set database path to: /home/ziad/.stmcufinder/plugins/mcufinder//mcu/
2024-07-23 21:52:31,737 [INFO] DbMcusAds:125 - Set database path to: /home/ziad/.stmcufinder/plugins/mcufinder//mcu/
2024-07-23 21:52:31,742 [INFO] CrossReferenceDbSqlite:203 - Set database path to: /home/ziad/.stmcufinder/plugins/mcufinder//mcu/cs/
2024-07-23 21:52:31,899 [INFO] RulesReader:64 - Compatibility file has been processed (293 Rules)
2024-07-23 21:52:31,992 [INFO] DbMcusXml:78 - Set database path to: /app/stm32cubeide/plugins/com.st.stm32cube.common.mx_6.8.0.202302231600//db//mcu/
2024-07-23 21:52:31,992 [INFO] ApiDb:274 - Set plugin database path to: /app/stm32cubeide/plugins/com.st.stm32cube.common.mx_6.8.0.202302231600//db//plugins/boardmanager/
2024-07-23 21:52:31,993 [INFO] ApiDb:261 - Set plugin images path to: /app/stm32cubeide/plugins/com.st.stm32cube.common.mx_6.8.0.202302231600//db//plugins/mcufinder/images/
2024-07-23 21:52:31,993 [WARN] DbFile:41 - Overriding database path with different value: /home/ziad/.stmcufinder/plugins/mcufinder/ => /home/ziad/.stmcufinder/plugins/mcufinder
2024-07-23 21:52:31,994 [INFO] ApiDb:250 - Set database path to: /home/ziad/.stmcufinder/plugins/mcufinder//mcu/
2024-07-23 21:52:31,994 [WARN] DbFile:41 - Overriding database path with different value: /home/ziad/.stmcufinder/plugins/mcufinder/ => /home/ziad/.stmcufinder/plugins/mcufinder
2024-07-23 21:52:31,994 [INFO] DbMcusAds:125 - Set database path to: /home/ziad/.stmcufinder/plugins/mcufinder//mcu/
2024-07-23 21:52:31,994 [WARN] DbFile:41 - Overriding database path with different value: /home/ziad/.stmcufinder/plugins/mcufinder/ => /home/ziad/.stmcufinder/plugins/mcufinder
2024-07-23 21:52:31,994 [WARN] DbFile:41 - Overriding database path with different value: /home/ziad/.stmcufinder/plugins/mcufinder/ => /home/ziad/.stmcufinder/plugins/mcufinder
2024-07-23 21:52:31,995 [INFO] CrossReferenceDbSqlite:203 - Set database path to: /home/ziad/.stmcufinder/plugins/mcufinder//mcu/cs/
2024-07-23 21:52:32,086 [INFO] MainPanel:253 - HeapMemory: 268435456
2024-07-23 21:52:32,233 [INFO] DbMcusXml:78 - Set database path to: /app/stm32cubeide/plugins/com.st.stm32cube.common.mx_6.8.0.202302231600//db//mcu/
2024-07-23 21:52:32,234 [INFO] ApiDb:274 - Set plugin database path to: /app/stm32cubeide/plugins/com.st.stm32cube.common.mx_6.8.0.202302231600//db//plugins/boardmanager/
2024-07-23 21:52:32,234 [INFO] ApiDb:261 - Set plugin images path to: /app/stm32cubeide/plugins/com.st.stm32cube.common.mx_6.8.0.202302231600//db//plugins/mcufinder/images/
2024-07-23 21:52:32,235 [WARN] DbFile:41 - Overriding database path with different value: /home/ziad/.stmcufinder/plugins/mcufinder/ => /home/ziad/.stmcufinder/plugins/mcufinder
2024-07-23 21:52:32,235 [INFO] ApiDb:250 - Set database path to: /home/ziad/.stmcufinder/plugins/mcufinder//mcu/
2024-07-23 21:52:32,235 [WARN] DbFile:41 - Overriding database path with different value: /home/ziad/.stmcufinder/plugins/mcufinder/ => /home/ziad/.stmcufinder/plugins/mcufinder
2024-07-23 21:52:32,235 [INFO] DbMcusAds:125 - Set database path to: /home/ziad/.stmcufinder/plugins/mcufinder//mcu/
2024-07-23 21:52:32,235 [WARN] DbFile:41 - Overriding database path with different value: /home/ziad/.stmcufinder/plugins/mcufinder/ => /home/ziad/.stmcufinder/plugins/mcufinder
2024-07-23 21:52:32,236 [WARN] DbFile:41 - Overriding database path with different value: /home/ziad/.stmcufinder/plugins/mcufinder/ => /home/ziad/.stmcufinder/plugins/mcufinder
2024-07-23 21:52:32,236 [INFO] CrossReferenceDbSqlite:203 - Set database path to: /home/ziad/.stmcufinder/plugins/mcufinder//mcu/cs/
2024-07-23 21:52:32,262 [INFO] ApplicationProperties:184 - Using Application install path: /app/stm32cubeide/plugins/com.st.stm32cube.common.mx_6.8.0.202302231600
2024-07-23 21:52:32,265 [INFO] PluginManage:196 - Search for loadable plugins [exclusion list=, ]
2024-07-23 21:52:32,267 [INFO] PluginManage:310 - Check plugin analytics
2024-07-23 21:52:32,461 [INFO] AnalyticsPlugin:253 - Accepted Software Licenses: 
2024-07-23 21:52:32,461 [INFO] AnalyticsPlugin:255 - Accepted CMSIS Pack Licenses: 
2024-07-23 21:52:32,462 [INFO] AnalyticsPlugin:257 - Accepted Firmware Licenses: FW.F4.1.27.0
2024-07-23 21:52:32,468 [ERROR] ConfigurationRetriever:142 - IOException on connection: sw-center.st.com
2024-07-23 21:52:32,470 [ERROR] ConfigurationRetriever:142 - IOException on connection: sw-center.st.com
2024-07-23 21:52:32,471 [ERROR] ConfigurationRetriever:142 - IOException on connection: sw-center.st.com
2024-07-23 21:52:32,474 [INFO] PluginManage:359 - Loaded plugin analytics (category:tool,tabindex:-1)
2024-07-23 21:52:32,475 [INFO] PluginManage:310 - Check plugin cadmodel
2024-07-23 21:52:32,626 [INFO] CADModel:105 - Init CAD model plugin
2024-07-23 21:52:32,627 [INFO] PluginManage:359 - Loaded plugin cadmodel (category:power,tabindex:5)
2024-07-23 21:52:32,627 [INFO] PluginManage:310 - Check plugin clock
2024-07-23 21:52:32,641 [INFO] PluginManage:359 - Loaded plugin clock (category:base,tabindex:2)
2024-07-23 21:52:32,642 [INFO] PluginManage:310 - Check plugin ddr
2024-07-23 21:52:32,646 [INFO] PluginManage:359 - Loaded plugin ddr (category:tool,tabindex:6)
2024-07-23 21:52:32,646 [INFO] PluginManage:310 - Check plugin filemanager
2024-07-23 21:52:32,815 [INFO] PluginManage:359 - Loaded plugin filemanager (category:base,tabindex:10)
2024-07-23 21:52:32,815 [INFO] PluginManage:310 - Check plugin ipmanager
2024-07-23 21:52:32,826 [INFO] PluginManage:359 - Loaded plugin ipmanager (category:base,tabindex:5)
2024-07-23 21:52:32,826 [INFO] PluginManage:310 - Check plugin lpbam
2024-07-23 21:52:32,838 [INFO] PluginManage:359 - Loaded plugin lpbam (category:base,tabindex:0)
2024-07-23 21:52:32,839 [INFO] PluginManage:310 - Check plugin pinoutandconfiguration
2024-07-23 21:52:32,849 [INFO] PluginManage:359 - Loaded plugin pinoutandconfiguration (category:base,tabindex:1)
2024-07-23 21:52:32,849 [INFO] PluginManage:310 - Check plugin pinoutconfig
2024-07-23 21:52:32,951 [WARN] SupportedApi:132 - Cannot load RTOS API schema: s4s-elt-must-match.1: The content of 'definitions' must match (annotation?, (simpleType | complexType)?, (unique | key | keyref)*)). A problem was found starting at: attribute.
2024-07-23 21:52:33,160 [INFO] PluginManage:359 - Loaded plugin pinoutconfig (category:base,tabindex:0)
2024-07-23 21:52:33,160 [INFO] PluginManage:310 - Check plugin power
2024-07-23 21:52:33,176 [INFO] PluginManage:359 - Loaded plugin power (category:power,tabindex:4)
2024-07-23 21:52:33,176 [INFO] PluginManage:310 - Check plugin projectmanager
2024-07-23 21:52:33,199 [INFO] PluginManage:359 - Loaded plugin projectmanager (category:projectmanager,tabindex:3)
2024-07-23 21:52:33,200 [INFO] PluginManage:310 - Check plugin thirdparty
2024-07-23 21:52:33,388 [WARN] IntegrityCheckThread:84 - waiting for thirdparty lock release [integrity check]
2024-07-23 21:52:33,389 [INFO] IntegrityCheckThread:86 - entering critical section [integrity check]
2024-07-23 21:52:33,390 [INFO] PluginManage:359 - Loaded plugin thirdparty (category:base,tabindex:-1)
2024-07-23 21:52:33,391 [INFO] PluginManage:310 - Check plugin tools
2024-07-23 21:52:33,395 [INFO] ThirdPartyUpdaterWithRetryManager:70 - Updater plugin not ready yet. [1/15]
2024-07-23 21:52:33,396 [INFO] PluginManage:359 - Loaded plugin tools (category:base,tabindex:7)
2024-07-23 21:52:33,396 [INFO] PluginManage:310 - Check plugin tutovideos
2024-07-23 21:52:33,622 [INFO] PluginManage:359 - Loaded plugin tutovideos (category:base,tabindex:-1)
2024-07-23 21:52:33,622 [INFO] PluginManage:310 - Check plugin updater
2024-07-23 21:52:33,640 [INFO] PluginManage:359 - Loaded plugin updater (category:base,tabindex:12)
2024-07-23 21:52:33,640 [INFO] PluginManage:283 - PluginManage : Loaded plugins [15]
2024-07-23 21:52:33,918 [INFO] PinOutPanel:1499 - setPackage(No Configuration,No Configuration)
2024-07-23 21:52:33,980 [INFO] CADModel:165 - CPN selected for project level
2024-07-23 21:52:33,980 [INFO] CADModel:114 - Register for checkConnection events
2024-07-23 21:52:33,996 [INFO] IPUIPlugin:80 - create IPUIPlugin
2024-07-23 21:52:33,997 [INFO] PluginManager:220 - loadIPPluginJar : add pdm2pcm
2024-07-23 21:52:33,998 [INFO] IPUIPlugin:80 - create IPUIPlugin
2024-07-23 21:52:33,998 [INFO] PluginManager:220 - loadIPPluginJar : add ltdc
2024-07-23 21:52:34,007 [INFO] IPUIPlugin:80 - create IPUIPlugin
2024-07-23 21:52:34,008 [INFO] PluginManager:220 - loadIPPluginJar : add freertos
2024-07-23 21:52:34,010 [INFO] IPUIPlugin:80 - create IPUIPlugin
2024-07-23 21:52:34,011 [INFO] PluginManager:220 - loadIPPluginJar : add ts
2024-07-23 21:52:34,019 [INFO] IPUIPlugin:80 - create IPUIPlugin
2024-07-23 21:52:34,020 [INFO] PluginManager:220 - loadIPPluginJar : add mdma
2024-07-23 21:52:34,023 [INFO] IPUIPlugin:80 - create IPUIPlugin
2024-07-23 21:52:34,023 [INFO] PluginManager:220 - loadIPPluginJar : add usart
2024-07-23 21:52:34,030 [INFO] IPUIPlugin:80 - create IPUIPlugin
2024-07-23 21:52:34,031 [INFO] PluginManager:220 - loadIPPluginJar : add adc
2024-07-23 21:52:34,037 [INFO] IPUIPlugin:80 - create IPUIPlugin
2024-07-23 21:52:34,037 [INFO] PluginManager:220 - loadIPPluginJar : add lorawan
2024-07-23 21:52:34,044 [INFO] IPUIPlugin:80 - create IPUIPlugin
2024-07-23 21:52:34,044 [INFO] PluginManager:220 - loadIPPluginJar : add nvic
2024-07-23 21:52:34,047 [INFO] IPUIPlugin:80 - create IPUIPlugin
2024-07-23 21:52:34,048 [INFO] PluginManager:220 - loadIPPluginJar : add dfsdm
2024-07-23 21:52:34,056 [INFO] IPUIPlugin:80 - create IPUIPlugin
2024-07-23 21:52:34,057 [INFO] PluginManager:220 - loadIPPluginJar : add dma
2024-07-23 21:52:34,061 [INFO] IPUIPlugin:80 - create IPUIPlugin
2024-07-23 21:52:34,061 [INFO] PluginManager:220 - loadIPPluginJar : add usbx
2024-07-23 21:52:34,067 [INFO] IPUIPlugin:80 - create IPUIPlugin
2024-07-23 21:52:34,068 [INFO] PluginManager:220 - loadIPPluginJar : add openamp
2024-07-23 21:52:34,071 [INFO] IPUIPlugin:80 - create IPUIPlugin
2024-07-23 21:52:34,072 [INFO] PluginManager:220 - loadIPPluginJar : add i2s
2024-07-23 21:52:34,074 [INFO] IPUIPlugin:80 - create IPUIPlugin
2024-07-23 21:52:34,074 [INFO] PluginManager:220 - loadIPPluginJar : add fatfs
2024-07-23 21:52:34,081 [INFO] IPUIPlugin:80 - create IPUIPlugin
2024-07-23 21:52:34,081 [INFO] PluginManager:220 - loadIPPluginJar : add gpio
2024-07-23 21:52:34,084 [INFO] IPUIPlugin:80 - create IPUIPlugin
2024-07-23 21:52:34,084 [INFO] PluginManager:220 - loadIPPluginJar : add genericplugin
2024-07-23 21:52:34,088 [INFO] IPUIPlugin:80 - create IPUIPlugin
2024-07-23 21:52:34,088 [INFO] PluginManager:220 - loadIPPluginJar : add sai
2024-07-23 21:52:34,092 [INFO] IPUIPlugin:80 - create IPUIPlugin
2024-07-23 21:52:34,092 [INFO] PluginManager:220 - loadIPPluginJar : add hash
2024-07-23 21:52:34,095 [INFO] IPUIPlugin:80 - create IPUIPlugin
2024-07-23 21:52:34,096 [INFO] PluginManager:220 - loadIPPluginJar : add aes
2024-07-23 21:52:34,106 [INFO] IPUIPlugin:80 - create IPUIPlugin
2024-07-23 21:52:34,110 [INFO] PluginManager:220 - loadIPPluginJar : add plateformsettings
2024-07-23 21:52:34,117 [INFO] IPUIPlugin:80 - create IPUIPlugin
2024-07-23 21:52:34,117 [INFO] PluginManager:220 - loadIPPluginJar : add gtzc
2024-07-23 21:52:34,121 [INFO] IPUIPlugin:80 - create IPUIPlugin
2024-07-23 21:52:34,121 [INFO] PluginManager:220 - loadIPPluginJar : add cryp
2024-07-23 21:52:34,125 [INFO] IPUIPlugin:80 - create IPUIPlugin
2024-07-23 21:52:34,125 [INFO] PluginManager:220 - loadIPPluginJar : add i2c
2024-07-23 21:52:34,133 [INFO] IPUIPlugin:80 - create IPUIPlugin
2024-07-23 21:52:34,134 [INFO] PluginManager:220 - loadIPPluginJar : add stm32_wpan
2024-07-23 21:52:34,137 [INFO] IPUIPlugin:80 - create IPUIPlugin
2024-07-23 21:52:34,137 [INFO] PluginManager:220 - loadIPPluginJar : add gfxmmu
2024-07-23 21:52:34,141 [INFO] IPUIPlugin:80 - create IPUIPlugin
2024-07-23 21:52:34,141 [INFO] PluginManager:220 - loadIPPluginJar : add dma3
2024-07-23 21:52:34,144 [INFO] IPUIPlugin:80 - create IPUIPlugin
2024-07-23 21:52:34,144 [INFO] PluginManager:220 - loadIPPluginJar : add tracer_emb
2024-07-23 21:52:34,147 [INFO] IPUIPlugin:80 - create IPUIPlugin
2024-07-23 21:52:34,147 [INFO] PluginManager:220 - loadIPPluginJar : add comp
2024-07-23 21:52:34,152 [INFO] IPUIPlugin:80 - create IPUIPlugin
2024-07-23 21:52:34,152 [INFO] PluginManager:220 - loadIPPluginJar : add ipddr
2024-07-23 21:52:34,157 [INFO] IPUIPlugin:80 - create IPUIPlugin
2024-07-23 21:52:34,157 [INFO] PluginManager:220 - loadIPPluginJar : add opamp
2024-07-23 21:52:34,163 [INFO] IPUIPlugin:80 - create IPUIPlugin
2024-07-23 21:52:34,163 [INFO] PluginManager:220 - loadIPPluginJar : add resmgrutility
2024-07-23 21:52:34,166 [INFO] IPUIPlugin:80 - create IPUIPlugin
2024-07-23 21:52:34,166 [INFO] PluginManager:220 - loadIPPluginJar : add tim
2024-07-23 21:52:34,169 [INFO] IPUIPlugin:80 - create IPUIPlugin
2024-07-23 21:52:34,170 [INFO] PluginManager:220 - loadIPPluginJar : add ucpd
2024-07-23 21:52:34,174 [INFO] IPUIPlugin:80 - create IPUIPlugin
2024-07-23 21:52:34,175 [INFO] PluginManager:220 - loadIPPluginJar : add touchsensing
2024-07-23 21:52:34,181 [INFO] IPUIPlugin:80 - create IPUIPlugin
2024-07-23 21:52:34,181 [INFO] PluginManager:220 - loadIPPluginJar : add fmc
2024-07-23 21:52:34,184 [INFO] IPUIPlugin:80 - create IPUIPlugin
2024-07-23 21:52:34,184 [INFO] PluginManager:220 - loadIPPluginJar : add tsc
2024-07-23 21:52:34,192 [INFO] IPUIPlugin:80 - create IPUIPlugin
2024-07-23 21:52:34,192 [INFO] PluginManager:220 - loadIPPluginJar : add i3c
2024-07-23 21:52:34,196 [INFO] IPUIPlugin:80 - create IPUIPlugin
2024-07-23 21:52:34,196 [INFO] PluginManager:220 - loadIPPluginJar : add can
2024-07-23 21:52:34,202 [INFO] IPUIPlugin:80 - create IPUIPlugin
2024-07-23 21:52:34,202 [INFO] PluginManager:220 - loadIPPluginJar : add gic
2024-07-23 21:52:34,210 [INFO] IPUIPlugin:80 - create IPUIPlugin
2024-07-23 21:52:34,210 [INFO] PluginManager:220 - loadIPPluginJar : add linkedlist
2024-07-23 21:52:34,212 [INFO] IPUIPlugin:80 - create IPUIPlugin
2024-07-23 21:52:34,213 [INFO] PluginManager:220 - loadIPPluginJar : add spi
2024-07-23 21:52:34,214 [INFO] IPUIPlugin:80 - create IPUIPlugin
2024-07-23 21:52:34,214 [INFO] PluginManager:220 - loadIPPluginJar : add quadspi
2024-07-23 21:52:34,346 [INFO] CADModel:165 - CPN selected for project level
2024-07-23 21:52:34,346 [INFO] CADModel:114 - Register for checkConnection events
2024-07-23 21:52:34,347 [FATAL] Updater:308 - Updater called before beeing initialized
2024-07-23 21:52:34,347 [ERROR] CADModel:125 - Updater not yet initialized, retry later 
2024-07-23 21:52:34,519 [INFO] CADModel:165 - CPN selected for project level
2024-07-23 21:52:34,519 [INFO] CADModel:114 - Register for checkConnection events
2024-07-23 21:52:34,519 [FATAL] Updater:308 - Updater called before beeing initialized
2024-07-23 21:52:34,519 [ERROR] CADModel:125 - Updater not yet initialized, retry later 
2024-07-23 21:52:34,523 [FATAL] Updater:308 - Updater called before beeing initialized
2024-07-23 21:52:34,639 [FATAL] Updater:308 - Updater called before beeing initialized
2024-07-23 21:52:34,650 [INFO] DbMcusAds:53 - JSON generation date=Thu May 16 11:22:01 EET 2024 (1715851321109)
2024-07-23 21:52:34,650 [FATAL] Updater:308 - Updater called before beeing initialized
2024-07-23 21:52:34,691 [WARN] DetailPanel:346 - Failed to get advertising image, set to default
2024-07-23 21:52:34,843 [FATAL] Updater:308 - Updater called before beeing initialized
2024-07-23 21:52:34,846 [FATAL] Updater:308 - Updater called before beeing initialized
2024-07-23 21:52:34,846 [FATAL] Updater:308 - Updater called before beeing initialized
2024-07-23 21:52:34,846 [WARN] DetailPanel:346 - Failed to get advertising image, set to default
2024-07-23 21:52:34,847 [FATAL] Updater:308 - Updater called before beeing initialized
2024-07-23 21:52:34,889 [ERROR] Updater:1120 - MainUpdater not yet initialized. External WinMGr cannot be set.
2024-07-23 21:52:34,892 [INFO] Updater:1056 - Updater Version found : 6.8.0
2024-07-23 21:52:34,914 [INFO] ApplicationProperties:184 - Using Application install path: /app/stm32cubeide/plugins/com.st.stm32cube.common.mx_6.8.0.202302231600
2024-07-23 21:52:35,008 [ERROR] ServerAccessManage:1146 - Warning during Server Connection :  Unknown host sw-center.st.com
2024-07-23 21:52:35,012 [INFO] MainUpdater:2854 - connection check result : 22
2024-07-23 21:52:35,013 [INFO] MainUpdater:283 - Updater Check For Update Now.
2024-07-23 21:52:35,013 [INFO] MicroXplorer:498 - Change Database Version : DB.6.0.80
2024-07-23 21:52:35,195 [INFO] CheckServerUpdateThread:120 - End of CheckServer Thread
2024-07-23 21:52:35,225 [ERROR] ServerAccessManage:1146 - Warning during Server Connection :  Unknown host sw-center.st.com
2024-07-23 21:52:35,226 [INFO] MainUpdater:2854 - connection check result : 22
2024-07-23 21:52:36,585 [WARN] PackLoader:240 - Cannot read IP mode file for STMicroelectronics.X-CUBE-TOUCHGFX.4.23.2
2024-07-23 21:52:36,635 [WARN] PackLoader:240 - Cannot read IP mode file for STMicroelectronics.X-CUBE-AZRTOS-F7.1.1.0
2024-07-23 21:52:36,661 [WARN] PackLoader:240 - Cannot read IP mode file for STMicroelectronics.X-CUBE-DISPLAY.3.0.0
2024-07-23 21:52:36,682 [WARN] PackLoader:240 - Cannot read IP mode file for emotas.I-CUBE-CANOPEN.1.3.0
2024-07-23 21:52:36,702 [INFO] LogOutputStream:77 - [STDOUT_REDIRECT] 1 : Invalid condition id : UX_CORESTACK_Condition cause : null
2024-07-23 21:52:36,707 [INFO] LogOutputStream:77 - [STDOUT_REDIRECT] 1 : Invalid condition id : UX_CORESTACK_Condition cause : null
2024-07-23 21:52:36,708 [INFO] LogOutputStream:77 - [STDOUT_REDIRECT] 1 : Invalid condition id : UX_CORESTACK_Condition cause : null
2024-07-23 21:52:36,710 [INFO] LogOutputStream:77 - [STDOUT_REDIRECT] 1 : Invalid condition id : UX_CORESTACK_Condition cause : null
2024-07-23 21:52:36,711 [INFO] LogOutputStream:77 - [STDOUT_REDIRECT] 1 : Invalid condition id : UX_CORESTACK_Condition cause : null
2024-07-23 21:52:36,716 [WARN] PackLoader:240 - Cannot read IP mode file for STMicroelectronics.X-CUBE-AZRTOS-WL.2.0.0
2024-07-23 21:52:36,721 [WARN] PackLoader:240 - Cannot read IP mode file for wolfSSL.I-CUBE-wolfMQTT.1.19.0
2024-07-23 21:52:36,728 [WARN] PackLoader:240 - Cannot read IP mode file for WES.I-CUBE-Cesium.1.3.0
2024-07-23 21:52:36,735 [WARN] PackLoader:240 - Cannot read IP mode file for STMicroelectronics.X-CUBE-BLE2.3.3.0
2024-07-23 21:52:36,763 [WARN] PackLoader:240 - Cannot read IP mode file for STMicroelectronics.X-CUBE-AZRTOS-G0.1.1.0
2024-07-23 21:52:36,776 [WARN] PackLoader:240 - Cannot read IP mode file for STMicroelectronics.X-CUBE-NFC4.3.0.0
2024-07-23 21:52:36,787 [ERROR] Engine:466 - /home/ziad/.stm32cubemx/thirdparties/pdsc/EmbeddedOffice.I-CUBE-FS-RTOS.1.0.1.pdsc: PDSC version is not supported
2024-07-23 21:52:36,790 [ERROR] Engine:466 - /home/ziad/.stm32cubemx/thirdparties/pdsc/RealThread.X-CUBE-RT-Thread_Nano.4.1.1.pdsc: PDSC version is not supported
2024-07-23 21:52:36,797 [WARN] PackLoader:240 - Cannot read IP mode file for wolfSSL.I-CUBE-wolfSSL.5.7.0
2024-07-23 21:52:36,802 [WARN] PackLoader:240 - Cannot read IP mode file for STMicroelectronics.FP-ATR-SIGFOX1.3.2.0
2024-07-23 21:52:36,813 [WARN] PackLoader:240 - Cannot read IP mode file for ITTIA_DB.I-CUBE-ITTIADB.8.9.0
2024-07-23 21:52:36,885 [WARN] PackLoader:240 - Cannot read IP mode file for SEGGER.I-CUBE-embOS.1.3.1
2024-07-23 21:52:36,982 [WARN] PackLoader:240 - Cannot read IP mode file for STMicroelectronics.X-CUBE-GNSS1.6.0.0
2024-07-23 21:52:37,003 [WARN] PackLoader:240 - Cannot read IP mode file for STMicroelectronics.X-CUBE-AZRTOS-F4.1.1.0
2024-07-23 21:52:37,032 [WARN] PackLoader:240 - Cannot read IP mode file for STMicroelectronics.X-CUBE-AZRTOS-L5.2.0.0
2024-07-23 21:52:37,039 [ERROR] Engine:466 - /home/ziad/.stm32cubemx/thirdparties/pdsc/STMicroelectronics.X-CUBE-DPower.1.2.0.pdsc: PDSC version is not supported
2024-07-23 21:52:37,043 [WARN] PackLoader:240 - Cannot read IP mode file for wolfSSL.I-CUBE-wolfTPM.3.2.0
2024-07-23 21:52:37,071 [WARN] ConditionMgr:438 - getConditionDescription Invalid condition id : LAN8742 Phy interface Condition cause : null
2024-07-23 21:52:37,072 [WARN] PackLoader:240 - Cannot read IP mode file for STMicroelectronics.X-CUBE-AZRTOS-L4.2.0.0
2024-07-23 21:52:37,074 [WARN] ConditionMgr:1039 - genDependencies : Invalid condition id : LAN8742 Phy interface Condition cause : null
2024-07-23 21:52:37,074 [WARN] ConditionMgr:1039 - genDependencies : Invalid condition id : LAN8742 Phy interface Condition cause : null
2024-07-23 21:52:37,075 [WARN] ConditionMgr:1039 - genDependencies : Invalid condition id : LAN8742 Phy interface Condition cause : null
2024-07-23 21:52:37,088 [WARN] PackLoader:240 - Cannot read IP mode file for STMicroelectronics.X-CUBE-SFXS2LP1.4.0.0
2024-07-23 21:52:37,105 [WARN] ConditionMgr:438 - getConditionDescription Invalid condition id : UX DEVICE CLASS RTOS Condition cause : null
2024-07-23 21:52:37,105 [WARN] ConditionMgr:438 - getConditionDescription Invalid condition id : UX DEVICE CLASS RTOS Condition cause : null
2024-07-23 21:52:37,108 [WARN] PackLoader:240 - Cannot read IP mode file for STMicroelectronics.X-CUBE-AZRTOS-WB.2.0.0
2024-07-23 21:52:37,109 [WARN] ConditionMgr:1039 - genDependencies : Invalid condition id : UX DEVICE CLASS RTOS Condition cause : null
2024-07-23 21:52:37,109 [WARN] ConditionMgr:1039 - genDependencies : Invalid condition id : UX DEVICE CLASS RTOS Condition cause : null
2024-07-23 21:52:37,110 [WARN] ConditionMgr:1039 - genDependencies : Invalid condition id : UX DEVICE CLASS RTOS Condition cause : null
2024-07-23 21:52:37,110 [WARN] ConditionMgr:1039 - genDependencies : Invalid condition id : UX DEVICE CLASS RTOS Condition cause : null
2024-07-23 21:52:37,110 [WARN] ConditionMgr:1039 - genDependencies : Invalid condition id : UX DEVICE CLASS RTOS Condition cause : null
2024-07-23 21:52:37,115 [ERROR] Engine:466 - /home/ziad/.stm32cubemx/thirdparties/pdsc/STMicroelectronics.FP-SNS-STBOX1.2.0.0.pdsc: PDSC version is not supported
2024-07-23 21:52:37,126 [WARN] PackLoader:240 - Cannot read IP mode file for STMicroelectronics.X-CUBE-SUBG2.5.0.0
2024-07-23 21:52:37,135 [WARN] PackLoader:240 - Cannot read IP mode file for Cesanta.I-CUBE-Mongoose.7.13.0
2024-07-23 21:52:37,153 [WARN] PackLoader:240 - Cannot read IP mode file for STMicroelectronics.X-CUBE-AZRTOS-G4.2.0.0
2024-07-23 21:52:37,160 [WARN] PackLoader:240 - Cannot read IP mode file for STMicroelectronics.X-CUBE-TOUCHGFX.4.24.0
2024-07-23 21:52:37,166 [WARN] PackLoader:240 - Cannot read IP mode file for portGmbH.I-Cube-SoM-uGOAL.1.1.0
2024-07-23 21:52:37,243 [WARN] PackLoader:240 - Cannot read IP mode file for STMicroelectronics.X-CUBE-AZRTOS-H7RS.1.0.0
2024-07-23 21:52:37,285 [WARN] PackLoader:240 - Cannot read IP mode file for STMicroelectronics.X-CUBE-AZRTOS-H7.3.2.0
2024-07-23 21:52:37,308 [WARN] PackLoader:240 - Cannot read IP mode file for Infineon.AIROC-Wi-Fi-Bluetooth-STM32.1.6.0
2024-07-23 21:52:37,322 [WARN] PackLoader:240 - Cannot read IP mode file for wolfSSL.I-CUBE-wolfSSH.1.4.17
2024-07-23 21:52:37,323 [INFO] ThirdParty:978 - Integrity check success = true
2024-07-23 21:52:37,323 [INFO] IntegrityCheckThread:100 - exiting critical section [integrity check]
2024-07-23 21:52:37,323 [INFO] IntegrityCheckThread:103 - End integrity checks thread
2024-07-23 21:52:41,360 [ERROR] LogOutputStream:75 - [STDERR_REDIRECT] SLF4J: Failed to load class "org.slf4j.impl.StaticLoggerBinder".
2024-07-23 21:52:41,361 [ERROR] LogOutputStream:75 - [STDERR_REDIRECT] SLF4J: Defaulting to no-operation (NOP) logger implementation
2024-07-23 21:52:41,361 [ERROR] LogOutputStream:75 - [STDERR_REDIRECT] SLF4J: See http://www.slf4j.org/codes.html#StaticLoggerBinder for further details.
2024-07-23 21:52:43,360 [ERROR] ServerAccessManage:1146 - Warning during Server Connection :  Unknown host sw-center.st.com
2024-07-23 21:52:43,365 [INFO] MainUpdater:2854 - connection check result : 22
2024-07-23 21:52:46,854 [INFO] ApiDb:581 - Connected to CubeFinder SQLite database (/home/ziad/.stmcufinder/plugins/mcufinder/mcu/cube-finder-db.db)
2024-07-23 21:52:46,940 [INFO] ApiDb:668 - CubeFinder database Data Model version=2.1
2024-07-23 21:52:46,940 [INFO] ApiDb:669 - CubeFinder database Configuration version=3.0.39
2024-07-23 21:52:46,941 [INFO] ApiDb:670 - CubeFinder database generation date=2024-06-20 (1718880634)
2024-07-23 21:52:46,941 [INFO] ApiDb:671 - CubeFinder database FW Pack versions=[FP-ATR-ASTRA1_V2.0.0, FP-SNS-FLIGHT1_V5.0.2, FP-SNS-MOTENV1_V5.0.0, FP-SNS-MOTENVWB1_V1.4.0, FP-SNS-SMARTAG2_V1.2.0, STM32Cube_FW_C0_V1.2.0, STM32Cube_FW_F4_V1.28.0, STM32Cube_FW_F7_V1.17.2, STM32Cube_FW_G0_V1.6.2, STM32Cube_FW_G4_V1.6.0, STM32Cube_FW_H5_V1.3.0, STM32Cube_FW_H7RS_V1.1.0, STM32Cube_FW_H7_V1.11.2, STM32Cube_FW_L0_V1.12.2, STM32Cube_FW_L5_V1.5.1, STM32Cube_FW_U0_V1.1.0, STM32Cube_FW_U5_V1.6.0, STM32Cube_FW_WB0_V1.0.0, STM32Cube_FW_WBA_V1.4.0, STM32Cube_FW_WB_V1.20.0, STM32Cube_FW_WL_V1.3.0, X-CUBE-ALGOBUILD_V1.4.0, X-CUBE-ALS_V1.0.2, X-CUBE-AZRTOS-F4_V1.1.0, X-CUBE-AZRTOS-F7_V1.1.0, X-CUBE-AZRTOS-G0_V1.1.0, X-CUBE-AZRTOS-G4_V2.0.0, X-CUBE-AZRTOS-H7RS_V1.0.0, X-CUBE-AZRTOS-H7_V3.2.0, X-CUBE-AZRTOS-L4_V2.0.0, X-CUBE-AZRTOS-L5_V1.1.0, X-CUBE-AZRTOS-WB_V2.0.0, X-CUBE-AZRTOS-WL_V2.0.0, X-CUBE-BLE1_V7.0.0, X-CUBE-BLE2_V3.3.0, X-CUBE-BLEMGR_V3.1.0, X-CUBE-EEPRMA1_V5.1.0, X-CUBE-FREERTOS_V1.2.0, X-CUBE-GNSS1_V6.0.0, X-CUBE-MEMS1_V10.0.0, X-CUBE-NFC4_V3.0.0, X-CUBE-NFC7_V1.0.1, X-CUBE-SFXS2LP1_V4.0.0, X-CUBE-SUBG2_V5.0.0, X-CUBE-TOF1_V3.4.1]
2024-07-23 21:52:47,105 [INFO] DbBoardsSqlite:226 - include board P-NUCLEO-WB55-NUCLEO as a kit item of type 'Nucleo-64'
2024-07-23 21:52:47,106 [INFO] DbBoardsSqlite:226 - include board P-NUCLEO-WB55-USBDONGLE as a kit item of type 'Nucleo USB Dongle'
2024-07-23 21:52:47,107 [INFO] DbBoardsSqlite:226 - include board STEVAL-IDP005V1 as a kit item of type 'Evaluation Board'
2024-07-23 21:52:47,107 [INFO] DbBoardsSqlite:226 - include board STEVAL-IDP005V2 as a kit item of type 'Evaluation Board'
2024-07-23 21:52:47,277 [INFO] ApiDb:240 - Found 297 in-development CPN: [B-G473E-ZEST1S, B-WB1M-WPAN1, B-WL5M-SUBG1, NUCLEO-C031C6, NUCLEO-H503RB, NUCLEO-H563ZI, NUCLEO-U545RE-Q, NUCLEO-U5A5ZJ-Q, NUCLEO-WBA52CG, STEVAL-PROTEUS1, STEVAL-STWINBX1, STM320518-EVAL, STM32C0116-DK, STM32C011D6Y3TR, STM32C011D6Y6TR, STM32C011F4P3, STM32C011F4P6, STM32C011F4U3, STM32C011F4U6TR, STM32C011F6P3, STM32C011F6P6, STM32C011F6U3, STM32C011F6U6TR, STM32C011J4M3, STM32C011J4M6, STM32C011J6M3, STM32C011J6M6, STM32C0316-DK, STM32C031C4T3, STM32C031C4T6, STM32C031C4U3, STM32C031C4U6, STM32C031C6T3, STM32C031C6T6, STM32C031C6U3, STM32C031C6U6, STM32C031F4P3, STM32C031F4P6, STM32C031F6P3, STM32C031F6P6, STM32C031G4U3, STM32C031G4U6, STM32C031G6U3, STM32C031G6U6, STM32C031K4T3, STM32C031K4T6, STM32C031K4U3, STM32C031K4U6, STM32C031K6T3, STM32C031K6T6, STM32C031K6U3, STM32C031K6U6, STM32G071K8TXN, STM32G071K8UXN, STM32G081GBU6N, STM32G081KBT6N, STM32G081KBUXN, STM32G0B1CCT6N, STM32G0B1KCT6, STM32G0B1NEY6TR, STM32G0B1RCT6N, STM32G0C1CCT6, STM32G0C1CCT6N, STM32G0C1CCU6N, STM32G0C1CET6N, STM32G0C1CEU6N, STM32G0C1KCT6, STM32G0C1NEY6TR, STM32G0C1RCI6N, STM32G0C1RCT6N, STM32G0C1REI6N, STM32G0C1RET6N, STM32G0C1VCI6, STM32G0C1VEI6, STM32G471CCT6, STM32G471CCU6, STM32G471CET3, STM32G471CET6, STM32G471CEU3, STM32G471CEU6, STM32G471MCT6, STM32G471MET3, STM32G471MET6, STM32G471MEY6TR, STM32G471QCT6, STM32G471QET3, STM32G471RCT6, STM32G471RET3, STM32G471RET6, STM32G471VCH6, STM32G471VCI6, STM32G471VCT6, STM32G471VEH3, STM32G471VEH6, STM32G471VEI3, STM32G471VEI6, STM32G471VET3, STM32G471VET6, STM32G474CCT6, STM32H503CBT6, STM32H503CBU6, STM32H503EBY6TR, STM32H503KBU6, STM32H503RBT6, STM32H562AGI6, STM32H562AII6, STM32H562IGK6, STM32H562IGT6, STM32H562IIK6, STM32H562IIT6, STM32H562RGT6, STM32H562RGV6, STM32H562RIT6, STM32H562RIV6, STM32H562VGT6, STM32H562VIT6, STM32H562ZGT6, STM32H562ZIT6, STM32H563AGI6, STM32H563AII3Q, STM32H563AII6, STM32H563IGK6, STM32H563IGT6, STM32H563IIK3Q, STM32H563IIK6, STM32H563IIT3Q, STM32H563IIT6, STM32H563MIY3QTR, STM32H563RGT6, STM32H563RGV6, STM32H563RIT6, STM32H563RIV6, STM32H563VGT6, STM32H563VIT3Q, STM32H563VIT6, STM32H563ZGT6, STM32H563ZIT3Q, STM32H563ZIT6, STM32H573AII3Q, STM32H573AII6, STM32H573I-DK, STM32H573IIK3Q, STM32H573IIK6, STM32H573IIT3Q, STM32H573IIT6, STM32H573MIY3QTR, STM32H573RIT6, STM32H573RIV6, STM32H573VIT3Q, STM32H573VIT6, STM32H573ZIT3Q, STM32H573ZIT6, STM32L4R5QGI6STR, STM32MP131AAE3, STM32MP131AAF3, STM32MP131AAG3, STM32MP131CAE3, STM32MP131CAF3, STM32MP131CAG3, STM32MP131DAE7, STM32MP131DAF7, STM32MP131DAG7, STM32MP131FAE7, STM32MP131FAF7, STM32MP131FAG7, STM32MP133AAE3, STM32MP133AAF3, STM32MP133AAG3, STM32MP133CAE3, STM32MP133CAF3, STM32MP133CAG3, STM32MP133DAE7, STM32MP133DAF7, STM32MP133DAG7, STM32MP133FAE7, STM32MP133FAF7, STM32MP133FAG7, STM32MP135AAE3, STM32MP135AAF3, STM32MP135AAG3, STM32MP135CAE3, STM32MP135CAF3, STM32MP135CAG3, STM32MP135DAE7, STM32MP135DAF7, STM32MP135DAG7, STM32MP135F-DK, STM32MP135FAE7, STM32MP135FAF7, STM32MP135FAF7T, STM32MP135FAF7U, STM32MP135FAG7, STM32U535CBT6, STM32U535CBT6Q, STM32U535CBU6, STM32U535CBU6Q, STM32U535CCT6, STM32U535CCT6Q, STM32U535CCU6, STM32U535CCU6Q, STM32U535CET6, STM32U535CET6Q, STM32U535CEU6, STM32U535CEU6Q, STM32U535JEY6QTR, STM32U535NCY6QTR, STM32U535NEY6QTR, STM32U535RBI6, STM32U535RBI6Q, STM32U535RBT6, STM32U535RBT6Q, STM32U535RCI6, STM32U535RCI6Q, STM32U535RCT6, STM32U535RCT6Q, STM32U535REI6, STM32U535REI6Q, STM32U535RET6, STM32U535RET6Q, STM32U535VCI6, STM32U535VCI6Q, STM32U535VCT6, STM32U535VCT6Q, STM32U535VEI6, STM32U535VEI6Q, STM32U535VET6, STM32U535VET6Q, STM32U545CET6, STM32U545CET6Q, STM32U545CEU6, STM32U545CEU6Q, STM32U545JEY6QTR, STM32U545NEY6QTR, STM32U545REI6, STM32U545REI6Q, STM32U545RET6, STM32U545RET6Q, STM32U545VEI6, STM32U545VEI6Q, STM32U545VET6, STM32U545VET6Q, STM32U595AIH6, STM32U595AIH6Q, STM32U595AJH6, STM32U595AJH6Q, STM32U595QII6, STM32U595QII6Q, STM32U595QJI6, STM32U595QJI6Q, STM32U595RIT6, STM32U595RIT6Q, STM32U595RJT6, STM32U595RJT6Q, STM32U595VIT6, STM32U595VIT6Q, STM32U595VJT6, STM32U595VJT6Q, STM32U595ZIT6, STM32U595ZIT6Q, STM32U595ZIY6QTR, STM32U595ZJT6, STM32U595ZJT6Q, STM32U595ZJY6QTR, STM32U599BJY6QTR, STM32U599NIH6Q, STM32U599NJH6Q, STM32U599VIT6Q, STM32U599VJT6, STM32U599VJT6Q, STM32U599ZIT6Q, STM32U599ZIY6QTR, STM32U599ZJT6Q, STM32U599ZJY6QTR, STM32U5A5AJH6, STM32U5A5AJH6Q, STM32U5A5QJI6, STM32U5A5QJI6Q, STM32U5A5RJT6, STM32U5A5RJT6Q, STM32U5A5VJT6, STM32U5A5VJT6Q, STM32U5A5ZJT6, STM32U5A5ZJT6Q, STM32U5A5ZJY6QTR, STM32U5A9BJY6QTR, STM32U5A9J-DK, STM32U5A9NJH6Q, STM32U5A9VJT6Q, STM32U5A9ZJT6Q, STM32U5A9ZJY6QTR, STM32WB1MMCH6, STM32WBA52CEU6, STM32WBA52CEU6T, STM32WBA52CGU6, STM32WBA52CGU6T, STM32WL5MOCH6, STM32WL5MOCH6TR]
2024-07-23 21:52:47,286 [INFO] ApiDb:668 - CubeFinder database Data Model version=2.1
2024-07-23 21:52:47,286 [INFO] ApiDb:669 - CubeFinder database Configuration version=3.0.39
2024-07-23 21:52:47,287 [INFO] ApiDb:670 - CubeFinder database generation date=2024-06-20 (1718880634)
2024-07-23 21:52:47,287 [INFO] ApiDb:671 - CubeFinder database FW Pack versions=[FP-ATR-ASTRA1_V2.0.0, FP-SNS-FLIGHT1_V5.0.2, FP-SNS-MOTENV1_V5.0.0, FP-SNS-MOTENVWB1_V1.4.0, FP-SNS-SMARTAG2_V1.2.0, STM32Cube_FW_C0_V1.2.0, STM32Cube_FW_F4_V1.28.0, STM32Cube_FW_F7_V1.17.2, STM32Cube_FW_G0_V1.6.2, STM32Cube_FW_G4_V1.6.0, STM32Cube_FW_H5_V1.3.0, STM32Cube_FW_H7RS_V1.1.0, STM32Cube_FW_H7_V1.11.2, STM32Cube_FW_L0_V1.12.2, STM32Cube_FW_L5_V1.5.1, STM32Cube_FW_U0_V1.1.0, STM32Cube_FW_U5_V1.6.0, STM32Cube_FW_WB0_V1.0.0, STM32Cube_FW_WBA_V1.4.0, STM32Cube_FW_WB_V1.20.0, STM32Cube_FW_WL_V1.3.0, X-CUBE-ALGOBUILD_V1.4.0, X-CUBE-ALS_V1.0.2, X-CUBE-AZRTOS-F4_V1.1.0, X-CUBE-AZRTOS-F7_V1.1.0, X-CUBE-AZRTOS-G0_V1.1.0, X-CUBE-AZRTOS-G4_V2.0.0, X-CUBE-AZRTOS-H7RS_V1.0.0, X-CUBE-AZRTOS-H7_V3.2.0, X-CUBE-AZRTOS-L4_V2.0.0, X-CUBE-AZRTOS-L5_V1.1.0, X-CUBE-AZRTOS-WB_V2.0.0, X-CUBE-AZRTOS-WL_V2.0.0, X-CUBE-BLE1_V7.0.0, X-CUBE-BLE2_V3.3.0, X-CUBE-BLEMGR_V3.1.0, X-CUBE-EEPRMA1_V5.1.0, X-CUBE-FREERTOS_V1.2.0, X-CUBE-GNSS1_V6.0.0, X-CUBE-MEMS1_V10.0.0, X-CUBE-NFC4_V3.0.0, X-CUBE-NFC7_V1.0.1, X-CUBE-SFXS2LP1_V4.0.0, X-CUBE-SUBG2_V5.0.0, X-CUBE-TOF1_V3.4.1]
2024-07-23 21:52:50,066 [INFO] ApiDb:240 - Found 297 in-development CPN: [B-G473E-ZEST1S, B-WB1M-WPAN1, B-WL5M-SUBG1, NUCLEO-C031C6, NUCLEO-H503RB, NUCLEO-H563ZI, NUCLEO-U545RE-Q, NUCLEO-U5A5ZJ-Q, NUCLEO-WBA52CG, STEVAL-PROTEUS1, STEVAL-STWINBX1, STM320518-EVAL, STM32C0116-DK, STM32C011D6Y3TR, STM32C011D6Y6TR, STM32C011F4P3, STM32C011F4P6, STM32C011F4U3, STM32C011F4U6TR, STM32C011F6P3, STM32C011F6P6, STM32C011F6U3, STM32C011F6U6TR, STM32C011J4M3, STM32C011J4M6, STM32C011J6M3, STM32C011J6M6, STM32C0316-DK, STM32C031C4T3, STM32C031C4T6, STM32C031C4U3, STM32C031C4U6, STM32C031C6T3, STM32C031C6T6, STM32C031C6U3, STM32C031C6U6, STM32C031F4P3, STM32C031F4P6, STM32C031F6P3, STM32C031F6P6, STM32C031G4U3, STM32C031G4U6, STM32C031G6U3, STM32C031G6U6, STM32C031K4T3, STM32C031K4T6, STM32C031K4U3, STM32C031K4U6, STM32C031K6T3, STM32C031K6T6, STM32C031K6U3, STM32C031K6U6, STM32G071K8TXN, STM32G071K8UXN, STM32G081GBU6N, STM32G081KBT6N, STM32G081KBUXN, STM32G0B1CCT6N, STM32G0B1KCT6, STM32G0B1NEY6TR, STM32G0B1RCT6N, STM32G0C1CCT6, STM32G0C1CCT6N, STM32G0C1CCU6N, STM32G0C1CET6N, STM32G0C1CEU6N, STM32G0C1KCT6, STM32G0C1NEY6TR, STM32G0C1RCI6N, STM32G0C1RCT6N, STM32G0C1REI6N, STM32G0C1RET6N, STM32G0C1VCI6, STM32G0C1VEI6, STM32G471CCT6, STM32G471CCU6, STM32G471CET3, STM32G471CET6, STM32G471CEU3, STM32G471CEU6, STM32G471MCT6, STM32G471MET3, STM32G471MET6, STM32G471MEY6TR, STM32G471QCT6, STM32G471QET3, STM32G471RCT6, STM32G471RET3, STM32G471RET6, STM32G471VCH6, STM32G471VCI6, STM32G471VCT6, STM32G471VEH3, STM32G471VEH6, STM32G471VEI3, STM32G471VEI6, STM32G471VET3, STM32G471VET6, STM32G474CCT6, STM32H503CBT6, STM32H503CBU6, STM32H503EBY6TR, STM32H503KBU6, STM32H503RBT6, STM32H562AGI6, STM32H562AII6, STM32H562IGK6, STM32H562IGT6, STM32H562IIK6, STM32H562IIT6, STM32H562RGT6, STM32H562RGV6, STM32H562RIT6, STM32H562RIV6, STM32H562VGT6, STM32H562VIT6, STM32H562ZGT6, STM32H562ZIT6, STM32H563AGI6, STM32H563AII3Q, STM32H563AII6, STM32H563IGK6, STM32H563IGT6, STM32H563IIK3Q, STM32H563IIK6, STM32H563IIT3Q, STM32H563IIT6, STM32H563MIY3QTR, STM32H563RGT6, STM32H563RGV6, STM32H563RIT6, STM32H563RIV6, STM32H563VGT6, STM32H563VIT3Q, STM32H563VIT6, STM32H563ZGT6, STM32H563ZIT3Q, STM32H563ZIT6, STM32H573AII3Q, STM32H573AII6, STM32H573I-DK, STM32H573IIK3Q, STM32H573IIK6, STM32H573IIT3Q, STM32H573IIT6, STM32H573MIY3QTR, STM32H573RIT6, STM32H573RIV6, STM32H573VIT3Q, STM32H573VIT6, STM32H573ZIT3Q, STM32H573ZIT6, STM32L4R5QGI6STR, STM32MP131AAE3, STM32MP131AAF3, STM32MP131AAG3, STM32MP131CAE3, STM32MP131CAF3, STM32MP131CAG3, STM32MP131DAE7, STM32MP131DAF7, STM32MP131DAG7, STM32MP131FAE7, STM32MP131FAF7, STM32MP131FAG7, STM32MP133AAE3, STM32MP133AAF3, STM32MP133AAG3, STM32MP133CAE3, STM32MP133CAF3, STM32MP133CAG3, STM32MP133DAE7, STM32MP133DAF7, STM32MP133DAG7, STM32MP133FAE7, STM32MP133FAF7, STM32MP133FAG7, STM32MP135AAE3, STM32MP135AAF3, STM32MP135AAG3, STM32MP135CAE3, STM32MP135CAF3, STM32MP135CAG3, STM32MP135DAE7, STM32MP135DAF7, STM32MP135DAG7, STM32MP135F-DK, STM32MP135FAE7, STM32MP135FAF7, STM32MP135FAF7T, STM32MP135FAF7U, STM32MP135FAG7, STM32U535CBT6, STM32U535CBT6Q, STM32U535CBU6, STM32U535CBU6Q, STM32U535CCT6, STM32U535CCT6Q, STM32U535CCU6, STM32U535CCU6Q, STM32U535CET6, STM32U535CET6Q, STM32U535CEU6, STM32U535CEU6Q, STM32U535JEY6QTR, STM32U535NCY6QTR, STM32U535NEY6QTR, STM32U535RBI6, STM32U535RBI6Q, STM32U535RBT6, STM32U535RBT6Q, STM32U535RCI6, STM32U535RCI6Q, STM32U535RCT6, STM32U535RCT6Q, STM32U535REI6, STM32U535REI6Q, STM32U535RET6, STM32U535RET6Q, STM32U535VCI6, STM32U535VCI6Q, STM32U535VCT6, STM32U535VCT6Q, STM32U535VEI6, STM32U535VEI6Q, STM32U535VET6, STM32U535VET6Q, STM32U545CET6, STM32U545CET6Q, STM32U545CEU6, STM32U545CEU6Q, STM32U545JEY6QTR, STM32U545NEY6QTR, STM32U545REI6, STM32U545REI6Q, STM32U545RET6, STM32U545RET6Q, STM32U545VEI6, STM32U545VEI6Q, STM32U545VET6, STM32U545VET6Q, STM32U595AIH6, STM32U595AIH6Q, STM32U595AJH6, STM32U595AJH6Q, STM32U595QII6, STM32U595QII6Q, STM32U595QJI6, STM32U595QJI6Q, STM32U595RIT6, STM32U595RIT6Q, STM32U595RJT6, STM32U595RJT6Q, STM32U595VIT6, STM32U595VIT6Q, STM32U595VJT6, STM32U595VJT6Q, STM32U595ZIT6, STM32U595ZIT6Q, STM32U595ZIY6QTR, STM32U595ZJT6, STM32U595ZJT6Q, STM32U595ZJY6QTR, STM32U599BJY6QTR, STM32U599NIH6Q, STM32U599NJH6Q, STM32U599VIT6Q, STM32U599VJT6, STM32U599VJT6Q, STM32U599ZIT6Q, STM32U599ZIY6QTR, STM32U599ZJT6Q, STM32U599ZJY6QTR, STM32U5A5AJH6, STM32U5A5AJH6Q, STM32U5A5QJI6, STM32U5A5QJI6Q, STM32U5A5RJT6, STM32U5A5RJT6Q, STM32U5A5VJT6, STM32U5A5VJT6Q, STM32U5A5ZJT6, STM32U5A5ZJT6Q, STM32U5A5ZJY6QTR, STM32U5A9BJY6QTR, STM32U5A9J-DK, STM32U5A9NJH6Q, STM32U5A9VJT6Q, STM32U5A9ZJT6Q, STM32U5A9ZJY6QTR, STM32WB1MMCH6, STM32WBA52CEU6, STM32WBA52CEU6T, STM32WBA52CGU6, STM32WBA52CGU6T, STM32WL5MOCH6, STM32WL5MOCH6TR]
2024-07-23 21:52:50,071 [INFO] DbMcus:216 - Found 4179 MCUs, 4179 are supported
2024-07-23 21:52:50,075 [INFO] ApiDb:423 - Load user favorites file /home/ziad/.stm32cubeide/favorites.mcus.txt: 2 item(s)
2024-07-23 21:52:50,076 [INFO] ApiDb:427 - User favorites MCUs=[STM32F103C8T6, STM32F401RCT6]
2024-07-23 21:52:50,076 [INFO] DbMcus:222 - Set 2 / 2 favorites MCUs
2024-07-23 21:52:51,118 [INFO] BoardInfo:880 - No configuration file found for board NUCLEO-H533RE
2024-07-23 21:52:51,118 [INFO] DbBoards:157 - Board is not supported: NUCLEO-H533RE
2024-07-23 21:52:51,151 [INFO] BoardInfo:880 - No configuration file found for board NUCLEO-H7S3L8
2024-07-23 21:52:51,151 [INFO] DbBoards:157 - Board is not supported: NUCLEO-H7S3L8
2024-07-23 21:52:51,217 [INFO] BoardInfo:880 - No configuration file found for board NUCLEO-U031R8
2024-07-23 21:52:51,217 [INFO] DbBoards:157 - Board is not supported: NUCLEO-U031R8
2024-07-23 21:52:51,219 [INFO] BoardInfo:880 - No configuration file found for board NUCLEO-U083RC
2024-07-23 21:52:51,219 [INFO] DbBoards:157 - Board is not supported: NUCLEO-U083RC
2024-07-23 21:52:51,231 [INFO] BoardInfo:880 - No configuration file found for board NUCLEO-WBA55CG
2024-07-23 21:52:51,231 [INFO] DbBoards:157 - Board is not supported: NUCLEO-WBA55CG
2024-07-23 21:52:51,240 [INFO] BoardInfo:880 - No configuration file found for board P-NUCLEO-WB55
2024-07-23 21:52:51,240 [INFO] DbBoards:157 - Kit is not supported: P-NUCLEO-WB55
2024-07-23 21:52:51,248 [INFO] BoardInfo:880 - No configuration file found for board STEVAL-BFA001V1B
2024-07-23 21:52:51,248 [INFO] DbBoards:157 - Kit is not supported: STEVAL-BFA001V1B
2024-07-23 21:52:51,250 [INFO] BoardInfo:880 - No configuration file found for board STEVAL-BFA001V2B
2024-07-23 21:52:51,250 [INFO] DbBoards:157 - Kit is not supported: STEVAL-BFA001V2B
2024-07-23 21:52:51,256 [INFO] BoardInfo:880 - No configuration file found for board STEVAL-MKBOXPRO
2024-07-23 21:52:51,256 [INFO] DbBoards:157 - Board is not supported: STEVAL-MKBOXPRO
2024-07-23 21:52:51,262 [INFO] BoardInfo:880 - No configuration file found for board STEVAL-SMARTAG2
2024-07-23 21:52:51,262 [INFO] DbBoards:157 - Board is not supported: STEVAL-SMARTAG2
2024-07-23 21:52:51,332 [INFO] BoardInfo:880 - No configuration file found for board STM32H7S78-DK
2024-07-23 21:52:51,332 [INFO] DbBoards:157 - Board is not supported: STM32H7S78-DK
2024-07-23 21:52:51,401 [INFO] BoardInfo:880 - No configuration file found for board STM32U083C-DK
2024-07-23 21:52:51,401 [INFO] DbBoards:157 - Board is not supported: STM32U083C-DK
2024-07-23 21:52:51,406 [INFO] BoardInfo:880 - No configuration file found for board STM32U5G9J-DK1
2024-07-23 21:52:51,407 [INFO] DbBoards:157 - Board is not supported: STM32U5G9J-DK1
2024-07-23 21:52:51,409 [INFO] BoardInfo:880 - No configuration file found for board STM32U5G9J-DK2
2024-07-23 21:52:51,409 [INFO] DbBoards:157 - Board is not supported: STM32U5G9J-DK2
2024-07-23 21:52:51,415 [INFO] BoardInfo:880 - No configuration file found for board STM32WBA55G-DK1
2024-07-23 21:52:51,415 [INFO] DbBoards:157 - Board is not supported: STM32WBA55G-DK1
2024-07-23 21:52:51,415 [INFO] DbBoards:161 - Found 195 boards, 180 are supported
2024-07-23 21:52:51,420 [INFO] ApiDb:414 - User favorites file not found: /home/ziad/.stm32cubeide/favorites.boards.txt
2024-07-23 21:52:51,420 [INFO] DbBoards:190 - Set 0 / 0 favorites Boards
2024-07-23 21:52:51,421 [INFO] McuFinderGlobals:66 - Set McuFinderConnectedMode to false
2024-07-23 21:52:51,433 [INFO] MultiScanPanel:200 - Auto-refresh data requested => check proxy status ongoing
2024-07-23 21:52:51,433 [INFO] MultiScanPanel:204 - Proxy status is invalid
2024-07-23 21:52:51,437 [INFO] FinderPluginLoader:95 - Searching for filters in installed packs
2024-07-23 21:52:53,826 [INFO] DetailPanel:341 - Set advertising image to /home/ziad/STM32Cube/Repository//en.prom-stm32h7rs-mcu-finder.jpg
2024-07-23 21:53:02,386 [INFO] MultiScanPanel:200 - Auto-refresh data requested => check proxy status ongoing
2024-07-23 21:53:02,387 [INFO] MultiScanPanel:204 - Proxy status is invalid
2024-07-23 21:53:02,610 [INFO] DetailPanel:341 - Set advertising image to /home/ziad/STM32Cube/Repository//en.prom-stm32h7rs-mcu-finder.jpg
2024-07-23 21:53:19,427 [INFO] BoardResultTable:719 - Mark Board STM32F401C-DISCO as favorite
2024-07-23 21:53:34,574 [INFO] McuFinderGlobals:66 - Set McuFinderConnectedMode to true
2024-07-23 21:53:34,615 [INFO] ApiDb:448 - Save user favorites file /home/ziad/.stm32cubeide/favorites.mcus.txt: 2 item(s)
2024-07-23 21:53:34,618 [INFO] ApiDb:452 - User favorites MCUs=[STM32F103C8T6, STM32F401RCT6]
2024-07-23 21:53:34,619 [INFO] ApiDb:448 - Save user favorites file /home/ziad/.stm32cubeide/favorites.boards.txt: 1 item(s)
2024-07-23 21:53:34,620 [INFO] ApiDb:452 - User favorites Boards=[STM32F401C-DISCO]
2024-07-23 21:53:37,772 [ERROR] ConfigurationRetriever:142 - IOException on connection: sw-center.st.com
2024-07-23 21:53:37,773 [ERROR] ConfigurationRetriever:142 - IOException on connection: sw-center.st.com
2024-07-23 21:53:37,773 [ERROR] ConfigurationRetriever:142 - IOException on connection: sw-center.st.com
