2024-08-04 04:20:17,589 [INFO] Activator:176 - 


2024-08-04 04:20:17,594 [INFO] Activator:177 - !SESSION log4j initialized
2024-08-04 04:20:23,933 [INFO] LogOutputStream:77 - [STDOUT_REDIRECT] 
2024-08-04 04:20:46,206 [ERROR] LogOutputStream:75 - [STDERR_REDIRECT] SLF4J: Failed to load class "org.slf4j.impl.StaticLoggerBinder".
2024-08-04 04:20:46,207 [ERROR] LogOutputStream:75 - [STDERR_REDIRECT] SLF4J: Defaulting to no-operation (NOP) logger implementation
2024-08-04 04:20:46,207 [ERROR] LogOutputStream:75 - [STDERR_REDIRECT] SLF4J: See http://www.slf4j.org/codes.html#StaticLoggerBinder for further details.
2024-08-04 04:21:00,417 [INFO] ApplicationProperties:184 - Using Application install path: /app/stm32cubeide/plugins/com.st.stm32cube.common.mx_6.8.0.202302231600
2024-08-04 04:21:00,440 [INFO] DbMcusXml:78 - Set database path to: /app/stm32cubeide/plugins/com.st.stm32cube.common.mx_6.8.0.202302231600//db//mcu/
2024-08-04 04:21:00,441 [INFO] ApiDb:274 - Set plugin database path to: /app/stm32cubeide/plugins/com.st.stm32cube.common.mx_6.8.0.202302231600//db//plugins/boardmanager/
2024-08-04 04:21:00,444 [WARN] ApiDb:259 - Overriding images path with different value:  => /app/stm32cubeide/plugins/com.st.stm32cube.common.mx_6.8.0.202302231600//db//plugins/mcufinder/images/
2024-08-04 04:21:00,464 [INFO] ApiDb:250 - Set database path to: /home/ziad/.stmcufinder/plugins/mcufinder//mcu/
2024-08-04 04:21:00,466 [INFO] DbMcusAds:125 - Set database path to: /home/ziad/.stmcufinder/plugins/mcufinder//mcu/
2024-08-04 04:21:00,472 [INFO] CrossReferenceDbSqlite:203 - Set database path to: /home/ziad/.stmcufinder/plugins/mcufinder//mcu/cs/
2024-08-04 04:21:00,604 [INFO] RulesReader:64 - Compatibility file has been processed (293 Rules)
2024-08-04 04:21:00,687 [INFO] DbMcusXml:78 - Set database path to: /app/stm32cubeide/plugins/com.st.stm32cube.common.mx_6.8.0.202302231600//db//mcu/
2024-08-04 04:21:00,688 [INFO] ApiDb:274 - Set plugin database path to: /app/stm32cubeide/plugins/com.st.stm32cube.common.mx_6.8.0.202302231600//db//plugins/boardmanager/
2024-08-04 04:21:00,688 [INFO] ApiDb:261 - Set plugin images path to: /app/stm32cubeide/plugins/com.st.stm32cube.common.mx_6.8.0.202302231600//db//plugins/mcufinder/images/
2024-08-04 04:21:00,689 [WARN] DbFile:41 - Overriding database path with different value: /home/ziad/.stmcufinder/plugins/mcufinder/ => /home/ziad/.stmcufinder/plugins/mcufinder
2024-08-04 04:21:00,689 [INFO] ApiDb:250 - Set database path to: /home/ziad/.stmcufinder/plugins/mcufinder//mcu/
2024-08-04 04:21:00,689 [WARN] DbFile:41 - Overriding database path with different value: /home/ziad/.stmcufinder/plugins/mcufinder/ => /home/ziad/.stmcufinder/plugins/mcufinder
2024-08-04 04:21:00,689 [INFO] DbMcusAds:125 - Set database path to: /home/ziad/.stmcufinder/plugins/mcufinder//mcu/
2024-08-04 04:21:00,689 [WARN] DbFile:41 - Overriding database path with different value: /home/ziad/.stmcufinder/plugins/mcufinder/ => /home/ziad/.stmcufinder/plugins/mcufinder
2024-08-04 04:21:00,689 [WARN] DbFile:41 - Overriding database path with different value: /home/ziad/.stmcufinder/plugins/mcufinder/ => /home/ziad/.stmcufinder/plugins/mcufinder
2024-08-04 04:21:00,690 [INFO] CrossReferenceDbSqlite:203 - Set database path to: /home/ziad/.stmcufinder/plugins/mcufinder//mcu/cs/
2024-08-04 04:21:00,771 [INFO] MainPanel:253 - HeapMemory: 268435456
2024-08-04 04:21:00,917 [INFO] DbMcusXml:78 - Set database path to: /app/stm32cubeide/plugins/com.st.stm32cube.common.mx_6.8.0.202302231600//db//mcu/
2024-08-04 04:21:00,917 [INFO] ApiDb:274 - Set plugin database path to: /app/stm32cubeide/plugins/com.st.stm32cube.common.mx_6.8.0.202302231600//db//plugins/boardmanager/
2024-08-04 04:21:00,917 [INFO] ApiDb:261 - Set plugin images path to: /app/stm32cubeide/plugins/com.st.stm32cube.common.mx_6.8.0.202302231600//db//plugins/mcufinder/images/
2024-08-04 04:21:00,918 [WARN] DbFile:41 - Overriding database path with different value: /home/ziad/.stmcufinder/plugins/mcufinder/ => /home/ziad/.stmcufinder/plugins/mcufinder
2024-08-04 04:21:00,918 [INFO] ApiDb:250 - Set database path to: /home/ziad/.stmcufinder/plugins/mcufinder//mcu/
2024-08-04 04:21:00,918 [WARN] DbFile:41 - Overriding database path with different value: /home/ziad/.stmcufinder/plugins/mcufinder/ => /home/ziad/.stmcufinder/plugins/mcufinder
2024-08-04 04:21:00,918 [INFO] DbMcusAds:125 - Set database path to: /home/ziad/.stmcufinder/plugins/mcufinder//mcu/
2024-08-04 04:21:00,918 [WARN] DbFile:41 - Overriding database path with different value: /home/ziad/.stmcufinder/plugins/mcufinder/ => /home/ziad/.stmcufinder/plugins/mcufinder
2024-08-04 04:21:00,918 [WARN] DbFile:41 - Overriding database path with different value: /home/ziad/.stmcufinder/plugins/mcufinder/ => /home/ziad/.stmcufinder/plugins/mcufinder
2024-08-04 04:21:00,919 [INFO] CrossReferenceDbSqlite:203 - Set database path to: /home/ziad/.stmcufinder/plugins/mcufinder//mcu/cs/
2024-08-04 04:21:00,941 [INFO] ApplicationProperties:184 - Using Application install path: /app/stm32cubeide/plugins/com.st.stm32cube.common.mx_6.8.0.202302231600
2024-08-04 04:21:00,944 [INFO] PluginManage:196 - Search for loadable plugins [exclusion list=, ]
2024-08-04 04:21:00,946 [INFO] PluginManage:310 - Check plugin analytics
2024-08-04 04:21:01,145 [INFO] AnalyticsPlugin:253 - Accepted Software Licenses: 
2024-08-04 04:21:01,145 [INFO] AnalyticsPlugin:255 - Accepted CMSIS Pack Licenses: 
2024-08-04 04:21:01,146 [INFO] AnalyticsPlugin:257 - Accepted Firmware Licenses: FW.F4.1.27.0
2024-08-04 04:21:01,156 [INFO] PluginManage:359 - Loaded plugin analytics (category:tool,tabindex:-1)
2024-08-04 04:21:01,157 [INFO] PluginManage:310 - Check plugin cadmodel
2024-08-04 04:21:01,210 [INFO] CADModel:105 - Init CAD model plugin
2024-08-04 04:21:01,210 [INFO] PluginManage:359 - Loaded plugin cadmodel (category:power,tabindex:5)
2024-08-04 04:21:01,210 [INFO] PluginManage:310 - Check plugin clock
2024-08-04 04:21:01,223 [INFO] PluginManage:359 - Loaded plugin clock (category:base,tabindex:2)
2024-08-04 04:21:01,223 [INFO] PluginManage:310 - Check plugin ddr
2024-08-04 04:21:01,226 [INFO] PluginManage:359 - Loaded plugin ddr (category:tool,tabindex:6)
2024-08-04 04:21:01,226 [INFO] PluginManage:310 - Check plugin filemanager
2024-08-04 04:21:01,417 [INFO] PluginManage:359 - Loaded plugin filemanager (category:base,tabindex:10)
2024-08-04 04:21:01,417 [INFO] PluginManage:310 - Check plugin ipmanager
2024-08-04 04:21:01,424 [INFO] PluginManage:359 - Loaded plugin ipmanager (category:base,tabindex:5)
2024-08-04 04:21:01,424 [INFO] PluginManage:310 - Check plugin lpbam
2024-08-04 04:21:01,437 [INFO] PluginManage:359 - Loaded plugin lpbam (category:base,tabindex:0)
2024-08-04 04:21:01,437 [INFO] PluginManage:310 - Check plugin pinoutandconfiguration
2024-08-04 04:21:01,447 [INFO] PluginManage:359 - Loaded plugin pinoutandconfiguration (category:base,tabindex:1)
2024-08-04 04:21:01,447 [INFO] PluginManage:310 - Check plugin pinoutconfig
2024-08-04 04:21:01,544 [WARN] SupportedApi:132 - Cannot load RTOS API schema: s4s-elt-must-match.1: The content of 'definitions' must match (annotation?, (simpleType | complexType)?, (unique | key | keyref)*)). A problem was found starting at: attribute.
2024-08-04 04:21:01,734 [INFO] PluginManage:359 - Loaded plugin pinoutconfig (category:base,tabindex:0)
2024-08-04 04:21:01,734 [INFO] PluginManage:310 - Check plugin power
2024-08-04 04:21:01,749 [INFO] PluginManage:359 - Loaded plugin power (category:power,tabindex:4)
2024-08-04 04:21:01,750 [INFO] PluginManage:310 - Check plugin projectmanager
2024-08-04 04:21:01,770 [INFO] PluginManage:359 - Loaded plugin projectmanager (category:projectmanager,tabindex:3)
2024-08-04 04:21:01,770 [INFO] PluginManage:310 - Check plugin thirdparty
2024-08-04 04:21:01,928 [WARN] IntegrityCheckThread:84 - waiting for thirdparty lock release [integrity check]
2024-08-04 04:21:01,928 [INFO] PluginManage:359 - Loaded plugin thirdparty (category:base,tabindex:-1)
2024-08-04 04:21:01,929 [INFO] IntegrityCheckThread:86 - entering critical section [integrity check]
2024-08-04 04:21:01,929 [INFO] PluginManage:310 - Check plugin tools
2024-08-04 04:21:01,931 [INFO] ThirdPartyUpdaterWithRetryManager:70 - Updater plugin not ready yet. [1/15]
2024-08-04 04:21:01,932 [INFO] PluginManage:359 - Loaded plugin tools (category:base,tabindex:7)
2024-08-04 04:21:01,932 [INFO] PluginManage:310 - Check plugin tutovideos
2024-08-04 04:21:02,167 [INFO] PluginManage:359 - Loaded plugin tutovideos (category:base,tabindex:-1)
2024-08-04 04:21:02,167 [INFO] PluginManage:310 - Check plugin updater
2024-08-04 04:21:02,194 [INFO] PluginManage:359 - Loaded plugin updater (category:base,tabindex:12)
2024-08-04 04:21:02,195 [INFO] PluginManage:283 - PluginManage : Loaded plugins [15]
2024-08-04 04:21:02,495 [INFO] PinOutPanel:1499 - setPackage(No Configuration,No Configuration)
2024-08-04 04:21:02,572 [INFO] CADModel:165 - CPN selected for project level
2024-08-04 04:21:02,573 [INFO] CADModel:114 - Register for checkConnection events
2024-08-04 04:21:02,623 [INFO] IPUIPlugin:80 - create IPUIPlugin
2024-08-04 04:21:02,623 [INFO] PluginManager:220 - loadIPPluginJar : add pdm2pcm
2024-08-04 04:21:02,625 [INFO] IPUIPlugin:80 - create IPUIPlugin
2024-08-04 04:21:02,625 [INFO] PluginManager:220 - loadIPPluginJar : add ltdc
2024-08-04 04:21:02,632 [INFO] IPUIPlugin:80 - create IPUIPlugin
2024-08-04 04:21:02,633 [INFO] PluginManager:220 - loadIPPluginJar : add freertos
2024-08-04 04:21:02,635 [INFO] IPUIPlugin:80 - create IPUIPlugin
2024-08-04 04:21:02,635 [INFO] PluginManager:220 - loadIPPluginJar : add ts
2024-08-04 04:21:02,646 [INFO] IPUIPlugin:80 - create IPUIPlugin
2024-08-04 04:21:02,646 [INFO] PluginManager:220 - loadIPPluginJar : add mdma
2024-08-04 04:21:02,649 [INFO] IPUIPlugin:80 - create IPUIPlugin
2024-08-04 04:21:02,650 [INFO] PluginManager:220 - loadIPPluginJar : add usart
2024-08-04 04:21:02,658 [INFO] IPUIPlugin:80 - create IPUIPlugin
2024-08-04 04:21:02,659 [INFO] PluginManager:220 - loadIPPluginJar : add adc
2024-08-04 04:21:02,661 [INFO] IPUIPlugin:80 - create IPUIPlugin
2024-08-04 04:21:02,662 [INFO] PluginManager:220 - loadIPPluginJar : add lorawan
2024-08-04 04:21:02,666 [INFO] IPUIPlugin:80 - create IPUIPlugin
2024-08-04 04:21:02,666 [INFO] PluginManager:220 - loadIPPluginJar : add nvic
2024-08-04 04:21:02,669 [INFO] IPUIPlugin:80 - create IPUIPlugin
2024-08-04 04:21:02,670 [INFO] PluginManager:220 - loadIPPluginJar : add dfsdm
2024-08-04 04:21:02,677 [INFO] IPUIPlugin:80 - create IPUIPlugin
2024-08-04 04:21:02,678 [INFO] PluginManager:220 - loadIPPluginJar : add dma
2024-08-04 04:21:02,681 [INFO] IPUIPlugin:80 - create IPUIPlugin
2024-08-04 04:21:02,682 [INFO] PluginManager:220 - loadIPPluginJar : add usbx
2024-08-04 04:21:02,686 [INFO] IPUIPlugin:80 - create IPUIPlugin
2024-08-04 04:21:02,686 [INFO] PluginManager:220 - loadIPPluginJar : add openamp
2024-08-04 04:21:02,690 [INFO] IPUIPlugin:80 - create IPUIPlugin
2024-08-04 04:21:02,690 [INFO] PluginManager:220 - loadIPPluginJar : add i2s
2024-08-04 04:21:02,692 [INFO] IPUIPlugin:80 - create IPUIPlugin
2024-08-04 04:21:02,692 [INFO] PluginManager:220 - loadIPPluginJar : add fatfs
2024-08-04 04:21:02,699 [INFO] IPUIPlugin:80 - create IPUIPlugin
2024-08-04 04:21:02,699 [INFO] PluginManager:220 - loadIPPluginJar : add gpio
2024-08-04 04:21:02,701 [INFO] IPUIPlugin:80 - create IPUIPlugin
2024-08-04 04:21:02,701 [INFO] PluginManager:220 - loadIPPluginJar : add genericplugin
2024-08-04 04:21:02,705 [INFO] IPUIPlugin:80 - create IPUIPlugin
2024-08-04 04:21:02,705 [INFO] PluginManager:220 - loadIPPluginJar : add sai
2024-08-04 04:21:02,708 [INFO] IPUIPlugin:80 - create IPUIPlugin
2024-08-04 04:21:02,708 [INFO] PluginManager:220 - loadIPPluginJar : add hash
2024-08-04 04:21:02,712 [INFO] IPUIPlugin:80 - create IPUIPlugin
2024-08-04 04:21:02,712 [INFO] PluginManager:220 - loadIPPluginJar : add aes
2024-08-04 04:21:02,721 [INFO] IPUIPlugin:80 - create IPUIPlugin
2024-08-04 04:21:02,726 [INFO] PluginManager:220 - loadIPPluginJar : add plateformsettings
2024-08-04 04:21:02,729 [INFO] IPUIPlugin:80 - create IPUIPlugin
2024-08-04 04:21:02,730 [INFO] PluginManager:220 - loadIPPluginJar : add gtzc
2024-08-04 04:21:02,733 [INFO] IPUIPlugin:80 - create IPUIPlugin
2024-08-04 04:21:02,733 [INFO] PluginManager:220 - loadIPPluginJar : add cryp
2024-08-04 04:21:02,736 [INFO] IPUIPlugin:80 - create IPUIPlugin
2024-08-04 04:21:02,736 [INFO] PluginManager:220 - loadIPPluginJar : add i2c
2024-08-04 04:21:02,741 [INFO] IPUIPlugin:80 - create IPUIPlugin
2024-08-04 04:21:02,742 [INFO] PluginManager:220 - loadIPPluginJar : add stm32_wpan
2024-08-04 04:21:02,744 [INFO] IPUIPlugin:80 - create IPUIPlugin
2024-08-04 04:21:02,744 [INFO] PluginManager:220 - loadIPPluginJar : add gfxmmu
2024-08-04 04:21:02,747 [INFO] IPUIPlugin:80 - create IPUIPlugin
2024-08-04 04:21:02,747 [INFO] PluginManager:220 - loadIPPluginJar : add dma3
2024-08-04 04:21:02,749 [INFO] IPUIPlugin:80 - create IPUIPlugin
2024-08-04 04:21:02,750 [INFO] PluginManager:220 - loadIPPluginJar : add tracer_emb
2024-08-04 04:21:02,751 [INFO] IPUIPlugin:80 - create IPUIPlugin
2024-08-04 04:21:02,752 [INFO] PluginManager:220 - loadIPPluginJar : add comp
2024-08-04 04:21:02,756 [INFO] IPUIPlugin:80 - create IPUIPlugin
2024-08-04 04:21:02,756 [INFO] PluginManager:220 - loadIPPluginJar : add ipddr
2024-08-04 04:21:02,760 [INFO] IPUIPlugin:80 - create IPUIPlugin
2024-08-04 04:21:02,761 [INFO] PluginManager:220 - loadIPPluginJar : add opamp
2024-08-04 04:21:02,765 [INFO] IPUIPlugin:80 - create IPUIPlugin
2024-08-04 04:21:02,766 [INFO] PluginManager:220 - loadIPPluginJar : add resmgrutility
2024-08-04 04:21:02,768 [INFO] IPUIPlugin:80 - create IPUIPlugin
2024-08-04 04:21:02,768 [INFO] PluginManager:220 - loadIPPluginJar : add tim
2024-08-04 04:21:02,771 [INFO] IPUIPlugin:80 - create IPUIPlugin
2024-08-04 04:21:02,771 [INFO] PluginManager:220 - loadIPPluginJar : add ucpd
2024-08-04 04:21:02,775 [INFO] IPUIPlugin:80 - create IPUIPlugin
2024-08-04 04:21:02,775 [INFO] PluginManager:220 - loadIPPluginJar : add touchsensing
2024-08-04 04:21:02,781 [INFO] IPUIPlugin:80 - create IPUIPlugin
2024-08-04 04:21:02,781 [INFO] PluginManager:220 - loadIPPluginJar : add fmc
2024-08-04 04:21:02,783 [INFO] IPUIPlugin:80 - create IPUIPlugin
2024-08-04 04:21:02,783 [INFO] PluginManager:220 - loadIPPluginJar : add tsc
2024-08-04 04:21:02,786 [INFO] IPUIPlugin:80 - create IPUIPlugin
2024-08-04 04:21:02,786 [INFO] PluginManager:220 - loadIPPluginJar : add i3c
2024-08-04 04:21:02,789 [INFO] IPUIPlugin:80 - create IPUIPlugin
2024-08-04 04:21:02,789 [INFO] PluginManager:220 - loadIPPluginJar : add can
2024-08-04 04:21:02,795 [INFO] IPUIPlugin:80 - create IPUIPlugin
2024-08-04 04:21:02,795 [INFO] PluginManager:220 - loadIPPluginJar : add gic
2024-08-04 04:21:02,803 [INFO] IPUIPlugin:80 - create IPUIPlugin
2024-08-04 04:21:02,803 [INFO] PluginManager:220 - loadIPPluginJar : add linkedlist
2024-08-04 04:21:02,806 [INFO] IPUIPlugin:80 - create IPUIPlugin
2024-08-04 04:21:02,806 [INFO] PluginManager:220 - loadIPPluginJar : add spi
2024-08-04 04:21:02,807 [INFO] IPUIPlugin:80 - create IPUIPlugin
2024-08-04 04:21:02,808 [INFO] PluginManager:220 - loadIPPluginJar : add quadspi
2024-08-04 04:21:02,916 [INFO] CADModel:165 - CPN selected for project level
2024-08-04 04:21:02,917 [INFO] CADModel:114 - Register for checkConnection events
2024-08-04 04:21:02,917 [FATAL] Updater:308 - Updater called before beeing initialized
2024-08-04 04:21:02,917 [ERROR] CADModel:125 - Updater not yet initialized, retry later 
2024-08-04 04:21:03,081 [INFO] CADModel:165 - CPN selected for project level
2024-08-04 04:21:03,081 [INFO] CADModel:114 - Register for checkConnection events
2024-08-04 04:21:03,081 [FATAL] Updater:308 - Updater called before beeing initialized
2024-08-04 04:21:03,081 [ERROR] CADModel:125 - Updater not yet initialized, retry later 
2024-08-04 04:21:03,085 [FATAL] Updater:308 - Updater called before beeing initialized
2024-08-04 04:21:03,193 [FATAL] Updater:308 - Updater called before beeing initialized
2024-08-04 04:21:03,203 [INFO] DbMcusAds:53 - JSON generation date=Thu May 16 11:22:01 EET 2024 (1715851321109)
2024-08-04 04:21:03,203 [FATAL] Updater:308 - Updater called before beeing initialized
2024-08-04 04:21:03,261 [WARN] DetailPanel:346 - Failed to get advertising image, set to default
2024-08-04 04:21:03,402 [FATAL] Updater:308 - Updater called before beeing initialized
2024-08-04 04:21:03,404 [FATAL] Updater:308 - Updater called before beeing initialized
2024-08-04 04:21:03,404 [FATAL] Updater:308 - Updater called before beeing initialized
2024-08-04 04:21:03,405 [WARN] DetailPanel:346 - Failed to get advertising image, set to default
2024-08-04 04:21:03,406 [FATAL] Updater:308 - Updater called before beeing initialized
2024-08-04 04:21:03,449 [ERROR] Updater:1120 - MainUpdater not yet initialized. External WinMGr cannot be set.
2024-08-04 04:21:03,451 [INFO] Updater:1056 - Updater Version found : 6.8.0
2024-08-04 04:21:03,473 [INFO] ApplicationProperties:184 - Using Application install path: /app/stm32cubeide/plugins/com.st.stm32cube.common.mx_6.8.0.202302231600
2024-08-04 04:21:04,037 [INFO] MainUpdater:2854 - connection check result : 10
2024-08-04 04:21:04,038 [INFO] MainUpdater:283 - Updater Check For Update Now.
2024-08-04 04:21:04,039 [INFO] MicroXplorer:498 - Change Database Version : DB.6.0.80
2024-08-04 04:21:04,263 [INFO] CheckServerUpdateThread:120 - End of CheckServer Thread
2024-08-04 04:21:04,474 [INFO] ApiDb:581 - Connected to CubeFinder SQLite database (/home/ziad/.stmcufinder/plugins/mcufinder/mcu/cube-finder-db.db)
2024-08-04 04:21:04,578 [INFO] ApiDb:668 - CubeFinder database Data Model version=2.1
2024-08-04 04:21:04,579 [INFO] ApiDb:669 - CubeFinder database Configuration version=3.0.39
2024-08-04 04:21:04,579 [INFO] ApiDb:670 - CubeFinder database generation date=2024-06-20 (1718880634)
2024-08-04 04:21:04,580 [INFO] ApiDb:671 - CubeFinder database FW Pack versions=[FP-ATR-ASTRA1_V2.0.0, FP-SNS-FLIGHT1_V5.0.2, FP-SNS-MOTENV1_V5.0.0, FP-SNS-MOTENVWB1_V1.4.0, FP-SNS-SMARTAG2_V1.2.0, STM32Cube_FW_C0_V1.2.0, STM32Cube_FW_F4_V1.28.0, STM32Cube_FW_F7_V1.17.2, STM32Cube_FW_G0_V1.6.2, STM32Cube_FW_G4_V1.6.0, STM32Cube_FW_H5_V1.3.0, STM32Cube_FW_H7RS_V1.1.0, STM32Cube_FW_H7_V1.11.2, STM32Cube_FW_L0_V1.12.2, STM32Cube_FW_L5_V1.5.1, STM32Cube_FW_U0_V1.1.0, STM32Cube_FW_U5_V1.6.0, STM32Cube_FW_WB0_V1.0.0, STM32Cube_FW_WBA_V1.4.0, STM32Cube_FW_WB_V1.20.0, STM32Cube_FW_WL_V1.3.0, X-CUBE-ALGOBUILD_V1.4.0, X-CUBE-ALS_V1.0.2, X-CUBE-AZRTOS-F4_V1.1.0, X-CUBE-AZRTOS-F7_V1.1.0, X-CUBE-AZRTOS-G0_V1.1.0, X-CUBE-AZRTOS-G4_V2.0.0, X-CUBE-AZRTOS-H7RS_V1.0.0, X-CUBE-AZRTOS-H7_V3.2.0, X-CUBE-AZRTOS-L4_V2.0.0, X-CUBE-AZRTOS-L5_V1.1.0, X-CUBE-AZRTOS-WB_V2.0.0, X-CUBE-AZRTOS-WL_V2.0.0, X-CUBE-BLE1_V7.0.0, X-CUBE-BLE2_V3.3.0, X-CUBE-BLEMGR_V3.1.0, X-CUBE-EEPRMA1_V5.1.0, X-CUBE-FREERTOS_V1.2.0, X-CUBE-GNSS1_V6.0.0, X-CUBE-MEMS1_V10.0.0, X-CUBE-NFC4_V3.0.0, X-CUBE-NFC7_V1.0.1, X-CUBE-SFXS2LP1_V4.0.0, X-CUBE-SUBG2_V5.0.0, X-CUBE-TOF1_V3.4.1]
2024-08-04 04:21:05,001 [INFO] DbBoardsSqlite:226 - include board P-NUCLEO-WB55-NUCLEO as a kit item of type 'Nucleo-64'
2024-08-04 04:21:05,003 [INFO] DbBoardsSqlite:226 - include board P-NUCLEO-WB55-USBDONGLE as a kit item of type 'Nucleo USB Dongle'
2024-08-04 04:21:05,005 [INFO] DbBoardsSqlite:226 - include board STEVAL-IDP005V1 as a kit item of type 'Evaluation Board'
2024-08-04 04:21:05,005 [INFO] DbBoardsSqlite:226 - include board STEVAL-IDP005V2 as a kit item of type 'Evaluation Board'
2024-08-04 04:21:05,205 [WARN] PackLoader:240 - Cannot read IP mode file for STMicroelectronics.X-CUBE-TOUCHGFX.4.23.2
2024-08-04 04:21:05,249 [INFO] ApiDb:240 - Found 297 in-development CPN: [B-G473E-ZEST1S, B-WB1M-WPAN1, B-WL5M-SUBG1, NUCLEO-C031C6, NUCLEO-H503RB, NUCLEO-H563ZI, NUCLEO-U545RE-Q, NUCLEO-U5A5ZJ-Q, NUCLEO-WBA52CG, STEVAL-PROTEUS1, STEVAL-STWINBX1, STM320518-EVAL, STM32C0116-DK, STM32C011D6Y3TR, STM32C011D6Y6TR, STM32C011F4P3, STM32C011F4P6, STM32C011F4U3, STM32C011F4U6TR, STM32C011F6P3, STM32C011F6P6, STM32C011F6U3, STM32C011F6U6TR, STM32C011J4M3, STM32C011J4M6, STM32C011J6M3, STM32C011J6M6, STM32C0316-DK, STM32C031C4T3, STM32C031C4T6, STM32C031C4U3, STM32C031C4U6, STM32C031C6T3, STM32C031C6T6, STM32C031C6U3, STM32C031C6U6, STM32C031F4P3, STM32C031F4P6, STM32C031F6P3, STM32C031F6P6, STM32C031G4U3, STM32C031G4U6, STM32C031G6U3, STM32C031G6U6, STM32C031K4T3, STM32C031K4T6, STM32C031K4U3, STM32C031K4U6, STM32C031K6T3, STM32C031K6T6, STM32C031K6U3, STM32C031K6U6, STM32G071K8TXN, STM32G071K8UXN, STM32G081GBU6N, STM32G081KBT6N, STM32G081KBUXN, STM32G0B1CCT6N, STM32G0B1KCT6, STM32G0B1NEY6TR, STM32G0B1RCT6N, STM32G0C1CCT6, STM32G0C1CCT6N, STM32G0C1CCU6N, STM32G0C1CET6N, STM32G0C1CEU6N, STM32G0C1KCT6, STM32G0C1NEY6TR, STM32G0C1RCI6N, STM32G0C1RCT6N, STM32G0C1REI6N, STM32G0C1RET6N, STM32G0C1VCI6, STM32G0C1VEI6, STM32G471CCT6, STM32G471CCU6, STM32G471CET3, STM32G471CET6, STM32G471CEU3, STM32G471CEU6, STM32G471MCT6, STM32G471MET3, STM32G471MET6, STM32G471MEY6TR, STM32G471QCT6, STM32G471QET3, STM32G471RCT6, STM32G471RET3, STM32G471RET6, STM32G471VCH6, STM32G471VCI6, STM32G471VCT6, STM32G471VEH3, STM32G471VEH6, STM32G471VEI3, STM32G471VEI6, STM32G471VET3, STM32G471VET6, STM32G474CCT6, STM32H503CBT6, STM32H503CBU6, STM32H503EBY6TR, STM32H503KBU6, STM32H503RBT6, STM32H562AGI6, STM32H562AII6, STM32H562IGK6, STM32H562IGT6, STM32H562IIK6, STM32H562IIT6, STM32H562RGT6, STM32H562RGV6, STM32H562RIT6, STM32H562RIV6, STM32H562VGT6, STM32H562VIT6, STM32H562ZGT6, STM32H562ZIT6, STM32H563AGI6, STM32H563AII3Q, STM32H563AII6, STM32H563IGK6, STM32H563IGT6, STM32H563IIK3Q, STM32H563IIK6, STM32H563IIT3Q, STM32H563IIT6, STM32H563MIY3QTR, STM32H563RGT6, STM32H563RGV6, STM32H563RIT6, STM32H563RIV6, STM32H563VGT6, STM32H563VIT3Q, STM32H563VIT6, STM32H563ZGT6, STM32H563ZIT3Q, STM32H563ZIT6, STM32H573AII3Q, STM32H573AII6, STM32H573I-DK, STM32H573IIK3Q, STM32H573IIK6, STM32H573IIT3Q, STM32H573IIT6, STM32H573MIY3QTR, STM32H573RIT6, STM32H573RIV6, STM32H573VIT3Q, STM32H573VIT6, STM32H573ZIT3Q, STM32H573ZIT6, STM32L4R5QGI6STR, STM32MP131AAE3, STM32MP131AAF3, STM32MP131AAG3, STM32MP131CAE3, STM32MP131CAF3, STM32MP131CAG3, STM32MP131DAE7, STM32MP131DAF7, STM32MP131DAG7, STM32MP131FAE7, STM32MP131FAF7, STM32MP131FAG7, STM32MP133AAE3, STM32MP133AAF3, STM32MP133AAG3, STM32MP133CAE3, STM32MP133CAF3, STM32MP133CAG3, STM32MP133DAE7, STM32MP133DAF7, STM32MP133DAG7, STM32MP133FAE7, STM32MP133FAF7, STM32MP133FAG7, STM32MP135AAE3, STM32MP135AAF3, STM32MP135AAG3, STM32MP135CAE3, STM32MP135CAF3, STM32MP135CAG3, STM32MP135DAE7, STM32MP135DAF7, STM32MP135DAG7, STM32MP135F-DK, STM32MP135FAE7, STM32MP135FAF7, STM32MP135FAF7T, STM32MP135FAF7U, STM32MP135FAG7, STM32U535CBT6, STM32U535CBT6Q, STM32U535CBU6, STM32U535CBU6Q, STM32U535CCT6, STM32U535CCT6Q, STM32U535CCU6, STM32U535CCU6Q, STM32U535CET6, STM32U535CET6Q, STM32U535CEU6, STM32U535CEU6Q, STM32U535JEY6QTR, STM32U535NCY6QTR, STM32U535NEY6QTR, STM32U535RBI6, STM32U535RBI6Q, STM32U535RBT6, STM32U535RBT6Q, STM32U535RCI6, STM32U535RCI6Q, STM32U535RCT6, STM32U535RCT6Q, STM32U535REI6, STM32U535REI6Q, STM32U535RET6, STM32U535RET6Q, STM32U535VCI6, STM32U535VCI6Q, STM32U535VCT6, STM32U535VCT6Q, STM32U535VEI6, STM32U535VEI6Q, STM32U535VET6, STM32U535VET6Q, STM32U545CET6, STM32U545CET6Q, STM32U545CEU6, STM32U545CEU6Q, STM32U545JEY6QTR, STM32U545NEY6QTR, STM32U545REI6, STM32U545REI6Q, STM32U545RET6, STM32U545RET6Q, STM32U545VEI6, STM32U545VEI6Q, STM32U545VET6, STM32U545VET6Q, STM32U595AIH6, STM32U595AIH6Q, STM32U595AJH6, STM32U595AJH6Q, STM32U595QII6, STM32U595QII6Q, STM32U595QJI6, STM32U595QJI6Q, STM32U595RIT6, STM32U595RIT6Q, STM32U595RJT6, STM32U595RJT6Q, STM32U595VIT6, STM32U595VIT6Q, STM32U595VJT6, STM32U595VJT6Q, STM32U595ZIT6, STM32U595ZIT6Q, STM32U595ZIY6QTR, STM32U595ZJT6, STM32U595ZJT6Q, STM32U595ZJY6QTR, STM32U599BJY6QTR, STM32U599NIH6Q, STM32U599NJH6Q, STM32U599VIT6Q, STM32U599VJT6, STM32U599VJT6Q, STM32U599ZIT6Q, STM32U599ZIY6QTR, STM32U599ZJT6Q, STM32U599ZJY6QTR, STM32U5A5AJH6, STM32U5A5AJH6Q, STM32U5A5QJI6, STM32U5A5QJI6Q, STM32U5A5RJT6, STM32U5A5RJT6Q, STM32U5A5VJT6, STM32U5A5VJT6Q, STM32U5A5ZJT6, STM32U5A5ZJT6Q, STM32U5A5ZJY6QTR, STM32U5A9BJY6QTR, STM32U5A9J-DK, STM32U5A9NJH6Q, STM32U5A9VJT6Q, STM32U5A9ZJT6Q, STM32U5A9ZJY6QTR, STM32WB1MMCH6, STM32WBA52CEU6, STM32WBA52CEU6T, STM32WBA52CGU6, STM32WBA52CGU6T, STM32WL5MOCH6, STM32WL5MOCH6TR]
2024-08-04 04:21:05,291 [WARN] PackLoader:240 - Cannot read IP mode file for STMicroelectronics.X-CUBE-AZRTOS-F7.1.1.0
2024-08-04 04:21:05,292 [INFO] ApiDb:668 - CubeFinder database Data Model version=2.1
2024-08-04 04:21:05,293 [INFO] ApiDb:669 - CubeFinder database Configuration version=3.0.39
2024-08-04 04:21:05,293 [INFO] ApiDb:670 - CubeFinder database generation date=2024-06-20 (1718880634)
2024-08-04 04:21:05,294 [INFO] ApiDb:671 - CubeFinder database FW Pack versions=[FP-ATR-ASTRA1_V2.0.0, FP-SNS-FLIGHT1_V5.0.2, FP-SNS-MOTENV1_V5.0.0, FP-SNS-MOTENVWB1_V1.4.0, FP-SNS-SMARTAG2_V1.2.0, STM32Cube_FW_C0_V1.2.0, STM32Cube_FW_F4_V1.28.0, STM32Cube_FW_F7_V1.17.2, STM32Cube_FW_G0_V1.6.2, STM32Cube_FW_G4_V1.6.0, STM32Cube_FW_H5_V1.3.0, STM32Cube_FW_H7RS_V1.1.0, STM32Cube_FW_H7_V1.11.2, STM32Cube_FW_L0_V1.12.2, STM32Cube_FW_L5_V1.5.1, STM32Cube_FW_U0_V1.1.0, STM32Cube_FW_U5_V1.6.0, STM32Cube_FW_WB0_V1.0.0, STM32Cube_FW_WBA_V1.4.0, STM32Cube_FW_WB_V1.20.0, STM32Cube_FW_WL_V1.3.0, X-CUBE-ALGOBUILD_V1.4.0, X-CUBE-ALS_V1.0.2, X-CUBE-AZRTOS-F4_V1.1.0, X-CUBE-AZRTOS-F7_V1.1.0, X-CUBE-AZRTOS-G0_V1.1.0, X-CUBE-AZRTOS-G4_V2.0.0, X-CUBE-AZRTOS-H7RS_V1.0.0, X-CUBE-AZRTOS-H7_V3.2.0, X-CUBE-AZRTOS-L4_V2.0.0, X-CUBE-AZRTOS-L5_V1.1.0, X-CUBE-AZRTOS-WB_V2.0.0, X-CUBE-AZRTOS-WL_V2.0.0, X-CUBE-BLE1_V7.0.0, X-CUBE-BLE2_V3.3.0, X-CUBE-BLEMGR_V3.1.0, X-CUBE-EEPRMA1_V5.1.0, X-CUBE-FREERTOS_V1.2.0, X-CUBE-GNSS1_V6.0.0, X-CUBE-MEMS1_V10.0.0, X-CUBE-NFC4_V3.0.0, X-CUBE-NFC7_V1.0.1, X-CUBE-SFXS2LP1_V4.0.0, X-CUBE-SUBG2_V5.0.0, X-CUBE-TOF1_V3.4.1]
2024-08-04 04:21:05,335 [WARN] PackLoader:240 - Cannot read IP mode file for STMicroelectronics.X-CUBE-DISPLAY.3.0.0
2024-08-04 04:21:05,361 [WARN] PackLoader:240 - Cannot read IP mode file for emotas.I-CUBE-CANOPEN.1.3.0
2024-08-04 04:21:05,381 [INFO] LogOutputStream:77 - [STDOUT_REDIRECT] 1 : Invalid condition id : UX_CORESTACK_Condition cause : null
2024-08-04 04:21:05,382 [INFO] LogOutputStream:77 - [STDOUT_REDIRECT] 1 : Invalid condition id : UX_CORESTACK_Condition cause : null
2024-08-04 04:21:05,382 [INFO] LogOutputStream:77 - [STDOUT_REDIRECT] 1 : Invalid condition id : UX_CORESTACK_Condition cause : null
2024-08-04 04:21:05,383 [INFO] LogOutputStream:77 - [STDOUT_REDIRECT] 1 : Invalid condition id : UX_CORESTACK_Condition cause : null
2024-08-04 04:21:05,384 [INFO] LogOutputStream:77 - [STDOUT_REDIRECT] 1 : Invalid condition id : UX_CORESTACK_Condition cause : null
2024-08-04 04:21:05,393 [WARN] PackLoader:240 - Cannot read IP mode file for STMicroelectronics.X-CUBE-AZRTOS-WL.2.0.0
2024-08-04 04:21:05,399 [WARN] PackLoader:240 - Cannot read IP mode file for wolfSSL.I-CUBE-wolfMQTT.1.19.0
2024-08-04 04:21:05,413 [WARN] PackLoader:240 - Cannot read IP mode file for WES.I-CUBE-Cesium.1.3.0
2024-08-04 04:21:05,424 [WARN] PackLoader:240 - Cannot read IP mode file for STMicroelectronics.X-CUBE-BLE2.3.3.0
2024-08-04 04:21:05,459 [WARN] PackLoader:240 - Cannot read IP mode file for STMicroelectronics.X-CUBE-AZRTOS-G0.1.1.0
2024-08-04 04:21:05,472 [WARN] PackLoader:240 - Cannot read IP mode file for STMicroelectronics.X-CUBE-NFC4.3.0.0
2024-08-04 04:21:05,478 [ERROR] Engine:466 - /home/ziad/.stm32cubemx/thirdparties/pdsc/EmbeddedOffice.I-CUBE-FS-RTOS.1.0.1.pdsc: PDSC version is not supported
2024-08-04 04:21:05,479 [ERROR] Engine:466 - /home/ziad/.stm32cubemx/thirdparties/pdsc/RealThread.X-CUBE-RT-Thread_Nano.4.1.1.pdsc: PDSC version is not supported
2024-08-04 04:21:05,482 [WARN] PackLoader:240 - Cannot read IP mode file for wolfSSL.I-CUBE-wolfSSL.5.7.0
2024-08-04 04:21:05,487 [WARN] PackLoader:240 - Cannot read IP mode file for STMicroelectronics.FP-ATR-SIGFOX1.3.2.0
2024-08-04 04:21:05,498 [WARN] PackLoader:240 - Cannot read IP mode file for ITTIA_DB.I-CUBE-ITTIADB.8.9.0
2024-08-04 04:21:05,575 [WARN] PackLoader:240 - Cannot read IP mode file for SEGGER.I-CUBE-embOS.1.3.1
2024-08-04 04:21:05,660 [WARN] PackLoader:240 - Cannot read IP mode file for STMicroelectronics.X-CUBE-GNSS1.6.0.0
2024-08-04 04:21:05,704 [WARN] PackLoader:240 - Cannot read IP mode file for STMicroelectronics.X-CUBE-AZRTOS-F4.1.1.0
2024-08-04 04:21:05,765 [WARN] PackLoader:240 - Cannot read IP mode file for STMicroelectronics.X-CUBE-AZRTOS-L5.2.0.0
2024-08-04 04:21:05,788 [ERROR] Engine:466 - /home/ziad/.stm32cubemx/thirdparties/pdsc/STMicroelectronics.X-CUBE-DPower.1.2.0.pdsc: PDSC version is not supported
2024-08-04 04:21:05,794 [WARN] PackLoader:240 - Cannot read IP mode file for wolfSSL.I-CUBE-wolfTPM.3.2.0
2024-08-04 04:21:05,827 [WARN] ConditionMgr:438 - getConditionDescription Invalid condition id : LAN8742 Phy interface Condition cause : null
2024-08-04 04:21:05,828 [WARN] PackLoader:240 - Cannot read IP mode file for STMicroelectronics.X-CUBE-AZRTOS-L4.2.0.0
2024-08-04 04:21:05,830 [WARN] ConditionMgr:1039 - genDependencies : Invalid condition id : LAN8742 Phy interface Condition cause : null
2024-08-04 04:21:05,830 [WARN] ConditionMgr:1039 - genDependencies : Invalid condition id : LAN8742 Phy interface Condition cause : null
2024-08-04 04:21:05,831 [WARN] ConditionMgr:1039 - genDependencies : Invalid condition id : LAN8742 Phy interface Condition cause : null
2024-08-04 04:21:05,849 [WARN] PackLoader:240 - Cannot read IP mode file for STMicroelectronics.X-CUBE-SFXS2LP1.4.0.0
2024-08-04 04:21:05,895 [WARN] ConditionMgr:438 - getConditionDescription Invalid condition id : UX DEVICE CLASS RTOS Condition cause : null
2024-08-04 04:21:05,896 [WARN] ConditionMgr:438 - getConditionDescription Invalid condition id : UX DEVICE CLASS RTOS Condition cause : null
2024-08-04 04:21:05,903 [WARN] PackLoader:240 - Cannot read IP mode file for STMicroelectronics.X-CUBE-AZRTOS-WB.2.0.0
2024-08-04 04:21:05,904 [WARN] ConditionMgr:1039 - genDependencies : Invalid condition id : UX DEVICE CLASS RTOS Condition cause : null
2024-08-04 04:21:05,904 [WARN] ConditionMgr:1039 - genDependencies : Invalid condition id : UX DEVICE CLASS RTOS Condition cause : null
2024-08-04 04:21:05,908 [WARN] ConditionMgr:1039 - genDependencies : Invalid condition id : UX DEVICE CLASS RTOS Condition cause : null
2024-08-04 04:21:05,909 [WARN] ConditionMgr:1039 - genDependencies : Invalid condition id : UX DEVICE CLASS RTOS Condition cause : null
2024-08-04 04:21:05,909 [WARN] ConditionMgr:1039 - genDependencies : Invalid condition id : UX DEVICE CLASS RTOS Condition cause : null
2024-08-04 04:21:05,925 [ERROR] Engine:466 - /home/ziad/.stm32cubemx/thirdparties/pdsc/STMicroelectronics.FP-SNS-STBOX1.2.0.0.pdsc: PDSC version is not supported
2024-08-04 04:21:05,957 [WARN] PackLoader:240 - Cannot read IP mode file for STMicroelectronics.X-CUBE-SUBG2.5.0.0
2024-08-04 04:21:06,049 [WARN] PackLoader:240 - Cannot read IP mode file for Cesanta.I-CUBE-Mongoose.7.13.0
2024-08-04 04:21:06,092 [WARN] PackLoader:240 - Cannot read IP mode file for STMicroelectronics.X-CUBE-AZRTOS-G4.2.0.0
2024-08-04 04:21:06,110 [WARN] PackLoader:240 - Cannot read IP mode file for STMicroelectronics.X-CUBE-TOUCHGFX.4.24.0
2024-08-04 04:21:06,119 [WARN] PackLoader:240 - Cannot read IP mode file for portGmbH.I-Cube-SoM-uGOAL.1.1.0
2024-08-04 04:21:06,176 [WARN] PackLoader:240 - Cannot read IP mode file for STMicroelectronics.X-CUBE-AZRTOS-H7RS.1.0.0
2024-08-04 04:21:06,194 [ERROR] Engine:466 - /home/ziad/.stm32cubemx/thirdparties/pdsc/STMicroelectronics.X-CUBE-TOF1.3.4.2.pdsc: PDSC version is not supported
2024-08-04 04:21:06,214 [WARN] PackLoader:240 - Cannot read IP mode file for STMicroelectronics.X-CUBE-TOF1.3.4.1
2024-08-04 04:21:06,312 [WARN] PackLoader:240 - Cannot read IP mode file for STMicroelectronics.X-CUBE-AZRTOS-H7.3.2.0
2024-08-04 04:21:06,354 [WARN] PackLoader:240 - Cannot read IP mode file for Infineon.AIROC-Wi-Fi-Bluetooth-STM32.1.6.0
2024-08-04 04:21:06,368 [WARN] PackLoader:240 - Cannot read IP mode file for wolfSSL.I-CUBE-wolfSSH.1.4.17
2024-08-04 04:21:06,371 [INFO] ThirdParty:978 - Integrity check success = true
2024-08-04 04:21:06,372 [INFO] IntegrityCheckThread:100 - exiting critical section [integrity check]
2024-08-04 04:21:06,372 [INFO] IntegrityCheckThread:103 - End integrity checks thread
2024-08-04 04:21:09,643 [INFO] ApiDb:240 - Found 297 in-development CPN: [B-G473E-ZEST1S, B-WB1M-WPAN1, B-WL5M-SUBG1, NUCLEO-C031C6, NUCLEO-H503RB, NUCLEO-H563ZI, NUCLEO-U545RE-Q, NUCLEO-U5A5ZJ-Q, NUCLEO-WBA52CG, STEVAL-PROTEUS1, STEVAL-STWINBX1, STM320518-EVAL, STM32C0116-DK, STM32C011D6Y3TR, STM32C011D6Y6TR, STM32C011F4P3, STM32C011F4P6, STM32C011F4U3, STM32C011F4U6TR, STM32C011F6P3, STM32C011F6P6, STM32C011F6U3, STM32C011F6U6TR, STM32C011J4M3, STM32C011J4M6, STM32C011J6M3, STM32C011J6M6, STM32C0316-DK, STM32C031C4T3, STM32C031C4T6, STM32C031C4U3, STM32C031C4U6, STM32C031C6T3, STM32C031C6T6, STM32C031C6U3, STM32C031C6U6, STM32C031F4P3, STM32C031F4P6, STM32C031F6P3, STM32C031F6P6, STM32C031G4U3, STM32C031G4U6, STM32C031G6U3, STM32C031G6U6, STM32C031K4T3, STM32C031K4T6, STM32C031K4U3, STM32C031K4U6, STM32C031K6T3, STM32C031K6T6, STM32C031K6U3, STM32C031K6U6, STM32G071K8TXN, STM32G071K8UXN, STM32G081GBU6N, STM32G081KBT6N, STM32G081KBUXN, STM32G0B1CCT6N, STM32G0B1KCT6, STM32G0B1NEY6TR, STM32G0B1RCT6N, STM32G0C1CCT6, STM32G0C1CCT6N, STM32G0C1CCU6N, STM32G0C1CET6N, STM32G0C1CEU6N, STM32G0C1KCT6, STM32G0C1NEY6TR, STM32G0C1RCI6N, STM32G0C1RCT6N, STM32G0C1REI6N, STM32G0C1RET6N, STM32G0C1VCI6, STM32G0C1VEI6, STM32G471CCT6, STM32G471CCU6, STM32G471CET3, STM32G471CET6, STM32G471CEU3, STM32G471CEU6, STM32G471MCT6, STM32G471MET3, STM32G471MET6, STM32G471MEY6TR, STM32G471QCT6, STM32G471QET3, STM32G471RCT6, STM32G471RET3, STM32G471RET6, STM32G471VCH6, STM32G471VCI6, STM32G471VCT6, STM32G471VEH3, STM32G471VEH6, STM32G471VEI3, STM32G471VEI6, STM32G471VET3, STM32G471VET6, STM32G474CCT6, STM32H503CBT6, STM32H503CBU6, STM32H503EBY6TR, STM32H503KBU6, STM32H503RBT6, STM32H562AGI6, STM32H562AII6, STM32H562IGK6, STM32H562IGT6, STM32H562IIK6, STM32H562IIT6, STM32H562RGT6, STM32H562RGV6, STM32H562RIT6, STM32H562RIV6, STM32H562VGT6, STM32H562VIT6, STM32H562ZGT6, STM32H562ZIT6, STM32H563AGI6, STM32H563AII3Q, STM32H563AII6, STM32H563IGK6, STM32H563IGT6, STM32H563IIK3Q, STM32H563IIK6, STM32H563IIT3Q, STM32H563IIT6, STM32H563MIY3QTR, STM32H563RGT6, STM32H563RGV6, STM32H563RIT6, STM32H563RIV6, STM32H563VGT6, STM32H563VIT3Q, STM32H563VIT6, STM32H563ZGT6, STM32H563ZIT3Q, STM32H563ZIT6, STM32H573AII3Q, STM32H573AII6, STM32H573I-DK, STM32H573IIK3Q, STM32H573IIK6, STM32H573IIT3Q, STM32H573IIT6, STM32H573MIY3QTR, STM32H573RIT6, STM32H573RIV6, STM32H573VIT3Q, STM32H573VIT6, STM32H573ZIT3Q, STM32H573ZIT6, STM32L4R5QGI6STR, STM32MP131AAE3, STM32MP131AAF3, STM32MP131AAG3, STM32MP131CAE3, STM32MP131CAF3, STM32MP131CAG3, STM32MP131DAE7, STM32MP131DAF7, STM32MP131DAG7, STM32MP131FAE7, STM32MP131FAF7, STM32MP131FAG7, STM32MP133AAE3, STM32MP133AAF3, STM32MP133AAG3, STM32MP133CAE3, STM32MP133CAF3, STM32MP133CAG3, STM32MP133DAE7, STM32MP133DAF7, STM32MP133DAG7, STM32MP133FAE7, STM32MP133FAF7, STM32MP133FAG7, STM32MP135AAE3, STM32MP135AAF3, STM32MP135AAG3, STM32MP135CAE3, STM32MP135CAF3, STM32MP135CAG3, STM32MP135DAE7, STM32MP135DAF7, STM32MP135DAG7, STM32MP135F-DK, STM32MP135FAE7, STM32MP135FAF7, STM32MP135FAF7T, STM32MP135FAF7U, STM32MP135FAG7, STM32U535CBT6, STM32U535CBT6Q, STM32U535CBU6, STM32U535CBU6Q, STM32U535CCT6, STM32U535CCT6Q, STM32U535CCU6, STM32U535CCU6Q, STM32U535CET6, STM32U535CET6Q, STM32U535CEU6, STM32U535CEU6Q, STM32U535JEY6QTR, STM32U535NCY6QTR, STM32U535NEY6QTR, STM32U535RBI6, STM32U535RBI6Q, STM32U535RBT6, STM32U535RBT6Q, STM32U535RCI6, STM32U535RCI6Q, STM32U535RCT6, STM32U535RCT6Q, STM32U535REI6, STM32U535REI6Q, STM32U535RET6, STM32U535RET6Q, STM32U535VCI6, STM32U535VCI6Q, STM32U535VCT6, STM32U535VCT6Q, STM32U535VEI6, STM32U535VEI6Q, STM32U535VET6, STM32U535VET6Q, STM32U545CET6, STM32U545CET6Q, STM32U545CEU6, STM32U545CEU6Q, STM32U545JEY6QTR, STM32U545NEY6QTR, STM32U545REI6, STM32U545REI6Q, STM32U545RET6, STM32U545RET6Q, STM32U545VEI6, STM32U545VEI6Q, STM32U545VET6, STM32U545VET6Q, STM32U595AIH6, STM32U595AIH6Q, STM32U595AJH6, STM32U595AJH6Q, STM32U595QII6, STM32U595QII6Q, STM32U595QJI6, STM32U595QJI6Q, STM32U595RIT6, STM32U595RIT6Q, STM32U595RJT6, STM32U595RJT6Q, STM32U595VIT6, STM32U595VIT6Q, STM32U595VJT6, STM32U595VJT6Q, STM32U595ZIT6, STM32U595ZIT6Q, STM32U595ZIY6QTR, STM32U595ZJT6, STM32U595ZJT6Q, STM32U595ZJY6QTR, STM32U599BJY6QTR, STM32U599NIH6Q, STM32U599NJH6Q, STM32U599VIT6Q, STM32U599VJT6, STM32U599VJT6Q, STM32U599ZIT6Q, STM32U599ZIY6QTR, STM32U599ZJT6Q, STM32U599ZJY6QTR, STM32U5A5AJH6, STM32U5A5AJH6Q, STM32U5A5QJI6, STM32U5A5QJI6Q, STM32U5A5RJT6, STM32U5A5RJT6Q, STM32U5A5VJT6, STM32U5A5VJT6Q, STM32U5A5ZJT6, STM32U5A5ZJT6Q, STM32U5A5ZJY6QTR, STM32U5A9BJY6QTR, STM32U5A9J-DK, STM32U5A9NJH6Q, STM32U5A9VJT6Q, STM32U5A9ZJT6Q, STM32U5A9ZJY6QTR, STM32WB1MMCH6, STM32WBA52CEU6, STM32WBA52CEU6T, STM32WBA52CGU6, STM32WBA52CGU6T, STM32WL5MOCH6, STM32WL5MOCH6TR]
2024-08-04 04:21:09,652 [INFO] DbMcus:216 - Found 4179 MCUs, 4179 are supported
2024-08-04 04:21:09,657 [INFO] ApiDb:423 - Load user favorites file /home/ziad/.stm32cubeide/favorites.mcus.txt: 2 item(s)
2024-08-04 04:21:09,658 [INFO] ApiDb:427 - User favorites MCUs=[STM32F103C8T6, STM32F401RCT6]
2024-08-04 04:21:09,658 [INFO] DbMcus:222 - Set 2 / 2 favorites MCUs
2024-08-04 04:21:10,824 [INFO] BoardInfo:880 - No configuration file found for board NUCLEO-H533RE
2024-08-04 04:21:10,824 [INFO] DbBoards:157 - Board is not supported: NUCLEO-H533RE
2024-08-04 04:21:10,832 [INFO] BoardInfo:880 - No configuration file found for board NUCLEO-H7S3L8
2024-08-04 04:21:10,833 [INFO] DbBoards:157 - Board is not supported: NUCLEO-H7S3L8
2024-08-04 04:21:10,853 [INFO] BoardInfo:880 - No configuration file found for board NUCLEO-U031R8
2024-08-04 04:21:10,854 [INFO] DbBoards:157 - Board is not supported: NUCLEO-U031R8
2024-08-04 04:21:10,855 [INFO] BoardInfo:880 - No configuration file found for board NUCLEO-U083RC
2024-08-04 04:21:10,855 [INFO] DbBoards:157 - Board is not supported: NUCLEO-U083RC
2024-08-04 04:21:10,861 [INFO] BoardInfo:880 - No configuration file found for board NUCLEO-WBA55CG
2024-08-04 04:21:10,862 [INFO] DbBoards:157 - Board is not supported: NUCLEO-WBA55CG
2024-08-04 04:21:10,866 [INFO] BoardInfo:880 - No configuration file found for board P-NUCLEO-WB55
2024-08-04 04:21:10,867 [INFO] DbBoards:157 - Kit is not supported: P-NUCLEO-WB55
2024-08-04 04:21:10,873 [INFO] BoardInfo:880 - No configuration file found for board STEVAL-BFA001V1B
2024-08-04 04:21:10,873 [INFO] DbBoards:157 - Kit is not supported: STEVAL-BFA001V1B
2024-08-04 04:21:10,874 [INFO] BoardInfo:880 - No configuration file found for board STEVAL-BFA001V2B
2024-08-04 04:21:10,875 [INFO] DbBoards:157 - Kit is not supported: STEVAL-BFA001V2B
2024-08-04 04:21:10,878 [INFO] BoardInfo:880 - No configuration file found for board STEVAL-MKBOXPRO
2024-08-04 04:21:10,878 [INFO] DbBoards:157 - Board is not supported: STEVAL-MKBOXPRO
2024-08-04 04:21:10,881 [INFO] BoardInfo:880 - No configuration file found for board STEVAL-SMARTAG2
2024-08-04 04:21:10,881 [INFO] DbBoards:157 - Board is not supported: STEVAL-SMARTAG2
2024-08-04 04:21:10,979 [INFO] BoardInfo:880 - No configuration file found for board STM32H7S78-DK
2024-08-04 04:21:10,979 [INFO] DbBoards:157 - Board is not supported: STM32H7S78-DK
2024-08-04 04:21:11,000 [INFO] BoardInfo:880 - No configuration file found for board STM32U083C-DK
2024-08-04 04:21:11,000 [INFO] DbBoards:157 - Board is not supported: STM32U083C-DK
2024-08-04 04:21:11,004 [INFO] BoardInfo:880 - No configuration file found for board STM32U5G9J-DK1
2024-08-04 04:21:11,005 [INFO] DbBoards:157 - Board is not supported: STM32U5G9J-DK1
2024-08-04 04:21:11,006 [INFO] BoardInfo:880 - No configuration file found for board STM32U5G9J-DK2
2024-08-04 04:21:11,006 [INFO] DbBoards:157 - Board is not supported: STM32U5G9J-DK2
2024-08-04 04:21:11,009 [INFO] BoardInfo:880 - No configuration file found for board STM32WBA55G-DK1
2024-08-04 04:21:11,009 [INFO] DbBoards:157 - Board is not supported: STM32WBA55G-DK1
2024-08-04 04:21:11,010 [INFO] DbBoards:161 - Found 195 boards, 180 are supported
2024-08-04 04:21:11,014 [INFO] ApiDb:423 - Load user favorites file /home/ziad/.stm32cubeide/favorites.boards.txt: 1 item(s)
2024-08-04 04:21:11,014 [INFO] ApiDb:427 - User favorites Boards=[STM32F401C-DISCO]
2024-08-04 04:21:11,014 [INFO] DbBoards:190 - Set 1 / 1 favorites Boards
2024-08-04 04:21:11,014 [INFO] McuFinderGlobals:66 - Set McuFinderConnectedMode to false
2024-08-04 04:21:11,025 [INFO] MultiScanPanel:200 - Auto-refresh data requested => check proxy status ongoing
2024-08-04 04:21:11,025 [INFO] MultiScanPanel:204 - Proxy status is invalid
2024-08-04 04:21:11,029 [INFO] FinderPluginLoader:95 - Searching for filters in installed packs
2024-08-04 04:21:13,932 [INFO] DetailPanel:341 - Set advertising image to /home/ziad/STM32Cube/Repository//en.prom-stm32h7rs-mcu-finder.jpg
2024-08-04 04:21:59,259 [INFO] McuFinderGlobals:66 - Set McuFinderConnectedMode to true
2024-08-04 04:21:59,273 [INFO] ApiDb:448 - Save user favorites file /home/ziad/.stm32cubeide/favorites.mcus.txt: 2 item(s)
2024-08-04 04:21:59,276 [INFO] ApiDb:452 - User favorites MCUs=[STM32F103C8T6, STM32F401RCT6]
2024-08-04 06:19:37,119 [INFO] Activator:176 - 


2024-08-04 06:19:37,123 [INFO] Activator:177 - !SESSION log4j initialized
2024-08-04 06:19:44,245 [INFO] LogOutputStream:77 - [STDOUT_REDIRECT] 
2024-08-04 06:20:07,009 [ERROR] LogOutputStream:75 - [STDERR_REDIRECT] SLF4J: Failed to load class "org.slf4j.impl.StaticLoggerBinder".
2024-08-04 06:20:07,010 [ERROR] LogOutputStream:75 - [STDERR_REDIRECT] SLF4J: Defaulting to no-operation (NOP) logger implementation
2024-08-04 06:20:07,011 [ERROR] LogOutputStream:75 - [STDERR_REDIRECT] SLF4J: See http://www.slf4j.org/codes.html#StaticLoggerBinder for further details.
2024-08-04 07:04:29,498 [INFO] Activator:176 - 


2024-08-04 07:04:29,502 [INFO] Activator:177 - !SESSION log4j initialized
2024-08-04 07:04:38,741 [INFO] LogOutputStream:77 - [STDOUT_REDIRECT] 
2024-08-04 07:05:02,143 [ERROR] LogOutputStream:75 - [STDERR_REDIRECT] SLF4J: Failed to load class "org.slf4j.impl.StaticLoggerBinder".
2024-08-04 07:05:02,144 [ERROR] LogOutputStream:75 - [STDERR_REDIRECT] SLF4J: Defaulting to no-operation (NOP) logger implementation
2024-08-04 07:05:02,144 [ERROR] LogOutputStream:75 - [STDERR_REDIRECT] SLF4J: See http://www.slf4j.org/codes.html#StaticLoggerBinder for further details.
2024-08-04 07:06:21,892 [INFO] Activator:176 - 


2024-08-04 07:06:21,894 [INFO] Activator:177 - !SESSION log4j initialized
2024-08-04 07:06:31,735 [INFO] LogOutputStream:77 - [STDOUT_REDIRECT] 
2024-08-04 07:06:54,549 [ERROR] LogOutputStream:75 - [STDERR_REDIRECT] SLF4J: Failed to load class "org.slf4j.impl.StaticLoggerBinder".
2024-08-04 07:06:54,553 [ERROR] LogOutputStream:75 - [STDERR_REDIRECT] SLF4J: Defaulting to no-operation (NOP) logger implementation
2024-08-04 07:06:54,554 [ERROR] LogOutputStream:75 - [STDERR_REDIRECT] SLF4J: See http://www.slf4j.org/codes.html#StaticLoggerBinder for further details.
