2024-09-30 01:37:37,010 [INFO] Activator:176 - 


2024-09-30 01:37:37,015 [INFO] Activator:177 - !SESSION log4j initialized
2024-09-30 01:37:40,495 [INFO] LogOutputStream:77 - [STDOUT_REDIRECT] 
2024-09-30 01:37:55,318 [INFO] ApplicationProperties:184 - Using Application install path: /app/stm32cubeide/plugins/com.st.stm32cube.common.mx_6.8.0.202302231600
2024-09-30 01:37:55,341 [INFO] DbMcusXml:78 - Set database path to: /app/stm32cubeide/plugins/com.st.stm32cube.common.mx_6.8.0.202302231600//db//mcu/
2024-09-30 01:37:55,342 [INFO] ApiDb:274 - Set plugin database path to: /app/stm32cubeide/plugins/com.st.stm32cube.common.mx_6.8.0.202302231600//db//plugins/boardmanager/
2024-09-30 01:37:55,347 [WARN] ApiDb:259 - Overriding images path with different value:  => /app/stm32cubeide/plugins/com.st.stm32cube.common.mx_6.8.0.202302231600//db//plugins/mcufinder/images/
2024-09-30 01:37:55,371 [INFO] ApiDb:250 - Set database path to: /home/ziad/.stmcufinder/plugins/mcufinder//mcu/
2024-09-30 01:37:55,373 [INFO] DbMcusAds:125 - Set database path to: /home/ziad/.stmcufinder/plugins/mcufinder//mcu/
2024-09-30 01:37:55,380 [INFO] CrossReferenceDbSqlite:203 - Set database path to: /home/ziad/.stmcufinder/plugins/mcufinder//mcu/cs/
2024-09-30 01:37:55,505 [INFO] RulesReader:64 - Compatibility file has been processed (293 Rules)
2024-09-30 01:37:55,575 [INFO] DbMcusXml:78 - Set database path to: /app/stm32cubeide/plugins/com.st.stm32cube.common.mx_6.8.0.202302231600//db//mcu/
2024-09-30 01:37:55,575 [INFO] ApiDb:274 - Set plugin database path to: /app/stm32cubeide/plugins/com.st.stm32cube.common.mx_6.8.0.202302231600//db//plugins/boardmanager/
2024-09-30 01:37:55,576 [INFO] ApiDb:261 - Set plugin images path to: /app/stm32cubeide/plugins/com.st.stm32cube.common.mx_6.8.0.202302231600//db//plugins/mcufinder/images/
2024-09-30 01:37:55,576 [WARN] DbFile:41 - Overriding database path with different value: /home/ziad/.stmcufinder/plugins/mcufinder/ => /home/ziad/.stmcufinder/plugins/mcufinder
2024-09-30 01:37:55,576 [INFO] ApiDb:250 - Set database path to: /home/ziad/.stmcufinder/plugins/mcufinder//mcu/
2024-09-30 01:37:55,576 [WARN] DbFile:41 - Overriding database path with different value: /home/ziad/.stmcufinder/plugins/mcufinder/ => /home/ziad/.stmcufinder/plugins/mcufinder
2024-09-30 01:37:55,576 [INFO] DbMcusAds:125 - Set database path to: /home/ziad/.stmcufinder/plugins/mcufinder//mcu/
2024-09-30 01:37:55,576 [WARN] DbFile:41 - Overriding database path with different value: /home/ziad/.stmcufinder/plugins/mcufinder/ => /home/ziad/.stmcufinder/plugins/mcufinder
2024-09-30 01:37:55,577 [WARN] DbFile:41 - Overriding database path with different value: /home/ziad/.stmcufinder/plugins/mcufinder/ => /home/ziad/.stmcufinder/plugins/mcufinder
2024-09-30 01:37:55,577 [INFO] CrossReferenceDbSqlite:203 - Set database path to: /home/ziad/.stmcufinder/plugins/mcufinder//mcu/cs/
2024-09-30 01:37:55,662 [INFO] MainPanel:253 - HeapMemory: 268435456
2024-09-30 01:37:55,799 [INFO] DbMcusXml:78 - Set database path to: /app/stm32cubeide/plugins/com.st.stm32cube.common.mx_6.8.0.202302231600//db//mcu/
2024-09-30 01:37:55,799 [INFO] ApiDb:274 - Set plugin database path to: /app/stm32cubeide/plugins/com.st.stm32cube.common.mx_6.8.0.202302231600//db//plugins/boardmanager/
2024-09-30 01:37:55,799 [INFO] ApiDb:261 - Set plugin images path to: /app/stm32cubeide/plugins/com.st.stm32cube.common.mx_6.8.0.202302231600//db//plugins/mcufinder/images/
2024-09-30 01:37:55,800 [WARN] DbFile:41 - Overriding database path with different value: /home/ziad/.stmcufinder/plugins/mcufinder/ => /home/ziad/.stmcufinder/plugins/mcufinder
2024-09-30 01:37:55,800 [INFO] ApiDb:250 - Set database path to: /home/ziad/.stmcufinder/plugins/mcufinder//mcu/
2024-09-30 01:37:55,800 [WARN] DbFile:41 - Overriding database path with different value: /home/ziad/.stmcufinder/plugins/mcufinder/ => /home/ziad/.stmcufinder/plugins/mcufinder
2024-09-30 01:37:55,800 [INFO] DbMcusAds:125 - Set database path to: /home/ziad/.stmcufinder/plugins/mcufinder//mcu/
2024-09-30 01:37:55,800 [WARN] DbFile:41 - Overriding database path with different value: /home/ziad/.stmcufinder/plugins/mcufinder/ => /home/ziad/.stmcufinder/plugins/mcufinder
2024-09-30 01:37:55,800 [WARN] DbFile:41 - Overriding database path with different value: /home/ziad/.stmcufinder/plugins/mcufinder/ => /home/ziad/.stmcufinder/plugins/mcufinder
2024-09-30 01:37:55,801 [INFO] CrossReferenceDbSqlite:203 - Set database path to: /home/ziad/.stmcufinder/plugins/mcufinder//mcu/cs/
2024-09-30 01:37:55,827 [INFO] ApplicationProperties:184 - Using Application install path: /app/stm32cubeide/plugins/com.st.stm32cube.common.mx_6.8.0.202302231600
2024-09-30 01:37:55,830 [INFO] PluginManage:196 - Search for loadable plugins [exclusion list=, ]
2024-09-30 01:37:55,832 [INFO] PluginManage:310 - Check plugin analytics
2024-09-30 01:37:56,011 [INFO] AnalyticsPlugin:253 - Accepted Software Licenses: STM32CubeMX.6.12.0
2024-09-30 01:37:56,012 [INFO] AnalyticsPlugin:255 - Accepted CMSIS Pack Licenses: 
2024-09-30 01:37:56,012 [INFO] AnalyticsPlugin:257 - Accepted Firmware Licenses: FW.F4.1.27.0
2024-09-30 01:37:56,020 [INFO] PluginManage:359 - Loaded plugin analytics (category:tool,tabindex:-1)
2024-09-30 01:37:56,020 [INFO] PluginManage:310 - Check plugin cadmodel
2024-09-30 01:37:56,071 [INFO] CADModel:105 - Init CAD model plugin
2024-09-30 01:37:56,071 [INFO] PluginManage:359 - Loaded plugin cadmodel (category:power,tabindex:5)
2024-09-30 01:37:56,071 [INFO] PluginManage:310 - Check plugin clock
2024-09-30 01:37:56,084 [INFO] PluginManage:359 - Loaded plugin clock (category:base,tabindex:2)
2024-09-30 01:37:56,084 [INFO] PluginManage:310 - Check plugin ddr
2024-09-30 01:37:56,088 [INFO] PluginManage:359 - Loaded plugin ddr (category:tool,tabindex:6)
2024-09-30 01:37:56,088 [INFO] PluginManage:310 - Check plugin filemanager
2024-09-30 01:37:56,232 [INFO] PluginManage:359 - Loaded plugin filemanager (category:base,tabindex:10)
2024-09-30 01:37:56,232 [INFO] PluginManage:310 - Check plugin ipmanager
2024-09-30 01:37:56,239 [INFO] PluginManage:359 - Loaded plugin ipmanager (category:base,tabindex:5)
2024-09-30 01:37:56,240 [INFO] PluginManage:310 - Check plugin lpbam
2024-09-30 01:37:56,251 [INFO] PluginManage:359 - Loaded plugin lpbam (category:base,tabindex:0)
2024-09-30 01:37:56,251 [INFO] PluginManage:310 - Check plugin pinoutandconfiguration
2024-09-30 01:37:56,260 [INFO] PluginManage:359 - Loaded plugin pinoutandconfiguration (category:base,tabindex:1)
2024-09-30 01:37:56,260 [INFO] PluginManage:310 - Check plugin pinoutconfig
2024-09-30 01:37:56,393 [WARN] SupportedApi:132 - Cannot load RTOS API schema: s4s-elt-must-match.1: The content of 'definitions' must match (annotation?, (simpleType | complexType)?, (unique | key | keyref)*)). A problem was found starting at: attribute.
2024-09-30 01:37:56,572 [INFO] PluginManage:359 - Loaded plugin pinoutconfig (category:base,tabindex:0)
2024-09-30 01:37:56,573 [INFO] PluginManage:310 - Check plugin power
2024-09-30 01:37:56,585 [INFO] PluginManage:359 - Loaded plugin power (category:power,tabindex:4)
2024-09-30 01:37:56,585 [INFO] PluginManage:310 - Check plugin projectmanager
2024-09-30 01:37:56,603 [INFO] PluginManage:359 - Loaded plugin projectmanager (category:projectmanager,tabindex:3)
2024-09-30 01:37:56,603 [INFO] PluginManage:310 - Check plugin thirdparty
2024-09-30 01:37:56,752 [WARN] IntegrityCheckThread:84 - waiting for thirdparty lock release [integrity check]
2024-09-30 01:37:56,752 [INFO] PluginManage:359 - Loaded plugin thirdparty (category:base,tabindex:-1)
2024-09-30 01:37:56,752 [INFO] IntegrityCheckThread:86 - entering critical section [integrity check]
2024-09-30 01:37:56,753 [INFO] PluginManage:310 - Check plugin tools
2024-09-30 01:37:56,756 [INFO] PluginManage:359 - Loaded plugin tools (category:base,tabindex:7)
2024-09-30 01:37:56,756 [INFO] ThirdPartyUpdaterWithRetryManager:70 - Updater plugin not ready yet. [1/15]
2024-09-30 01:37:56,756 [INFO] PluginManage:310 - Check plugin tutovideos
2024-09-30 01:37:57,014 [INFO] PluginManage:359 - Loaded plugin tutovideos (category:base,tabindex:-1)
2024-09-30 01:37:57,014 [INFO] PluginManage:310 - Check plugin updater
2024-09-30 01:37:57,031 [INFO] PluginManage:359 - Loaded plugin updater (category:base,tabindex:12)
2024-09-30 01:37:57,032 [INFO] PluginManage:283 - PluginManage : Loaded plugins [15]
2024-09-30 01:37:57,310 [INFO] PinOutPanel:1499 - setPackage(No Configuration,No Configuration)
2024-09-30 01:37:57,375 [INFO] CADModel:165 - CPN selected for project level
2024-09-30 01:37:57,375 [INFO] CADModel:114 - Register for checkConnection events
2024-09-30 01:37:57,394 [INFO] IPUIPlugin:80 - create IPUIPlugin
2024-09-30 01:37:57,394 [INFO] PluginManager:220 - loadIPPluginJar : add pdm2pcm
2024-09-30 01:37:57,396 [INFO] IPUIPlugin:80 - create IPUIPlugin
2024-09-30 01:37:57,396 [INFO] PluginManager:220 - loadIPPluginJar : add ltdc
2024-09-30 01:37:57,405 [INFO] IPUIPlugin:80 - create IPUIPlugin
2024-09-30 01:37:57,405 [INFO] PluginManager:220 - loadIPPluginJar : add freertos
2024-09-30 01:37:57,408 [INFO] IPUIPlugin:80 - create IPUIPlugin
2024-09-30 01:37:57,408 [INFO] PluginManager:220 - loadIPPluginJar : add ts
2024-09-30 01:37:57,417 [INFO] IPUIPlugin:80 - create IPUIPlugin
2024-09-30 01:37:57,418 [INFO] PluginManager:220 - loadIPPluginJar : add mdma
2024-09-30 01:37:57,420 [INFO] IPUIPlugin:80 - create IPUIPlugin
2024-09-30 01:37:57,420 [INFO] PluginManager:220 - loadIPPluginJar : add usart
2024-09-30 01:37:57,428 [INFO] IPUIPlugin:80 - create IPUIPlugin
2024-09-30 01:37:57,428 [INFO] PluginManager:220 - loadIPPluginJar : add adc
2024-09-30 01:37:57,431 [INFO] IPUIPlugin:80 - create IPUIPlugin
2024-09-30 01:37:57,432 [INFO] PluginManager:220 - loadIPPluginJar : add lorawan
2024-09-30 01:37:57,437 [INFO] IPUIPlugin:80 - create IPUIPlugin
2024-09-30 01:37:57,437 [INFO] PluginManager:220 - loadIPPluginJar : add nvic
2024-09-30 01:37:57,440 [INFO] IPUIPlugin:80 - create IPUIPlugin
2024-09-30 01:37:57,440 [INFO] PluginManager:220 - loadIPPluginJar : add dfsdm
2024-09-30 01:37:57,448 [INFO] IPUIPlugin:80 - create IPUIPlugin
2024-09-30 01:37:57,449 [INFO] PluginManager:220 - loadIPPluginJar : add dma
2024-09-30 01:37:57,452 [INFO] IPUIPlugin:80 - create IPUIPlugin
2024-09-30 01:37:57,453 [INFO] PluginManager:220 - loadIPPluginJar : add usbx
2024-09-30 01:37:57,456 [INFO] IPUIPlugin:80 - create IPUIPlugin
2024-09-30 01:37:57,457 [INFO] PluginManager:220 - loadIPPluginJar : add openamp
2024-09-30 01:37:57,460 [INFO] IPUIPlugin:80 - create IPUIPlugin
2024-09-30 01:37:57,460 [INFO] PluginManager:220 - loadIPPluginJar : add i2s
2024-09-30 01:37:57,462 [INFO] IPUIPlugin:80 - create IPUIPlugin
2024-09-30 01:37:57,462 [INFO] PluginManager:220 - loadIPPluginJar : add fatfs
2024-09-30 01:37:57,468 [INFO] IPUIPlugin:80 - create IPUIPlugin
2024-09-30 01:37:57,469 [INFO] PluginManager:220 - loadIPPluginJar : add gpio
2024-09-30 01:37:57,471 [INFO] IPUIPlugin:80 - create IPUIPlugin
2024-09-30 01:37:57,471 [INFO] PluginManager:220 - loadIPPluginJar : add genericplugin
2024-09-30 01:37:57,475 [INFO] IPUIPlugin:80 - create IPUIPlugin
2024-09-30 01:37:57,475 [INFO] PluginManager:220 - loadIPPluginJar : add sai
2024-09-30 01:37:57,477 [INFO] IPUIPlugin:80 - create IPUIPlugin
2024-09-30 01:37:57,477 [INFO] PluginManager:220 - loadIPPluginJar : add hash
2024-09-30 01:37:57,480 [INFO] IPUIPlugin:80 - create IPUIPlugin
2024-09-30 01:37:57,480 [INFO] PluginManager:220 - loadIPPluginJar : add aes
2024-09-30 01:37:57,488 [INFO] IPUIPlugin:80 - create IPUIPlugin
2024-09-30 01:37:57,491 [INFO] PluginManager:220 - loadIPPluginJar : add plateformsettings
2024-09-30 01:37:57,495 [INFO] IPUIPlugin:80 - create IPUIPlugin
2024-09-30 01:37:57,496 [INFO] PluginManager:220 - loadIPPluginJar : add gtzc
2024-09-30 01:37:57,498 [INFO] IPUIPlugin:80 - create IPUIPlugin
2024-09-30 01:37:57,498 [INFO] PluginManager:220 - loadIPPluginJar : add cryp
2024-09-30 01:37:57,501 [INFO] IPUIPlugin:80 - create IPUIPlugin
2024-09-30 01:37:57,501 [INFO] PluginManager:220 - loadIPPluginJar : add i2c
2024-09-30 01:37:57,507 [INFO] IPUIPlugin:80 - create IPUIPlugin
2024-09-30 01:37:57,507 [INFO] PluginManager:220 - loadIPPluginJar : add stm32_wpan
2024-09-30 01:37:57,510 [INFO] IPUIPlugin:80 - create IPUIPlugin
2024-09-30 01:37:57,510 [INFO] PluginManager:220 - loadIPPluginJar : add gfxmmu
2024-09-30 01:37:57,513 [INFO] IPUIPlugin:80 - create IPUIPlugin
2024-09-30 01:37:57,513 [INFO] PluginManager:220 - loadIPPluginJar : add dma3
2024-09-30 01:37:57,516 [INFO] IPUIPlugin:80 - create IPUIPlugin
2024-09-30 01:37:57,516 [INFO] PluginManager:220 - loadIPPluginJar : add tracer_emb
2024-09-30 01:37:57,518 [INFO] IPUIPlugin:80 - create IPUIPlugin
2024-09-30 01:37:57,518 [INFO] PluginManager:220 - loadIPPluginJar : add comp
2024-09-30 01:37:57,522 [INFO] IPUIPlugin:80 - create IPUIPlugin
2024-09-30 01:37:57,522 [INFO] PluginManager:220 - loadIPPluginJar : add ipddr
2024-09-30 01:37:57,526 [INFO] IPUIPlugin:80 - create IPUIPlugin
2024-09-30 01:37:57,526 [INFO] PluginManager:220 - loadIPPluginJar : add opamp
2024-09-30 01:37:57,530 [INFO] IPUIPlugin:80 - create IPUIPlugin
2024-09-30 01:37:57,530 [INFO] PluginManager:220 - loadIPPluginJar : add resmgrutility
2024-09-30 01:37:57,532 [INFO] IPUIPlugin:80 - create IPUIPlugin
2024-09-30 01:37:57,532 [INFO] PluginManager:220 - loadIPPluginJar : add tim
2024-09-30 01:37:57,535 [INFO] IPUIPlugin:80 - create IPUIPlugin
2024-09-30 01:37:57,535 [INFO] PluginManager:220 - loadIPPluginJar : add ucpd
2024-09-30 01:37:57,539 [INFO] IPUIPlugin:80 - create IPUIPlugin
2024-09-30 01:37:57,540 [INFO] PluginManager:220 - loadIPPluginJar : add touchsensing
2024-09-30 01:37:57,546 [INFO] IPUIPlugin:80 - create IPUIPlugin
2024-09-30 01:37:57,546 [INFO] PluginManager:220 - loadIPPluginJar : add fmc
2024-09-30 01:37:57,548 [INFO] IPUIPlugin:80 - create IPUIPlugin
2024-09-30 01:37:57,548 [INFO] PluginManager:220 - loadIPPluginJar : add tsc
2024-09-30 01:37:57,551 [INFO] IPUIPlugin:80 - create IPUIPlugin
2024-09-30 01:37:57,551 [INFO] PluginManager:220 - loadIPPluginJar : add i3c
2024-09-30 01:37:57,554 [INFO] IPUIPlugin:80 - create IPUIPlugin
2024-09-30 01:37:57,554 [INFO] PluginManager:220 - loadIPPluginJar : add can
2024-09-30 01:37:57,560 [INFO] IPUIPlugin:80 - create IPUIPlugin
2024-09-30 01:37:57,560 [INFO] PluginManager:220 - loadIPPluginJar : add gic
2024-09-30 01:37:57,566 [INFO] IPUIPlugin:80 - create IPUIPlugin
2024-09-30 01:37:57,567 [INFO] PluginManager:220 - loadIPPluginJar : add linkedlist
2024-09-30 01:37:57,571 [INFO] IPUIPlugin:80 - create IPUIPlugin
2024-09-30 01:37:57,572 [INFO] PluginManager:220 - loadIPPluginJar : add spi
2024-09-30 01:37:57,574 [INFO] IPUIPlugin:80 - create IPUIPlugin
2024-09-30 01:37:57,574 [INFO] PluginManager:220 - loadIPPluginJar : add quadspi
2024-09-30 01:37:57,690 [INFO] CADModel:165 - CPN selected for project level
2024-09-30 01:37:57,690 [INFO] CADModel:114 - Register for checkConnection events
2024-09-30 01:37:57,690 [FATAL] Updater:308 - Updater called before beeing initialized
2024-09-30 01:37:57,691 [ERROR] CADModel:125 - Updater not yet initialized, retry later 
2024-09-30 01:37:57,855 [INFO] CADModel:165 - CPN selected for project level
2024-09-30 01:37:57,855 [INFO] CADModel:114 - Register for checkConnection events
2024-09-30 01:37:57,855 [FATAL] Updater:308 - Updater called before beeing initialized
2024-09-30 01:37:57,855 [ERROR] CADModel:125 - Updater not yet initialized, retry later 
2024-09-30 01:37:57,859 [FATAL] Updater:308 - Updater called before beeing initialized
2024-09-30 01:37:57,959 [FATAL] Updater:308 - Updater called before beeing initialized
2024-09-30 01:37:57,968 [INFO] DbMcusAds:53 - JSON generation date=Thu May 16 11:22:00 EET 2024 (1715851320667)
2024-09-30 01:37:57,968 [FATAL] Updater:308 - Updater called before beeing initialized
2024-09-30 01:37:58,015 [WARN] DetailPanel:346 - Failed to get advertising image, set to default
2024-09-30 01:37:58,171 [FATAL] Updater:308 - Updater called before beeing initialized
2024-09-30 01:37:58,173 [FATAL] Updater:308 - Updater called before beeing initialized
2024-09-30 01:37:58,174 [FATAL] Updater:308 - Updater called before beeing initialized
2024-09-30 01:37:58,174 [WARN] DetailPanel:346 - Failed to get advertising image, set to default
2024-09-30 01:37:58,175 [FATAL] Updater:308 - Updater called before beeing initialized
2024-09-30 01:37:58,214 [ERROR] Updater:1120 - MainUpdater not yet initialized. External WinMGr cannot be set.
2024-09-30 01:37:58,217 [INFO] Updater:1056 - Updater Version found : 6.8.0
2024-09-30 01:37:58,240 [INFO] ApplicationProperties:184 - Using Application install path: /app/stm32cubeide/plugins/com.st.stm32cube.common.mx_6.8.0.202302231600
2024-09-30 01:37:58,408 [INFO] MainUpdater:2854 - connection check result : 10
2024-09-30 01:37:58,409 [INFO] MainUpdater:283 - Updater Check For Update Now.
2024-09-30 01:37:58,410 [INFO] MicroXplorer:498 - Change Database Version : DB.6.0.80
2024-09-30 01:37:58,712 [INFO] CheckServerUpdateThread:120 - End of CheckServer Thread
2024-09-30 01:37:59,141 [INFO] ApiDb:581 - Connected to CubeFinder SQLite database (/home/ziad/.stmcufinder/plugins/mcufinder/mcu/cube-finder-db.db)
2024-09-30 01:37:59,293 [INFO] ApiDb:668 - CubeFinder database Data Model version=2.1
2024-09-30 01:37:59,293 [INFO] ApiDb:669 - CubeFinder database Configuration version=3.0.39
2024-09-30 01:37:59,294 [INFO] ApiDb:670 - CubeFinder database generation date=2024-06-20 (1718880634)
2024-09-30 01:37:59,294 [INFO] ApiDb:671 - CubeFinder database FW Pack versions=[FP-ATR-ASTRA1_V2.0.0, FP-SNS-FLIGHT1_V5.0.2, FP-SNS-MOTENV1_V5.0.0, FP-SNS-MOTENVWB1_V1.4.0, FP-SNS-SMARTAG2_V1.2.0, STM32Cube_FW_C0_V1.2.0, STM32Cube_FW_F4_V1.28.0, STM32Cube_FW_F7_V1.17.2, STM32Cube_FW_G0_V1.6.2, STM32Cube_FW_G4_V1.6.0, STM32Cube_FW_H5_V1.3.0, STM32Cube_FW_H7RS_V1.1.0, STM32Cube_FW_H7_V1.11.2, STM32Cube_FW_L0_V1.12.2, STM32Cube_FW_L5_V1.5.1, STM32Cube_FW_U0_V1.1.0, STM32Cube_FW_U5_V1.6.0, STM32Cube_FW_WB0_V1.0.0, STM32Cube_FW_WBA_V1.4.0, STM32Cube_FW_WB_V1.20.0, STM32Cube_FW_WL_V1.3.0, X-CUBE-ALGOBUILD_V1.4.0, X-CUBE-ALS_V1.0.2, X-CUBE-AZRTOS-F4_V1.1.0, X-CUBE-AZRTOS-F7_V1.1.0, X-CUBE-AZRTOS-G0_V1.1.0, X-CUBE-AZRTOS-G4_V2.0.0, X-CUBE-AZRTOS-H7RS_V1.0.0, X-CUBE-AZRTOS-H7_V3.2.0, X-CUBE-AZRTOS-L4_V2.0.0, X-CUBE-AZRTOS-L5_V1.1.0, X-CUBE-AZRTOS-WB_V2.0.0, X-CUBE-AZRTOS-WL_V2.0.0, X-CUBE-BLE1_V7.0.0, X-CUBE-BLE2_V3.3.0, X-CUBE-BLEMGR_V3.1.0, X-CUBE-EEPRMA1_V5.1.0, X-CUBE-FREERTOS_V1.2.0, X-CUBE-GNSS1_V6.0.0, X-CUBE-MEMS1_V10.0.0, X-CUBE-NFC4_V3.0.0, X-CUBE-NFC7_V1.0.1, X-CUBE-SFXS2LP1_V4.0.0, X-CUBE-SUBG2_V5.0.0, X-CUBE-TOF1_V3.4.1]
2024-09-30 01:37:59,569 [INFO] DbBoardsSqlite:226 - include board P-NUCLEO-WB55-NUCLEO as a kit item of type 'Nucleo-64'
2024-09-30 01:37:59,570 [INFO] DbBoardsSqlite:226 - include board P-NUCLEO-WB55-USBDONGLE as a kit item of type 'Nucleo USB Dongle'
2024-09-30 01:37:59,571 [INFO] DbBoardsSqlite:226 - include board STEVAL-IDP005V1 as a kit item of type 'Evaluation Board'
2024-09-30 01:37:59,572 [INFO] DbBoardsSqlite:226 - include board STEVAL-IDP005V2 as a kit item of type 'Evaluation Board'
2024-09-30 01:37:59,795 [INFO] ApiDb:240 - Found 297 in-development CPN: [B-G473E-ZEST1S, B-WB1M-WPAN1, B-WL5M-SUBG1, NUCLEO-C031C6, NUCLEO-H503RB, NUCLEO-H563ZI, NUCLEO-U545RE-Q, NUCLEO-U5A5ZJ-Q, NUCLEO-WBA52CG, STEVAL-PROTEUS1, STEVAL-STWINBX1, STM320518-EVAL, STM32C0116-DK, STM32C011D6Y3TR, STM32C011D6Y6TR, STM32C011F4P3, STM32C011F4P6, STM32C011F4U3, STM32C011F4U6TR, STM32C011F6P3, STM32C011F6P6, STM32C011F6U3, STM32C011F6U6TR, STM32C011J4M3, STM32C011J4M6, STM32C011J6M3, STM32C011J6M6, STM32C0316-DK, STM32C031C4T3, STM32C031C4T6, STM32C031C4U3, STM32C031C4U6, STM32C031C6T3, STM32C031C6T6, STM32C031C6U3, STM32C031C6U6, STM32C031F4P3, STM32C031F4P6, STM32C031F6P3, STM32C031F6P6, STM32C031G4U3, STM32C031G4U6, STM32C031G6U3, STM32C031G6U6, STM32C031K4T3, STM32C031K4T6, STM32C031K4U3, STM32C031K4U6, STM32C031K6T3, STM32C031K6T6, STM32C031K6U3, STM32C031K6U6, STM32G071K8TXN, STM32G071K8UXN, STM32G081GBU6N, STM32G081KBT6N, STM32G081KBUXN, STM32G0B1CCT6N, STM32G0B1KCT6, STM32G0B1NEY6TR, STM32G0B1RCT6N, STM32G0C1CCT6, STM32G0C1CCT6N, STM32G0C1CCU6N, STM32G0C1CET6N, STM32G0C1CEU6N, STM32G0C1KCT6, STM32G0C1NEY6TR, STM32G0C1RCI6N, STM32G0C1RCT6N, STM32G0C1REI6N, STM32G0C1RET6N, STM32G0C1VCI6, STM32G0C1VEI6, STM32G471CCT6, STM32G471CCU6, STM32G471CET3, STM32G471CET6, STM32G471CEU3, STM32G471CEU6, STM32G471MCT6, STM32G471MET3, STM32G471MET6, STM32G471MEY6TR, STM32G471QCT6, STM32G471QET3, STM32G471RCT6, STM32G471RET3, STM32G471RET6, STM32G471VCH6, STM32G471VCI6, STM32G471VCT6, STM32G471VEH3, STM32G471VEH6, STM32G471VEI3, STM32G471VEI6, STM32G471VET3, STM32G471VET6, STM32G474CCT6, STM32H503CBT6, STM32H503CBU6, STM32H503EBY6TR, STM32H503KBU6, STM32H503RBT6, STM32H562AGI6, STM32H562AII6, STM32H562IGK6, STM32H562IGT6, STM32H562IIK6, STM32H562IIT6, STM32H562RGT6, STM32H562RGV6, STM32H562RIT6, STM32H562RIV6, STM32H562VGT6, STM32H562VIT6, STM32H562ZGT6, STM32H562ZIT6, STM32H563AGI6, STM32H563AII3Q, STM32H563AII6, STM32H563IGK6, STM32H563IGT6, STM32H563IIK3Q, STM32H563IIK6, STM32H563IIT3Q, STM32H563IIT6, STM32H563MIY3QTR, STM32H563RGT6, STM32H563RGV6, STM32H563RIT6, STM32H563RIV6, STM32H563VGT6, STM32H563VIT3Q, STM32H563VIT6, STM32H563ZGT6, STM32H563ZIT3Q, STM32H563ZIT6, STM32H573AII3Q, STM32H573AII6, STM32H573I-DK, STM32H573IIK3Q, STM32H573IIK6, STM32H573IIT3Q, STM32H573IIT6, STM32H573MIY3QTR, STM32H573RIT6, STM32H573RIV6, STM32H573VIT3Q, STM32H573VIT6, STM32H573ZIT3Q, STM32H573ZIT6, STM32L4R5QGI6STR, STM32MP131AAE3, STM32MP131AAF3, STM32MP131AAG3, STM32MP131CAE3, STM32MP131CAF3, STM32MP131CAG3, STM32MP131DAE7, STM32MP131DAF7, STM32MP131DAG7, STM32MP131FAE7, STM32MP131FAF7, STM32MP131FAG7, STM32MP133AAE3, STM32MP133AAF3, STM32MP133AAG3, STM32MP133CAE3, STM32MP133CAF3, STM32MP133CAG3, STM32MP133DAE7, STM32MP133DAF7, STM32MP133DAG7, STM32MP133FAE7, STM32MP133FAF7, STM32MP133FAG7, STM32MP135AAE3, STM32MP135AAF3, STM32MP135AAG3, STM32MP135CAE3, STM32MP135CAF3, STM32MP135CAG3, STM32MP135DAE7, STM32MP135DAF7, STM32MP135DAG7, STM32MP135F-DK, STM32MP135FAE7, STM32MP135FAF7, STM32MP135FAF7T, STM32MP135FAF7U, STM32MP135FAG7, STM32U535CBT6, STM32U535CBT6Q, STM32U535CBU6, STM32U535CBU6Q, STM32U535CCT6, STM32U535CCT6Q, STM32U535CCU6, STM32U535CCU6Q, STM32U535CET6, STM32U535CET6Q, STM32U535CEU6, STM32U535CEU6Q, STM32U535JEY6QTR, STM32U535NCY6QTR, STM32U535NEY6QTR, STM32U535RBI6, STM32U535RBI6Q, STM32U535RBT6, STM32U535RBT6Q, STM32U535RCI6, STM32U535RCI6Q, STM32U535RCT6, STM32U535RCT6Q, STM32U535REI6, STM32U535REI6Q, STM32U535RET6, STM32U535RET6Q, STM32U535VCI6, STM32U535VCI6Q, STM32U535VCT6, STM32U535VCT6Q, STM32U535VEI6, STM32U535VEI6Q, STM32U535VET6, STM32U535VET6Q, STM32U545CET6, STM32U545CET6Q, STM32U545CEU6, STM32U545CEU6Q, STM32U545JEY6QTR, STM32U545NEY6QTR, STM32U545REI6, STM32U545REI6Q, STM32U545RET6, STM32U545RET6Q, STM32U545VEI6, STM32U545VEI6Q, STM32U545VET6, STM32U545VET6Q, STM32U595AIH6, STM32U595AIH6Q, STM32U595AJH6, STM32U595AJH6Q, STM32U595QII6, STM32U595QII6Q, STM32U595QJI6, STM32U595QJI6Q, STM32U595RIT6, STM32U595RIT6Q, STM32U595RJT6, STM32U595RJT6Q, STM32U595VIT6, STM32U595VIT6Q, STM32U595VJT6, STM32U595VJT6Q, STM32U595ZIT6, STM32U595ZIT6Q, STM32U595ZIY6QTR, STM32U595ZJT6, STM32U595ZJT6Q, STM32U595ZJY6QTR, STM32U599BJY6QTR, STM32U599NIH6Q, STM32U599NJH6Q, STM32U599VIT6Q, STM32U599VJT6, STM32U599VJT6Q, STM32U599ZIT6Q, STM32U599ZIY6QTR, STM32U599ZJT6Q, STM32U599ZJY6QTR, STM32U5A5AJH6, STM32U5A5AJH6Q, STM32U5A5QJI6, STM32U5A5QJI6Q, STM32U5A5RJT6, STM32U5A5RJT6Q, STM32U5A5VJT6, STM32U5A5VJT6Q, STM32U5A5ZJT6, STM32U5A5ZJT6Q, STM32U5A5ZJY6QTR, STM32U5A9BJY6QTR, STM32U5A9J-DK, STM32U5A9NJH6Q, STM32U5A9VJT6Q, STM32U5A9ZJT6Q, STM32U5A9ZJY6QTR, STM32WB1MMCH6, STM32WBA52CEU6, STM32WBA52CEU6T, STM32WBA52CGU6, STM32WBA52CGU6T, STM32WL5MOCH6, STM32WL5MOCH6TR]
2024-09-30 01:37:59,802 [INFO] ApiDb:668 - CubeFinder database Data Model version=2.1
2024-09-30 01:37:59,803 [INFO] ApiDb:669 - CubeFinder database Configuration version=3.0.39
2024-09-30 01:37:59,803 [INFO] ApiDb:670 - CubeFinder database generation date=2024-06-20 (1718880634)
2024-09-30 01:37:59,803 [INFO] ApiDb:671 - CubeFinder database FW Pack versions=[FP-ATR-ASTRA1_V2.0.0, FP-SNS-FLIGHT1_V5.0.2, FP-SNS-MOTENV1_V5.0.0, FP-SNS-MOTENVWB1_V1.4.0, FP-SNS-SMARTAG2_V1.2.0, STM32Cube_FW_C0_V1.2.0, STM32Cube_FW_F4_V1.28.0, STM32Cube_FW_F7_V1.17.2, STM32Cube_FW_G0_V1.6.2, STM32Cube_FW_G4_V1.6.0, STM32Cube_FW_H5_V1.3.0, STM32Cube_FW_H7RS_V1.1.0, STM32Cube_FW_H7_V1.11.2, STM32Cube_FW_L0_V1.12.2, STM32Cube_FW_L5_V1.5.1, STM32Cube_FW_U0_V1.1.0, STM32Cube_FW_U5_V1.6.0, STM32Cube_FW_WB0_V1.0.0, STM32Cube_FW_WBA_V1.4.0, STM32Cube_FW_WB_V1.20.0, STM32Cube_FW_WL_V1.3.0, X-CUBE-ALGOBUILD_V1.4.0, X-CUBE-ALS_V1.0.2, X-CUBE-AZRTOS-F4_V1.1.0, X-CUBE-AZRTOS-F7_V1.1.0, X-CUBE-AZRTOS-G0_V1.1.0, X-CUBE-AZRTOS-G4_V2.0.0, X-CUBE-AZRTOS-H7RS_V1.0.0, X-CUBE-AZRTOS-H7_V3.2.0, X-CUBE-AZRTOS-L4_V2.0.0, X-CUBE-AZRTOS-L5_V1.1.0, X-CUBE-AZRTOS-WB_V2.0.0, X-CUBE-AZRTOS-WL_V2.0.0, X-CUBE-BLE1_V7.0.0, X-CUBE-BLE2_V3.3.0, X-CUBE-BLEMGR_V3.1.0, X-CUBE-EEPRMA1_V5.1.0, X-CUBE-FREERTOS_V1.2.0, X-CUBE-GNSS1_V6.0.0, X-CUBE-MEMS1_V10.0.0, X-CUBE-NFC4_V3.0.0, X-CUBE-NFC7_V1.0.1, X-CUBE-SFXS2LP1_V4.0.0, X-CUBE-SUBG2_V5.0.0, X-CUBE-TOF1_V3.4.1]
2024-09-30 01:37:59,948 [WARN] PackLoader:240 - Cannot read IP mode file for STMicroelectronics.X-CUBE-TOUCHGFX.4.23.2
2024-09-30 01:38:00,030 [WARN] PackLoader:240 - Cannot read IP mode file for STMicroelectronics.X-CUBE-AZRTOS-F7.1.1.0
2024-09-30 01:38:00,179 [WARN] PackLoader:240 - Cannot read IP mode file for STMicroelectronics.X-CUBE-MEMS1.11.0.0
2024-09-30 01:38:00,578 [WARN] PackLoader:240 - Cannot read IP mode file for STMicroelectronics.X-CUBE-DISPLAY.3.0.0
2024-09-30 01:38:00,596 [WARN] PackLoader:240 - Cannot read IP mode file for STMicroelectronics.X-CUBE-NFC10.1.0.0
2024-09-30 01:38:00,605 [WARN] PackLoader:240 - Cannot read IP mode file for emotas.I-CUBE-CANOPEN.1.3.0
2024-09-30 01:38:00,616 [INFO] LogOutputStream:77 - [STDOUT_REDIRECT] 1 : Invalid condition id : UX_CORESTACK_Condition cause : null
2024-09-30 01:38:00,617 [INFO] LogOutputStream:77 - [STDOUT_REDIRECT] 1 : Invalid condition id : UX_CORESTACK_Condition cause : null
2024-09-30 01:38:00,618 [INFO] LogOutputStream:77 - [STDOUT_REDIRECT] 1 : Invalid condition id : UX_CORESTACK_Condition cause : null
2024-09-30 01:38:00,618 [INFO] LogOutputStream:77 - [STDOUT_REDIRECT] 1 : Invalid condition id : UX_CORESTACK_Condition cause : null
2024-09-30 01:38:00,619 [INFO] LogOutputStream:77 - [STDOUT_REDIRECT] 1 : Invalid condition id : UX_CORESTACK_Condition cause : null
2024-09-30 01:38:00,624 [WARN] PackLoader:240 - Cannot read IP mode file for STMicroelectronics.X-CUBE-AZRTOS-WL.2.0.0
2024-09-30 01:38:00,629 [WARN] PackLoader:240 - Cannot read IP mode file for wolfSSL.I-CUBE-wolfMQTT.1.19.0
2024-09-30 01:38:00,638 [WARN] PackLoader:240 - Cannot read IP mode file for WES.I-CUBE-Cesium.1.3.0
2024-09-30 01:38:00,645 [WARN] PackLoader:240 - Cannot read IP mode file for STMicroelectronics.X-CUBE-BLE2.3.3.0
2024-09-30 01:38:00,654 [WARN] PackLoader:240 - Cannot read IP mode file for STMicroelectronics.X-CUBE-NFC9.1.0.0
2024-09-30 01:38:00,682 [WARN] PackLoader:240 - Cannot read IP mode file for STMicroelectronics.X-CUBE-AZRTOS-G0.1.1.0
2024-09-30 01:38:00,692 [WARN] PackLoader:240 - Cannot read IP mode file for STMicroelectronics.X-CUBE-NFC4.3.0.0
2024-09-30 01:38:00,699 [ERROR] Engine:466 - /home/ziad/.stm32cubemx/thirdparties/pdsc/EmbeddedOffice.I-CUBE-FS-RTOS.1.0.1.pdsc: PDSC version is not supported
2024-09-30 01:38:00,705 [ERROR] Engine:466 - /home/ziad/.stm32cubemx/thirdparties/pdsc/RealThread.X-CUBE-RT-Thread_Nano.4.1.1.pdsc: PDSC version is not supported
2024-09-30 01:38:00,710 [WARN] PackLoader:240 - Cannot read IP mode file for wolfSSL.I-CUBE-wolfSSL.5.7.0
2024-09-30 01:38:00,714 [WARN] PackLoader:240 - Cannot read IP mode file for STMicroelectronics.FP-ATR-SIGFOX1.3.2.0
2024-09-30 01:38:00,722 [WARN] PackLoader:240 - Cannot read IP mode file for ITTIA_DB.I-CUBE-ITTIADB.8.9.0
2024-09-30 01:38:00,801 [WARN] PackLoader:240 - Cannot read IP mode file for SEGGER.I-CUBE-embOS.1.3.1
2024-09-30 01:38:00,867 [WARN] PackLoader:240 - Cannot read IP mode file for STMicroelectronics.X-CUBE-GNSS1.6.0.0
2024-09-30 01:38:00,900 [WARN] PackLoader:240 - Cannot read IP mode file for STMicroelectronics.X-CUBE-AZRTOS-F4.1.1.0
2024-09-30 01:38:00,911 [WARN] PackLoader:240 - Cannot read IP mode file for STMicroelectronics.X-CUBE-ISPU.2.1.0
2024-09-30 01:38:00,945 [WARN] PackLoader:240 - Cannot read IP mode file for STMicroelectronics.X-CUBE-AZRTOS-L5.2.0.0
2024-09-30 01:38:00,957 [ERROR] Engine:466 - /home/ziad/.stm32cubemx/thirdparties/pdsc/STMicroelectronics.X-CUBE-DPower.1.2.0.pdsc: PDSC version is not supported
2024-09-30 01:38:00,963 [WARN] PackLoader:240 - Cannot read IP mode file for wolfSSL.I-CUBE-wolfTPM.3.2.0
2024-09-30 01:38:00,999 [WARN] ConditionMgr:438 - getConditionDescription Invalid condition id : LAN8742 Phy interface Condition cause : null
2024-09-30 01:38:01,000 [WARN] PackLoader:240 - Cannot read IP mode file for STMicroelectronics.X-CUBE-AZRTOS-L4.2.0.0
2024-09-30 01:38:01,003 [WARN] ConditionMgr:1039 - genDependencies : Invalid condition id : LAN8742 Phy interface Condition cause : null
2024-09-30 01:38:01,003 [WARN] ConditionMgr:1039 - genDependencies : Invalid condition id : LAN8742 Phy interface Condition cause : null
2024-09-30 01:38:01,004 [WARN] ConditionMgr:1039 - genDependencies : Invalid condition id : LAN8742 Phy interface Condition cause : null
2024-09-30 01:38:01,048 [WARN] PackLoader:240 - Cannot read IP mode file for STMicroelectronics.X-CUBE-SFXS2LP1.4.0.0
2024-09-30 01:38:01,093 [WARN] PackLoader:240 - Cannot read IP mode file for STMicroelectronics.X-CUBE-AZRTOS-H7.3.3.0
2024-09-30 01:38:01,142 [WARN] ConditionMgr:438 - getConditionDescription Invalid condition id : UX DEVICE CLASS RTOS Condition cause : null
2024-09-30 01:38:01,144 [WARN] ConditionMgr:438 - getConditionDescription Invalid condition id : UX DEVICE CLASS RTOS Condition cause : null
2024-09-30 01:38:01,155 [WARN] PackLoader:240 - Cannot read IP mode file for STMicroelectronics.X-CUBE-AZRTOS-WB.2.0.0
2024-09-30 01:38:01,155 [WARN] ConditionMgr:1039 - genDependencies : Invalid condition id : UX DEVICE CLASS RTOS Condition cause : null
2024-09-30 01:38:01,156 [WARN] ConditionMgr:1039 - genDependencies : Invalid condition id : UX DEVICE CLASS RTOS Condition cause : null
2024-09-30 01:38:01,157 [WARN] ConditionMgr:1039 - genDependencies : Invalid condition id : UX DEVICE CLASS RTOS Condition cause : null
2024-09-30 01:38:01,158 [WARN] ConditionMgr:1039 - genDependencies : Invalid condition id : UX DEVICE CLASS RTOS Condition cause : null
2024-09-30 01:38:01,158 [WARN] ConditionMgr:1039 - genDependencies : Invalid condition id : UX DEVICE CLASS RTOS Condition cause : null
2024-09-30 01:38:01,166 [WARN] PackLoader:240 - Cannot read IP mode file for STMicroelectronics.X-CUBE-GNSS1.7.0.0
2024-09-30 01:38:01,174 [ERROR] Engine:466 - /home/ziad/.stm32cubemx/thirdparties/pdsc/STMicroelectronics.FP-SNS-STBOX1.2.0.0.pdsc: PDSC version is not supported
2024-09-30 01:38:01,191 [WARN] PackLoader:240 - Cannot read IP mode file for STMicroelectronics.X-CUBE-SUBG2.5.0.0
2024-09-30 01:38:01,205 [WARN] PackLoader:240 - Cannot read IP mode file for Cesanta.I-CUBE-Mongoose.7.13.0
2024-09-30 01:38:01,244 [WARN] PackLoader:240 - Cannot read IP mode file for STMicroelectronics.X-CUBE-AZRTOS-G4.2.0.0
2024-09-30 01:38:01,256 [WARN] PackLoader:240 - Cannot read IP mode file for STMicroelectronics.X-CUBE-ISPU.2.0.0
2024-09-30 01:38:01,329 [WARN] PackLoader:240 - Cannot read IP mode file for STMicroelectronics.X-CUBE-MEMS1.10.0.0
2024-09-30 01:38:01,689 [WARN] PackLoader:240 - Cannot read IP mode file for STMicroelectronics.X-CUBE-TOUCHGFX.4.24.0
2024-09-30 01:38:01,695 [WARN] PackLoader:240 - Cannot read IP mode file for STMicroelectronics.X-CUBE-TOUCHGFX.4.24.1
2024-09-30 01:38:01,709 [WARN] PackLoader:240 - Cannot read IP mode file for portGmbH.I-Cube-SoM-uGOAL.1.1.0
2024-09-30 01:38:01,777 [WARN] PackLoader:240 - Cannot read IP mode file for STMicroelectronics.X-CUBE-AZRTOS-H7RS.1.0.0
2024-09-30 01:38:01,807 [ERROR] Engine:466 - /home/ziad/.stm32cubemx/thirdparties/pdsc/STMicroelectronics.X-CUBE-TOF1.3.4.2.pdsc: PDSC version is not supported
2024-09-30 01:38:01,837 [WARN] PackLoader:240 - Cannot read IP mode file for STMicroelectronics.X-CUBE-TOF1.3.4.1
2024-09-30 01:38:01,891 [WARN] PackLoader:240 - Cannot read IP mode file for STMicroelectronics.X-CUBE-AZRTOS-H7.3.2.0
2024-09-30 01:38:01,934 [WARN] PackLoader:240 - Cannot read IP mode file for Infineon.AIROC-Wi-Fi-Bluetooth-STM32.1.6.0
2024-09-30 01:38:01,965 [WARN] PackLoader:240 - Cannot read IP mode file for wolfSSL.I-CUBE-wolfSSH.1.4.17
2024-09-30 01:38:01,966 [INFO] ThirdParty:978 - Integrity check success = true
2024-09-30 01:38:01,966 [INFO] IntegrityCheckThread:100 - exiting critical section [integrity check]
2024-09-30 01:38:01,966 [INFO] IntegrityCheckThread:103 - End integrity checks thread
2024-09-30 01:38:02,768 [ERROR] LogOutputStream:75 - [STDERR_REDIRECT] SLF4J: Failed to load class "org.slf4j.impl.StaticLoggerBinder".
2024-09-30 01:38:02,769 [ERROR] LogOutputStream:75 - [STDERR_REDIRECT] SLF4J: Defaulting to no-operation (NOP) logger implementation
2024-09-30 01:38:02,770 [ERROR] LogOutputStream:75 - [STDERR_REDIRECT] SLF4J: See http://www.slf4j.org/codes.html#StaticLoggerBinder for further details.
2024-09-30 01:38:04,221 [INFO] ApiDb:240 - Found 297 in-development CPN: [B-G473E-ZEST1S, B-WB1M-WPAN1, B-WL5M-SUBG1, NUCLEO-C031C6, NUCLEO-H503RB, NUCLEO-H563ZI, NUCLEO-U545RE-Q, NUCLEO-U5A5ZJ-Q, NUCLEO-WBA52CG, STEVAL-PROTEUS1, STEVAL-STWINBX1, STM320518-EVAL, STM32C0116-DK, STM32C011D6Y3TR, STM32C011D6Y6TR, STM32C011F4P3, STM32C011F4P6, STM32C011F4U3, STM32C011F4U6TR, STM32C011F6P3, STM32C011F6P6, STM32C011F6U3, STM32C011F6U6TR, STM32C011J4M3, STM32C011J4M6, STM32C011J6M3, STM32C011J6M6, STM32C0316-DK, STM32C031C4T3, STM32C031C4T6, STM32C031C4U3, STM32C031C4U6, STM32C031C6T3, STM32C031C6T6, STM32C031C6U3, STM32C031C6U6, STM32C031F4P3, STM32C031F4P6, STM32C031F6P3, STM32C031F6P6, STM32C031G4U3, STM32C031G4U6, STM32C031G6U3, STM32C031G6U6, STM32C031K4T3, STM32C031K4T6, STM32C031K4U3, STM32C031K4U6, STM32C031K6T3, STM32C031K6T6, STM32C031K6U3, STM32C031K6U6, STM32G071K8TXN, STM32G071K8UXN, STM32G081GBU6N, STM32G081KBT6N, STM32G081KBUXN, STM32G0B1CCT6N, STM32G0B1KCT6, STM32G0B1NEY6TR, STM32G0B1RCT6N, STM32G0C1CCT6, STM32G0C1CCT6N, STM32G0C1CCU6N, STM32G0C1CET6N, STM32G0C1CEU6N, STM32G0C1KCT6, STM32G0C1NEY6TR, STM32G0C1RCI6N, STM32G0C1RCT6N, STM32G0C1REI6N, STM32G0C1RET6N, STM32G0C1VCI6, STM32G0C1VEI6, STM32G471CCT6, STM32G471CCU6, STM32G471CET3, STM32G471CET6, STM32G471CEU3, STM32G471CEU6, STM32G471MCT6, STM32G471MET3, STM32G471MET6, STM32G471MEY6TR, STM32G471QCT6, STM32G471QET3, STM32G471RCT6, STM32G471RET3, STM32G471RET6, STM32G471VCH6, STM32G471VCI6, STM32G471VCT6, STM32G471VEH3, STM32G471VEH6, STM32G471VEI3, STM32G471VEI6, STM32G471VET3, STM32G471VET6, STM32G474CCT6, STM32H503CBT6, STM32H503CBU6, STM32H503EBY6TR, STM32H503KBU6, STM32H503RBT6, STM32H562AGI6, STM32H562AII6, STM32H562IGK6, STM32H562IGT6, STM32H562IIK6, STM32H562IIT6, STM32H562RGT6, STM32H562RGV6, STM32H562RIT6, STM32H562RIV6, STM32H562VGT6, STM32H562VIT6, STM32H562ZGT6, STM32H562ZIT6, STM32H563AGI6, STM32H563AII3Q, STM32H563AII6, STM32H563IGK6, STM32H563IGT6, STM32H563IIK3Q, STM32H563IIK6, STM32H563IIT3Q, STM32H563IIT6, STM32H563MIY3QTR, STM32H563RGT6, STM32H563RGV6, STM32H563RIT6, STM32H563RIV6, STM32H563VGT6, STM32H563VIT3Q, STM32H563VIT6, STM32H563ZGT6, STM32H563ZIT3Q, STM32H563ZIT6, STM32H573AII3Q, STM32H573AII6, STM32H573I-DK, STM32H573IIK3Q, STM32H573IIK6, STM32H573IIT3Q, STM32H573IIT6, STM32H573MIY3QTR, STM32H573RIT6, STM32H573RIV6, STM32H573VIT3Q, STM32H573VIT6, STM32H573ZIT3Q, STM32H573ZIT6, STM32L4R5QGI6STR, STM32MP131AAE3, STM32MP131AAF3, STM32MP131AAG3, STM32MP131CAE3, STM32MP131CAF3, STM32MP131CAG3, STM32MP131DAE7, STM32MP131DAF7, STM32MP131DAG7, STM32MP131FAE7, STM32MP131FAF7, STM32MP131FAG7, STM32MP133AAE3, STM32MP133AAF3, STM32MP133AAG3, STM32MP133CAE3, STM32MP133CAF3, STM32MP133CAG3, STM32MP133DAE7, STM32MP133DAF7, STM32MP133DAG7, STM32MP133FAE7, STM32MP133FAF7, STM32MP133FAG7, STM32MP135AAE3, STM32MP135AAF3, STM32MP135AAG3, STM32MP135CAE3, STM32MP135CAF3, STM32MP135CAG3, STM32MP135DAE7, STM32MP135DAF7, STM32MP135DAG7, STM32MP135F-DK, STM32MP135FAE7, STM32MP135FAF7, STM32MP135FAF7T, STM32MP135FAF7U, STM32MP135FAG7, STM32U535CBT6, STM32U535CBT6Q, STM32U535CBU6, STM32U535CBU6Q, STM32U535CCT6, STM32U535CCT6Q, STM32U535CCU6, STM32U535CCU6Q, STM32U535CET6, STM32U535CET6Q, STM32U535CEU6, STM32U535CEU6Q, STM32U535JEY6QTR, STM32U535NCY6QTR, STM32U535NEY6QTR, STM32U535RBI6, STM32U535RBI6Q, STM32U535RBT6, STM32U535RBT6Q, STM32U535RCI6, STM32U535RCI6Q, STM32U535RCT6, STM32U535RCT6Q, STM32U535REI6, STM32U535REI6Q, STM32U535RET6, STM32U535RET6Q, STM32U535VCI6, STM32U535VCI6Q, STM32U535VCT6, STM32U535VCT6Q, STM32U535VEI6, STM32U535VEI6Q, STM32U535VET6, STM32U535VET6Q, STM32U545CET6, STM32U545CET6Q, STM32U545CEU6, STM32U545CEU6Q, STM32U545JEY6QTR, STM32U545NEY6QTR, STM32U545REI6, STM32U545REI6Q, STM32U545RET6, STM32U545RET6Q, STM32U545VEI6, STM32U545VEI6Q, STM32U545VET6, STM32U545VET6Q, STM32U595AIH6, STM32U595AIH6Q, STM32U595AJH6, STM32U595AJH6Q, STM32U595QII6, STM32U595QII6Q, STM32U595QJI6, STM32U595QJI6Q, STM32U595RIT6, STM32U595RIT6Q, STM32U595RJT6, STM32U595RJT6Q, STM32U595VIT6, STM32U595VIT6Q, STM32U595VJT6, STM32U595VJT6Q, STM32U595ZIT6, STM32U595ZIT6Q, STM32U595ZIY6QTR, STM32U595ZJT6, STM32U595ZJT6Q, STM32U595ZJY6QTR, STM32U599BJY6QTR, STM32U599NIH6Q, STM32U599NJH6Q, STM32U599VIT6Q, STM32U599VJT6, STM32U599VJT6Q, STM32U599ZIT6Q, STM32U599ZIY6QTR, STM32U599ZJT6Q, STM32U599ZJY6QTR, STM32U5A5AJH6, STM32U5A5AJH6Q, STM32U5A5QJI6, STM32U5A5QJI6Q, STM32U5A5RJT6, STM32U5A5RJT6Q, STM32U5A5VJT6, STM32U5A5VJT6Q, STM32U5A5ZJT6, STM32U5A5ZJT6Q, STM32U5A5ZJY6QTR, STM32U5A9BJY6QTR, STM32U5A9J-DK, STM32U5A9NJH6Q, STM32U5A9VJT6Q, STM32U5A9ZJT6Q, STM32U5A9ZJY6QTR, STM32WB1MMCH6, STM32WBA52CEU6, STM32WBA52CEU6T, STM32WBA52CGU6, STM32WBA52CGU6T, STM32WL5MOCH6, STM32WL5MOCH6TR]
2024-09-30 01:38:04,228 [INFO] DbMcus:216 - Found 4179 MCUs, 4179 are supported
2024-09-30 01:38:04,231 [INFO] ApiDb:423 - Load user favorites file /home/ziad/.stm32cubeide/favorites.mcus.txt: 2 item(s)
2024-09-30 01:38:04,232 [INFO] ApiDb:427 - User favorites MCUs=[STM32F103C8T6, STM32F401RCT6]
2024-09-30 01:38:04,232 [INFO] DbMcus:222 - Set 2 / 2 favorites MCUs
2024-09-30 01:38:05,303 [INFO] BoardInfo:880 - No configuration file found for board NUCLEO-H533RE
2024-09-30 01:38:05,304 [INFO] DbBoards:157 - Board is not supported: NUCLEO-H533RE
2024-09-30 01:38:05,327 [INFO] BoardInfo:880 - No configuration file found for board NUCLEO-H7S3L8
2024-09-30 01:38:05,327 [INFO] DbBoards:157 - Board is not supported: NUCLEO-H7S3L8
2024-09-30 01:38:05,387 [INFO] BoardInfo:880 - No configuration file found for board NUCLEO-U031R8
2024-09-30 01:38:05,387 [INFO] DbBoards:157 - Board is not supported: NUCLEO-U031R8
2024-09-30 01:38:05,390 [INFO] BoardInfo:880 - No configuration file found for board NUCLEO-U083RC
2024-09-30 01:38:05,390 [INFO] DbBoards:157 - Board is not supported: NUCLEO-U083RC
2024-09-30 01:38:05,408 [INFO] BoardInfo:880 - No configuration file found for board NUCLEO-WBA55CG
2024-09-30 01:38:05,409 [INFO] DbBoards:157 - Board is not supported: NUCLEO-WBA55CG
2024-09-30 01:38:05,422 [INFO] BoardInfo:880 - No configuration file found for board P-NUCLEO-WB55
2024-09-30 01:38:05,422 [INFO] DbBoards:157 - Kit is not supported: P-NUCLEO-WB55
2024-09-30 01:38:05,433 [INFO] BoardInfo:880 - No configuration file found for board STEVAL-BFA001V1B
2024-09-30 01:38:05,433 [INFO] DbBoards:157 - Kit is not supported: STEVAL-BFA001V1B
2024-09-30 01:38:05,436 [INFO] BoardInfo:880 - No configuration file found for board STEVAL-BFA001V2B
2024-09-30 01:38:05,437 [INFO] DbBoards:157 - Kit is not supported: STEVAL-BFA001V2B
2024-09-30 01:38:05,446 [INFO] BoardInfo:880 - No configuration file found for board STEVAL-MKBOXPRO
2024-09-30 01:38:05,446 [INFO] DbBoards:157 - Board is not supported: STEVAL-MKBOXPRO
2024-09-30 01:38:05,455 [INFO] BoardInfo:880 - No configuration file found for board STEVAL-SMARTAG2
2024-09-30 01:38:05,456 [INFO] DbBoards:157 - Board is not supported: STEVAL-SMARTAG2
2024-09-30 01:38:05,648 [INFO] BoardInfo:880 - No configuration file found for board STM32H7S78-DK
2024-09-30 01:38:05,648 [INFO] DbBoards:157 - Board is not supported: STM32H7S78-DK
2024-09-30 01:38:05,672 [INFO] BoardInfo:880 - No configuration file found for board STM32U083C-DK
2024-09-30 01:38:05,672 [INFO] DbBoards:157 - Board is not supported: STM32U083C-DK
2024-09-30 01:38:05,675 [INFO] BoardInfo:880 - No configuration file found for board STM32U5G9J-DK1
2024-09-30 01:38:05,675 [INFO] DbBoards:157 - Board is not supported: STM32U5G9J-DK1
2024-09-30 01:38:05,677 [INFO] BoardInfo:880 - No configuration file found for board STM32U5G9J-DK2
2024-09-30 01:38:05,677 [INFO] DbBoards:157 - Board is not supported: STM32U5G9J-DK2
2024-09-30 01:38:05,683 [INFO] BoardInfo:880 - No configuration file found for board STM32WBA55G-DK1
2024-09-30 01:38:05,683 [INFO] DbBoards:157 - Board is not supported: STM32WBA55G-DK1
2024-09-30 01:38:05,683 [INFO] DbBoards:161 - Found 195 boards, 180 are supported
2024-09-30 01:38:05,688 [INFO] ApiDb:423 - Load user favorites file /home/ziad/.stm32cubeide/favorites.boards.txt: 1 item(s)
2024-09-30 01:38:05,688 [INFO] ApiDb:427 - User favorites Boards=[STM32F401C-DISCO]
2024-09-30 01:38:05,688 [INFO] DbBoards:190 - Set 1 / 1 favorites Boards
2024-09-30 01:38:05,689 [INFO] McuFinderGlobals:66 - Set McuFinderConnectedMode to false
2024-09-30 01:38:05,697 [INFO] MultiScanPanel:200 - Auto-refresh data requested => check proxy status ongoing
2024-09-30 01:38:05,697 [INFO] MultiScanPanel:204 - Proxy status is invalid
2024-09-30 01:38:05,700 [INFO] FinderPluginLoader:95 - Searching for filters in installed packs
2024-09-30 01:38:07,680 [WARN] DetailPanel:346 - Failed to get advertising image, set to default
2024-09-30 01:39:02,634 [INFO] McuFinderGlobals:66 - Set McuFinderConnectedMode to true
2024-09-30 01:39:02,645 [INFO] ApiDb:448 - Save user favorites file /home/ziad/.stm32cubeide/favorites.mcus.txt: 2 item(s)
2024-09-30 01:39:02,645 [INFO] ApiDb:452 - User favorites MCUs=[STM32F103C8T6, STM32F401RCT6]
2024-09-30 18:07:38,203 [INFO] Activator:176 - 


2024-09-30 18:07:38,206 [INFO] Activator:177 - !SESSION log4j initialized
2024-09-30 18:07:44,046 [INFO] LogOutputStream:77 - [STDOUT_REDIRECT] 
2024-09-30 18:08:05,582 [ERROR] LogOutputStream:75 - [STDERR_REDIRECT] SLF4J: Failed to load class "org.slf4j.impl.StaticLoggerBinder".
2024-09-30 18:08:05,583 [ERROR] LogOutputStream:75 - [STDERR_REDIRECT] SLF4J: Defaulting to no-operation (NOP) logger implementation
2024-09-30 18:08:05,583 [ERROR] LogOutputStream:75 - [STDERR_REDIRECT] SLF4J: See http://www.slf4j.org/codes.html#StaticLoggerBinder for further details.
